   1              	 .syntax unified
   2              	 .cpu cortex-m4
   3              	 .eabi_attribute 27,3
   4              	 .fpu fpv4-sp-d16
   5              	 .eabi_attribute 20,1
   6              	 .eabi_attribute 21,1
   7              	 .eabi_attribute 23,3
   8              	 .eabi_attribute 24,1
   9              	 .eabi_attribute 25,1
  10              	 .eabi_attribute 26,1
  11              	 .eabi_attribute 30,2
  12              	 .eabi_attribute 34,1
  13              	 .eabi_attribute 18,4
  14              	 .thumb
  15              	 .file "arm_cmplx_mult_cmplx_q31.c"
  16              	 .text
  17              	.Ltext0:
  18              	 .cfi_sections .debug_frame
  19              	 .section .text.arm_cmplx_mult_cmplx_q31,"ax",%progbits
  20              	 .align 2
  21              	 .global arm_cmplx_mult_cmplx_q31
  22              	 .thumb
  23              	 .thumb_func
  25              	arm_cmplx_mult_cmplx_q31:
  26              	.LFB135:
  27              	 .file 1 "E:/NOVA/Assets/IFX_P2G-HW-SW_V1.0.4/Firmware_Software/DAVE project/P2G_FW/Dave/Generated/CMSIS_DSP/ComplexMathFunctions/arm_cmplx_mult_cmplx_q31.c"
   1:E:/NOVA/Assets/IFX_P2G-HW-SW_V1.0.4/Firmware_Software/DAVE project/P2G_FW/Dave/Generated/CMSIS_DSP/ComplexMathFunctions\arm_cmplx_mult_cmplx_q31.c **** /* ----------------------------------------------------------------------
   2:E:/NOVA/Assets/IFX_P2G-HW-SW_V1.0.4/Firmware_Software/DAVE project/P2G_FW/Dave/Generated/CMSIS_DSP/ComplexMathFunctions\arm_cmplx_mult_cmplx_q31.c ****  * Project:      CMSIS DSP Library
   3:E:/NOVA/Assets/IFX_P2G-HW-SW_V1.0.4/Firmware_Software/DAVE project/P2G_FW/Dave/Generated/CMSIS_DSP/ComplexMathFunctions\arm_cmplx_mult_cmplx_q31.c ****  * Title:        arm_cmplx_mult_cmplx_q31.c
   4:E:/NOVA/Assets/IFX_P2G-HW-SW_V1.0.4/Firmware_Software/DAVE project/P2G_FW/Dave/Generated/CMSIS_DSP/ComplexMathFunctions\arm_cmplx_mult_cmplx_q31.c ****  * Description:  Q31 complex-by-complex multiplication
   5:E:/NOVA/Assets/IFX_P2G-HW-SW_V1.0.4/Firmware_Software/DAVE project/P2G_FW/Dave/Generated/CMSIS_DSP/ComplexMathFunctions\arm_cmplx_mult_cmplx_q31.c ****  *
   6:E:/NOVA/Assets/IFX_P2G-HW-SW_V1.0.4/Firmware_Software/DAVE project/P2G_FW/Dave/Generated/CMSIS_DSP/ComplexMathFunctions\arm_cmplx_mult_cmplx_q31.c ****  * $Date:        27. January 2017
   7:E:/NOVA/Assets/IFX_P2G-HW-SW_V1.0.4/Firmware_Software/DAVE project/P2G_FW/Dave/Generated/CMSIS_DSP/ComplexMathFunctions\arm_cmplx_mult_cmplx_q31.c ****  * $Revision:    V.1.5.1
   8:E:/NOVA/Assets/IFX_P2G-HW-SW_V1.0.4/Firmware_Software/DAVE project/P2G_FW/Dave/Generated/CMSIS_DSP/ComplexMathFunctions\arm_cmplx_mult_cmplx_q31.c ****  *
   9:E:/NOVA/Assets/IFX_P2G-HW-SW_V1.0.4/Firmware_Software/DAVE project/P2G_FW/Dave/Generated/CMSIS_DSP/ComplexMathFunctions\arm_cmplx_mult_cmplx_q31.c ****  * Target Processor: Cortex-M cores
  10:E:/NOVA/Assets/IFX_P2G-HW-SW_V1.0.4/Firmware_Software/DAVE project/P2G_FW/Dave/Generated/CMSIS_DSP/ComplexMathFunctions\arm_cmplx_mult_cmplx_q31.c ****  * -------------------------------------------------------------------- */
  11:E:/NOVA/Assets/IFX_P2G-HW-SW_V1.0.4/Firmware_Software/DAVE project/P2G_FW/Dave/Generated/CMSIS_DSP/ComplexMathFunctions\arm_cmplx_mult_cmplx_q31.c **** /*
  12:E:/NOVA/Assets/IFX_P2G-HW-SW_V1.0.4/Firmware_Software/DAVE project/P2G_FW/Dave/Generated/CMSIS_DSP/ComplexMathFunctions\arm_cmplx_mult_cmplx_q31.c ****  * Copyright (C) 2010-2017 ARM Limited or its affiliates. All rights reserved.
  13:E:/NOVA/Assets/IFX_P2G-HW-SW_V1.0.4/Firmware_Software/DAVE project/P2G_FW/Dave/Generated/CMSIS_DSP/ComplexMathFunctions\arm_cmplx_mult_cmplx_q31.c ****  *
  14:E:/NOVA/Assets/IFX_P2G-HW-SW_V1.0.4/Firmware_Software/DAVE project/P2G_FW/Dave/Generated/CMSIS_DSP/ComplexMathFunctions\arm_cmplx_mult_cmplx_q31.c ****  * SPDX-License-Identifier: Apache-2.0
  15:E:/NOVA/Assets/IFX_P2G-HW-SW_V1.0.4/Firmware_Software/DAVE project/P2G_FW/Dave/Generated/CMSIS_DSP/ComplexMathFunctions\arm_cmplx_mult_cmplx_q31.c ****  *
  16:E:/NOVA/Assets/IFX_P2G-HW-SW_V1.0.4/Firmware_Software/DAVE project/P2G_FW/Dave/Generated/CMSIS_DSP/ComplexMathFunctions\arm_cmplx_mult_cmplx_q31.c ****  * Licensed under the Apache License, Version 2.0 (the License); you may
  17:E:/NOVA/Assets/IFX_P2G-HW-SW_V1.0.4/Firmware_Software/DAVE project/P2G_FW/Dave/Generated/CMSIS_DSP/ComplexMathFunctions\arm_cmplx_mult_cmplx_q31.c ****  * not use this file except in compliance with the License.
  18:E:/NOVA/Assets/IFX_P2G-HW-SW_V1.0.4/Firmware_Software/DAVE project/P2G_FW/Dave/Generated/CMSIS_DSP/ComplexMathFunctions\arm_cmplx_mult_cmplx_q31.c ****  * You may obtain a copy of the License at
  19:E:/NOVA/Assets/IFX_P2G-HW-SW_V1.0.4/Firmware_Software/DAVE project/P2G_FW/Dave/Generated/CMSIS_DSP/ComplexMathFunctions\arm_cmplx_mult_cmplx_q31.c ****  *
  20:E:/NOVA/Assets/IFX_P2G-HW-SW_V1.0.4/Firmware_Software/DAVE project/P2G_FW/Dave/Generated/CMSIS_DSP/ComplexMathFunctions\arm_cmplx_mult_cmplx_q31.c ****  * www.apache.org/licenses/LICENSE-2.0
  21:E:/NOVA/Assets/IFX_P2G-HW-SW_V1.0.4/Firmware_Software/DAVE project/P2G_FW/Dave/Generated/CMSIS_DSP/ComplexMathFunctions\arm_cmplx_mult_cmplx_q31.c ****  *
  22:E:/NOVA/Assets/IFX_P2G-HW-SW_V1.0.4/Firmware_Software/DAVE project/P2G_FW/Dave/Generated/CMSIS_DSP/ComplexMathFunctions\arm_cmplx_mult_cmplx_q31.c ****  * Unless required by applicable law or agreed to in writing, software
  23:E:/NOVA/Assets/IFX_P2G-HW-SW_V1.0.4/Firmware_Software/DAVE project/P2G_FW/Dave/Generated/CMSIS_DSP/ComplexMathFunctions\arm_cmplx_mult_cmplx_q31.c ****  * distributed under the License is distributed on an AS IS BASIS, WITHOUT
  24:E:/NOVA/Assets/IFX_P2G-HW-SW_V1.0.4/Firmware_Software/DAVE project/P2G_FW/Dave/Generated/CMSIS_DSP/ComplexMathFunctions\arm_cmplx_mult_cmplx_q31.c ****  * WARRANTIES OR CONDITIONS OF ANY KIND, either express or implied.
  25:E:/NOVA/Assets/IFX_P2G-HW-SW_V1.0.4/Firmware_Software/DAVE project/P2G_FW/Dave/Generated/CMSIS_DSP/ComplexMathFunctions\arm_cmplx_mult_cmplx_q31.c ****  * See the License for the specific language governing permissions and
  26:E:/NOVA/Assets/IFX_P2G-HW-SW_V1.0.4/Firmware_Software/DAVE project/P2G_FW/Dave/Generated/CMSIS_DSP/ComplexMathFunctions\arm_cmplx_mult_cmplx_q31.c ****  * limitations under the License.
  27:E:/NOVA/Assets/IFX_P2G-HW-SW_V1.0.4/Firmware_Software/DAVE project/P2G_FW/Dave/Generated/CMSIS_DSP/ComplexMathFunctions\arm_cmplx_mult_cmplx_q31.c ****  */
  28:E:/NOVA/Assets/IFX_P2G-HW-SW_V1.0.4/Firmware_Software/DAVE project/P2G_FW/Dave/Generated/CMSIS_DSP/ComplexMathFunctions\arm_cmplx_mult_cmplx_q31.c **** 
  29:E:/NOVA/Assets/IFX_P2G-HW-SW_V1.0.4/Firmware_Software/DAVE project/P2G_FW/Dave/Generated/CMSIS_DSP/ComplexMathFunctions\arm_cmplx_mult_cmplx_q31.c **** #include "CMSIS_DSP/cmsis_dsp.h"
  30:E:/NOVA/Assets/IFX_P2G-HW-SW_V1.0.4/Firmware_Software/DAVE project/P2G_FW/Dave/Generated/CMSIS_DSP/ComplexMathFunctions\arm_cmplx_mult_cmplx_q31.c **** 
  31:E:/NOVA/Assets/IFX_P2G-HW-SW_V1.0.4/Firmware_Software/DAVE project/P2G_FW/Dave/Generated/CMSIS_DSP/ComplexMathFunctions\arm_cmplx_mult_cmplx_q31.c **** /**
  32:E:/NOVA/Assets/IFX_P2G-HW-SW_V1.0.4/Firmware_Software/DAVE project/P2G_FW/Dave/Generated/CMSIS_DSP/ComplexMathFunctions\arm_cmplx_mult_cmplx_q31.c ****  * @ingroup groupCmplxMath
  33:E:/NOVA/Assets/IFX_P2G-HW-SW_V1.0.4/Firmware_Software/DAVE project/P2G_FW/Dave/Generated/CMSIS_DSP/ComplexMathFunctions\arm_cmplx_mult_cmplx_q31.c ****  */
  34:E:/NOVA/Assets/IFX_P2G-HW-SW_V1.0.4/Firmware_Software/DAVE project/P2G_FW/Dave/Generated/CMSIS_DSP/ComplexMathFunctions\arm_cmplx_mult_cmplx_q31.c **** 
  35:E:/NOVA/Assets/IFX_P2G-HW-SW_V1.0.4/Firmware_Software/DAVE project/P2G_FW/Dave/Generated/CMSIS_DSP/ComplexMathFunctions\arm_cmplx_mult_cmplx_q31.c **** /**
  36:E:/NOVA/Assets/IFX_P2G-HW-SW_V1.0.4/Firmware_Software/DAVE project/P2G_FW/Dave/Generated/CMSIS_DSP/ComplexMathFunctions\arm_cmplx_mult_cmplx_q31.c ****  * @addtogroup CmplxByCmplxMult
  37:E:/NOVA/Assets/IFX_P2G-HW-SW_V1.0.4/Firmware_Software/DAVE project/P2G_FW/Dave/Generated/CMSIS_DSP/ComplexMathFunctions\arm_cmplx_mult_cmplx_q31.c ****  * @{
  38:E:/NOVA/Assets/IFX_P2G-HW-SW_V1.0.4/Firmware_Software/DAVE project/P2G_FW/Dave/Generated/CMSIS_DSP/ComplexMathFunctions\arm_cmplx_mult_cmplx_q31.c ****  */
  39:E:/NOVA/Assets/IFX_P2G-HW-SW_V1.0.4/Firmware_Software/DAVE project/P2G_FW/Dave/Generated/CMSIS_DSP/ComplexMathFunctions\arm_cmplx_mult_cmplx_q31.c **** 
  40:E:/NOVA/Assets/IFX_P2G-HW-SW_V1.0.4/Firmware_Software/DAVE project/P2G_FW/Dave/Generated/CMSIS_DSP/ComplexMathFunctions\arm_cmplx_mult_cmplx_q31.c **** 
  41:E:/NOVA/Assets/IFX_P2G-HW-SW_V1.0.4/Firmware_Software/DAVE project/P2G_FW/Dave/Generated/CMSIS_DSP/ComplexMathFunctions\arm_cmplx_mult_cmplx_q31.c **** /**
  42:E:/NOVA/Assets/IFX_P2G-HW-SW_V1.0.4/Firmware_Software/DAVE project/P2G_FW/Dave/Generated/CMSIS_DSP/ComplexMathFunctions\arm_cmplx_mult_cmplx_q31.c ****  * @brief  Q31 complex-by-complex multiplication
  43:E:/NOVA/Assets/IFX_P2G-HW-SW_V1.0.4/Firmware_Software/DAVE project/P2G_FW/Dave/Generated/CMSIS_DSP/ComplexMathFunctions\arm_cmplx_mult_cmplx_q31.c ****  * @param[in]  *pSrcA points to the first input vector
  44:E:/NOVA/Assets/IFX_P2G-HW-SW_V1.0.4/Firmware_Software/DAVE project/P2G_FW/Dave/Generated/CMSIS_DSP/ComplexMathFunctions\arm_cmplx_mult_cmplx_q31.c ****  * @param[in]  *pSrcB points to the second input vector
  45:E:/NOVA/Assets/IFX_P2G-HW-SW_V1.0.4/Firmware_Software/DAVE project/P2G_FW/Dave/Generated/CMSIS_DSP/ComplexMathFunctions\arm_cmplx_mult_cmplx_q31.c ****  * @param[out]  *pDst  points to the output vector
  46:E:/NOVA/Assets/IFX_P2G-HW-SW_V1.0.4/Firmware_Software/DAVE project/P2G_FW/Dave/Generated/CMSIS_DSP/ComplexMathFunctions\arm_cmplx_mult_cmplx_q31.c ****  * @param[in]  numSamples number of complex samples in each vector
  47:E:/NOVA/Assets/IFX_P2G-HW-SW_V1.0.4/Firmware_Software/DAVE project/P2G_FW/Dave/Generated/CMSIS_DSP/ComplexMathFunctions\arm_cmplx_mult_cmplx_q31.c ****  * @return none.
  48:E:/NOVA/Assets/IFX_P2G-HW-SW_V1.0.4/Firmware_Software/DAVE project/P2G_FW/Dave/Generated/CMSIS_DSP/ComplexMathFunctions\arm_cmplx_mult_cmplx_q31.c ****  *
  49:E:/NOVA/Assets/IFX_P2G-HW-SW_V1.0.4/Firmware_Software/DAVE project/P2G_FW/Dave/Generated/CMSIS_DSP/ComplexMathFunctions\arm_cmplx_mult_cmplx_q31.c ****  * <b>Scaling and Overflow Behavior:</b>
  50:E:/NOVA/Assets/IFX_P2G-HW-SW_V1.0.4/Firmware_Software/DAVE project/P2G_FW/Dave/Generated/CMSIS_DSP/ComplexMathFunctions\arm_cmplx_mult_cmplx_q31.c ****  * \par
  51:E:/NOVA/Assets/IFX_P2G-HW-SW_V1.0.4/Firmware_Software/DAVE project/P2G_FW/Dave/Generated/CMSIS_DSP/ComplexMathFunctions\arm_cmplx_mult_cmplx_q31.c ****  * The function implements 1.31 by 1.31 multiplications and finally output is converted into 3.29 f
  52:E:/NOVA/Assets/IFX_P2G-HW-SW_V1.0.4/Firmware_Software/DAVE project/P2G_FW/Dave/Generated/CMSIS_DSP/ComplexMathFunctions\arm_cmplx_mult_cmplx_q31.c ****  * Input down scaling is not required.
  53:E:/NOVA/Assets/IFX_P2G-HW-SW_V1.0.4/Firmware_Software/DAVE project/P2G_FW/Dave/Generated/CMSIS_DSP/ComplexMathFunctions\arm_cmplx_mult_cmplx_q31.c ****  */
  54:E:/NOVA/Assets/IFX_P2G-HW-SW_V1.0.4/Firmware_Software/DAVE project/P2G_FW/Dave/Generated/CMSIS_DSP/ComplexMathFunctions\arm_cmplx_mult_cmplx_q31.c **** 
  55:E:/NOVA/Assets/IFX_P2G-HW-SW_V1.0.4/Firmware_Software/DAVE project/P2G_FW/Dave/Generated/CMSIS_DSP/ComplexMathFunctions\arm_cmplx_mult_cmplx_q31.c **** void arm_cmplx_mult_cmplx_q31(
  56:E:/NOVA/Assets/IFX_P2G-HW-SW_V1.0.4/Firmware_Software/DAVE project/P2G_FW/Dave/Generated/CMSIS_DSP/ComplexMathFunctions\arm_cmplx_mult_cmplx_q31.c ****   q31_t * pSrcA,
  57:E:/NOVA/Assets/IFX_P2G-HW-SW_V1.0.4/Firmware_Software/DAVE project/P2G_FW/Dave/Generated/CMSIS_DSP/ComplexMathFunctions\arm_cmplx_mult_cmplx_q31.c ****   q31_t * pSrcB,
  58:E:/NOVA/Assets/IFX_P2G-HW-SW_V1.0.4/Firmware_Software/DAVE project/P2G_FW/Dave/Generated/CMSIS_DSP/ComplexMathFunctions\arm_cmplx_mult_cmplx_q31.c ****   q31_t * pDst,
  59:E:/NOVA/Assets/IFX_P2G-HW-SW_V1.0.4/Firmware_Software/DAVE project/P2G_FW/Dave/Generated/CMSIS_DSP/ComplexMathFunctions\arm_cmplx_mult_cmplx_q31.c ****   uint32_t numSamples)
  60:E:/NOVA/Assets/IFX_P2G-HW-SW_V1.0.4/Firmware_Software/DAVE project/P2G_FW/Dave/Generated/CMSIS_DSP/ComplexMathFunctions\arm_cmplx_mult_cmplx_q31.c **** {
  28              	 .loc 1 60 0
  29              	 .cfi_startproc
  30              	 
  31              	 
  32              	.LVL0:
  33 0000 2DE9F04F 	 push {r4,r5,r6,r7,r8,r9,r10,fp,lr}
  34              	.LCFI0:
  35              	 .cfi_def_cfa_offset 36
  36              	 .cfi_offset 4,-36
  37              	 .cfi_offset 5,-32
  38              	 .cfi_offset 6,-28
  39              	 .cfi_offset 7,-24
  40              	 .cfi_offset 8,-20
  41              	 .cfi_offset 9,-16
  42              	 .cfi_offset 10,-12
  43              	 .cfi_offset 11,-8
  44              	 .cfi_offset 14,-4
  45 0004 85B0     	 sub sp,sp,#20
  46              	.LCFI1:
  47              	 .cfi_def_cfa_offset 56
  48              	 .loc 1 60 0
  49 0006 0F46     	 mov r7,r1
  50 0008 0293     	 str r3,[sp,#8]
  51              	.LVL1:
  61:E:/NOVA/Assets/IFX_P2G-HW-SW_V1.0.4/Firmware_Software/DAVE project/P2G_FW/Dave/Generated/CMSIS_DSP/ComplexMathFunctions\arm_cmplx_mult_cmplx_q31.c ****   q31_t a, b, c, d;                              /* Temporary variables to store real and imaginary
  62:E:/NOVA/Assets/IFX_P2G-HW-SW_V1.0.4/Firmware_Software/DAVE project/P2G_FW/Dave/Generated/CMSIS_DSP/ComplexMathFunctions\arm_cmplx_mult_cmplx_q31.c ****   uint32_t blkCnt;                               /* loop counters */
  63:E:/NOVA/Assets/IFX_P2G-HW-SW_V1.0.4/Firmware_Software/DAVE project/P2G_FW/Dave/Generated/CMSIS_DSP/ComplexMathFunctions\arm_cmplx_mult_cmplx_q31.c ****   q31_t mul1, mul2, mul3, mul4;
  64:E:/NOVA/Assets/IFX_P2G-HW-SW_V1.0.4/Firmware_Software/DAVE project/P2G_FW/Dave/Generated/CMSIS_DSP/ComplexMathFunctions\arm_cmplx_mult_cmplx_q31.c ****   q31_t out1, out2;
  65:E:/NOVA/Assets/IFX_P2G-HW-SW_V1.0.4/Firmware_Software/DAVE project/P2G_FW/Dave/Generated/CMSIS_DSP/ComplexMathFunctions\arm_cmplx_mult_cmplx_q31.c **** 
  66:E:/NOVA/Assets/IFX_P2G-HW-SW_V1.0.4/Firmware_Software/DAVE project/P2G_FW/Dave/Generated/CMSIS_DSP/ComplexMathFunctions\arm_cmplx_mult_cmplx_q31.c **** #if defined (ARM_MATH_DSP)
  67:E:/NOVA/Assets/IFX_P2G-HW-SW_V1.0.4/Firmware_Software/DAVE project/P2G_FW/Dave/Generated/CMSIS_DSP/ComplexMathFunctions\arm_cmplx_mult_cmplx_q31.c **** 
  68:E:/NOVA/Assets/IFX_P2G-HW-SW_V1.0.4/Firmware_Software/DAVE project/P2G_FW/Dave/Generated/CMSIS_DSP/ComplexMathFunctions\arm_cmplx_mult_cmplx_q31.c ****   /* Run the below code for Cortex-M4 and Cortex-M3 */
  69:E:/NOVA/Assets/IFX_P2G-HW-SW_V1.0.4/Firmware_Software/DAVE project/P2G_FW/Dave/Generated/CMSIS_DSP/ComplexMathFunctions\arm_cmplx_mult_cmplx_q31.c **** 
  70:E:/NOVA/Assets/IFX_P2G-HW-SW_V1.0.4/Firmware_Software/DAVE project/P2G_FW/Dave/Generated/CMSIS_DSP/ComplexMathFunctions\arm_cmplx_mult_cmplx_q31.c ****   /* loop Unrolling */
  71:E:/NOVA/Assets/IFX_P2G-HW-SW_V1.0.4/Firmware_Software/DAVE project/P2G_FW/Dave/Generated/CMSIS_DSP/ComplexMathFunctions\arm_cmplx_mult_cmplx_q31.c ****   blkCnt = numSamples >> 2u;
  72:E:/NOVA/Assets/IFX_P2G-HW-SW_V1.0.4/Firmware_Software/DAVE project/P2G_FW/Dave/Generated/CMSIS_DSP/ComplexMathFunctions\arm_cmplx_mult_cmplx_q31.c **** 
  73:E:/NOVA/Assets/IFX_P2G-HW-SW_V1.0.4/Firmware_Software/DAVE project/P2G_FW/Dave/Generated/CMSIS_DSP/ComplexMathFunctions\arm_cmplx_mult_cmplx_q31.c ****   /* First part of the processing with loop unrolling.  Compute 4 outputs at a time.
  74:E:/NOVA/Assets/IFX_P2G-HW-SW_V1.0.4/Firmware_Software/DAVE project/P2G_FW/Dave/Generated/CMSIS_DSP/ComplexMathFunctions\arm_cmplx_mult_cmplx_q31.c ****    ** a second loop below computes the remaining 1 to 3 samples. */
  75:E:/NOVA/Assets/IFX_P2G-HW-SW_V1.0.4/Firmware_Software/DAVE project/P2G_FW/Dave/Generated/CMSIS_DSP/ComplexMathFunctions\arm_cmplx_mult_cmplx_q31.c ****   while (blkCnt > 0u)
  52              	 .loc 1 75 0
  53 000a 9B08     	 lsrs r3,r3,#2
  54              	.LVL2:
  60:E:/NOVA/Assets/IFX_P2G-HW-SW_V1.0.4/Firmware_Software/DAVE project/P2G_FW/Dave/Generated/CMSIS_DSP/ComplexMathFunctions\arm_cmplx_mult_cmplx_q31.c ****   q31_t a, b, c, d;                              /* Temporary variables to store real and imaginary
  55              	 .loc 1 60 0
  56 000c 1446     	 mov r4,r2
  57 000e 0192     	 str r2,[sp,#4]
  58              	 .loc 1 75 0
  59 0010 1E46     	 mov r6,r3
  60 0012 0393     	 str r3,[sp,#12]
  61 0014 00F08580 	 beq .L2
  62 0018 2346     	 mov r3,r4
  63              	.LVL3:
  64 001a 00F12001 	 add r1,r0,#32
  65              	.LVL4:
  66 001e 07F12002 	 add r2,r7,#32
  67              	.LVL5:
  68 0022 2033     	 adds r3,r3,#32
  69              	.LVL6:
  70              	.L3:
  76:E:/NOVA/Assets/IFX_P2G-HW-SW_V1.0.4/Firmware_Software/DAVE project/P2G_FW/Dave/Generated/CMSIS_DSP/ComplexMathFunctions\arm_cmplx_mult_cmplx_q31.c ****   {
  77:E:/NOVA/Assets/IFX_P2G-HW-SW_V1.0.4/Firmware_Software/DAVE project/P2G_FW/Dave/Generated/CMSIS_DSP/ComplexMathFunctions\arm_cmplx_mult_cmplx_q31.c ****     /* C[2 * i] = A[2 * i] * B[2 * i] - A[2 * i + 1] * B[2 * i + 1].  */
  78:E:/NOVA/Assets/IFX_P2G-HW-SW_V1.0.4/Firmware_Software/DAVE project/P2G_FW/Dave/Generated/CMSIS_DSP/ComplexMathFunctions\arm_cmplx_mult_cmplx_q31.c ****     /* C[2 * i + 1] = A[2 * i] * B[2 * i + 1] + A[2 * i + 1] * B[2 * i].  */
  79:E:/NOVA/Assets/IFX_P2G-HW-SW_V1.0.4/Firmware_Software/DAVE project/P2G_FW/Dave/Generated/CMSIS_DSP/ComplexMathFunctions\arm_cmplx_mult_cmplx_q31.c ****     a = *pSrcA++;
  80:E:/NOVA/Assets/IFX_P2G-HW-SW_V1.0.4/Firmware_Software/DAVE project/P2G_FW/Dave/Generated/CMSIS_DSP/ComplexMathFunctions\arm_cmplx_mult_cmplx_q31.c ****     b = *pSrcA++;
  81:E:/NOVA/Assets/IFX_P2G-HW-SW_V1.0.4/Firmware_Software/DAVE project/P2G_FW/Dave/Generated/CMSIS_DSP/ComplexMathFunctions\arm_cmplx_mult_cmplx_q31.c ****     c = *pSrcB++;
  71              	 .loc 1 81 0
  72 0024 52F820CC 	 ldr ip,[r2,#-32]
  80:E:/NOVA/Assets/IFX_P2G-HW-SW_V1.0.4/Firmware_Software/DAVE project/P2G_FW/Dave/Generated/CMSIS_DSP/ComplexMathFunctions\arm_cmplx_mult_cmplx_q31.c ****     c = *pSrcB++;
  73              	 .loc 1 80 0
  74 0028 51F81CAC 	 ldr r10,[r1,#-28]
  82:E:/NOVA/Assets/IFX_P2G-HW-SW_V1.0.4/Firmware_Software/DAVE project/P2G_FW/Dave/Generated/CMSIS_DSP/ComplexMathFunctions\arm_cmplx_mult_cmplx_q31.c ****     d = *pSrcB++;
  75              	 .loc 1 82 0
  76 002c 52F81C5C 	 ldr r5,[r2,#-28]
  79:E:/NOVA/Assets/IFX_P2G-HW-SW_V1.0.4/Firmware_Software/DAVE project/P2G_FW/Dave/Generated/CMSIS_DSP/ComplexMathFunctions\arm_cmplx_mult_cmplx_q31.c ****     b = *pSrcA++;
  77              	 .loc 1 79 0
  78 0030 51F8204C 	 ldr r4,[r1,#-32]
  79              	.LVL7:
  83:E:/NOVA/Assets/IFX_P2G-HW-SW_V1.0.4/Firmware_Software/DAVE project/P2G_FW/Dave/Generated/CMSIS_DSP/ComplexMathFunctions\arm_cmplx_mult_cmplx_q31.c **** 
  84:E:/NOVA/Assets/IFX_P2G-HW-SW_V1.0.4/Firmware_Software/DAVE project/P2G_FW/Dave/Generated/CMSIS_DSP/ComplexMathFunctions\arm_cmplx_mult_cmplx_q31.c ****     mul1 = (q31_t) (((q63_t) a * c) >> 32);
  85:E:/NOVA/Assets/IFX_P2G-HW-SW_V1.0.4/Firmware_Software/DAVE project/P2G_FW/Dave/Generated/CMSIS_DSP/ComplexMathFunctions\arm_cmplx_mult_cmplx_q31.c ****     mul2 = (q31_t) (((q63_t) b * d) >> 32);
  80              	 .loc 1 85 0
  81 0034 8AFB0589 	 smull r8,r9,r10,r5
  86:E:/NOVA/Assets/IFX_P2G-HW-SW_V1.0.4/Firmware_Software/DAVE project/P2G_FW/Dave/Generated/CMSIS_DSP/ComplexMathFunctions\arm_cmplx_mult_cmplx_q31.c ****     mul3 = (q31_t) (((q63_t) a * d) >> 32);
  87:E:/NOVA/Assets/IFX_P2G-HW-SW_V1.0.4/Firmware_Software/DAVE project/P2G_FW/Dave/Generated/CMSIS_DSP/ComplexMathFunctions\arm_cmplx_mult_cmplx_q31.c ****     mul4 = (q31_t) (((q63_t) b * c) >> 32);
  82              	 .loc 1 87 0
  83 0038 8CFB0AAB 	 smull r10,fp,ip,r10
  84              	.LVL8:
  88:E:/NOVA/Assets/IFX_P2G-HW-SW_V1.0.4/Firmware_Software/DAVE project/P2G_FW/Dave/Generated/CMSIS_DSP/ComplexMathFunctions\arm_cmplx_mult_cmplx_q31.c **** 
  89:E:/NOVA/Assets/IFX_P2G-HW-SW_V1.0.4/Firmware_Software/DAVE project/P2G_FW/Dave/Generated/CMSIS_DSP/ComplexMathFunctions\arm_cmplx_mult_cmplx_q31.c ****     mul1 = (mul1 >> 1);
  90:E:/NOVA/Assets/IFX_P2G-HW-SW_V1.0.4/Firmware_Software/DAVE project/P2G_FW/Dave/Generated/CMSIS_DSP/ComplexMathFunctions\arm_cmplx_mult_cmplx_q31.c ****     mul2 = (mul2 >> 1);
  85              	 .loc 1 90 0
  86 003c 4FEA690E 	 asr lr,r9,#1
  84:E:/NOVA/Assets/IFX_P2G-HW-SW_V1.0.4/Firmware_Software/DAVE project/P2G_FW/Dave/Generated/CMSIS_DSP/ComplexMathFunctions\arm_cmplx_mult_cmplx_q31.c ****     mul2 = (q31_t) (((q63_t) b * d) >> 32);
  87              	 .loc 1 84 0
  88 0040 84FB0C89 	 smull r8,r9,r4,ip
  89              	.LVL9:
  91:E:/NOVA/Assets/IFX_P2G-HW-SW_V1.0.4/Firmware_Software/DAVE project/P2G_FW/Dave/Generated/CMSIS_DSP/ComplexMathFunctions\arm_cmplx_mult_cmplx_q31.c ****     mul3 = (mul3 >> 1);
  92:E:/NOVA/Assets/IFX_P2G-HW-SW_V1.0.4/Firmware_Software/DAVE project/P2G_FW/Dave/Generated/CMSIS_DSP/ComplexMathFunctions\arm_cmplx_mult_cmplx_q31.c ****     mul4 = (mul4 >> 1);
  90              	 .loc 1 92 0
  91 0044 4FEA6B0C 	 asr ip,fp,#1
  92              	.LVL10:
  86:E:/NOVA/Assets/IFX_P2G-HW-SW_V1.0.4/Firmware_Software/DAVE project/P2G_FW/Dave/Generated/CMSIS_DSP/ComplexMathFunctions\arm_cmplx_mult_cmplx_q31.c ****     mul4 = (q31_t) (((q63_t) b * c) >> 32);
  93              	 .loc 1 86 0
  94 0048 84FB0545 	 smull r4,r5,r4,r5
  95              	.LVL11:
  93:E:/NOVA/Assets/IFX_P2G-HW-SW_V1.0.4/Firmware_Software/DAVE project/P2G_FW/Dave/Generated/CMSIS_DSP/ComplexMathFunctions\arm_cmplx_mult_cmplx_q31.c **** 
  94:E:/NOVA/Assets/IFX_P2G-HW-SW_V1.0.4/Firmware_Software/DAVE project/P2G_FW/Dave/Generated/CMSIS_DSP/ComplexMathFunctions\arm_cmplx_mult_cmplx_q31.c ****     out1 = mul1 - mul2;
  95:E:/NOVA/Assets/IFX_P2G-HW-SW_V1.0.4/Firmware_Software/DAVE project/P2G_FW/Dave/Generated/CMSIS_DSP/ComplexMathFunctions\arm_cmplx_mult_cmplx_q31.c ****     out2 = mul3 + mul4;
  96              	 .loc 1 95 0
  97 004c 0CEB6504 	 add r4,ip,r5,asr#1
  94:E:/NOVA/Assets/IFX_P2G-HW-SW_V1.0.4/Firmware_Software/DAVE project/P2G_FW/Dave/Generated/CMSIS_DSP/ComplexMathFunctions\arm_cmplx_mult_cmplx_q31.c ****     out2 = mul3 + mul4;
  98              	 .loc 1 94 0
  99 0050 CEEB690E 	 rsb lr,lr,r9,asr#1
  96:E:/NOVA/Assets/IFX_P2G-HW-SW_V1.0.4/Firmware_Software/DAVE project/P2G_FW/Dave/Generated/CMSIS_DSP/ComplexMathFunctions\arm_cmplx_mult_cmplx_q31.c **** 
  97:E:/NOVA/Assets/IFX_P2G-HW-SW_V1.0.4/Firmware_Software/DAVE project/P2G_FW/Dave/Generated/CMSIS_DSP/ComplexMathFunctions\arm_cmplx_mult_cmplx_q31.c ****     /* store the real result in 3.29 format in the destination buffer. */
  98:E:/NOVA/Assets/IFX_P2G-HW-SW_V1.0.4/Firmware_Software/DAVE project/P2G_FW/Dave/Generated/CMSIS_DSP/ComplexMathFunctions\arm_cmplx_mult_cmplx_q31.c ****     *pDst++ = out1;
 100              	 .loc 1 98 0
 101 0054 43F820EC 	 str lr,[r3,#-32]
 102              	.LVL12:
  99:E:/NOVA/Assets/IFX_P2G-HW-SW_V1.0.4/Firmware_Software/DAVE project/P2G_FW/Dave/Generated/CMSIS_DSP/ComplexMathFunctions\arm_cmplx_mult_cmplx_q31.c ****     /* store the imag result in 3.29 format in the destination buffer. */
 100:E:/NOVA/Assets/IFX_P2G-HW-SW_V1.0.4/Firmware_Software/DAVE project/P2G_FW/Dave/Generated/CMSIS_DSP/ComplexMathFunctions\arm_cmplx_mult_cmplx_q31.c ****     *pDst++ = out2;
 103              	 .loc 1 100 0
 104 0058 43F81C4C 	 str r4,[r3,#-28]
 105              	.LVL13:
 101:E:/NOVA/Assets/IFX_P2G-HW-SW_V1.0.4/Firmware_Software/DAVE project/P2G_FW/Dave/Generated/CMSIS_DSP/ComplexMathFunctions\arm_cmplx_mult_cmplx_q31.c **** 
 102:E:/NOVA/Assets/IFX_P2G-HW-SW_V1.0.4/Firmware_Software/DAVE project/P2G_FW/Dave/Generated/CMSIS_DSP/ComplexMathFunctions\arm_cmplx_mult_cmplx_q31.c ****     a = *pSrcA++;
 103:E:/NOVA/Assets/IFX_P2G-HW-SW_V1.0.4/Firmware_Software/DAVE project/P2G_FW/Dave/Generated/CMSIS_DSP/ComplexMathFunctions\arm_cmplx_mult_cmplx_q31.c ****     b = *pSrcA++;
 104:E:/NOVA/Assets/IFX_P2G-HW-SW_V1.0.4/Firmware_Software/DAVE project/P2G_FW/Dave/Generated/CMSIS_DSP/ComplexMathFunctions\arm_cmplx_mult_cmplx_q31.c ****     c = *pSrcB++;
 106              	 .loc 1 104 0
 107 005c 52F818CC 	 ldr ip,[r2,#-24]
 103:E:/NOVA/Assets/IFX_P2G-HW-SW_V1.0.4/Firmware_Software/DAVE project/P2G_FW/Dave/Generated/CMSIS_DSP/ComplexMathFunctions\arm_cmplx_mult_cmplx_q31.c ****     c = *pSrcB++;
 108              	 .loc 1 103 0
 109 0060 51F814AC 	 ldr r10,[r1,#-20]
 105:E:/NOVA/Assets/IFX_P2G-HW-SW_V1.0.4/Firmware_Software/DAVE project/P2G_FW/Dave/Generated/CMSIS_DSP/ComplexMathFunctions\arm_cmplx_mult_cmplx_q31.c ****     d = *pSrcB++;
 110              	 .loc 1 105 0
 111 0064 52F8145C 	 ldr r5,[r2,#-20]
 112              	.LVL14:
 102:E:/NOVA/Assets/IFX_P2G-HW-SW_V1.0.4/Firmware_Software/DAVE project/P2G_FW/Dave/Generated/CMSIS_DSP/ComplexMathFunctions\arm_cmplx_mult_cmplx_q31.c ****     b = *pSrcA++;
 113              	 .loc 1 102 0
 114 0068 51F8184C 	 ldr r4,[r1,#-24]
 115              	.LVL15:
 106:E:/NOVA/Assets/IFX_P2G-HW-SW_V1.0.4/Firmware_Software/DAVE project/P2G_FW/Dave/Generated/CMSIS_DSP/ComplexMathFunctions\arm_cmplx_mult_cmplx_q31.c **** 
 107:E:/NOVA/Assets/IFX_P2G-HW-SW_V1.0.4/Firmware_Software/DAVE project/P2G_FW/Dave/Generated/CMSIS_DSP/ComplexMathFunctions\arm_cmplx_mult_cmplx_q31.c ****     mul1 = (q31_t) (((q63_t) a * c) >> 32);
 108:E:/NOVA/Assets/IFX_P2G-HW-SW_V1.0.4/Firmware_Software/DAVE project/P2G_FW/Dave/Generated/CMSIS_DSP/ComplexMathFunctions\arm_cmplx_mult_cmplx_q31.c ****     mul2 = (q31_t) (((q63_t) b * d) >> 32);
 116              	 .loc 1 108 0
 117 006c 8AFB0589 	 smull r8,r9,r10,r5
 109:E:/NOVA/Assets/IFX_P2G-HW-SW_V1.0.4/Firmware_Software/DAVE project/P2G_FW/Dave/Generated/CMSIS_DSP/ComplexMathFunctions\arm_cmplx_mult_cmplx_q31.c ****     mul3 = (q31_t) (((q63_t) a * d) >> 32);
 110:E:/NOVA/Assets/IFX_P2G-HW-SW_V1.0.4/Firmware_Software/DAVE project/P2G_FW/Dave/Generated/CMSIS_DSP/ComplexMathFunctions\arm_cmplx_mult_cmplx_q31.c ****     mul4 = (q31_t) (((q63_t) b * c) >> 32);
 118              	 .loc 1 110 0
 119 0070 8CFB0AAB 	 smull r10,fp,ip,r10
 120              	.LVL16:
 111:E:/NOVA/Assets/IFX_P2G-HW-SW_V1.0.4/Firmware_Software/DAVE project/P2G_FW/Dave/Generated/CMSIS_DSP/ComplexMathFunctions\arm_cmplx_mult_cmplx_q31.c **** 
 112:E:/NOVA/Assets/IFX_P2G-HW-SW_V1.0.4/Firmware_Software/DAVE project/P2G_FW/Dave/Generated/CMSIS_DSP/ComplexMathFunctions\arm_cmplx_mult_cmplx_q31.c ****     mul1 = (mul1 >> 1);
 113:E:/NOVA/Assets/IFX_P2G-HW-SW_V1.0.4/Firmware_Software/DAVE project/P2G_FW/Dave/Generated/CMSIS_DSP/ComplexMathFunctions\arm_cmplx_mult_cmplx_q31.c ****     mul2 = (mul2 >> 1);
 121              	 .loc 1 113 0
 122 0074 4FEA690E 	 asr lr,r9,#1
 107:E:/NOVA/Assets/IFX_P2G-HW-SW_V1.0.4/Firmware_Software/DAVE project/P2G_FW/Dave/Generated/CMSIS_DSP/ComplexMathFunctions\arm_cmplx_mult_cmplx_q31.c ****     mul2 = (q31_t) (((q63_t) b * d) >> 32);
 123              	 .loc 1 107 0
 124 0078 84FB0C89 	 smull r8,r9,r4,ip
 125              	.LVL17:
 114:E:/NOVA/Assets/IFX_P2G-HW-SW_V1.0.4/Firmware_Software/DAVE project/P2G_FW/Dave/Generated/CMSIS_DSP/ComplexMathFunctions\arm_cmplx_mult_cmplx_q31.c ****     mul3 = (mul3 >> 1);
 115:E:/NOVA/Assets/IFX_P2G-HW-SW_V1.0.4/Firmware_Software/DAVE project/P2G_FW/Dave/Generated/CMSIS_DSP/ComplexMathFunctions\arm_cmplx_mult_cmplx_q31.c ****     mul4 = (mul4 >> 1);
 126              	 .loc 1 115 0
 127 007c 4FEA6B0C 	 asr ip,fp,#1
 128              	.LVL18:
 109:E:/NOVA/Assets/IFX_P2G-HW-SW_V1.0.4/Firmware_Software/DAVE project/P2G_FW/Dave/Generated/CMSIS_DSP/ComplexMathFunctions\arm_cmplx_mult_cmplx_q31.c ****     mul4 = (q31_t) (((q63_t) b * c) >> 32);
 129              	 .loc 1 109 0
 130 0080 84FB0545 	 smull r4,r5,r4,r5
 131              	.LVL19:
 116:E:/NOVA/Assets/IFX_P2G-HW-SW_V1.0.4/Firmware_Software/DAVE project/P2G_FW/Dave/Generated/CMSIS_DSP/ComplexMathFunctions\arm_cmplx_mult_cmplx_q31.c **** 
 117:E:/NOVA/Assets/IFX_P2G-HW-SW_V1.0.4/Firmware_Software/DAVE project/P2G_FW/Dave/Generated/CMSIS_DSP/ComplexMathFunctions\arm_cmplx_mult_cmplx_q31.c ****     out1 = mul1 - mul2;
 118:E:/NOVA/Assets/IFX_P2G-HW-SW_V1.0.4/Firmware_Software/DAVE project/P2G_FW/Dave/Generated/CMSIS_DSP/ComplexMathFunctions\arm_cmplx_mult_cmplx_q31.c ****     out2 = mul3 + mul4;
 132              	 .loc 1 118 0
 133 0084 0CEB6504 	 add r4,ip,r5,asr#1
 117:E:/NOVA/Assets/IFX_P2G-HW-SW_V1.0.4/Firmware_Software/DAVE project/P2G_FW/Dave/Generated/CMSIS_DSP/ComplexMathFunctions\arm_cmplx_mult_cmplx_q31.c ****     out2 = mul3 + mul4;
 134              	 .loc 1 117 0
 135 0088 CEEB690E 	 rsb lr,lr,r9,asr#1
 119:E:/NOVA/Assets/IFX_P2G-HW-SW_V1.0.4/Firmware_Software/DAVE project/P2G_FW/Dave/Generated/CMSIS_DSP/ComplexMathFunctions\arm_cmplx_mult_cmplx_q31.c **** 
 120:E:/NOVA/Assets/IFX_P2G-HW-SW_V1.0.4/Firmware_Software/DAVE project/P2G_FW/Dave/Generated/CMSIS_DSP/ComplexMathFunctions\arm_cmplx_mult_cmplx_q31.c ****     /* store the real result in 3.29 format in the destination buffer. */
 121:E:/NOVA/Assets/IFX_P2G-HW-SW_V1.0.4/Firmware_Software/DAVE project/P2G_FW/Dave/Generated/CMSIS_DSP/ComplexMathFunctions\arm_cmplx_mult_cmplx_q31.c ****     *pDst++ = out1;
 136              	 .loc 1 121 0
 137 008c 43F818EC 	 str lr,[r3,#-24]
 138              	.LVL20:
 122:E:/NOVA/Assets/IFX_P2G-HW-SW_V1.0.4/Firmware_Software/DAVE project/P2G_FW/Dave/Generated/CMSIS_DSP/ComplexMathFunctions\arm_cmplx_mult_cmplx_q31.c ****     /* store the imag result in 3.29 format in the destination buffer. */
 123:E:/NOVA/Assets/IFX_P2G-HW-SW_V1.0.4/Firmware_Software/DAVE project/P2G_FW/Dave/Generated/CMSIS_DSP/ComplexMathFunctions\arm_cmplx_mult_cmplx_q31.c ****     *pDst++ = out2;
 139              	 .loc 1 123 0
 140 0090 43F8144C 	 str r4,[r3,#-20]
 141              	.LVL21:
 124:E:/NOVA/Assets/IFX_P2G-HW-SW_V1.0.4/Firmware_Software/DAVE project/P2G_FW/Dave/Generated/CMSIS_DSP/ComplexMathFunctions\arm_cmplx_mult_cmplx_q31.c **** 
 125:E:/NOVA/Assets/IFX_P2G-HW-SW_V1.0.4/Firmware_Software/DAVE project/P2G_FW/Dave/Generated/CMSIS_DSP/ComplexMathFunctions\arm_cmplx_mult_cmplx_q31.c ****     a = *pSrcA++;
 126:E:/NOVA/Assets/IFX_P2G-HW-SW_V1.0.4/Firmware_Software/DAVE project/P2G_FW/Dave/Generated/CMSIS_DSP/ComplexMathFunctions\arm_cmplx_mult_cmplx_q31.c ****     b = *pSrcA++;
 127:E:/NOVA/Assets/IFX_P2G-HW-SW_V1.0.4/Firmware_Software/DAVE project/P2G_FW/Dave/Generated/CMSIS_DSP/ComplexMathFunctions\arm_cmplx_mult_cmplx_q31.c ****     c = *pSrcB++;
 142              	 .loc 1 127 0
 143 0094 52F810CC 	 ldr ip,[r2,#-16]
 126:E:/NOVA/Assets/IFX_P2G-HW-SW_V1.0.4/Firmware_Software/DAVE project/P2G_FW/Dave/Generated/CMSIS_DSP/ComplexMathFunctions\arm_cmplx_mult_cmplx_q31.c ****     c = *pSrcB++;
 144              	 .loc 1 126 0
 145 0098 51F80CAC 	 ldr r10,[r1,#-12]
 128:E:/NOVA/Assets/IFX_P2G-HW-SW_V1.0.4/Firmware_Software/DAVE project/P2G_FW/Dave/Generated/CMSIS_DSP/ComplexMathFunctions\arm_cmplx_mult_cmplx_q31.c ****     d = *pSrcB++;
 146              	 .loc 1 128 0
 147 009c 52F80C5C 	 ldr r5,[r2,#-12]
 148              	.LVL22:
 125:E:/NOVA/Assets/IFX_P2G-HW-SW_V1.0.4/Firmware_Software/DAVE project/P2G_FW/Dave/Generated/CMSIS_DSP/ComplexMathFunctions\arm_cmplx_mult_cmplx_q31.c ****     b = *pSrcA++;
 149              	 .loc 1 125 0
 150 00a0 51F8104C 	 ldr r4,[r1,#-16]
 151              	.LVL23:
 129:E:/NOVA/Assets/IFX_P2G-HW-SW_V1.0.4/Firmware_Software/DAVE project/P2G_FW/Dave/Generated/CMSIS_DSP/ComplexMathFunctions\arm_cmplx_mult_cmplx_q31.c **** 
 130:E:/NOVA/Assets/IFX_P2G-HW-SW_V1.0.4/Firmware_Software/DAVE project/P2G_FW/Dave/Generated/CMSIS_DSP/ComplexMathFunctions\arm_cmplx_mult_cmplx_q31.c ****     mul1 = (q31_t) (((q63_t) a * c) >> 32);
 131:E:/NOVA/Assets/IFX_P2G-HW-SW_V1.0.4/Firmware_Software/DAVE project/P2G_FW/Dave/Generated/CMSIS_DSP/ComplexMathFunctions\arm_cmplx_mult_cmplx_q31.c ****     mul2 = (q31_t) (((q63_t) b * d) >> 32);
 152              	 .loc 1 131 0
 153 00a4 8AFB0589 	 smull r8,r9,r10,r5
 132:E:/NOVA/Assets/IFX_P2G-HW-SW_V1.0.4/Firmware_Software/DAVE project/P2G_FW/Dave/Generated/CMSIS_DSP/ComplexMathFunctions\arm_cmplx_mult_cmplx_q31.c ****     mul3 = (q31_t) (((q63_t) a * d) >> 32);
 133:E:/NOVA/Assets/IFX_P2G-HW-SW_V1.0.4/Firmware_Software/DAVE project/P2G_FW/Dave/Generated/CMSIS_DSP/ComplexMathFunctions\arm_cmplx_mult_cmplx_q31.c ****     mul4 = (q31_t) (((q63_t) b * c) >> 32);
 154              	 .loc 1 133 0
 155 00a8 8CFB0AAB 	 smull r10,fp,ip,r10
 156              	.LVL24:
 134:E:/NOVA/Assets/IFX_P2G-HW-SW_V1.0.4/Firmware_Software/DAVE project/P2G_FW/Dave/Generated/CMSIS_DSP/ComplexMathFunctions\arm_cmplx_mult_cmplx_q31.c **** 
 135:E:/NOVA/Assets/IFX_P2G-HW-SW_V1.0.4/Firmware_Software/DAVE project/P2G_FW/Dave/Generated/CMSIS_DSP/ComplexMathFunctions\arm_cmplx_mult_cmplx_q31.c ****     mul1 = (mul1 >> 1);
 136:E:/NOVA/Assets/IFX_P2G-HW-SW_V1.0.4/Firmware_Software/DAVE project/P2G_FW/Dave/Generated/CMSIS_DSP/ComplexMathFunctions\arm_cmplx_mult_cmplx_q31.c ****     mul2 = (mul2 >> 1);
 157              	 .loc 1 136 0
 158 00ac 4FEA690E 	 asr lr,r9,#1
 130:E:/NOVA/Assets/IFX_P2G-HW-SW_V1.0.4/Firmware_Software/DAVE project/P2G_FW/Dave/Generated/CMSIS_DSP/ComplexMathFunctions\arm_cmplx_mult_cmplx_q31.c ****     mul2 = (q31_t) (((q63_t) b * d) >> 32);
 159              	 .loc 1 130 0
 160 00b0 84FB0C89 	 smull r8,r9,r4,ip
 161              	.LVL25:
 137:E:/NOVA/Assets/IFX_P2G-HW-SW_V1.0.4/Firmware_Software/DAVE project/P2G_FW/Dave/Generated/CMSIS_DSP/ComplexMathFunctions\arm_cmplx_mult_cmplx_q31.c ****     mul3 = (mul3 >> 1);
 138:E:/NOVA/Assets/IFX_P2G-HW-SW_V1.0.4/Firmware_Software/DAVE project/P2G_FW/Dave/Generated/CMSIS_DSP/ComplexMathFunctions\arm_cmplx_mult_cmplx_q31.c ****     mul4 = (mul4 >> 1);
 162              	 .loc 1 138 0
 163 00b4 4FEA6B0C 	 asr ip,fp,#1
 164              	.LVL26:
 132:E:/NOVA/Assets/IFX_P2G-HW-SW_V1.0.4/Firmware_Software/DAVE project/P2G_FW/Dave/Generated/CMSIS_DSP/ComplexMathFunctions\arm_cmplx_mult_cmplx_q31.c ****     mul4 = (q31_t) (((q63_t) b * c) >> 32);
 165              	 .loc 1 132 0
 166 00b8 84FB0545 	 smull r4,r5,r4,r5
 167              	.LVL27:
 139:E:/NOVA/Assets/IFX_P2G-HW-SW_V1.0.4/Firmware_Software/DAVE project/P2G_FW/Dave/Generated/CMSIS_DSP/ComplexMathFunctions\arm_cmplx_mult_cmplx_q31.c **** 
 140:E:/NOVA/Assets/IFX_P2G-HW-SW_V1.0.4/Firmware_Software/DAVE project/P2G_FW/Dave/Generated/CMSIS_DSP/ComplexMathFunctions\arm_cmplx_mult_cmplx_q31.c ****     out1 = mul1 - mul2;
 141:E:/NOVA/Assets/IFX_P2G-HW-SW_V1.0.4/Firmware_Software/DAVE project/P2G_FW/Dave/Generated/CMSIS_DSP/ComplexMathFunctions\arm_cmplx_mult_cmplx_q31.c ****     out2 = mul3 + mul4;
 168              	 .loc 1 141 0
 169 00bc 0CEB6504 	 add r4,ip,r5,asr#1
 140:E:/NOVA/Assets/IFX_P2G-HW-SW_V1.0.4/Firmware_Software/DAVE project/P2G_FW/Dave/Generated/CMSIS_DSP/ComplexMathFunctions\arm_cmplx_mult_cmplx_q31.c ****     out2 = mul3 + mul4;
 170              	 .loc 1 140 0
 171 00c0 CEEB690E 	 rsb lr,lr,r9,asr#1
 142:E:/NOVA/Assets/IFX_P2G-HW-SW_V1.0.4/Firmware_Software/DAVE project/P2G_FW/Dave/Generated/CMSIS_DSP/ComplexMathFunctions\arm_cmplx_mult_cmplx_q31.c **** 
 143:E:/NOVA/Assets/IFX_P2G-HW-SW_V1.0.4/Firmware_Software/DAVE project/P2G_FW/Dave/Generated/CMSIS_DSP/ComplexMathFunctions\arm_cmplx_mult_cmplx_q31.c ****     /* store the real result in 3.29 format in the destination buffer. */
 144:E:/NOVA/Assets/IFX_P2G-HW-SW_V1.0.4/Firmware_Software/DAVE project/P2G_FW/Dave/Generated/CMSIS_DSP/ComplexMathFunctions\arm_cmplx_mult_cmplx_q31.c ****     *pDst++ = out1;
 172              	 .loc 1 144 0
 173 00c4 43F810EC 	 str lr,[r3,#-16]
 174              	.LVL28:
 145:E:/NOVA/Assets/IFX_P2G-HW-SW_V1.0.4/Firmware_Software/DAVE project/P2G_FW/Dave/Generated/CMSIS_DSP/ComplexMathFunctions\arm_cmplx_mult_cmplx_q31.c ****     /* store the imag result in 3.29 format in the destination buffer. */
 146:E:/NOVA/Assets/IFX_P2G-HW-SW_V1.0.4/Firmware_Software/DAVE project/P2G_FW/Dave/Generated/CMSIS_DSP/ComplexMathFunctions\arm_cmplx_mult_cmplx_q31.c ****     *pDst++ = out2;
 175              	 .loc 1 146 0
 176 00c8 43F80C4C 	 str r4,[r3,#-12]
 177              	.LVL29:
 147:E:/NOVA/Assets/IFX_P2G-HW-SW_V1.0.4/Firmware_Software/DAVE project/P2G_FW/Dave/Generated/CMSIS_DSP/ComplexMathFunctions\arm_cmplx_mult_cmplx_q31.c **** 
 148:E:/NOVA/Assets/IFX_P2G-HW-SW_V1.0.4/Firmware_Software/DAVE project/P2G_FW/Dave/Generated/CMSIS_DSP/ComplexMathFunctions\arm_cmplx_mult_cmplx_q31.c ****     a = *pSrcA++;
 149:E:/NOVA/Assets/IFX_P2G-HW-SW_V1.0.4/Firmware_Software/DAVE project/P2G_FW/Dave/Generated/CMSIS_DSP/ComplexMathFunctions\arm_cmplx_mult_cmplx_q31.c ****     b = *pSrcA++;
 150:E:/NOVA/Assets/IFX_P2G-HW-SW_V1.0.4/Firmware_Software/DAVE project/P2G_FW/Dave/Generated/CMSIS_DSP/ComplexMathFunctions\arm_cmplx_mult_cmplx_q31.c ****     c = *pSrcB++;
 178              	 .loc 1 150 0
 179 00cc 52F808CC 	 ldr ip,[r2,#-8]
 149:E:/NOVA/Assets/IFX_P2G-HW-SW_V1.0.4/Firmware_Software/DAVE project/P2G_FW/Dave/Generated/CMSIS_DSP/ComplexMathFunctions\arm_cmplx_mult_cmplx_q31.c ****     c = *pSrcB++;
 180              	 .loc 1 149 0
 181 00d0 51F804AC 	 ldr r10,[r1,#-4]
 151:E:/NOVA/Assets/IFX_P2G-HW-SW_V1.0.4/Firmware_Software/DAVE project/P2G_FW/Dave/Generated/CMSIS_DSP/ComplexMathFunctions\arm_cmplx_mult_cmplx_q31.c ****     d = *pSrcB++;
 182              	 .loc 1 151 0
 183 00d4 52F8045C 	 ldr r5,[r2,#-4]
 184              	.LVL30:
 148:E:/NOVA/Assets/IFX_P2G-HW-SW_V1.0.4/Firmware_Software/DAVE project/P2G_FW/Dave/Generated/CMSIS_DSP/ComplexMathFunctions\arm_cmplx_mult_cmplx_q31.c ****     b = *pSrcA++;
 185              	 .loc 1 148 0
 186 00d8 51F8084C 	 ldr r4,[r1,#-8]
 187              	.LVL31:
 152:E:/NOVA/Assets/IFX_P2G-HW-SW_V1.0.4/Firmware_Software/DAVE project/P2G_FW/Dave/Generated/CMSIS_DSP/ComplexMathFunctions\arm_cmplx_mult_cmplx_q31.c **** 
 153:E:/NOVA/Assets/IFX_P2G-HW-SW_V1.0.4/Firmware_Software/DAVE project/P2G_FW/Dave/Generated/CMSIS_DSP/ComplexMathFunctions\arm_cmplx_mult_cmplx_q31.c ****     mul1 = (q31_t) (((q63_t) a * c) >> 32);
 154:E:/NOVA/Assets/IFX_P2G-HW-SW_V1.0.4/Firmware_Software/DAVE project/P2G_FW/Dave/Generated/CMSIS_DSP/ComplexMathFunctions\arm_cmplx_mult_cmplx_q31.c ****     mul2 = (q31_t) (((q63_t) b * d) >> 32);
 188              	 .loc 1 154 0
 189 00dc 8AFB0589 	 smull r8,r9,r10,r5
 155:E:/NOVA/Assets/IFX_P2G-HW-SW_V1.0.4/Firmware_Software/DAVE project/P2G_FW/Dave/Generated/CMSIS_DSP/ComplexMathFunctions\arm_cmplx_mult_cmplx_q31.c ****     mul3 = (q31_t) (((q63_t) a * d) >> 32);
 156:E:/NOVA/Assets/IFX_P2G-HW-SW_V1.0.4/Firmware_Software/DAVE project/P2G_FW/Dave/Generated/CMSIS_DSP/ComplexMathFunctions\arm_cmplx_mult_cmplx_q31.c ****     mul4 = (q31_t) (((q63_t) b * c) >> 32);
 190              	 .loc 1 156 0
 191 00e0 8CFB0AAB 	 smull r10,fp,ip,r10
 192              	.LVL32:
 157:E:/NOVA/Assets/IFX_P2G-HW-SW_V1.0.4/Firmware_Software/DAVE project/P2G_FW/Dave/Generated/CMSIS_DSP/ComplexMathFunctions\arm_cmplx_mult_cmplx_q31.c **** 
 158:E:/NOVA/Assets/IFX_P2G-HW-SW_V1.0.4/Firmware_Software/DAVE project/P2G_FW/Dave/Generated/CMSIS_DSP/ComplexMathFunctions\arm_cmplx_mult_cmplx_q31.c ****     mul1 = (mul1 >> 1);
 159:E:/NOVA/Assets/IFX_P2G-HW-SW_V1.0.4/Firmware_Software/DAVE project/P2G_FW/Dave/Generated/CMSIS_DSP/ComplexMathFunctions\arm_cmplx_mult_cmplx_q31.c ****     mul2 = (mul2 >> 1);
 193              	 .loc 1 159 0
 194 00e4 4FEA690E 	 asr lr,r9,#1
 153:E:/NOVA/Assets/IFX_P2G-HW-SW_V1.0.4/Firmware_Software/DAVE project/P2G_FW/Dave/Generated/CMSIS_DSP/ComplexMathFunctions\arm_cmplx_mult_cmplx_q31.c ****     mul2 = (q31_t) (((q63_t) b * d) >> 32);
 195              	 .loc 1 153 0
 196 00e8 84FB0C89 	 smull r8,r9,r4,ip
 197              	.LVL33:
 160:E:/NOVA/Assets/IFX_P2G-HW-SW_V1.0.4/Firmware_Software/DAVE project/P2G_FW/Dave/Generated/CMSIS_DSP/ComplexMathFunctions\arm_cmplx_mult_cmplx_q31.c ****     mul3 = (mul3 >> 1);
 161:E:/NOVA/Assets/IFX_P2G-HW-SW_V1.0.4/Firmware_Software/DAVE project/P2G_FW/Dave/Generated/CMSIS_DSP/ComplexMathFunctions\arm_cmplx_mult_cmplx_q31.c ****     mul4 = (mul4 >> 1);
 198              	 .loc 1 161 0
 199 00ec 4FEA6B0C 	 asr ip,fp,#1
 200              	.LVL34:
 155:E:/NOVA/Assets/IFX_P2G-HW-SW_V1.0.4/Firmware_Software/DAVE project/P2G_FW/Dave/Generated/CMSIS_DSP/ComplexMathFunctions\arm_cmplx_mult_cmplx_q31.c ****     mul4 = (q31_t) (((q63_t) b * c) >> 32);
 201              	 .loc 1 155 0
 202 00f0 84FB0545 	 smull r4,r5,r4,r5
 203              	.LVL35:
 162:E:/NOVA/Assets/IFX_P2G-HW-SW_V1.0.4/Firmware_Software/DAVE project/P2G_FW/Dave/Generated/CMSIS_DSP/ComplexMathFunctions\arm_cmplx_mult_cmplx_q31.c **** 
 163:E:/NOVA/Assets/IFX_P2G-HW-SW_V1.0.4/Firmware_Software/DAVE project/P2G_FW/Dave/Generated/CMSIS_DSP/ComplexMathFunctions\arm_cmplx_mult_cmplx_q31.c ****     out1 = mul1 - mul2;
 204              	 .loc 1 163 0
 205 00f4 CEEB690E 	 rsb lr,lr,r9,asr#1
 164:E:/NOVA/Assets/IFX_P2G-HW-SW_V1.0.4/Firmware_Software/DAVE project/P2G_FW/Dave/Generated/CMSIS_DSP/ComplexMathFunctions\arm_cmplx_mult_cmplx_q31.c ****     out2 = mul3 + mul4;
 206              	 .loc 1 164 0
 207 00f8 0CEB6504 	 add r4,ip,r5,asr#1
  75:E:/NOVA/Assets/IFX_P2G-HW-SW_V1.0.4/Firmware_Software/DAVE project/P2G_FW/Dave/Generated/CMSIS_DSP/ComplexMathFunctions\arm_cmplx_mult_cmplx_q31.c ****   {
 208              	 .loc 1 75 0
 209 00fc 013E     	 subs r6,r6,#1
 210              	.LVL36:
 165:E:/NOVA/Assets/IFX_P2G-HW-SW_V1.0.4/Firmware_Software/DAVE project/P2G_FW/Dave/Generated/CMSIS_DSP/ComplexMathFunctions\arm_cmplx_mult_cmplx_q31.c **** 
 166:E:/NOVA/Assets/IFX_P2G-HW-SW_V1.0.4/Firmware_Software/DAVE project/P2G_FW/Dave/Generated/CMSIS_DSP/ComplexMathFunctions\arm_cmplx_mult_cmplx_q31.c ****     /* store the real result in 3.29 format in the destination buffer. */
 167:E:/NOVA/Assets/IFX_P2G-HW-SW_V1.0.4/Firmware_Software/DAVE project/P2G_FW/Dave/Generated/CMSIS_DSP/ComplexMathFunctions\arm_cmplx_mult_cmplx_q31.c ****     *pDst++ = out1;
 211              	 .loc 1 167 0
 212 00fe 43F808EC 	 str lr,[r3,#-8]
 213              	.LVL37:
 168:E:/NOVA/Assets/IFX_P2G-HW-SW_V1.0.4/Firmware_Software/DAVE project/P2G_FW/Dave/Generated/CMSIS_DSP/ComplexMathFunctions\arm_cmplx_mult_cmplx_q31.c ****     /* store the imag result in 3.29 format in the destination buffer. */
 169:E:/NOVA/Assets/IFX_P2G-HW-SW_V1.0.4/Firmware_Software/DAVE project/P2G_FW/Dave/Generated/CMSIS_DSP/ComplexMathFunctions\arm_cmplx_mult_cmplx_q31.c ****     *pDst++ = out2;
 214              	 .loc 1 169 0
 215 0102 43F8044C 	 str r4,[r3,#-4]
 216 0106 02F12002 	 add r2,r2,#32
 217 010a 01F12001 	 add r1,r1,#32
 218              	.LVL38:
 219 010e 03F12003 	 add r3,r3,#32
  75:E:/NOVA/Assets/IFX_P2G-HW-SW_V1.0.4/Firmware_Software/DAVE project/P2G_FW/Dave/Generated/CMSIS_DSP/ComplexMathFunctions\arm_cmplx_mult_cmplx_q31.c ****   {
 220              	 .loc 1 75 0
 221 0112 87D1     	 bne .L3
 222 0114 039B     	 ldr r3,[sp,#12]
 223 0116 019A     	 ldr r2,[sp,#4]
 224 0118 5B01     	 lsls r3,r3,#5
 225              	.LVL39:
 226 011a 1A44     	 add r2,r2,r3
 227 011c 1844     	 add r0,r0,r3
 228              	.LVL40:
 229 011e 1F44     	 add r7,r7,r3
 230              	.LVL41:
 231 0120 0192     	 str r2,[sp,#4]
 232              	.LVL42:
 233              	.L2:
 170:E:/NOVA/Assets/IFX_P2G-HW-SW_V1.0.4/Firmware_Software/DAVE project/P2G_FW/Dave/Generated/CMSIS_DSP/ComplexMathFunctions\arm_cmplx_mult_cmplx_q31.c **** 
 171:E:/NOVA/Assets/IFX_P2G-HW-SW_V1.0.4/Firmware_Software/DAVE project/P2G_FW/Dave/Generated/CMSIS_DSP/ComplexMathFunctions\arm_cmplx_mult_cmplx_q31.c ****     /* Decrement the blockSize loop counter */
 172:E:/NOVA/Assets/IFX_P2G-HW-SW_V1.0.4/Firmware_Software/DAVE project/P2G_FW/Dave/Generated/CMSIS_DSP/ComplexMathFunctions\arm_cmplx_mult_cmplx_q31.c ****     blkCnt--;
 173:E:/NOVA/Assets/IFX_P2G-HW-SW_V1.0.4/Firmware_Software/DAVE project/P2G_FW/Dave/Generated/CMSIS_DSP/ComplexMathFunctions\arm_cmplx_mult_cmplx_q31.c ****   }
 174:E:/NOVA/Assets/IFX_P2G-HW-SW_V1.0.4/Firmware_Software/DAVE project/P2G_FW/Dave/Generated/CMSIS_DSP/ComplexMathFunctions\arm_cmplx_mult_cmplx_q31.c **** 
 175:E:/NOVA/Assets/IFX_P2G-HW-SW_V1.0.4/Firmware_Software/DAVE project/P2G_FW/Dave/Generated/CMSIS_DSP/ComplexMathFunctions\arm_cmplx_mult_cmplx_q31.c ****   /* If the blockSize is not a multiple of 4, compute any remaining output samples here.
 176:E:/NOVA/Assets/IFX_P2G-HW-SW_V1.0.4/Firmware_Software/DAVE project/P2G_FW/Dave/Generated/CMSIS_DSP/ComplexMathFunctions\arm_cmplx_mult_cmplx_q31.c ****    ** No loop unrolling is used. */
 177:E:/NOVA/Assets/IFX_P2G-HW-SW_V1.0.4/Firmware_Software/DAVE project/P2G_FW/Dave/Generated/CMSIS_DSP/ComplexMathFunctions\arm_cmplx_mult_cmplx_q31.c ****   blkCnt = numSamples % 0x4u;
 178:E:/NOVA/Assets/IFX_P2G-HW-SW_V1.0.4/Firmware_Software/DAVE project/P2G_FW/Dave/Generated/CMSIS_DSP/ComplexMathFunctions\arm_cmplx_mult_cmplx_q31.c **** 
 179:E:/NOVA/Assets/IFX_P2G-HW-SW_V1.0.4/Firmware_Software/DAVE project/P2G_FW/Dave/Generated/CMSIS_DSP/ComplexMathFunctions\arm_cmplx_mult_cmplx_q31.c ****   while (blkCnt > 0u)
 234              	 .loc 1 179 0
 235 0122 029B     	 ldr r3,[sp,#8]
 236 0124 13F00303 	 ands r3,r3,#3
 237              	.LVL43:
 238 0128 28D0     	 beq .L1
 239 012a 019A     	 ldr r2,[sp,#4]
 240              	.LVL44:
 241 012c 0830     	 adds r0,r0,#8
 242              	.LVL45:
 243 012e 07F10801 	 add r1,r7,#8
 244 0132 0832     	 adds r2,r2,#8
 245              	.LVL46:
 246              	.L5:
 180:E:/NOVA/Assets/IFX_P2G-HW-SW_V1.0.4/Firmware_Software/DAVE project/P2G_FW/Dave/Generated/CMSIS_DSP/ComplexMathFunctions\arm_cmplx_mult_cmplx_q31.c ****   {
 181:E:/NOVA/Assets/IFX_P2G-HW-SW_V1.0.4/Firmware_Software/DAVE project/P2G_FW/Dave/Generated/CMSIS_DSP/ComplexMathFunctions\arm_cmplx_mult_cmplx_q31.c ****     /* C[2 * i] = A[2 * i] * B[2 * i] - A[2 * i + 1] * B[2 * i + 1].  */
 182:E:/NOVA/Assets/IFX_P2G-HW-SW_V1.0.4/Firmware_Software/DAVE project/P2G_FW/Dave/Generated/CMSIS_DSP/ComplexMathFunctions\arm_cmplx_mult_cmplx_q31.c ****     /* C[2 * i + 1] = A[2 * i] * B[2 * i + 1] + A[2 * i + 1] * B[2 * i].  */
 183:E:/NOVA/Assets/IFX_P2G-HW-SW_V1.0.4/Firmware_Software/DAVE project/P2G_FW/Dave/Generated/CMSIS_DSP/ComplexMathFunctions\arm_cmplx_mult_cmplx_q31.c ****     a = *pSrcA++;
 184:E:/NOVA/Assets/IFX_P2G-HW-SW_V1.0.4/Firmware_Software/DAVE project/P2G_FW/Dave/Generated/CMSIS_DSP/ComplexMathFunctions\arm_cmplx_mult_cmplx_q31.c ****     b = *pSrcA++;
 247              	 .loc 1 184 0
 248 0134 50F8047C 	 ldr r7,[r0,#-4]
 185:E:/NOVA/Assets/IFX_P2G-HW-SW_V1.0.4/Firmware_Software/DAVE project/P2G_FW/Dave/Generated/CMSIS_DSP/ComplexMathFunctions\arm_cmplx_mult_cmplx_q31.c ****     c = *pSrcB++;
 186:E:/NOVA/Assets/IFX_P2G-HW-SW_V1.0.4/Firmware_Software/DAVE project/P2G_FW/Dave/Generated/CMSIS_DSP/ComplexMathFunctions\arm_cmplx_mult_cmplx_q31.c ****     d = *pSrcB++;
 249              	 .loc 1 186 0
 250 0138 51F8044C 	 ldr r4,[r1,#-4]
 185:E:/NOVA/Assets/IFX_P2G-HW-SW_V1.0.4/Firmware_Software/DAVE project/P2G_FW/Dave/Generated/CMSIS_DSP/ComplexMathFunctions\arm_cmplx_mult_cmplx_q31.c ****     c = *pSrcB++;
 251              	 .loc 1 185 0
 252 013c 51F8086C 	 ldr r6,[r1,#-8]
 183:E:/NOVA/Assets/IFX_P2G-HW-SW_V1.0.4/Firmware_Software/DAVE project/P2G_FW/Dave/Generated/CMSIS_DSP/ComplexMathFunctions\arm_cmplx_mult_cmplx_q31.c ****     b = *pSrcA++;
 253              	 .loc 1 183 0
 254 0140 50F8085C 	 ldr r5,[r0,#-8]
 255              	.LVL47:
 187:E:/NOVA/Assets/IFX_P2G-HW-SW_V1.0.4/Firmware_Software/DAVE project/P2G_FW/Dave/Generated/CMSIS_DSP/ComplexMathFunctions\arm_cmplx_mult_cmplx_q31.c **** 
 188:E:/NOVA/Assets/IFX_P2G-HW-SW_V1.0.4/Firmware_Software/DAVE project/P2G_FW/Dave/Generated/CMSIS_DSP/ComplexMathFunctions\arm_cmplx_mult_cmplx_q31.c ****     mul1 = (q31_t) (((q63_t) a * c) >> 32);
 189:E:/NOVA/Assets/IFX_P2G-HW-SW_V1.0.4/Firmware_Software/DAVE project/P2G_FW/Dave/Generated/CMSIS_DSP/ComplexMathFunctions\arm_cmplx_mult_cmplx_q31.c ****     mul2 = (q31_t) (((q63_t) b * d) >> 32);
 256              	 .loc 1 189 0
 257 0144 87FB04AB 	 smull r10,fp,r7,r4
 190:E:/NOVA/Assets/IFX_P2G-HW-SW_V1.0.4/Firmware_Software/DAVE project/P2G_FW/Dave/Generated/CMSIS_DSP/ComplexMathFunctions\arm_cmplx_mult_cmplx_q31.c ****     mul3 = (q31_t) (((q63_t) a * d) >> 32);
 191:E:/NOVA/Assets/IFX_P2G-HW-SW_V1.0.4/Firmware_Software/DAVE project/P2G_FW/Dave/Generated/CMSIS_DSP/ComplexMathFunctions\arm_cmplx_mult_cmplx_q31.c ****     mul4 = (q31_t) (((q63_t) b * c) >> 32);
 258              	 .loc 1 191 0
 259 0148 86FB0789 	 smull r8,r9,r6,r7
 192:E:/NOVA/Assets/IFX_P2G-HW-SW_V1.0.4/Firmware_Software/DAVE project/P2G_FW/Dave/Generated/CMSIS_DSP/ComplexMathFunctions\arm_cmplx_mult_cmplx_q31.c **** 
 193:E:/NOVA/Assets/IFX_P2G-HW-SW_V1.0.4/Firmware_Software/DAVE project/P2G_FW/Dave/Generated/CMSIS_DSP/ComplexMathFunctions\arm_cmplx_mult_cmplx_q31.c ****     mul1 = (mul1 >> 1);
 194:E:/NOVA/Assets/IFX_P2G-HW-SW_V1.0.4/Firmware_Software/DAVE project/P2G_FW/Dave/Generated/CMSIS_DSP/ComplexMathFunctions\arm_cmplx_mult_cmplx_q31.c ****     mul2 = (mul2 >> 1);
 260              	 .loc 1 194 0
 261 014c 4FEA6B0E 	 asr lr,fp,#1
 188:E:/NOVA/Assets/IFX_P2G-HW-SW_V1.0.4/Firmware_Software/DAVE project/P2G_FW/Dave/Generated/CMSIS_DSP/ComplexMathFunctions\arm_cmplx_mult_cmplx_q31.c ****     mul2 = (q31_t) (((q63_t) b * d) >> 32);
 262              	 .loc 1 188 0
 263 0150 85FB0667 	 smull r6,r7,r5,r6
 264              	.LVL48:
 195:E:/NOVA/Assets/IFX_P2G-HW-SW_V1.0.4/Firmware_Software/DAVE project/P2G_FW/Dave/Generated/CMSIS_DSP/ComplexMathFunctions\arm_cmplx_mult_cmplx_q31.c ****     mul3 = (mul3 >> 1);
 196:E:/NOVA/Assets/IFX_P2G-HW-SW_V1.0.4/Firmware_Software/DAVE project/P2G_FW/Dave/Generated/CMSIS_DSP/ComplexMathFunctions\arm_cmplx_mult_cmplx_q31.c ****     mul4 = (mul4 >> 1);
 265              	 .loc 1 196 0
 266 0154 4FEA6906 	 asr r6,r9,#1
 190:E:/NOVA/Assets/IFX_P2G-HW-SW_V1.0.4/Firmware_Software/DAVE project/P2G_FW/Dave/Generated/CMSIS_DSP/ComplexMathFunctions\arm_cmplx_mult_cmplx_q31.c ****     mul4 = (q31_t) (((q63_t) b * c) >> 32);
 267              	 .loc 1 190 0
 268 0158 85FB0445 	 smull r4,r5,r5,r4
 269              	.LVL49:
 197:E:/NOVA/Assets/IFX_P2G-HW-SW_V1.0.4/Firmware_Software/DAVE project/P2G_FW/Dave/Generated/CMSIS_DSP/ComplexMathFunctions\arm_cmplx_mult_cmplx_q31.c **** 
 198:E:/NOVA/Assets/IFX_P2G-HW-SW_V1.0.4/Firmware_Software/DAVE project/P2G_FW/Dave/Generated/CMSIS_DSP/ComplexMathFunctions\arm_cmplx_mult_cmplx_q31.c ****     out1 = mul1 - mul2;
 270              	 .loc 1 198 0
 271 015c CEEB6707 	 rsb r7,lr,r7,asr#1
 272              	.LVL50:
 199:E:/NOVA/Assets/IFX_P2G-HW-SW_V1.0.4/Firmware_Software/DAVE project/P2G_FW/Dave/Generated/CMSIS_DSP/ComplexMathFunctions\arm_cmplx_mult_cmplx_q31.c ****     out2 = mul3 + mul4;
 273              	 .loc 1 199 0
 274 0160 06EB6504 	 add r4,r6,r5,asr#1
 179:E:/NOVA/Assets/IFX_P2G-HW-SW_V1.0.4/Firmware_Software/DAVE project/P2G_FW/Dave/Generated/CMSIS_DSP/ComplexMathFunctions\arm_cmplx_mult_cmplx_q31.c ****   {
 275              	 .loc 1 179 0
 276 0164 013B     	 subs r3,r3,#1
 277              	.LVL51:
 200:E:/NOVA/Assets/IFX_P2G-HW-SW_V1.0.4/Firmware_Software/DAVE project/P2G_FW/Dave/Generated/CMSIS_DSP/ComplexMathFunctions\arm_cmplx_mult_cmplx_q31.c **** 
 201:E:/NOVA/Assets/IFX_P2G-HW-SW_V1.0.4/Firmware_Software/DAVE project/P2G_FW/Dave/Generated/CMSIS_DSP/ComplexMathFunctions\arm_cmplx_mult_cmplx_q31.c ****     /* store the real result in 3.29 format in the destination buffer. */
 202:E:/NOVA/Assets/IFX_P2G-HW-SW_V1.0.4/Firmware_Software/DAVE project/P2G_FW/Dave/Generated/CMSIS_DSP/ComplexMathFunctions\arm_cmplx_mult_cmplx_q31.c ****     *pDst++ = out1;
 278              	 .loc 1 202 0
 279 0166 42F8087C 	 str r7,[r2,#-8]
 280              	.LVL52:
 203:E:/NOVA/Assets/IFX_P2G-HW-SW_V1.0.4/Firmware_Software/DAVE project/P2G_FW/Dave/Generated/CMSIS_DSP/ComplexMathFunctions\arm_cmplx_mult_cmplx_q31.c ****     /* store the imag result in 3.29 format in the destination buffer. */
 204:E:/NOVA/Assets/IFX_P2G-HW-SW_V1.0.4/Firmware_Software/DAVE project/P2G_FW/Dave/Generated/CMSIS_DSP/ComplexMathFunctions\arm_cmplx_mult_cmplx_q31.c ****     *pDst++ = out2;
 281              	 .loc 1 204 0
 282 016a 42F8044C 	 str r4,[r2,#-4]
 283 016e 01F10801 	 add r1,r1,#8
 284 0172 00F10800 	 add r0,r0,#8
 285              	.LVL53:
 286 0176 02F10802 	 add r2,r2,#8
 179:E:/NOVA/Assets/IFX_P2G-HW-SW_V1.0.4/Firmware_Software/DAVE project/P2G_FW/Dave/Generated/CMSIS_DSP/ComplexMathFunctions\arm_cmplx_mult_cmplx_q31.c ****   {
 287              	 .loc 1 179 0
 288 017a DBD1     	 bne .L5
 289              	.LVL54:
 290              	.L1:
 205:E:/NOVA/Assets/IFX_P2G-HW-SW_V1.0.4/Firmware_Software/DAVE project/P2G_FW/Dave/Generated/CMSIS_DSP/ComplexMathFunctions\arm_cmplx_mult_cmplx_q31.c **** 
 206:E:/NOVA/Assets/IFX_P2G-HW-SW_V1.0.4/Firmware_Software/DAVE project/P2G_FW/Dave/Generated/CMSIS_DSP/ComplexMathFunctions\arm_cmplx_mult_cmplx_q31.c ****     /* Decrement the blockSize loop counter */
 207:E:/NOVA/Assets/IFX_P2G-HW-SW_V1.0.4/Firmware_Software/DAVE project/P2G_FW/Dave/Generated/CMSIS_DSP/ComplexMathFunctions\arm_cmplx_mult_cmplx_q31.c ****     blkCnt--;
 208:E:/NOVA/Assets/IFX_P2G-HW-SW_V1.0.4/Firmware_Software/DAVE project/P2G_FW/Dave/Generated/CMSIS_DSP/ComplexMathFunctions\arm_cmplx_mult_cmplx_q31.c ****   }
 209:E:/NOVA/Assets/IFX_P2G-HW-SW_V1.0.4/Firmware_Software/DAVE project/P2G_FW/Dave/Generated/CMSIS_DSP/ComplexMathFunctions\arm_cmplx_mult_cmplx_q31.c **** 
 210:E:/NOVA/Assets/IFX_P2G-HW-SW_V1.0.4/Firmware_Software/DAVE project/P2G_FW/Dave/Generated/CMSIS_DSP/ComplexMathFunctions\arm_cmplx_mult_cmplx_q31.c **** #else
 211:E:/NOVA/Assets/IFX_P2G-HW-SW_V1.0.4/Firmware_Software/DAVE project/P2G_FW/Dave/Generated/CMSIS_DSP/ComplexMathFunctions\arm_cmplx_mult_cmplx_q31.c **** 
 212:E:/NOVA/Assets/IFX_P2G-HW-SW_V1.0.4/Firmware_Software/DAVE project/P2G_FW/Dave/Generated/CMSIS_DSP/ComplexMathFunctions\arm_cmplx_mult_cmplx_q31.c ****   /* Run the below code for Cortex-M0 */
 213:E:/NOVA/Assets/IFX_P2G-HW-SW_V1.0.4/Firmware_Software/DAVE project/P2G_FW/Dave/Generated/CMSIS_DSP/ComplexMathFunctions\arm_cmplx_mult_cmplx_q31.c **** 
 214:E:/NOVA/Assets/IFX_P2G-HW-SW_V1.0.4/Firmware_Software/DAVE project/P2G_FW/Dave/Generated/CMSIS_DSP/ComplexMathFunctions\arm_cmplx_mult_cmplx_q31.c ****   /* loop Unrolling */
 215:E:/NOVA/Assets/IFX_P2G-HW-SW_V1.0.4/Firmware_Software/DAVE project/P2G_FW/Dave/Generated/CMSIS_DSP/ComplexMathFunctions\arm_cmplx_mult_cmplx_q31.c ****   blkCnt = numSamples >> 1u;
 216:E:/NOVA/Assets/IFX_P2G-HW-SW_V1.0.4/Firmware_Software/DAVE project/P2G_FW/Dave/Generated/CMSIS_DSP/ComplexMathFunctions\arm_cmplx_mult_cmplx_q31.c **** 
 217:E:/NOVA/Assets/IFX_P2G-HW-SW_V1.0.4/Firmware_Software/DAVE project/P2G_FW/Dave/Generated/CMSIS_DSP/ComplexMathFunctions\arm_cmplx_mult_cmplx_q31.c ****   /* First part of the processing with loop unrolling.  Compute 2 outputs at a time.
 218:E:/NOVA/Assets/IFX_P2G-HW-SW_V1.0.4/Firmware_Software/DAVE project/P2G_FW/Dave/Generated/CMSIS_DSP/ComplexMathFunctions\arm_cmplx_mult_cmplx_q31.c ****    ** a second loop below computes the remaining 1 sample. */
 219:E:/NOVA/Assets/IFX_P2G-HW-SW_V1.0.4/Firmware_Software/DAVE project/P2G_FW/Dave/Generated/CMSIS_DSP/ComplexMathFunctions\arm_cmplx_mult_cmplx_q31.c ****   while (blkCnt > 0u)
 220:E:/NOVA/Assets/IFX_P2G-HW-SW_V1.0.4/Firmware_Software/DAVE project/P2G_FW/Dave/Generated/CMSIS_DSP/ComplexMathFunctions\arm_cmplx_mult_cmplx_q31.c ****   {
 221:E:/NOVA/Assets/IFX_P2G-HW-SW_V1.0.4/Firmware_Software/DAVE project/P2G_FW/Dave/Generated/CMSIS_DSP/ComplexMathFunctions\arm_cmplx_mult_cmplx_q31.c ****     /* C[2 * i] = A[2 * i] * B[2 * i] - A[2 * i + 1] * B[2 * i + 1].  */
 222:E:/NOVA/Assets/IFX_P2G-HW-SW_V1.0.4/Firmware_Software/DAVE project/P2G_FW/Dave/Generated/CMSIS_DSP/ComplexMathFunctions\arm_cmplx_mult_cmplx_q31.c ****     /* C[2 * i + 1] = A[2 * i] * B[2 * i + 1] + A[2 * i + 1] * B[2 * i].  */
 223:E:/NOVA/Assets/IFX_P2G-HW-SW_V1.0.4/Firmware_Software/DAVE project/P2G_FW/Dave/Generated/CMSIS_DSP/ComplexMathFunctions\arm_cmplx_mult_cmplx_q31.c ****     a = *pSrcA++;
 224:E:/NOVA/Assets/IFX_P2G-HW-SW_V1.0.4/Firmware_Software/DAVE project/P2G_FW/Dave/Generated/CMSIS_DSP/ComplexMathFunctions\arm_cmplx_mult_cmplx_q31.c ****     b = *pSrcA++;
 225:E:/NOVA/Assets/IFX_P2G-HW-SW_V1.0.4/Firmware_Software/DAVE project/P2G_FW/Dave/Generated/CMSIS_DSP/ComplexMathFunctions\arm_cmplx_mult_cmplx_q31.c ****     c = *pSrcB++;
 226:E:/NOVA/Assets/IFX_P2G-HW-SW_V1.0.4/Firmware_Software/DAVE project/P2G_FW/Dave/Generated/CMSIS_DSP/ComplexMathFunctions\arm_cmplx_mult_cmplx_q31.c ****     d = *pSrcB++;
 227:E:/NOVA/Assets/IFX_P2G-HW-SW_V1.0.4/Firmware_Software/DAVE project/P2G_FW/Dave/Generated/CMSIS_DSP/ComplexMathFunctions\arm_cmplx_mult_cmplx_q31.c **** 
 228:E:/NOVA/Assets/IFX_P2G-HW-SW_V1.0.4/Firmware_Software/DAVE project/P2G_FW/Dave/Generated/CMSIS_DSP/ComplexMathFunctions\arm_cmplx_mult_cmplx_q31.c ****     mul1 = (q31_t) (((q63_t) a * c) >> 32);
 229:E:/NOVA/Assets/IFX_P2G-HW-SW_V1.0.4/Firmware_Software/DAVE project/P2G_FW/Dave/Generated/CMSIS_DSP/ComplexMathFunctions\arm_cmplx_mult_cmplx_q31.c ****     mul2 = (q31_t) (((q63_t) b * d) >> 32);
 230:E:/NOVA/Assets/IFX_P2G-HW-SW_V1.0.4/Firmware_Software/DAVE project/P2G_FW/Dave/Generated/CMSIS_DSP/ComplexMathFunctions\arm_cmplx_mult_cmplx_q31.c ****     mul3 = (q31_t) (((q63_t) a * d) >> 32);
 231:E:/NOVA/Assets/IFX_P2G-HW-SW_V1.0.4/Firmware_Software/DAVE project/P2G_FW/Dave/Generated/CMSIS_DSP/ComplexMathFunctions\arm_cmplx_mult_cmplx_q31.c ****     mul4 = (q31_t) (((q63_t) b * c) >> 32);
 232:E:/NOVA/Assets/IFX_P2G-HW-SW_V1.0.4/Firmware_Software/DAVE project/P2G_FW/Dave/Generated/CMSIS_DSP/ComplexMathFunctions\arm_cmplx_mult_cmplx_q31.c **** 
 233:E:/NOVA/Assets/IFX_P2G-HW-SW_V1.0.4/Firmware_Software/DAVE project/P2G_FW/Dave/Generated/CMSIS_DSP/ComplexMathFunctions\arm_cmplx_mult_cmplx_q31.c ****     mul1 = (mul1 >> 1);
 234:E:/NOVA/Assets/IFX_P2G-HW-SW_V1.0.4/Firmware_Software/DAVE project/P2G_FW/Dave/Generated/CMSIS_DSP/ComplexMathFunctions\arm_cmplx_mult_cmplx_q31.c ****     mul2 = (mul2 >> 1);
 235:E:/NOVA/Assets/IFX_P2G-HW-SW_V1.0.4/Firmware_Software/DAVE project/P2G_FW/Dave/Generated/CMSIS_DSP/ComplexMathFunctions\arm_cmplx_mult_cmplx_q31.c ****     mul3 = (mul3 >> 1);
 236:E:/NOVA/Assets/IFX_P2G-HW-SW_V1.0.4/Firmware_Software/DAVE project/P2G_FW/Dave/Generated/CMSIS_DSP/ComplexMathFunctions\arm_cmplx_mult_cmplx_q31.c ****     mul4 = (mul4 >> 1);
 237:E:/NOVA/Assets/IFX_P2G-HW-SW_V1.0.4/Firmware_Software/DAVE project/P2G_FW/Dave/Generated/CMSIS_DSP/ComplexMathFunctions\arm_cmplx_mult_cmplx_q31.c **** 
 238:E:/NOVA/Assets/IFX_P2G-HW-SW_V1.0.4/Firmware_Software/DAVE project/P2G_FW/Dave/Generated/CMSIS_DSP/ComplexMathFunctions\arm_cmplx_mult_cmplx_q31.c ****     out1 = mul1 - mul2;
 239:E:/NOVA/Assets/IFX_P2G-HW-SW_V1.0.4/Firmware_Software/DAVE project/P2G_FW/Dave/Generated/CMSIS_DSP/ComplexMathFunctions\arm_cmplx_mult_cmplx_q31.c ****     out2 = mul3 + mul4;
 240:E:/NOVA/Assets/IFX_P2G-HW-SW_V1.0.4/Firmware_Software/DAVE project/P2G_FW/Dave/Generated/CMSIS_DSP/ComplexMathFunctions\arm_cmplx_mult_cmplx_q31.c **** 
 241:E:/NOVA/Assets/IFX_P2G-HW-SW_V1.0.4/Firmware_Software/DAVE project/P2G_FW/Dave/Generated/CMSIS_DSP/ComplexMathFunctions\arm_cmplx_mult_cmplx_q31.c ****     /* store the real result in 3.29 format in the destination buffer. */
 242:E:/NOVA/Assets/IFX_P2G-HW-SW_V1.0.4/Firmware_Software/DAVE project/P2G_FW/Dave/Generated/CMSIS_DSP/ComplexMathFunctions\arm_cmplx_mult_cmplx_q31.c ****     *pDst++ = out1;
 243:E:/NOVA/Assets/IFX_P2G-HW-SW_V1.0.4/Firmware_Software/DAVE project/P2G_FW/Dave/Generated/CMSIS_DSP/ComplexMathFunctions\arm_cmplx_mult_cmplx_q31.c ****     /* store the imag result in 3.29 format in the destination buffer. */
 244:E:/NOVA/Assets/IFX_P2G-HW-SW_V1.0.4/Firmware_Software/DAVE project/P2G_FW/Dave/Generated/CMSIS_DSP/ComplexMathFunctions\arm_cmplx_mult_cmplx_q31.c ****     *pDst++ = out2;
 245:E:/NOVA/Assets/IFX_P2G-HW-SW_V1.0.4/Firmware_Software/DAVE project/P2G_FW/Dave/Generated/CMSIS_DSP/ComplexMathFunctions\arm_cmplx_mult_cmplx_q31.c **** 
 246:E:/NOVA/Assets/IFX_P2G-HW-SW_V1.0.4/Firmware_Software/DAVE project/P2G_FW/Dave/Generated/CMSIS_DSP/ComplexMathFunctions\arm_cmplx_mult_cmplx_q31.c ****     a = *pSrcA++;
 247:E:/NOVA/Assets/IFX_P2G-HW-SW_V1.0.4/Firmware_Software/DAVE project/P2G_FW/Dave/Generated/CMSIS_DSP/ComplexMathFunctions\arm_cmplx_mult_cmplx_q31.c ****     b = *pSrcA++;
 248:E:/NOVA/Assets/IFX_P2G-HW-SW_V1.0.4/Firmware_Software/DAVE project/P2G_FW/Dave/Generated/CMSIS_DSP/ComplexMathFunctions\arm_cmplx_mult_cmplx_q31.c ****     c = *pSrcB++;
 249:E:/NOVA/Assets/IFX_P2G-HW-SW_V1.0.4/Firmware_Software/DAVE project/P2G_FW/Dave/Generated/CMSIS_DSP/ComplexMathFunctions\arm_cmplx_mult_cmplx_q31.c ****     d = *pSrcB++;
 250:E:/NOVA/Assets/IFX_P2G-HW-SW_V1.0.4/Firmware_Software/DAVE project/P2G_FW/Dave/Generated/CMSIS_DSP/ComplexMathFunctions\arm_cmplx_mult_cmplx_q31.c **** 
 251:E:/NOVA/Assets/IFX_P2G-HW-SW_V1.0.4/Firmware_Software/DAVE project/P2G_FW/Dave/Generated/CMSIS_DSP/ComplexMathFunctions\arm_cmplx_mult_cmplx_q31.c ****     mul1 = (q31_t) (((q63_t) a * c) >> 32);
 252:E:/NOVA/Assets/IFX_P2G-HW-SW_V1.0.4/Firmware_Software/DAVE project/P2G_FW/Dave/Generated/CMSIS_DSP/ComplexMathFunctions\arm_cmplx_mult_cmplx_q31.c ****     mul2 = (q31_t) (((q63_t) b * d) >> 32);
 253:E:/NOVA/Assets/IFX_P2G-HW-SW_V1.0.4/Firmware_Software/DAVE project/P2G_FW/Dave/Generated/CMSIS_DSP/ComplexMathFunctions\arm_cmplx_mult_cmplx_q31.c ****     mul3 = (q31_t) (((q63_t) a * d) >> 32);
 254:E:/NOVA/Assets/IFX_P2G-HW-SW_V1.0.4/Firmware_Software/DAVE project/P2G_FW/Dave/Generated/CMSIS_DSP/ComplexMathFunctions\arm_cmplx_mult_cmplx_q31.c ****     mul4 = (q31_t) (((q63_t) b * c) >> 32);
 255:E:/NOVA/Assets/IFX_P2G-HW-SW_V1.0.4/Firmware_Software/DAVE project/P2G_FW/Dave/Generated/CMSIS_DSP/ComplexMathFunctions\arm_cmplx_mult_cmplx_q31.c **** 
 256:E:/NOVA/Assets/IFX_P2G-HW-SW_V1.0.4/Firmware_Software/DAVE project/P2G_FW/Dave/Generated/CMSIS_DSP/ComplexMathFunctions\arm_cmplx_mult_cmplx_q31.c ****     mul1 = (mul1 >> 1);
 257:E:/NOVA/Assets/IFX_P2G-HW-SW_V1.0.4/Firmware_Software/DAVE project/P2G_FW/Dave/Generated/CMSIS_DSP/ComplexMathFunctions\arm_cmplx_mult_cmplx_q31.c ****     mul2 = (mul2 >> 1);
 258:E:/NOVA/Assets/IFX_P2G-HW-SW_V1.0.4/Firmware_Software/DAVE project/P2G_FW/Dave/Generated/CMSIS_DSP/ComplexMathFunctions\arm_cmplx_mult_cmplx_q31.c ****     mul3 = (mul3 >> 1);
 259:E:/NOVA/Assets/IFX_P2G-HW-SW_V1.0.4/Firmware_Software/DAVE project/P2G_FW/Dave/Generated/CMSIS_DSP/ComplexMathFunctions\arm_cmplx_mult_cmplx_q31.c ****     mul4 = (mul4 >> 1);
 260:E:/NOVA/Assets/IFX_P2G-HW-SW_V1.0.4/Firmware_Software/DAVE project/P2G_FW/Dave/Generated/CMSIS_DSP/ComplexMathFunctions\arm_cmplx_mult_cmplx_q31.c **** 
 261:E:/NOVA/Assets/IFX_P2G-HW-SW_V1.0.4/Firmware_Software/DAVE project/P2G_FW/Dave/Generated/CMSIS_DSP/ComplexMathFunctions\arm_cmplx_mult_cmplx_q31.c ****     out1 = mul1 - mul2;
 262:E:/NOVA/Assets/IFX_P2G-HW-SW_V1.0.4/Firmware_Software/DAVE project/P2G_FW/Dave/Generated/CMSIS_DSP/ComplexMathFunctions\arm_cmplx_mult_cmplx_q31.c ****     out2 = mul3 + mul4;
 263:E:/NOVA/Assets/IFX_P2G-HW-SW_V1.0.4/Firmware_Software/DAVE project/P2G_FW/Dave/Generated/CMSIS_DSP/ComplexMathFunctions\arm_cmplx_mult_cmplx_q31.c **** 
 264:E:/NOVA/Assets/IFX_P2G-HW-SW_V1.0.4/Firmware_Software/DAVE project/P2G_FW/Dave/Generated/CMSIS_DSP/ComplexMathFunctions\arm_cmplx_mult_cmplx_q31.c ****     /* store the real result in 3.29 format in the destination buffer. */
 265:E:/NOVA/Assets/IFX_P2G-HW-SW_V1.0.4/Firmware_Software/DAVE project/P2G_FW/Dave/Generated/CMSIS_DSP/ComplexMathFunctions\arm_cmplx_mult_cmplx_q31.c ****     *pDst++ = out1;
 266:E:/NOVA/Assets/IFX_P2G-HW-SW_V1.0.4/Firmware_Software/DAVE project/P2G_FW/Dave/Generated/CMSIS_DSP/ComplexMathFunctions\arm_cmplx_mult_cmplx_q31.c ****     /* store the imag result in 3.29 format in the destination buffer. */
 267:E:/NOVA/Assets/IFX_P2G-HW-SW_V1.0.4/Firmware_Software/DAVE project/P2G_FW/Dave/Generated/CMSIS_DSP/ComplexMathFunctions\arm_cmplx_mult_cmplx_q31.c ****     *pDst++ = out2;
 268:E:/NOVA/Assets/IFX_P2G-HW-SW_V1.0.4/Firmware_Software/DAVE project/P2G_FW/Dave/Generated/CMSIS_DSP/ComplexMathFunctions\arm_cmplx_mult_cmplx_q31.c **** 
 269:E:/NOVA/Assets/IFX_P2G-HW-SW_V1.0.4/Firmware_Software/DAVE project/P2G_FW/Dave/Generated/CMSIS_DSP/ComplexMathFunctions\arm_cmplx_mult_cmplx_q31.c ****     /* Decrement the blockSize loop counter */
 270:E:/NOVA/Assets/IFX_P2G-HW-SW_V1.0.4/Firmware_Software/DAVE project/P2G_FW/Dave/Generated/CMSIS_DSP/ComplexMathFunctions\arm_cmplx_mult_cmplx_q31.c ****     blkCnt--;
 271:E:/NOVA/Assets/IFX_P2G-HW-SW_V1.0.4/Firmware_Software/DAVE project/P2G_FW/Dave/Generated/CMSIS_DSP/ComplexMathFunctions\arm_cmplx_mult_cmplx_q31.c ****   }
 272:E:/NOVA/Assets/IFX_P2G-HW-SW_V1.0.4/Firmware_Software/DAVE project/P2G_FW/Dave/Generated/CMSIS_DSP/ComplexMathFunctions\arm_cmplx_mult_cmplx_q31.c **** 
 273:E:/NOVA/Assets/IFX_P2G-HW-SW_V1.0.4/Firmware_Software/DAVE project/P2G_FW/Dave/Generated/CMSIS_DSP/ComplexMathFunctions\arm_cmplx_mult_cmplx_q31.c ****   /* If the blockSize is not a multiple of 2, compute any remaining output samples here.
 274:E:/NOVA/Assets/IFX_P2G-HW-SW_V1.0.4/Firmware_Software/DAVE project/P2G_FW/Dave/Generated/CMSIS_DSP/ComplexMathFunctions\arm_cmplx_mult_cmplx_q31.c ****    ** No loop unrolling is used. */
 275:E:/NOVA/Assets/IFX_P2G-HW-SW_V1.0.4/Firmware_Software/DAVE project/P2G_FW/Dave/Generated/CMSIS_DSP/ComplexMathFunctions\arm_cmplx_mult_cmplx_q31.c ****   blkCnt = numSamples % 0x2u;
 276:E:/NOVA/Assets/IFX_P2G-HW-SW_V1.0.4/Firmware_Software/DAVE project/P2G_FW/Dave/Generated/CMSIS_DSP/ComplexMathFunctions\arm_cmplx_mult_cmplx_q31.c **** 
 277:E:/NOVA/Assets/IFX_P2G-HW-SW_V1.0.4/Firmware_Software/DAVE project/P2G_FW/Dave/Generated/CMSIS_DSP/ComplexMathFunctions\arm_cmplx_mult_cmplx_q31.c ****   while (blkCnt > 0u)
 278:E:/NOVA/Assets/IFX_P2G-HW-SW_V1.0.4/Firmware_Software/DAVE project/P2G_FW/Dave/Generated/CMSIS_DSP/ComplexMathFunctions\arm_cmplx_mult_cmplx_q31.c ****   {
 279:E:/NOVA/Assets/IFX_P2G-HW-SW_V1.0.4/Firmware_Software/DAVE project/P2G_FW/Dave/Generated/CMSIS_DSP/ComplexMathFunctions\arm_cmplx_mult_cmplx_q31.c ****     /* C[2 * i] = A[2 * i] * B[2 * i] - A[2 * i + 1] * B[2 * i + 1].  */
 280:E:/NOVA/Assets/IFX_P2G-HW-SW_V1.0.4/Firmware_Software/DAVE project/P2G_FW/Dave/Generated/CMSIS_DSP/ComplexMathFunctions\arm_cmplx_mult_cmplx_q31.c ****     /* C[2 * i + 1] = A[2 * i] * B[2 * i + 1] + A[2 * i + 1] * B[2 * i].  */
 281:E:/NOVA/Assets/IFX_P2G-HW-SW_V1.0.4/Firmware_Software/DAVE project/P2G_FW/Dave/Generated/CMSIS_DSP/ComplexMathFunctions\arm_cmplx_mult_cmplx_q31.c ****     a = *pSrcA++;
 282:E:/NOVA/Assets/IFX_P2G-HW-SW_V1.0.4/Firmware_Software/DAVE project/P2G_FW/Dave/Generated/CMSIS_DSP/ComplexMathFunctions\arm_cmplx_mult_cmplx_q31.c ****     b = *pSrcA++;
 283:E:/NOVA/Assets/IFX_P2G-HW-SW_V1.0.4/Firmware_Software/DAVE project/P2G_FW/Dave/Generated/CMSIS_DSP/ComplexMathFunctions\arm_cmplx_mult_cmplx_q31.c ****     c = *pSrcB++;
 284:E:/NOVA/Assets/IFX_P2G-HW-SW_V1.0.4/Firmware_Software/DAVE project/P2G_FW/Dave/Generated/CMSIS_DSP/ComplexMathFunctions\arm_cmplx_mult_cmplx_q31.c ****     d = *pSrcB++;
 285:E:/NOVA/Assets/IFX_P2G-HW-SW_V1.0.4/Firmware_Software/DAVE project/P2G_FW/Dave/Generated/CMSIS_DSP/ComplexMathFunctions\arm_cmplx_mult_cmplx_q31.c **** 
 286:E:/NOVA/Assets/IFX_P2G-HW-SW_V1.0.4/Firmware_Software/DAVE project/P2G_FW/Dave/Generated/CMSIS_DSP/ComplexMathFunctions\arm_cmplx_mult_cmplx_q31.c ****     mul1 = (q31_t) (((q63_t) a * c) >> 32);
 287:E:/NOVA/Assets/IFX_P2G-HW-SW_V1.0.4/Firmware_Software/DAVE project/P2G_FW/Dave/Generated/CMSIS_DSP/ComplexMathFunctions\arm_cmplx_mult_cmplx_q31.c ****     mul2 = (q31_t) (((q63_t) b * d) >> 32);
 288:E:/NOVA/Assets/IFX_P2G-HW-SW_V1.0.4/Firmware_Software/DAVE project/P2G_FW/Dave/Generated/CMSIS_DSP/ComplexMathFunctions\arm_cmplx_mult_cmplx_q31.c ****     mul3 = (q31_t) (((q63_t) a * d) >> 32);
 289:E:/NOVA/Assets/IFX_P2G-HW-SW_V1.0.4/Firmware_Software/DAVE project/P2G_FW/Dave/Generated/CMSIS_DSP/ComplexMathFunctions\arm_cmplx_mult_cmplx_q31.c ****     mul4 = (q31_t) (((q63_t) b * c) >> 32);
 290:E:/NOVA/Assets/IFX_P2G-HW-SW_V1.0.4/Firmware_Software/DAVE project/P2G_FW/Dave/Generated/CMSIS_DSP/ComplexMathFunctions\arm_cmplx_mult_cmplx_q31.c **** 
 291:E:/NOVA/Assets/IFX_P2G-HW-SW_V1.0.4/Firmware_Software/DAVE project/P2G_FW/Dave/Generated/CMSIS_DSP/ComplexMathFunctions\arm_cmplx_mult_cmplx_q31.c ****     mul1 = (mul1 >> 1);
 292:E:/NOVA/Assets/IFX_P2G-HW-SW_V1.0.4/Firmware_Software/DAVE project/P2G_FW/Dave/Generated/CMSIS_DSP/ComplexMathFunctions\arm_cmplx_mult_cmplx_q31.c ****     mul2 = (mul2 >> 1);
 293:E:/NOVA/Assets/IFX_P2G-HW-SW_V1.0.4/Firmware_Software/DAVE project/P2G_FW/Dave/Generated/CMSIS_DSP/ComplexMathFunctions\arm_cmplx_mult_cmplx_q31.c ****     mul3 = (mul3 >> 1);
 294:E:/NOVA/Assets/IFX_P2G-HW-SW_V1.0.4/Firmware_Software/DAVE project/P2G_FW/Dave/Generated/CMSIS_DSP/ComplexMathFunctions\arm_cmplx_mult_cmplx_q31.c ****     mul4 = (mul4 >> 1);
 295:E:/NOVA/Assets/IFX_P2G-HW-SW_V1.0.4/Firmware_Software/DAVE project/P2G_FW/Dave/Generated/CMSIS_DSP/ComplexMathFunctions\arm_cmplx_mult_cmplx_q31.c **** 
 296:E:/NOVA/Assets/IFX_P2G-HW-SW_V1.0.4/Firmware_Software/DAVE project/P2G_FW/Dave/Generated/CMSIS_DSP/ComplexMathFunctions\arm_cmplx_mult_cmplx_q31.c ****     out1 = mul1 - mul2;
 297:E:/NOVA/Assets/IFX_P2G-HW-SW_V1.0.4/Firmware_Software/DAVE project/P2G_FW/Dave/Generated/CMSIS_DSP/ComplexMathFunctions\arm_cmplx_mult_cmplx_q31.c ****     out2 = mul3 + mul4;
 298:E:/NOVA/Assets/IFX_P2G-HW-SW_V1.0.4/Firmware_Software/DAVE project/P2G_FW/Dave/Generated/CMSIS_DSP/ComplexMathFunctions\arm_cmplx_mult_cmplx_q31.c **** 
 299:E:/NOVA/Assets/IFX_P2G-HW-SW_V1.0.4/Firmware_Software/DAVE project/P2G_FW/Dave/Generated/CMSIS_DSP/ComplexMathFunctions\arm_cmplx_mult_cmplx_q31.c ****     /* store the real result in 3.29 format in the destination buffer. */
 300:E:/NOVA/Assets/IFX_P2G-HW-SW_V1.0.4/Firmware_Software/DAVE project/P2G_FW/Dave/Generated/CMSIS_DSP/ComplexMathFunctions\arm_cmplx_mult_cmplx_q31.c ****     *pDst++ = out1;
 301:E:/NOVA/Assets/IFX_P2G-HW-SW_V1.0.4/Firmware_Software/DAVE project/P2G_FW/Dave/Generated/CMSIS_DSP/ComplexMathFunctions\arm_cmplx_mult_cmplx_q31.c ****     /* store the imag result in 3.29 format in the destination buffer. */
 302:E:/NOVA/Assets/IFX_P2G-HW-SW_V1.0.4/Firmware_Software/DAVE project/P2G_FW/Dave/Generated/CMSIS_DSP/ComplexMathFunctions\arm_cmplx_mult_cmplx_q31.c ****     *pDst++ = out2;
 303:E:/NOVA/Assets/IFX_P2G-HW-SW_V1.0.4/Firmware_Software/DAVE project/P2G_FW/Dave/Generated/CMSIS_DSP/ComplexMathFunctions\arm_cmplx_mult_cmplx_q31.c **** 
 304:E:/NOVA/Assets/IFX_P2G-HW-SW_V1.0.4/Firmware_Software/DAVE project/P2G_FW/Dave/Generated/CMSIS_DSP/ComplexMathFunctions\arm_cmplx_mult_cmplx_q31.c ****     /* Decrement the blockSize loop counter */
 305:E:/NOVA/Assets/IFX_P2G-HW-SW_V1.0.4/Firmware_Software/DAVE project/P2G_FW/Dave/Generated/CMSIS_DSP/ComplexMathFunctions\arm_cmplx_mult_cmplx_q31.c ****     blkCnt--;
 306:E:/NOVA/Assets/IFX_P2G-HW-SW_V1.0.4/Firmware_Software/DAVE project/P2G_FW/Dave/Generated/CMSIS_DSP/ComplexMathFunctions\arm_cmplx_mult_cmplx_q31.c ****   }
 307:E:/NOVA/Assets/IFX_P2G-HW-SW_V1.0.4/Firmware_Software/DAVE project/P2G_FW/Dave/Generated/CMSIS_DSP/ComplexMathFunctions\arm_cmplx_mult_cmplx_q31.c **** 
 308:E:/NOVA/Assets/IFX_P2G-HW-SW_V1.0.4/Firmware_Software/DAVE project/P2G_FW/Dave/Generated/CMSIS_DSP/ComplexMathFunctions\arm_cmplx_mult_cmplx_q31.c **** #endif /* #if defined (ARM_MATH_DSP) */
 309:E:/NOVA/Assets/IFX_P2G-HW-SW_V1.0.4/Firmware_Software/DAVE project/P2G_FW/Dave/Generated/CMSIS_DSP/ComplexMathFunctions\arm_cmplx_mult_cmplx_q31.c **** 
 310:E:/NOVA/Assets/IFX_P2G-HW-SW_V1.0.4/Firmware_Software/DAVE project/P2G_FW/Dave/Generated/CMSIS_DSP/ComplexMathFunctions\arm_cmplx_mult_cmplx_q31.c **** }
 291              	 .loc 1 310 0
 292 017c 05B0     	 add sp,sp,#20
 293              	.LCFI2:
 294              	 .cfi_def_cfa_offset 36
 295              	 
 296 017e BDE8F08F 	 pop {r4,r5,r6,r7,r8,r9,r10,fp,pc}
 297              	 .cfi_endproc
 298              	.LFE135:
 300 0182 00BF     	 .text
 301              	.Letext0:
 302              	 .file 2 "c:\\infineon\\tools\\dave ide\\4.5.0.202105191637\\eclipse\\arm-gcc-49\\arm-none-eabi\\include\\machine\\_default_types.h"
 303              	 .file 3 "c:\\infineon\\tools\\dave ide\\4.5.0.202105191637\\eclipse\\arm-gcc-49\\arm-none-eabi\\include\\stdint.h"
 304              	 .file 4 "E:/NOVA/Assets/IFX_P2G-HW-SW_V1.0.4/Firmware_Software/DAVE project/P2G_FW/Dave/Generated/CMSIS_DSP/arm_math.h"
DEFINED SYMBOLS
                            *ABS*:00000000 arm_cmplx_mult_cmplx_q31.c
    {standard input}:20     .text.arm_cmplx_mult_cmplx_q31:00000000 $t
    {standard input}:25     .text.arm_cmplx_mult_cmplx_q31:00000000 arm_cmplx_mult_cmplx_q31
                     .debug_frame:00000010 $d

NO UNDEFINED SYMBOLS
