   1              	 .syntax unified
   2              	 .cpu cortex-m4
   3              	 .eabi_attribute 27,3
   4              	 .fpu fpv4-sp-d16
   5              	 .eabi_attribute 20,1
   6              	 .eabi_attribute 21,1
   7              	 .eabi_attribute 23,3
   8              	 .eabi_attribute 24,1
   9              	 .eabi_attribute 25,1
  10              	 .eabi_attribute 26,1
  11              	 .eabi_attribute 30,2
  12              	 .eabi_attribute 34,1
  13              	 .eabi_attribute 18,4
  14              	 .thumb
  15              	 .file "main.c"
  16              	 .text
  17              	.Ltext0:
  18              	 .cfi_sections .debug_frame
  19              	 .section .text.startup.main,"ax",%progbits
  20              	 .align 2
  21              	 .global main
  22              	 .thumb
  23              	 .thumb_func
  25              	main:
  26              	.LFB470:
  27              	 .file 1 "../main.c"
   1:../main.c     **** /**
   2:../main.c     ****     @file: main.c
   3:../main.c     **** 
   4:../main.c     ****     @brief: This application runs on demo Position2Go board with BGT24MTR12 and XMC4700 MCU.
   5:../main.c     ****             It consists on radar raw data extraction application.
   6:../main.c     **** */
   7:../main.c     **** 
   8:../main.c     **** /* ===========================================================================
   9:../main.c     **** ** Copyright (C) 2018-2019 Infineon Technologies AG
  10:../main.c     **** ** All rights reserved.
  11:../main.c     **** ** ===========================================================================
  12:../main.c     **** **
  13:../main.c     **** ** ===========================================================================
  14:../main.c     **** ** This document contains proprietary information of Infineon Technologies AG.
  15:../main.c     **** ** Passing on and copying of this document, and communication of its contents
  16:../main.c     **** ** is not permitted without Infineon's prior written authorization.
  17:../main.c     **** ** ===========================================================================
  18:../main.c     **** */
  19:../main.c     **** 
  20:../main.c     **** /*
  21:../main.c     **** ==============================================================================
  22:../main.c     ****    1. INCLUDE FILES
  23:../main.c     **** ==============================================================================
  24:../main.c     ****  */
  25:../main.c     **** 
  26:../main.c     **** #include "application.h"
  27:../main.c     **** 
  28:../main.c     **** /*
  29:../main.c     **** ==============================================================================
  30:../main.c     ****    2. MAIN METHOD
  31:../main.c     **** ==============================================================================
  32:../main.c     ****  */
  33:../main.c     **** 
  34:../main.c     **** int main(void)
  35:../main.c     **** {
  28              	 .loc 1 35 0
  29              	 .cfi_startproc
  30              	 
  31              	 
  32 0000 08B5     	 push {r3,lr}
  33              	.LCFI0:
  34              	 .cfi_def_cfa_offset 8
  35              	 .cfi_offset 3,-8
  36              	 .cfi_offset 14,-4
  36:../main.c     ****   DAVE_STATUS_t status;
  37:../main.c     ****   
  38:../main.c     ****   /* Initialize DAVE APPs */
  39:../main.c     ****   status = DAVE_Init();
  37              	 .loc 1 39 0
  38 0002 FFF7FEFF 	 bl DAVE_Init
  39              	.LVL0:
  40:../main.c     ****   
  41:../main.c     ****   if(status != DAVE_STATUS_SUCCESS)
  40              	 .loc 1 41 0
  41 0006 00B1     	 cbz r0,.L2
  42              	.L5:
  42:../main.c     ****   {
  43:../main.c     ****     /* Placeholder for error handler code.
  44:../main.c     ****      * The while loop below can be replaced with an user error handler. */
  45:../main.c     ****     XMC_DEBUG("DAVE APPs initialization failed\n");
  46:../main.c     ****     while(1U);
  43              	 .loc 1 46 0 discriminator 1
  44 0008 FEE7     	 b .L5
  45              	.L2:
  47:../main.c     ****   }
  48:../main.c     ****   
  49:../main.c     ****   /* Register algorithm processing function:
  50:../main.c     ****    * Set the algorithm processing function pointer, it will
  51:../main.c     ****    * be used by the application for algorithm data processing */
  52:../main.c     ****   app_register_algo_process(NULL);
  46              	 .loc 1 52 0
  47 000a FFF7FEFF 	 bl app_register_algo_process
  48              	.LVL1:
  53:../main.c     ****   
  54:../main.c     ****   /* Initialize the application */
  55:../main.c     ****   app_init();
  49              	 .loc 1 55 0
  50 000e FFF7FEFF 	 bl app_init
  51              	.LVL2:
  52              	.L4:
  56:../main.c     ****   
  57:../main.c     ****   /* Infinite loop */
  58:../main.c     ****   while(1U)
  59:../main.c     ****   {
  60:../main.c     ****     /* Main application process */
  61:../main.c     ****     app_process();
  53              	 .loc 1 61 0 discriminator 1
  54 0012 FFF7FEFF 	 bl app_process
  55              	.LVL3:
  62:../main.c     ****   }
  56              	 .loc 1 62 0 discriminator 1
  57 0016 FCE7     	 b .L4
  58              	 .cfi_endproc
  59              	.LFE470:
  61              	 .section .text.acq_completed_cb,"ax",%progbits
  62              	 .align 2
  63              	 .global acq_completed_cb
  64              	 .thumb
  65              	 .thumb_func
  67              	acq_completed_cb:
  68              	.LFB471:
  63:../main.c     **** }
  64:../main.c     **** 
  65:../main.c     **** /*
  66:../main.c     **** ==============================================================================
  67:../main.c     ****    3. USER CALLBACK FUNCTIONS
  68:../main.c     **** ==============================================================================
  69:../main.c     ****  */
  70:../main.c     **** 
  71:../main.c     **** void acq_completed_cb(void)
  72:../main.c     **** {
  69              	 .loc 1 72 0
  70              	 .cfi_startproc
  71              	 
  72              	 
  73              	 
  74 0000 7047     	 bx lr
  75              	 .cfi_endproc
  76              	.LFE471:
  78 0002 00BF     	 .section .text.algo_completed_cb,"ax",%progbits
  79              	 .align 2
  80              	 .global algo_completed_cb
  81              	 .thumb
  82              	 .thumb_func
  84              	algo_completed_cb:
  85              	.LFB472:
  73:../main.c     ****  /*
  74:../main.c     ****   * The following code shows an example of how to access raw data buffer.
  75:../main.c     ****   */
  76:../main.c     **** 
  77:../main.c     ****   /*
  78:../main.c     ****   acq_buf_obj *p_acq_buf 	= ds_get_active_acq_buf();
  79:../main.c     ****   uint8_t *raw_data 		= p_acq_buf->p_acq_buf;
  80:../main.c     ****   uint32_t raw_data_size 	= p_acq_buf->used_size_of_acq_buffer;
  81:../main.c     ****   
  82:../main.c     ****   -- Add your code here --
  83:../main.c     ****   
  84:../main.c     ****   */
  85:../main.c     **** }
  86:../main.c     **** 
  87:../main.c     **** void algo_completed_cb(void)
  88:../main.c     **** {
  86              	 .loc 1 88 0
  87              	 .cfi_startproc
  88              	 
  89              	 
  90              	 
  91 0000 7047     	 bx lr
  92              	 .cfi_endproc
  93              	.LFE472:
  95 0002 00BF     	 .text
  96              	.Letext0:
  97              	 .file 2 "c:\\infineon\\tools\\dave ide\\4.5.0.202105191637\\eclipse\\arm-gcc-49\\lib\\gcc\\arm-none-eabi\\4.9.3\\include\\stddef.h"
  98              	 .file 3 "c:\\infineon\\tools\\dave ide\\4.5.0.202105191637\\eclipse\\arm-gcc-49\\arm-none-eabi\\include\\machine\\_default_types.h"
  99              	 .file 4 "c:\\infineon\\tools\\dave ide\\4.5.0.202105191637\\eclipse\\arm-gcc-49\\arm-none-eabi\\include\\stdint.h"
 100              	 .file 5 "E:/NOVA/Assets/IFX_P2G-HW-SW_V1.0.4/Firmware_Software/DAVE project/P2G_FW/Libraries/CMSIS/Infineon/XMC4700_series/Include/XMC4700.h"
 101              	 .file 6 "E:/NOVA/Assets/IFX_P2G-HW-SW_V1.0.4/Firmware_Software/DAVE project/P2G_FW/Libraries/XMCLib/inc/xmc_vadc.h"
 102              	 .file 7 "E:/NOVA/Assets/IFX_P2G-HW-SW_V1.0.4/Firmware_Software/DAVE project/P2G_FW/Libraries/XMCLib/inc/xmc_usbd_regs.h"
 103              	 .file 8 "E:/NOVA/Assets/IFX_P2G-HW-SW_V1.0.4/Firmware_Software/DAVE project/P2G_FW/Libraries/XMCLib/inc/xmc_usbd.h"
 104              	 .file 9 "E:/NOVA/Assets/IFX_P2G-HW-SW_V1.0.4/Firmware_Software/DAVE project/P2G_FW/Dave/Generated/USBD/usbd.h"
 105              	 .file 10 "E:/NOVA/Assets/IFX_P2G-HW-SW_V1.0.4/Firmware_Software/DAVE project/P2G_FW/Dave/Generated/DAVE.h"
 106              	 .file 11 "E:/NOVA/Assets/IFX_P2G-HW-SW_V1.0.4/Firmware_Software/DAVE project/P2G_FW/Radar_Control/inc/acq_buffer.h"
 107              	 .file 12 "E:/NOVA/Assets/IFX_P2G-HW-SW_V1.0.4/Firmware_Software/DAVE project/P2G_FW/Store/inc/datastore.h"
 108              	 .file 13 "E:/NOVA/Assets/IFX_P2G-HW-SW_V1.0.4/Firmware_Software/DAVE project/P2G_FW/Radar_Control/inc/radar_control.h"
 109              	 .file 14 "E:/NOVA/Assets/IFX_P2G-HW-SW_V1.0.4/Firmware_Software/DAVE project/P2G_FW/Libraries/CMSIS/Include/core_cm4.h"
 110              	 .file 15 "E:/NOVA/Assets/IFX_P2G-HW-SW_V1.0.4/Firmware_Software/DAVE project/P2G_FW/Libraries/CMSIS/Infineon/XMC4700_series/Include/system_XMC4700.h"
 111              	 .file 16 "E:/NOVA/Assets/IFX_P2G-HW-SW_V1.0.4/Firmware_Software/DAVE project/P2G_FW/Dave/Generated/ADC_MEASUREMENT_ADV/adc_measurement_adv.h"
 112              	 .file 17 "E:/NOVA/Assets/IFX_P2G-HW-SW_V1.0.4/Firmware_Software/DAVE project/P2G_FW/Dave/Generated/USBD/usbd_extern.h"
 113              	 .file 18 "E:/NOVA/Assets/IFX_P2G-HW-SW_V1.0.4/Firmware_Software/DAVE project/P2G_FW/Application/inc/application.h"
DEFINED SYMBOLS
                            *ABS*:00000000 main.c
    {standard input}:20     .text.startup.main:00000000 $t
    {standard input}:25     .text.startup.main:00000000 main
    {standard input}:62     .text.acq_completed_cb:00000000 $t
    {standard input}:67     .text.acq_completed_cb:00000000 acq_completed_cb
    {standard input}:79     .text.algo_completed_cb:00000000 $t
    {standard input}:84     .text.algo_completed_cb:00000000 algo_completed_cb
                     .debug_frame:00000010 $d

UNDEFINED SYMBOLS
DAVE_Init
app_register_algo_process
app_init
app_process
