   1              	 .syntax unified
   2              	 .cpu cortex-m4
   3              	 .eabi_attribute 27,3
   4              	 .fpu fpv4-sp-d16
   5              	 .eabi_attribute 20,1
   6              	 .eabi_attribute 21,1
   7              	 .eabi_attribute 23,3
   8              	 .eabi_attribute 24,1
   9              	 .eabi_attribute 25,1
  10              	 .eabi_attribute 26,1
  11              	 .eabi_attribute 30,2
  12              	 .eabi_attribute 34,1
  13              	 .eabi_attribute 18,4
  14              	 .thumb
  15              	 .file "arm_copy_f32.c"
  16              	 .text
  17              	.Ltext0:
  18              	 .cfi_sections .debug_frame
  19              	 .section .text.arm_copy_f32,"ax",%progbits
  20              	 .align 2
  21              	 .global arm_copy_f32
  22              	 .thumb
  23              	 .thumb_func
  25              	arm_copy_f32:
  26              	.LFB135:
  27              	 .file 1 "E:/NOVA/Assets/IFX_P2G-HW-SW_V1.0.4/Firmware_Software/DAVE project/P2G_FW/Dave/Generated/CMSIS_DSP/SupportFunctions/arm_copy_f32.c"
   1:E:/NOVA/Assets/IFX_P2G-HW-SW_V1.0.4/Firmware_Software/DAVE project/P2G_FW/Dave/Generated/CMSIS_DSP/SupportFunctions\arm_copy_f32.c **** /* ----------------------------------------------------------------------
   2:E:/NOVA/Assets/IFX_P2G-HW-SW_V1.0.4/Firmware_Software/DAVE project/P2G_FW/Dave/Generated/CMSIS_DSP/SupportFunctions\arm_copy_f32.c ****  * Project:      CMSIS DSP Library
   3:E:/NOVA/Assets/IFX_P2G-HW-SW_V1.0.4/Firmware_Software/DAVE project/P2G_FW/Dave/Generated/CMSIS_DSP/SupportFunctions\arm_copy_f32.c ****  * Title:        arm_copy_f32.c
   4:E:/NOVA/Assets/IFX_P2G-HW-SW_V1.0.4/Firmware_Software/DAVE project/P2G_FW/Dave/Generated/CMSIS_DSP/SupportFunctions\arm_copy_f32.c ****  * Description:  Copies the elements of a floating-point vector
   5:E:/NOVA/Assets/IFX_P2G-HW-SW_V1.0.4/Firmware_Software/DAVE project/P2G_FW/Dave/Generated/CMSIS_DSP/SupportFunctions\arm_copy_f32.c ****  *
   6:E:/NOVA/Assets/IFX_P2G-HW-SW_V1.0.4/Firmware_Software/DAVE project/P2G_FW/Dave/Generated/CMSIS_DSP/SupportFunctions\arm_copy_f32.c ****  * $Date:        27. January 2017
   7:E:/NOVA/Assets/IFX_P2G-HW-SW_V1.0.4/Firmware_Software/DAVE project/P2G_FW/Dave/Generated/CMSIS_DSP/SupportFunctions\arm_copy_f32.c ****  * $Revision:    V.1.5.1
   8:E:/NOVA/Assets/IFX_P2G-HW-SW_V1.0.4/Firmware_Software/DAVE project/P2G_FW/Dave/Generated/CMSIS_DSP/SupportFunctions\arm_copy_f32.c ****  *
   9:E:/NOVA/Assets/IFX_P2G-HW-SW_V1.0.4/Firmware_Software/DAVE project/P2G_FW/Dave/Generated/CMSIS_DSP/SupportFunctions\arm_copy_f32.c ****  * Target Processor: Cortex-M cores
  10:E:/NOVA/Assets/IFX_P2G-HW-SW_V1.0.4/Firmware_Software/DAVE project/P2G_FW/Dave/Generated/CMSIS_DSP/SupportFunctions\arm_copy_f32.c ****  * -------------------------------------------------------------------- */
  11:E:/NOVA/Assets/IFX_P2G-HW-SW_V1.0.4/Firmware_Software/DAVE project/P2G_FW/Dave/Generated/CMSIS_DSP/SupportFunctions\arm_copy_f32.c **** /*
  12:E:/NOVA/Assets/IFX_P2G-HW-SW_V1.0.4/Firmware_Software/DAVE project/P2G_FW/Dave/Generated/CMSIS_DSP/SupportFunctions\arm_copy_f32.c ****  * Copyright (C) 2010-2017 ARM Limited or its affiliates. All rights reserved.
  13:E:/NOVA/Assets/IFX_P2G-HW-SW_V1.0.4/Firmware_Software/DAVE project/P2G_FW/Dave/Generated/CMSIS_DSP/SupportFunctions\arm_copy_f32.c ****  *
  14:E:/NOVA/Assets/IFX_P2G-HW-SW_V1.0.4/Firmware_Software/DAVE project/P2G_FW/Dave/Generated/CMSIS_DSP/SupportFunctions\arm_copy_f32.c ****  * SPDX-License-Identifier: Apache-2.0
  15:E:/NOVA/Assets/IFX_P2G-HW-SW_V1.0.4/Firmware_Software/DAVE project/P2G_FW/Dave/Generated/CMSIS_DSP/SupportFunctions\arm_copy_f32.c ****  *
  16:E:/NOVA/Assets/IFX_P2G-HW-SW_V1.0.4/Firmware_Software/DAVE project/P2G_FW/Dave/Generated/CMSIS_DSP/SupportFunctions\arm_copy_f32.c ****  * Licensed under the Apache License, Version 2.0 (the License); you may
  17:E:/NOVA/Assets/IFX_P2G-HW-SW_V1.0.4/Firmware_Software/DAVE project/P2G_FW/Dave/Generated/CMSIS_DSP/SupportFunctions\arm_copy_f32.c ****  * not use this file except in compliance with the License.
  18:E:/NOVA/Assets/IFX_P2G-HW-SW_V1.0.4/Firmware_Software/DAVE project/P2G_FW/Dave/Generated/CMSIS_DSP/SupportFunctions\arm_copy_f32.c ****  * You may obtain a copy of the License at
  19:E:/NOVA/Assets/IFX_P2G-HW-SW_V1.0.4/Firmware_Software/DAVE project/P2G_FW/Dave/Generated/CMSIS_DSP/SupportFunctions\arm_copy_f32.c ****  *
  20:E:/NOVA/Assets/IFX_P2G-HW-SW_V1.0.4/Firmware_Software/DAVE project/P2G_FW/Dave/Generated/CMSIS_DSP/SupportFunctions\arm_copy_f32.c ****  * www.apache.org/licenses/LICENSE-2.0
  21:E:/NOVA/Assets/IFX_P2G-HW-SW_V1.0.4/Firmware_Software/DAVE project/P2G_FW/Dave/Generated/CMSIS_DSP/SupportFunctions\arm_copy_f32.c ****  *
  22:E:/NOVA/Assets/IFX_P2G-HW-SW_V1.0.4/Firmware_Software/DAVE project/P2G_FW/Dave/Generated/CMSIS_DSP/SupportFunctions\arm_copy_f32.c ****  * Unless required by applicable law or agreed to in writing, software
  23:E:/NOVA/Assets/IFX_P2G-HW-SW_V1.0.4/Firmware_Software/DAVE project/P2G_FW/Dave/Generated/CMSIS_DSP/SupportFunctions\arm_copy_f32.c ****  * distributed under the License is distributed on an AS IS BASIS, WITHOUT
  24:E:/NOVA/Assets/IFX_P2G-HW-SW_V1.0.4/Firmware_Software/DAVE project/P2G_FW/Dave/Generated/CMSIS_DSP/SupportFunctions\arm_copy_f32.c ****  * WARRANTIES OR CONDITIONS OF ANY KIND, either express or implied.
  25:E:/NOVA/Assets/IFX_P2G-HW-SW_V1.0.4/Firmware_Software/DAVE project/P2G_FW/Dave/Generated/CMSIS_DSP/SupportFunctions\arm_copy_f32.c ****  * See the License for the specific language governing permissions and
  26:E:/NOVA/Assets/IFX_P2G-HW-SW_V1.0.4/Firmware_Software/DAVE project/P2G_FW/Dave/Generated/CMSIS_DSP/SupportFunctions\arm_copy_f32.c ****  * limitations under the License.
  27:E:/NOVA/Assets/IFX_P2G-HW-SW_V1.0.4/Firmware_Software/DAVE project/P2G_FW/Dave/Generated/CMSIS_DSP/SupportFunctions\arm_copy_f32.c ****  */
  28:E:/NOVA/Assets/IFX_P2G-HW-SW_V1.0.4/Firmware_Software/DAVE project/P2G_FW/Dave/Generated/CMSIS_DSP/SupportFunctions\arm_copy_f32.c **** 
  29:E:/NOVA/Assets/IFX_P2G-HW-SW_V1.0.4/Firmware_Software/DAVE project/P2G_FW/Dave/Generated/CMSIS_DSP/SupportFunctions\arm_copy_f32.c **** #include "CMSIS_DSP/cmsis_dsp.h"
  30:E:/NOVA/Assets/IFX_P2G-HW-SW_V1.0.4/Firmware_Software/DAVE project/P2G_FW/Dave/Generated/CMSIS_DSP/SupportFunctions\arm_copy_f32.c **** 
  31:E:/NOVA/Assets/IFX_P2G-HW-SW_V1.0.4/Firmware_Software/DAVE project/P2G_FW/Dave/Generated/CMSIS_DSP/SupportFunctions\arm_copy_f32.c **** /**
  32:E:/NOVA/Assets/IFX_P2G-HW-SW_V1.0.4/Firmware_Software/DAVE project/P2G_FW/Dave/Generated/CMSIS_DSP/SupportFunctions\arm_copy_f32.c ****  * @ingroup groupSupport
  33:E:/NOVA/Assets/IFX_P2G-HW-SW_V1.0.4/Firmware_Software/DAVE project/P2G_FW/Dave/Generated/CMSIS_DSP/SupportFunctions\arm_copy_f32.c ****  */
  34:E:/NOVA/Assets/IFX_P2G-HW-SW_V1.0.4/Firmware_Software/DAVE project/P2G_FW/Dave/Generated/CMSIS_DSP/SupportFunctions\arm_copy_f32.c **** 
  35:E:/NOVA/Assets/IFX_P2G-HW-SW_V1.0.4/Firmware_Software/DAVE project/P2G_FW/Dave/Generated/CMSIS_DSP/SupportFunctions\arm_copy_f32.c **** /**
  36:E:/NOVA/Assets/IFX_P2G-HW-SW_V1.0.4/Firmware_Software/DAVE project/P2G_FW/Dave/Generated/CMSIS_DSP/SupportFunctions\arm_copy_f32.c ****  * @defgroup copy Vector Copy
  37:E:/NOVA/Assets/IFX_P2G-HW-SW_V1.0.4/Firmware_Software/DAVE project/P2G_FW/Dave/Generated/CMSIS_DSP/SupportFunctions\arm_copy_f32.c ****  *
  38:E:/NOVA/Assets/IFX_P2G-HW-SW_V1.0.4/Firmware_Software/DAVE project/P2G_FW/Dave/Generated/CMSIS_DSP/SupportFunctions\arm_copy_f32.c ****  * Copies sample by sample from source vector to destination vector.
  39:E:/NOVA/Assets/IFX_P2G-HW-SW_V1.0.4/Firmware_Software/DAVE project/P2G_FW/Dave/Generated/CMSIS_DSP/SupportFunctions\arm_copy_f32.c ****  *
  40:E:/NOVA/Assets/IFX_P2G-HW-SW_V1.0.4/Firmware_Software/DAVE project/P2G_FW/Dave/Generated/CMSIS_DSP/SupportFunctions\arm_copy_f32.c ****  * <pre>
  41:E:/NOVA/Assets/IFX_P2G-HW-SW_V1.0.4/Firmware_Software/DAVE project/P2G_FW/Dave/Generated/CMSIS_DSP/SupportFunctions\arm_copy_f32.c ****  * 	pDst[n] = pSrc[n];   0 <= n < blockSize.
  42:E:/NOVA/Assets/IFX_P2G-HW-SW_V1.0.4/Firmware_Software/DAVE project/P2G_FW/Dave/Generated/CMSIS_DSP/SupportFunctions\arm_copy_f32.c ****  * </pre>
  43:E:/NOVA/Assets/IFX_P2G-HW-SW_V1.0.4/Firmware_Software/DAVE project/P2G_FW/Dave/Generated/CMSIS_DSP/SupportFunctions\arm_copy_f32.c ****  *
  44:E:/NOVA/Assets/IFX_P2G-HW-SW_V1.0.4/Firmware_Software/DAVE project/P2G_FW/Dave/Generated/CMSIS_DSP/SupportFunctions\arm_copy_f32.c ****  * There are separate functions for floating point, Q31, Q15, and Q7 data types.
  45:E:/NOVA/Assets/IFX_P2G-HW-SW_V1.0.4/Firmware_Software/DAVE project/P2G_FW/Dave/Generated/CMSIS_DSP/SupportFunctions\arm_copy_f32.c ****  */
  46:E:/NOVA/Assets/IFX_P2G-HW-SW_V1.0.4/Firmware_Software/DAVE project/P2G_FW/Dave/Generated/CMSIS_DSP/SupportFunctions\arm_copy_f32.c **** 
  47:E:/NOVA/Assets/IFX_P2G-HW-SW_V1.0.4/Firmware_Software/DAVE project/P2G_FW/Dave/Generated/CMSIS_DSP/SupportFunctions\arm_copy_f32.c **** /**
  48:E:/NOVA/Assets/IFX_P2G-HW-SW_V1.0.4/Firmware_Software/DAVE project/P2G_FW/Dave/Generated/CMSIS_DSP/SupportFunctions\arm_copy_f32.c ****  * @addtogroup copy
  49:E:/NOVA/Assets/IFX_P2G-HW-SW_V1.0.4/Firmware_Software/DAVE project/P2G_FW/Dave/Generated/CMSIS_DSP/SupportFunctions\arm_copy_f32.c ****  * @{
  50:E:/NOVA/Assets/IFX_P2G-HW-SW_V1.0.4/Firmware_Software/DAVE project/P2G_FW/Dave/Generated/CMSIS_DSP/SupportFunctions\arm_copy_f32.c ****  */
  51:E:/NOVA/Assets/IFX_P2G-HW-SW_V1.0.4/Firmware_Software/DAVE project/P2G_FW/Dave/Generated/CMSIS_DSP/SupportFunctions\arm_copy_f32.c **** 
  52:E:/NOVA/Assets/IFX_P2G-HW-SW_V1.0.4/Firmware_Software/DAVE project/P2G_FW/Dave/Generated/CMSIS_DSP/SupportFunctions\arm_copy_f32.c **** /**
  53:E:/NOVA/Assets/IFX_P2G-HW-SW_V1.0.4/Firmware_Software/DAVE project/P2G_FW/Dave/Generated/CMSIS_DSP/SupportFunctions\arm_copy_f32.c ****  * @brief Copies the elements of a floating-point vector.
  54:E:/NOVA/Assets/IFX_P2G-HW-SW_V1.0.4/Firmware_Software/DAVE project/P2G_FW/Dave/Generated/CMSIS_DSP/SupportFunctions\arm_copy_f32.c ****  * @param[in]       *pSrc points to input vector
  55:E:/NOVA/Assets/IFX_P2G-HW-SW_V1.0.4/Firmware_Software/DAVE project/P2G_FW/Dave/Generated/CMSIS_DSP/SupportFunctions\arm_copy_f32.c ****  * @param[out]      *pDst points to output vector
  56:E:/NOVA/Assets/IFX_P2G-HW-SW_V1.0.4/Firmware_Software/DAVE project/P2G_FW/Dave/Generated/CMSIS_DSP/SupportFunctions\arm_copy_f32.c ****  * @param[in]       blockSize length of the input vector
  57:E:/NOVA/Assets/IFX_P2G-HW-SW_V1.0.4/Firmware_Software/DAVE project/P2G_FW/Dave/Generated/CMSIS_DSP/SupportFunctions\arm_copy_f32.c ****  * @return none.
  58:E:/NOVA/Assets/IFX_P2G-HW-SW_V1.0.4/Firmware_Software/DAVE project/P2G_FW/Dave/Generated/CMSIS_DSP/SupportFunctions\arm_copy_f32.c ****  *
  59:E:/NOVA/Assets/IFX_P2G-HW-SW_V1.0.4/Firmware_Software/DAVE project/P2G_FW/Dave/Generated/CMSIS_DSP/SupportFunctions\arm_copy_f32.c ****  */
  60:E:/NOVA/Assets/IFX_P2G-HW-SW_V1.0.4/Firmware_Software/DAVE project/P2G_FW/Dave/Generated/CMSIS_DSP/SupportFunctions\arm_copy_f32.c **** 
  61:E:/NOVA/Assets/IFX_P2G-HW-SW_V1.0.4/Firmware_Software/DAVE project/P2G_FW/Dave/Generated/CMSIS_DSP/SupportFunctions\arm_copy_f32.c **** 
  62:E:/NOVA/Assets/IFX_P2G-HW-SW_V1.0.4/Firmware_Software/DAVE project/P2G_FW/Dave/Generated/CMSIS_DSP/SupportFunctions\arm_copy_f32.c **** void arm_copy_f32(
  63:E:/NOVA/Assets/IFX_P2G-HW-SW_V1.0.4/Firmware_Software/DAVE project/P2G_FW/Dave/Generated/CMSIS_DSP/SupportFunctions\arm_copy_f32.c ****   float32_t * pSrc,
  64:E:/NOVA/Assets/IFX_P2G-HW-SW_V1.0.4/Firmware_Software/DAVE project/P2G_FW/Dave/Generated/CMSIS_DSP/SupportFunctions\arm_copy_f32.c ****   float32_t * pDst,
  65:E:/NOVA/Assets/IFX_P2G-HW-SW_V1.0.4/Firmware_Software/DAVE project/P2G_FW/Dave/Generated/CMSIS_DSP/SupportFunctions\arm_copy_f32.c ****   uint32_t blockSize)
  66:E:/NOVA/Assets/IFX_P2G-HW-SW_V1.0.4/Firmware_Software/DAVE project/P2G_FW/Dave/Generated/CMSIS_DSP/SupportFunctions\arm_copy_f32.c **** {
  28              	 .loc 1 66 0
  29              	 .cfi_startproc
  30              	 
  31              	 
  32              	.LVL0:
  33 0000 2DE9F041 	 push {r4,r5,r6,r7,r8,lr}
  34              	.LCFI0:
  35              	 .cfi_def_cfa_offset 24
  36              	 .cfi_offset 4,-24
  37              	 .cfi_offset 5,-20
  38              	 .cfi_offset 6,-16
  39              	 .cfi_offset 7,-12
  40              	 .cfi_offset 8,-8
  41              	 .cfi_offset 14,-4
  67:E:/NOVA/Assets/IFX_P2G-HW-SW_V1.0.4/Firmware_Software/DAVE project/P2G_FW/Dave/Generated/CMSIS_DSP/SupportFunctions\arm_copy_f32.c ****   uint32_t blkCnt;                               /* loop counter */
  68:E:/NOVA/Assets/IFX_P2G-HW-SW_V1.0.4/Firmware_Software/DAVE project/P2G_FW/Dave/Generated/CMSIS_DSP/SupportFunctions\arm_copy_f32.c **** 
  69:E:/NOVA/Assets/IFX_P2G-HW-SW_V1.0.4/Firmware_Software/DAVE project/P2G_FW/Dave/Generated/CMSIS_DSP/SupportFunctions\arm_copy_f32.c **** #if defined (ARM_MATH_DSP)
  70:E:/NOVA/Assets/IFX_P2G-HW-SW_V1.0.4/Firmware_Software/DAVE project/P2G_FW/Dave/Generated/CMSIS_DSP/SupportFunctions\arm_copy_f32.c **** 
  71:E:/NOVA/Assets/IFX_P2G-HW-SW_V1.0.4/Firmware_Software/DAVE project/P2G_FW/Dave/Generated/CMSIS_DSP/SupportFunctions\arm_copy_f32.c ****   /* Run the below code for Cortex-M4 and Cortex-M3 */
  72:E:/NOVA/Assets/IFX_P2G-HW-SW_V1.0.4/Firmware_Software/DAVE project/P2G_FW/Dave/Generated/CMSIS_DSP/SupportFunctions\arm_copy_f32.c ****   float32_t in1, in2, in3, in4;
  73:E:/NOVA/Assets/IFX_P2G-HW-SW_V1.0.4/Firmware_Software/DAVE project/P2G_FW/Dave/Generated/CMSIS_DSP/SupportFunctions\arm_copy_f32.c **** 
  74:E:/NOVA/Assets/IFX_P2G-HW-SW_V1.0.4/Firmware_Software/DAVE project/P2G_FW/Dave/Generated/CMSIS_DSP/SupportFunctions\arm_copy_f32.c ****   /*loop Unrolling */
  75:E:/NOVA/Assets/IFX_P2G-HW-SW_V1.0.4/Firmware_Software/DAVE project/P2G_FW/Dave/Generated/CMSIS_DSP/SupportFunctions\arm_copy_f32.c ****   blkCnt = blockSize >> 2u;
  76:E:/NOVA/Assets/IFX_P2G-HW-SW_V1.0.4/Firmware_Software/DAVE project/P2G_FW/Dave/Generated/CMSIS_DSP/SupportFunctions\arm_copy_f32.c **** 
  77:E:/NOVA/Assets/IFX_P2G-HW-SW_V1.0.4/Firmware_Software/DAVE project/P2G_FW/Dave/Generated/CMSIS_DSP/SupportFunctions\arm_copy_f32.c ****   /* First part of the processing with loop unrolling.  Compute 4 outputs at a time.
  78:E:/NOVA/Assets/IFX_P2G-HW-SW_V1.0.4/Firmware_Software/DAVE project/P2G_FW/Dave/Generated/CMSIS_DSP/SupportFunctions\arm_copy_f32.c ****    ** a second loop below computes the remaining 1 to 3 samples. */
  79:E:/NOVA/Assets/IFX_P2G-HW-SW_V1.0.4/Firmware_Software/DAVE project/P2G_FW/Dave/Generated/CMSIS_DSP/SupportFunctions\arm_copy_f32.c ****   while (blkCnt > 0u)
  42              	 .loc 1 79 0
  43 0004 5FEA9208 	 lsrs r8,r2,#2
  44              	.LVL1:
  45 0008 1ED0     	 beq .L2
  46 000a 00F11004 	 add r4,r0,#16
  47 000e 01F11003 	 add r3,r1,#16
  48 0012 4546     	 mov r5,r8
  49              	.LVL2:
  50              	.L3:
  80:E:/NOVA/Assets/IFX_P2G-HW-SW_V1.0.4/Firmware_Software/DAVE project/P2G_FW/Dave/Generated/CMSIS_DSP/SupportFunctions\arm_copy_f32.c ****   {
  81:E:/NOVA/Assets/IFX_P2G-HW-SW_V1.0.4/Firmware_Software/DAVE project/P2G_FW/Dave/Generated/CMSIS_DSP/SupportFunctions\arm_copy_f32.c ****     /* C = A */
  82:E:/NOVA/Assets/IFX_P2G-HW-SW_V1.0.4/Firmware_Software/DAVE project/P2G_FW/Dave/Generated/CMSIS_DSP/SupportFunctions\arm_copy_f32.c ****     /* Copy and then store the results in the destination buffer */
  83:E:/NOVA/Assets/IFX_P2G-HW-SW_V1.0.4/Firmware_Software/DAVE project/P2G_FW/Dave/Generated/CMSIS_DSP/SupportFunctions\arm_copy_f32.c ****     in1 = *pSrc++;
  51              	 .loc 1 83 0
  52 0014 54F810CC 	 ldr ip,[r4,#-16]
  53              	.LVL3:
  84:E:/NOVA/Assets/IFX_P2G-HW-SW_V1.0.4/Firmware_Software/DAVE project/P2G_FW/Dave/Generated/CMSIS_DSP/SupportFunctions\arm_copy_f32.c ****     in2 = *pSrc++;
  54              	 .loc 1 84 0
  55 0018 54F80CEC 	 ldr lr,[r4,#-12]
  56              	.LVL4:
  85:E:/NOVA/Assets/IFX_P2G-HW-SW_V1.0.4/Firmware_Software/DAVE project/P2G_FW/Dave/Generated/CMSIS_DSP/SupportFunctions\arm_copy_f32.c ****     in3 = *pSrc++;
  57              	 .loc 1 85 0
  58 001c 54F8087C 	 ldr r7,[r4,#-8]
  59              	.LVL5:
  86:E:/NOVA/Assets/IFX_P2G-HW-SW_V1.0.4/Firmware_Software/DAVE project/P2G_FW/Dave/Generated/CMSIS_DSP/SupportFunctions\arm_copy_f32.c ****     in4 = *pSrc++;
  60              	 .loc 1 86 0
  61 0020 54F8046C 	 ldr r6,[r4,#-4]
  62              	.LVL6:
  87:E:/NOVA/Assets/IFX_P2G-HW-SW_V1.0.4/Firmware_Software/DAVE project/P2G_FW/Dave/Generated/CMSIS_DSP/SupportFunctions\arm_copy_f32.c **** 
  88:E:/NOVA/Assets/IFX_P2G-HW-SW_V1.0.4/Firmware_Software/DAVE project/P2G_FW/Dave/Generated/CMSIS_DSP/SupportFunctions\arm_copy_f32.c ****     *pDst++ = in1;
  89:E:/NOVA/Assets/IFX_P2G-HW-SW_V1.0.4/Firmware_Software/DAVE project/P2G_FW/Dave/Generated/CMSIS_DSP/SupportFunctions\arm_copy_f32.c ****     *pDst++ = in2;
  90:E:/NOVA/Assets/IFX_P2G-HW-SW_V1.0.4/Firmware_Software/DAVE project/P2G_FW/Dave/Generated/CMSIS_DSP/SupportFunctions\arm_copy_f32.c ****     *pDst++ = in3;
  91:E:/NOVA/Assets/IFX_P2G-HW-SW_V1.0.4/Firmware_Software/DAVE project/P2G_FW/Dave/Generated/CMSIS_DSP/SupportFunctions\arm_copy_f32.c ****     *pDst++ = in4;
  63              	 .loc 1 91 0
  64 0024 43F8046C 	 str r6,[r3,#-4]
  79:E:/NOVA/Assets/IFX_P2G-HW-SW_V1.0.4/Firmware_Software/DAVE project/P2G_FW/Dave/Generated/CMSIS_DSP/SupportFunctions\arm_copy_f32.c ****   {
  65              	 .loc 1 79 0
  66 0028 013D     	 subs r5,r5,#1
  67              	.LVL7:
  88:E:/NOVA/Assets/IFX_P2G-HW-SW_V1.0.4/Firmware_Software/DAVE project/P2G_FW/Dave/Generated/CMSIS_DSP/SupportFunctions\arm_copy_f32.c ****     *pDst++ = in2;
  68              	 .loc 1 88 0
  69 002a 43F810CC 	 str ip,[r3,#-16]
  89:E:/NOVA/Assets/IFX_P2G-HW-SW_V1.0.4/Firmware_Software/DAVE project/P2G_FW/Dave/Generated/CMSIS_DSP/SupportFunctions\arm_copy_f32.c ****     *pDst++ = in3;
  70              	 .loc 1 89 0
  71 002e 43F80CEC 	 str lr,[r3,#-12]
  90:E:/NOVA/Assets/IFX_P2G-HW-SW_V1.0.4/Firmware_Software/DAVE project/P2G_FW/Dave/Generated/CMSIS_DSP/SupportFunctions\arm_copy_f32.c ****     *pDst++ = in4;
  72              	 .loc 1 90 0
  73 0032 43F8087C 	 str r7,[r3,#-8]
  74              	.LVL8:
  75 0036 04F11004 	 add r4,r4,#16
  76              	.LVL9:
  77 003a 03F11003 	 add r3,r3,#16
  79:E:/NOVA/Assets/IFX_P2G-HW-SW_V1.0.4/Firmware_Software/DAVE project/P2G_FW/Dave/Generated/CMSIS_DSP/SupportFunctions\arm_copy_f32.c ****   {
  78              	 .loc 1 79 0
  79 003e E9D1     	 bne .L3
  80 0040 4FEA0818 	 lsl r8,r8,#4
  81 0044 4044     	 add r0,r0,r8
  82 0046 4144     	 add r1,r1,r8
  83              	.LVL10:
  84              	.L2:
  92:E:/NOVA/Assets/IFX_P2G-HW-SW_V1.0.4/Firmware_Software/DAVE project/P2G_FW/Dave/Generated/CMSIS_DSP/SupportFunctions\arm_copy_f32.c **** 
  93:E:/NOVA/Assets/IFX_P2G-HW-SW_V1.0.4/Firmware_Software/DAVE project/P2G_FW/Dave/Generated/CMSIS_DSP/SupportFunctions\arm_copy_f32.c ****     /* Decrement the loop counter */
  94:E:/NOVA/Assets/IFX_P2G-HW-SW_V1.0.4/Firmware_Software/DAVE project/P2G_FW/Dave/Generated/CMSIS_DSP/SupportFunctions\arm_copy_f32.c ****     blkCnt--;
  95:E:/NOVA/Assets/IFX_P2G-HW-SW_V1.0.4/Firmware_Software/DAVE project/P2G_FW/Dave/Generated/CMSIS_DSP/SupportFunctions\arm_copy_f32.c ****   }
  96:E:/NOVA/Assets/IFX_P2G-HW-SW_V1.0.4/Firmware_Software/DAVE project/P2G_FW/Dave/Generated/CMSIS_DSP/SupportFunctions\arm_copy_f32.c **** 
  97:E:/NOVA/Assets/IFX_P2G-HW-SW_V1.0.4/Firmware_Software/DAVE project/P2G_FW/Dave/Generated/CMSIS_DSP/SupportFunctions\arm_copy_f32.c ****   /* If the blockSize is not a multiple of 4, compute any remaining output samples here.
  98:E:/NOVA/Assets/IFX_P2G-HW-SW_V1.0.4/Firmware_Software/DAVE project/P2G_FW/Dave/Generated/CMSIS_DSP/SupportFunctions\arm_copy_f32.c ****    ** No loop unrolling is used. */
  99:E:/NOVA/Assets/IFX_P2G-HW-SW_V1.0.4/Firmware_Software/DAVE project/P2G_FW/Dave/Generated/CMSIS_DSP/SupportFunctions\arm_copy_f32.c ****   blkCnt = blockSize % 0x4u;
 100:E:/NOVA/Assets/IFX_P2G-HW-SW_V1.0.4/Firmware_Software/DAVE project/P2G_FW/Dave/Generated/CMSIS_DSP/SupportFunctions\arm_copy_f32.c **** 
 101:E:/NOVA/Assets/IFX_P2G-HW-SW_V1.0.4/Firmware_Software/DAVE project/P2G_FW/Dave/Generated/CMSIS_DSP/SupportFunctions\arm_copy_f32.c **** #else
 102:E:/NOVA/Assets/IFX_P2G-HW-SW_V1.0.4/Firmware_Software/DAVE project/P2G_FW/Dave/Generated/CMSIS_DSP/SupportFunctions\arm_copy_f32.c **** 
 103:E:/NOVA/Assets/IFX_P2G-HW-SW_V1.0.4/Firmware_Software/DAVE project/P2G_FW/Dave/Generated/CMSIS_DSP/SupportFunctions\arm_copy_f32.c ****   /* Run the below code for Cortex-M0 */
 104:E:/NOVA/Assets/IFX_P2G-HW-SW_V1.0.4/Firmware_Software/DAVE project/P2G_FW/Dave/Generated/CMSIS_DSP/SupportFunctions\arm_copy_f32.c **** 
 105:E:/NOVA/Assets/IFX_P2G-HW-SW_V1.0.4/Firmware_Software/DAVE project/P2G_FW/Dave/Generated/CMSIS_DSP/SupportFunctions\arm_copy_f32.c ****   /* Loop over blockSize number of values */
 106:E:/NOVA/Assets/IFX_P2G-HW-SW_V1.0.4/Firmware_Software/DAVE project/P2G_FW/Dave/Generated/CMSIS_DSP/SupportFunctions\arm_copy_f32.c ****   blkCnt = blockSize;
 107:E:/NOVA/Assets/IFX_P2G-HW-SW_V1.0.4/Firmware_Software/DAVE project/P2G_FW/Dave/Generated/CMSIS_DSP/SupportFunctions\arm_copy_f32.c **** 
 108:E:/NOVA/Assets/IFX_P2G-HW-SW_V1.0.4/Firmware_Software/DAVE project/P2G_FW/Dave/Generated/CMSIS_DSP/SupportFunctions\arm_copy_f32.c **** #endif /* #if defined (ARM_MATH_DSP) */
 109:E:/NOVA/Assets/IFX_P2G-HW-SW_V1.0.4/Firmware_Software/DAVE project/P2G_FW/Dave/Generated/CMSIS_DSP/SupportFunctions\arm_copy_f32.c **** 
 110:E:/NOVA/Assets/IFX_P2G-HW-SW_V1.0.4/Firmware_Software/DAVE project/P2G_FW/Dave/Generated/CMSIS_DSP/SupportFunctions\arm_copy_f32.c ****   while (blkCnt > 0u)
  85              	 .loc 1 110 0
  86 0048 12F00302 	 ands r2,r2,#3
  87              	.LVL11:
  88 004c 05D0     	 beq .L1
  89              	.LVL12:
  90              	.L5:
 111:E:/NOVA/Assets/IFX_P2G-HW-SW_V1.0.4/Firmware_Software/DAVE project/P2G_FW/Dave/Generated/CMSIS_DSP/SupportFunctions\arm_copy_f32.c ****   {
 112:E:/NOVA/Assets/IFX_P2G-HW-SW_V1.0.4/Firmware_Software/DAVE project/P2G_FW/Dave/Generated/CMSIS_DSP/SupportFunctions\arm_copy_f32.c ****     /* C = A */
 113:E:/NOVA/Assets/IFX_P2G-HW-SW_V1.0.4/Firmware_Software/DAVE project/P2G_FW/Dave/Generated/CMSIS_DSP/SupportFunctions\arm_copy_f32.c ****     /* Copy and then store the results in the destination buffer */
 114:E:/NOVA/Assets/IFX_P2G-HW-SW_V1.0.4/Firmware_Software/DAVE project/P2G_FW/Dave/Generated/CMSIS_DSP/SupportFunctions\arm_copy_f32.c ****     *pDst++ = *pSrc++;
  91              	 .loc 1 114 0
  92 004e 50F8043B 	 ldr r3,[r0],#4
  93              	.LVL13:
  94 0052 41F8043B 	 str r3,[r1],#4
 110:E:/NOVA/Assets/IFX_P2G-HW-SW_V1.0.4/Firmware_Software/DAVE project/P2G_FW/Dave/Generated/CMSIS_DSP/SupportFunctions\arm_copy_f32.c ****   {
  95              	 .loc 1 110 0
  96 0056 013A     	 subs r2,r2,#1
  97              	.LVL14:
  98 0058 F9D1     	 bne .L5
  99              	.L1:
 100 005a BDE8F081 	 pop {r4,r5,r6,r7,r8,pc}
 101              	 .cfi_endproc
 102              	.LFE135:
 104 005e 00BF     	 .text
 105              	.Letext0:
 106              	 .file 2 "c:\\infineon\\tools\\dave ide\\4.5.0.202105191637\\eclipse\\arm-gcc-49\\arm-none-eabi\\include\\machine\\_default_types.h"
 107              	 .file 3 "c:\\infineon\\tools\\dave ide\\4.5.0.202105191637\\eclipse\\arm-gcc-49\\arm-none-eabi\\include\\stdint.h"
 108              	 .file 4 "E:/NOVA/Assets/IFX_P2G-HW-SW_V1.0.4/Firmware_Software/DAVE project/P2G_FW/Dave/Generated/CMSIS_DSP/arm_math.h"
DEFINED SYMBOLS
                            *ABS*:00000000 arm_copy_f32.c
    {standard input}:20     .text.arm_copy_f32:00000000 $t
    {standard input}:25     .text.arm_copy_f32:00000000 arm_copy_f32
                     .debug_frame:00000010 $d

NO UNDEFINED SYMBOLS
