   1              	 .syntax unified
   2              	 .cpu cortex-m4
   3              	 .eabi_attribute 27,3
   4              	 .fpu fpv4-sp-d16
   5              	 .eabi_attribute 20,1
   6              	 .eabi_attribute 21,1
   7              	 .eabi_attribute 23,3
   8              	 .eabi_attribute 24,1
   9              	 .eabi_attribute 25,1
  10              	 .eabi_attribute 26,1
  11              	 .eabi_attribute 30,2
  12              	 .eabi_attribute 34,1
  13              	 .eabi_attribute 18,4
  14              	 .thumb
  15              	 .file "arm_q31_to_float.c"
  16              	 .text
  17              	.Ltext0:
  18              	 .cfi_sections .debug_frame
  19              	 .section .text.arm_q31_to_float,"ax",%progbits
  20              	 .align 2
  21              	 .global arm_q31_to_float
  22              	 .thumb
  23              	 .thumb_func
  25              	arm_q31_to_float:
  26              	.LFB135:
  27              	 .file 1 "E:/NOVA/Assets/IFX_P2G-HW-SW_V1.0.4/Firmware_Software/DAVE project/P2G_FW/Dave/Generated/CMSIS_DSP/SupportFunctions/arm_q31_to_float.c"
   1:E:/NOVA/Assets/IFX_P2G-HW-SW_V1.0.4/Firmware_Software/DAVE project/P2G_FW/Dave/Generated/CMSIS_DSP/SupportFunctions\arm_q31_to_float.c **** /* ----------------------------------------------------------------------
   2:E:/NOVA/Assets/IFX_P2G-HW-SW_V1.0.4/Firmware_Software/DAVE project/P2G_FW/Dave/Generated/CMSIS_DSP/SupportFunctions\arm_q31_to_float.c ****  * Project:      CMSIS DSP Library
   3:E:/NOVA/Assets/IFX_P2G-HW-SW_V1.0.4/Firmware_Software/DAVE project/P2G_FW/Dave/Generated/CMSIS_DSP/SupportFunctions\arm_q31_to_float.c ****  * Title:        arm_q31_to_float.c
   4:E:/NOVA/Assets/IFX_P2G-HW-SW_V1.0.4/Firmware_Software/DAVE project/P2G_FW/Dave/Generated/CMSIS_DSP/SupportFunctions\arm_q31_to_float.c ****  * Description:  Converts the elements of the Q31 vector to floating-point vector
   5:E:/NOVA/Assets/IFX_P2G-HW-SW_V1.0.4/Firmware_Software/DAVE project/P2G_FW/Dave/Generated/CMSIS_DSP/SupportFunctions\arm_q31_to_float.c ****  *
   6:E:/NOVA/Assets/IFX_P2G-HW-SW_V1.0.4/Firmware_Software/DAVE project/P2G_FW/Dave/Generated/CMSIS_DSP/SupportFunctions\arm_q31_to_float.c ****  * $Date:        27. January 2017
   7:E:/NOVA/Assets/IFX_P2G-HW-SW_V1.0.4/Firmware_Software/DAVE project/P2G_FW/Dave/Generated/CMSIS_DSP/SupportFunctions\arm_q31_to_float.c ****  * $Revision:    V.1.5.1
   8:E:/NOVA/Assets/IFX_P2G-HW-SW_V1.0.4/Firmware_Software/DAVE project/P2G_FW/Dave/Generated/CMSIS_DSP/SupportFunctions\arm_q31_to_float.c ****  *
   9:E:/NOVA/Assets/IFX_P2G-HW-SW_V1.0.4/Firmware_Software/DAVE project/P2G_FW/Dave/Generated/CMSIS_DSP/SupportFunctions\arm_q31_to_float.c ****  * Target Processor: Cortex-M cores
  10:E:/NOVA/Assets/IFX_P2G-HW-SW_V1.0.4/Firmware_Software/DAVE project/P2G_FW/Dave/Generated/CMSIS_DSP/SupportFunctions\arm_q31_to_float.c ****  * -------------------------------------------------------------------- */
  11:E:/NOVA/Assets/IFX_P2G-HW-SW_V1.0.4/Firmware_Software/DAVE project/P2G_FW/Dave/Generated/CMSIS_DSP/SupportFunctions\arm_q31_to_float.c **** /*
  12:E:/NOVA/Assets/IFX_P2G-HW-SW_V1.0.4/Firmware_Software/DAVE project/P2G_FW/Dave/Generated/CMSIS_DSP/SupportFunctions\arm_q31_to_float.c ****  * Copyright (C) 2010-2017 ARM Limited or its affiliates. All rights reserved.
  13:E:/NOVA/Assets/IFX_P2G-HW-SW_V1.0.4/Firmware_Software/DAVE project/P2G_FW/Dave/Generated/CMSIS_DSP/SupportFunctions\arm_q31_to_float.c ****  *
  14:E:/NOVA/Assets/IFX_P2G-HW-SW_V1.0.4/Firmware_Software/DAVE project/P2G_FW/Dave/Generated/CMSIS_DSP/SupportFunctions\arm_q31_to_float.c ****  * SPDX-License-Identifier: Apache-2.0
  15:E:/NOVA/Assets/IFX_P2G-HW-SW_V1.0.4/Firmware_Software/DAVE project/P2G_FW/Dave/Generated/CMSIS_DSP/SupportFunctions\arm_q31_to_float.c ****  *
  16:E:/NOVA/Assets/IFX_P2G-HW-SW_V1.0.4/Firmware_Software/DAVE project/P2G_FW/Dave/Generated/CMSIS_DSP/SupportFunctions\arm_q31_to_float.c ****  * Licensed under the Apache License, Version 2.0 (the License); you may
  17:E:/NOVA/Assets/IFX_P2G-HW-SW_V1.0.4/Firmware_Software/DAVE project/P2G_FW/Dave/Generated/CMSIS_DSP/SupportFunctions\arm_q31_to_float.c ****  * not use this file except in compliance with the License.
  18:E:/NOVA/Assets/IFX_P2G-HW-SW_V1.0.4/Firmware_Software/DAVE project/P2G_FW/Dave/Generated/CMSIS_DSP/SupportFunctions\arm_q31_to_float.c ****  * You may obtain a copy of the License at
  19:E:/NOVA/Assets/IFX_P2G-HW-SW_V1.0.4/Firmware_Software/DAVE project/P2G_FW/Dave/Generated/CMSIS_DSP/SupportFunctions\arm_q31_to_float.c ****  *
  20:E:/NOVA/Assets/IFX_P2G-HW-SW_V1.0.4/Firmware_Software/DAVE project/P2G_FW/Dave/Generated/CMSIS_DSP/SupportFunctions\arm_q31_to_float.c ****  * www.apache.org/licenses/LICENSE-2.0
  21:E:/NOVA/Assets/IFX_P2G-HW-SW_V1.0.4/Firmware_Software/DAVE project/P2G_FW/Dave/Generated/CMSIS_DSP/SupportFunctions\arm_q31_to_float.c ****  *
  22:E:/NOVA/Assets/IFX_P2G-HW-SW_V1.0.4/Firmware_Software/DAVE project/P2G_FW/Dave/Generated/CMSIS_DSP/SupportFunctions\arm_q31_to_float.c ****  * Unless required by applicable law or agreed to in writing, software
  23:E:/NOVA/Assets/IFX_P2G-HW-SW_V1.0.4/Firmware_Software/DAVE project/P2G_FW/Dave/Generated/CMSIS_DSP/SupportFunctions\arm_q31_to_float.c ****  * distributed under the License is distributed on an AS IS BASIS, WITHOUT
  24:E:/NOVA/Assets/IFX_P2G-HW-SW_V1.0.4/Firmware_Software/DAVE project/P2G_FW/Dave/Generated/CMSIS_DSP/SupportFunctions\arm_q31_to_float.c ****  * WARRANTIES OR CONDITIONS OF ANY KIND, either express or implied.
  25:E:/NOVA/Assets/IFX_P2G-HW-SW_V1.0.4/Firmware_Software/DAVE project/P2G_FW/Dave/Generated/CMSIS_DSP/SupportFunctions\arm_q31_to_float.c ****  * See the License for the specific language governing permissions and
  26:E:/NOVA/Assets/IFX_P2G-HW-SW_V1.0.4/Firmware_Software/DAVE project/P2G_FW/Dave/Generated/CMSIS_DSP/SupportFunctions\arm_q31_to_float.c ****  * limitations under the License.
  27:E:/NOVA/Assets/IFX_P2G-HW-SW_V1.0.4/Firmware_Software/DAVE project/P2G_FW/Dave/Generated/CMSIS_DSP/SupportFunctions\arm_q31_to_float.c ****  */
  28:E:/NOVA/Assets/IFX_P2G-HW-SW_V1.0.4/Firmware_Software/DAVE project/P2G_FW/Dave/Generated/CMSIS_DSP/SupportFunctions\arm_q31_to_float.c **** 
  29:E:/NOVA/Assets/IFX_P2G-HW-SW_V1.0.4/Firmware_Software/DAVE project/P2G_FW/Dave/Generated/CMSIS_DSP/SupportFunctions\arm_q31_to_float.c **** #include "CMSIS_DSP/cmsis_dsp.h"
  30:E:/NOVA/Assets/IFX_P2G-HW-SW_V1.0.4/Firmware_Software/DAVE project/P2G_FW/Dave/Generated/CMSIS_DSP/SupportFunctions\arm_q31_to_float.c **** 
  31:E:/NOVA/Assets/IFX_P2G-HW-SW_V1.0.4/Firmware_Software/DAVE project/P2G_FW/Dave/Generated/CMSIS_DSP/SupportFunctions\arm_q31_to_float.c **** /**
  32:E:/NOVA/Assets/IFX_P2G-HW-SW_V1.0.4/Firmware_Software/DAVE project/P2G_FW/Dave/Generated/CMSIS_DSP/SupportFunctions\arm_q31_to_float.c ****  * @ingroup groupSupport
  33:E:/NOVA/Assets/IFX_P2G-HW-SW_V1.0.4/Firmware_Software/DAVE project/P2G_FW/Dave/Generated/CMSIS_DSP/SupportFunctions\arm_q31_to_float.c ****  */
  34:E:/NOVA/Assets/IFX_P2G-HW-SW_V1.0.4/Firmware_Software/DAVE project/P2G_FW/Dave/Generated/CMSIS_DSP/SupportFunctions\arm_q31_to_float.c **** 
  35:E:/NOVA/Assets/IFX_P2G-HW-SW_V1.0.4/Firmware_Software/DAVE project/P2G_FW/Dave/Generated/CMSIS_DSP/SupportFunctions\arm_q31_to_float.c **** /**
  36:E:/NOVA/Assets/IFX_P2G-HW-SW_V1.0.4/Firmware_Software/DAVE project/P2G_FW/Dave/Generated/CMSIS_DSP/SupportFunctions\arm_q31_to_float.c ****  * @defgroup q31_to_x  Convert 32-bit Integer value
  37:E:/NOVA/Assets/IFX_P2G-HW-SW_V1.0.4/Firmware_Software/DAVE project/P2G_FW/Dave/Generated/CMSIS_DSP/SupportFunctions\arm_q31_to_float.c ****  */
  38:E:/NOVA/Assets/IFX_P2G-HW-SW_V1.0.4/Firmware_Software/DAVE project/P2G_FW/Dave/Generated/CMSIS_DSP/SupportFunctions\arm_q31_to_float.c **** 
  39:E:/NOVA/Assets/IFX_P2G-HW-SW_V1.0.4/Firmware_Software/DAVE project/P2G_FW/Dave/Generated/CMSIS_DSP/SupportFunctions\arm_q31_to_float.c **** /**
  40:E:/NOVA/Assets/IFX_P2G-HW-SW_V1.0.4/Firmware_Software/DAVE project/P2G_FW/Dave/Generated/CMSIS_DSP/SupportFunctions\arm_q31_to_float.c ****  * @addtogroup q31_to_x
  41:E:/NOVA/Assets/IFX_P2G-HW-SW_V1.0.4/Firmware_Software/DAVE project/P2G_FW/Dave/Generated/CMSIS_DSP/SupportFunctions\arm_q31_to_float.c ****  * @{
  42:E:/NOVA/Assets/IFX_P2G-HW-SW_V1.0.4/Firmware_Software/DAVE project/P2G_FW/Dave/Generated/CMSIS_DSP/SupportFunctions\arm_q31_to_float.c ****  */
  43:E:/NOVA/Assets/IFX_P2G-HW-SW_V1.0.4/Firmware_Software/DAVE project/P2G_FW/Dave/Generated/CMSIS_DSP/SupportFunctions\arm_q31_to_float.c **** 
  44:E:/NOVA/Assets/IFX_P2G-HW-SW_V1.0.4/Firmware_Software/DAVE project/P2G_FW/Dave/Generated/CMSIS_DSP/SupportFunctions\arm_q31_to_float.c **** /**
  45:E:/NOVA/Assets/IFX_P2G-HW-SW_V1.0.4/Firmware_Software/DAVE project/P2G_FW/Dave/Generated/CMSIS_DSP/SupportFunctions\arm_q31_to_float.c ****  * @brief Converts the elements of the Q31 vector to floating-point vector.
  46:E:/NOVA/Assets/IFX_P2G-HW-SW_V1.0.4/Firmware_Software/DAVE project/P2G_FW/Dave/Generated/CMSIS_DSP/SupportFunctions\arm_q31_to_float.c ****  * @param[in]       *pSrc points to the Q31 input vector
  47:E:/NOVA/Assets/IFX_P2G-HW-SW_V1.0.4/Firmware_Software/DAVE project/P2G_FW/Dave/Generated/CMSIS_DSP/SupportFunctions\arm_q31_to_float.c ****  * @param[out]      *pDst points to the floating-point output vector
  48:E:/NOVA/Assets/IFX_P2G-HW-SW_V1.0.4/Firmware_Software/DAVE project/P2G_FW/Dave/Generated/CMSIS_DSP/SupportFunctions\arm_q31_to_float.c ****  * @param[in]       blockSize length of the input vector
  49:E:/NOVA/Assets/IFX_P2G-HW-SW_V1.0.4/Firmware_Software/DAVE project/P2G_FW/Dave/Generated/CMSIS_DSP/SupportFunctions\arm_q31_to_float.c ****  * @return none.
  50:E:/NOVA/Assets/IFX_P2G-HW-SW_V1.0.4/Firmware_Software/DAVE project/P2G_FW/Dave/Generated/CMSIS_DSP/SupportFunctions\arm_q31_to_float.c ****  *
  51:E:/NOVA/Assets/IFX_P2G-HW-SW_V1.0.4/Firmware_Software/DAVE project/P2G_FW/Dave/Generated/CMSIS_DSP/SupportFunctions\arm_q31_to_float.c ****  * \par Description:
  52:E:/NOVA/Assets/IFX_P2G-HW-SW_V1.0.4/Firmware_Software/DAVE project/P2G_FW/Dave/Generated/CMSIS_DSP/SupportFunctions\arm_q31_to_float.c ****  *
  53:E:/NOVA/Assets/IFX_P2G-HW-SW_V1.0.4/Firmware_Software/DAVE project/P2G_FW/Dave/Generated/CMSIS_DSP/SupportFunctions\arm_q31_to_float.c ****  * The equation used for the conversion process is:
  54:E:/NOVA/Assets/IFX_P2G-HW-SW_V1.0.4/Firmware_Software/DAVE project/P2G_FW/Dave/Generated/CMSIS_DSP/SupportFunctions\arm_q31_to_float.c ****  *
  55:E:/NOVA/Assets/IFX_P2G-HW-SW_V1.0.4/Firmware_Software/DAVE project/P2G_FW/Dave/Generated/CMSIS_DSP/SupportFunctions\arm_q31_to_float.c ****  * <pre>
  56:E:/NOVA/Assets/IFX_P2G-HW-SW_V1.0.4/Firmware_Software/DAVE project/P2G_FW/Dave/Generated/CMSIS_DSP/SupportFunctions\arm_q31_to_float.c ****  * 	pDst[n] = (float32_t) pSrc[n] / 2147483648;   0 <= n < blockSize.
  57:E:/NOVA/Assets/IFX_P2G-HW-SW_V1.0.4/Firmware_Software/DAVE project/P2G_FW/Dave/Generated/CMSIS_DSP/SupportFunctions\arm_q31_to_float.c ****  * </pre>
  58:E:/NOVA/Assets/IFX_P2G-HW-SW_V1.0.4/Firmware_Software/DAVE project/P2G_FW/Dave/Generated/CMSIS_DSP/SupportFunctions\arm_q31_to_float.c ****  *
  59:E:/NOVA/Assets/IFX_P2G-HW-SW_V1.0.4/Firmware_Software/DAVE project/P2G_FW/Dave/Generated/CMSIS_DSP/SupportFunctions\arm_q31_to_float.c ****  */
  60:E:/NOVA/Assets/IFX_P2G-HW-SW_V1.0.4/Firmware_Software/DAVE project/P2G_FW/Dave/Generated/CMSIS_DSP/SupportFunctions\arm_q31_to_float.c **** 
  61:E:/NOVA/Assets/IFX_P2G-HW-SW_V1.0.4/Firmware_Software/DAVE project/P2G_FW/Dave/Generated/CMSIS_DSP/SupportFunctions\arm_q31_to_float.c **** 
  62:E:/NOVA/Assets/IFX_P2G-HW-SW_V1.0.4/Firmware_Software/DAVE project/P2G_FW/Dave/Generated/CMSIS_DSP/SupportFunctions\arm_q31_to_float.c **** void arm_q31_to_float(
  63:E:/NOVA/Assets/IFX_P2G-HW-SW_V1.0.4/Firmware_Software/DAVE project/P2G_FW/Dave/Generated/CMSIS_DSP/SupportFunctions\arm_q31_to_float.c ****   q31_t * pSrc,
  64:E:/NOVA/Assets/IFX_P2G-HW-SW_V1.0.4/Firmware_Software/DAVE project/P2G_FW/Dave/Generated/CMSIS_DSP/SupportFunctions\arm_q31_to_float.c ****   float32_t * pDst,
  65:E:/NOVA/Assets/IFX_P2G-HW-SW_V1.0.4/Firmware_Software/DAVE project/P2G_FW/Dave/Generated/CMSIS_DSP/SupportFunctions\arm_q31_to_float.c ****   uint32_t blockSize)
  66:E:/NOVA/Assets/IFX_P2G-HW-SW_V1.0.4/Firmware_Software/DAVE project/P2G_FW/Dave/Generated/CMSIS_DSP/SupportFunctions\arm_q31_to_float.c **** {
  28              	 .loc 1 66 0
  29              	 .cfi_startproc
  30              	 
  31              	 
  32              	 
  33              	.LVL0:
  34 0000 70B4     	 push {r4,r5,r6}
  35              	.LCFI0:
  36              	 .cfi_def_cfa_offset 12
  37              	 .cfi_offset 4,-12
  38              	 .cfi_offset 5,-8
  39              	 .cfi_offset 6,-4
  67:E:/NOVA/Assets/IFX_P2G-HW-SW_V1.0.4/Firmware_Software/DAVE project/P2G_FW/Dave/Generated/CMSIS_DSP/SupportFunctions\arm_q31_to_float.c ****   q31_t *pIn = pSrc;                             /* Src pointer */
  68:E:/NOVA/Assets/IFX_P2G-HW-SW_V1.0.4/Firmware_Software/DAVE project/P2G_FW/Dave/Generated/CMSIS_DSP/SupportFunctions\arm_q31_to_float.c ****   uint32_t blkCnt;                               /* loop counter */
  69:E:/NOVA/Assets/IFX_P2G-HW-SW_V1.0.4/Firmware_Software/DAVE project/P2G_FW/Dave/Generated/CMSIS_DSP/SupportFunctions\arm_q31_to_float.c **** 
  70:E:/NOVA/Assets/IFX_P2G-HW-SW_V1.0.4/Firmware_Software/DAVE project/P2G_FW/Dave/Generated/CMSIS_DSP/SupportFunctions\arm_q31_to_float.c **** 
  71:E:/NOVA/Assets/IFX_P2G-HW-SW_V1.0.4/Firmware_Software/DAVE project/P2G_FW/Dave/Generated/CMSIS_DSP/SupportFunctions\arm_q31_to_float.c **** #if defined (ARM_MATH_DSP)
  72:E:/NOVA/Assets/IFX_P2G-HW-SW_V1.0.4/Firmware_Software/DAVE project/P2G_FW/Dave/Generated/CMSIS_DSP/SupportFunctions\arm_q31_to_float.c **** 
  73:E:/NOVA/Assets/IFX_P2G-HW-SW_V1.0.4/Firmware_Software/DAVE project/P2G_FW/Dave/Generated/CMSIS_DSP/SupportFunctions\arm_q31_to_float.c ****   /* Run the below code for Cortex-M4 and Cortex-M3 */
  74:E:/NOVA/Assets/IFX_P2G-HW-SW_V1.0.4/Firmware_Software/DAVE project/P2G_FW/Dave/Generated/CMSIS_DSP/SupportFunctions\arm_q31_to_float.c **** 
  75:E:/NOVA/Assets/IFX_P2G-HW-SW_V1.0.4/Firmware_Software/DAVE project/P2G_FW/Dave/Generated/CMSIS_DSP/SupportFunctions\arm_q31_to_float.c ****   /*loop Unrolling */
  76:E:/NOVA/Assets/IFX_P2G-HW-SW_V1.0.4/Firmware_Software/DAVE project/P2G_FW/Dave/Generated/CMSIS_DSP/SupportFunctions\arm_q31_to_float.c ****   blkCnt = blockSize >> 2u;
  77:E:/NOVA/Assets/IFX_P2G-HW-SW_V1.0.4/Firmware_Software/DAVE project/P2G_FW/Dave/Generated/CMSIS_DSP/SupportFunctions\arm_q31_to_float.c **** 
  78:E:/NOVA/Assets/IFX_P2G-HW-SW_V1.0.4/Firmware_Software/DAVE project/P2G_FW/Dave/Generated/CMSIS_DSP/SupportFunctions\arm_q31_to_float.c ****   /* First part of the processing with loop unrolling.  Compute 4 outputs at a time.
  79:E:/NOVA/Assets/IFX_P2G-HW-SW_V1.0.4/Firmware_Software/DAVE project/P2G_FW/Dave/Generated/CMSIS_DSP/SupportFunctions\arm_q31_to_float.c ****    ** a second loop below computes the remaining 1 to 3 samples. */
  80:E:/NOVA/Assets/IFX_P2G-HW-SW_V1.0.4/Firmware_Software/DAVE project/P2G_FW/Dave/Generated/CMSIS_DSP/SupportFunctions\arm_q31_to_float.c ****   while (blkCnt > 0u)
  40              	 .loc 1 80 0
  41 0002 9608     	 lsrs r6,r2,#2
  42              	.LVL1:
  43 0004 2FD0     	 beq .L2
  81:E:/NOVA/Assets/IFX_P2G-HW-SW_V1.0.4/Firmware_Software/DAVE project/P2G_FW/Dave/Generated/CMSIS_DSP/SupportFunctions\arm_q31_to_float.c ****   {
  82:E:/NOVA/Assets/IFX_P2G-HW-SW_V1.0.4/Firmware_Software/DAVE project/P2G_FW/Dave/Generated/CMSIS_DSP/SupportFunctions\arm_q31_to_float.c ****     /* C = (float32_t) A / 2147483648 */
  83:E:/NOVA/Assets/IFX_P2G-HW-SW_V1.0.4/Firmware_Software/DAVE project/P2G_FW/Dave/Generated/CMSIS_DSP/SupportFunctions\arm_q31_to_float.c ****     /* convert from q31 to float and then store the results in the destination buffer */
  84:E:/NOVA/Assets/IFX_P2G-HW-SW_V1.0.4/Firmware_Software/DAVE project/P2G_FW/Dave/Generated/CMSIS_DSP/SupportFunctions\arm_q31_to_float.c ****     *pDst++ = ((float32_t) * pIn++ / 2147483648.0f);
  44              	 .loc 1 84 0
  45 0006 DFED205A 	 flds s11,.L14
  46 000a 01F11004 	 add r4,r1,#16
  47 000e 00F11003 	 add r3,r0,#16
  80:E:/NOVA/Assets/IFX_P2G-HW-SW_V1.0.4/Firmware_Software/DAVE project/P2G_FW/Dave/Generated/CMSIS_DSP/SupportFunctions\arm_q31_to_float.c ****   {
  48              	 .loc 1 80 0
  49 0012 3546     	 mov r5,r6
  50              	.LVL2:
  51              	.L3:
  52              	 .loc 1 84 0
  53 0014 53ED047A 	 flds s15,[r3,#-16]
  54 0018 B8EEE76A 	 fsitos s12,s15
  85:E:/NOVA/Assets/IFX_P2G-HW-SW_V1.0.4/Firmware_Software/DAVE project/P2G_FW/Dave/Generated/CMSIS_DSP/SupportFunctions\arm_q31_to_float.c ****     *pDst++ = ((float32_t) * pIn++ / 2147483648.0f);
  55              	 .loc 1 85 0
  56 001c 53ED037A 	 flds s15,[r3,#-12]
  57 0020 F8EEE76A 	 fsitos s13,s15
  86:E:/NOVA/Assets/IFX_P2G-HW-SW_V1.0.4/Firmware_Software/DAVE project/P2G_FW/Dave/Generated/CMSIS_DSP/SupportFunctions\arm_q31_to_float.c ****     *pDst++ = ((float32_t) * pIn++ / 2147483648.0f);
  58              	 .loc 1 86 0
  59 0024 53ED027A 	 flds s15,[r3,#-8]
  60 0028 B8EEE77A 	 fsitos s14,s15
  87:E:/NOVA/Assets/IFX_P2G-HW-SW_V1.0.4/Firmware_Software/DAVE project/P2G_FW/Dave/Generated/CMSIS_DSP/SupportFunctions\arm_q31_to_float.c ****     *pDst++ = ((float32_t) * pIn++ / 2147483648.0f);
  61              	 .loc 1 87 0
  62 002c 53ED017A 	 flds s15,[r3,#-4]
  63 0030 F8EEE77A 	 fsitos s15,s15
  84:E:/NOVA/Assets/IFX_P2G-HW-SW_V1.0.4/Firmware_Software/DAVE project/P2G_FW/Dave/Generated/CMSIS_DSP/SupportFunctions\arm_q31_to_float.c ****     *pDst++ = ((float32_t) * pIn++ / 2147483648.0f);
  64              	 .loc 1 84 0
  65 0034 26EE256A 	 fmuls s12,s12,s11
  85:E:/NOVA/Assets/IFX_P2G-HW-SW_V1.0.4/Firmware_Software/DAVE project/P2G_FW/Dave/Generated/CMSIS_DSP/SupportFunctions\arm_q31_to_float.c ****     *pDst++ = ((float32_t) * pIn++ / 2147483648.0f);
  66              	 .loc 1 85 0
  67 0038 66EEA56A 	 fmuls s13,s13,s11
  86:E:/NOVA/Assets/IFX_P2G-HW-SW_V1.0.4/Firmware_Software/DAVE project/P2G_FW/Dave/Generated/CMSIS_DSP/SupportFunctions\arm_q31_to_float.c ****     *pDst++ = ((float32_t) * pIn++ / 2147483648.0f);
  68              	 .loc 1 86 0
  69 003c 27EE257A 	 fmuls s14,s14,s11
  70              	 .loc 1 87 0
  71 0040 67EEA57A 	 fmuls s15,s15,s11
  80:E:/NOVA/Assets/IFX_P2G-HW-SW_V1.0.4/Firmware_Software/DAVE project/P2G_FW/Dave/Generated/CMSIS_DSP/SupportFunctions\arm_q31_to_float.c ****   {
  72              	 .loc 1 80 0
  73 0044 013D     	 subs r5,r5,#1
  74              	.LVL3:
  84:E:/NOVA/Assets/IFX_P2G-HW-SW_V1.0.4/Firmware_Software/DAVE project/P2G_FW/Dave/Generated/CMSIS_DSP/SupportFunctions\arm_q31_to_float.c ****     *pDst++ = ((float32_t) * pIn++ / 2147483648.0f);
  75              	 .loc 1 84 0
  76 0046 04ED046A 	 fsts s12,[r4,#-16]
  77              	.LVL4:
  85:E:/NOVA/Assets/IFX_P2G-HW-SW_V1.0.4/Firmware_Software/DAVE project/P2G_FW/Dave/Generated/CMSIS_DSP/SupportFunctions\arm_q31_to_float.c ****     *pDst++ = ((float32_t) * pIn++ / 2147483648.0f);
  78              	 .loc 1 85 0
  79 004a 44ED036A 	 fsts s13,[r4,#-12]
  80              	.LVL5:
  86:E:/NOVA/Assets/IFX_P2G-HW-SW_V1.0.4/Firmware_Software/DAVE project/P2G_FW/Dave/Generated/CMSIS_DSP/SupportFunctions\arm_q31_to_float.c ****     *pDst++ = ((float32_t) * pIn++ / 2147483648.0f);
  81              	 .loc 1 86 0
  82 004e 04ED027A 	 fsts s14,[r4,#-8]
  83              	.LVL6:
  84              	 .loc 1 87 0
  85 0052 44ED017A 	 fsts s15,[r4,#-4]
  86 0056 03F11003 	 add r3,r3,#16
  87              	.LVL7:
  88 005a 04F11004 	 add r4,r4,#16
  80:E:/NOVA/Assets/IFX_P2G-HW-SW_V1.0.4/Firmware_Software/DAVE project/P2G_FW/Dave/Generated/CMSIS_DSP/SupportFunctions\arm_q31_to_float.c ****   {
  89              	 .loc 1 80 0
  90 005e D9D1     	 bne .L3
  91 0060 3601     	 lsls r6,r6,#4
  92 0062 3144     	 add r1,r1,r6
  93 0064 3044     	 add r0,r0,r6
  94              	.LVL8:
  95              	.L2:
  88:E:/NOVA/Assets/IFX_P2G-HW-SW_V1.0.4/Firmware_Software/DAVE project/P2G_FW/Dave/Generated/CMSIS_DSP/SupportFunctions\arm_q31_to_float.c **** 
  89:E:/NOVA/Assets/IFX_P2G-HW-SW_V1.0.4/Firmware_Software/DAVE project/P2G_FW/Dave/Generated/CMSIS_DSP/SupportFunctions\arm_q31_to_float.c ****     /* Decrement the loop counter */
  90:E:/NOVA/Assets/IFX_P2G-HW-SW_V1.0.4/Firmware_Software/DAVE project/P2G_FW/Dave/Generated/CMSIS_DSP/SupportFunctions\arm_q31_to_float.c ****     blkCnt--;
  91:E:/NOVA/Assets/IFX_P2G-HW-SW_V1.0.4/Firmware_Software/DAVE project/P2G_FW/Dave/Generated/CMSIS_DSP/SupportFunctions\arm_q31_to_float.c ****   }
  92:E:/NOVA/Assets/IFX_P2G-HW-SW_V1.0.4/Firmware_Software/DAVE project/P2G_FW/Dave/Generated/CMSIS_DSP/SupportFunctions\arm_q31_to_float.c **** 
  93:E:/NOVA/Assets/IFX_P2G-HW-SW_V1.0.4/Firmware_Software/DAVE project/P2G_FW/Dave/Generated/CMSIS_DSP/SupportFunctions\arm_q31_to_float.c ****   /* If the blockSize is not a multiple of 4, compute any remaining output samples here.
  94:E:/NOVA/Assets/IFX_P2G-HW-SW_V1.0.4/Firmware_Software/DAVE project/P2G_FW/Dave/Generated/CMSIS_DSP/SupportFunctions\arm_q31_to_float.c ****    ** No loop unrolling is used. */
  95:E:/NOVA/Assets/IFX_P2G-HW-SW_V1.0.4/Firmware_Software/DAVE project/P2G_FW/Dave/Generated/CMSIS_DSP/SupportFunctions\arm_q31_to_float.c ****   blkCnt = blockSize % 0x4u;
  96:E:/NOVA/Assets/IFX_P2G-HW-SW_V1.0.4/Firmware_Software/DAVE project/P2G_FW/Dave/Generated/CMSIS_DSP/SupportFunctions\arm_q31_to_float.c **** 
  97:E:/NOVA/Assets/IFX_P2G-HW-SW_V1.0.4/Firmware_Software/DAVE project/P2G_FW/Dave/Generated/CMSIS_DSP/SupportFunctions\arm_q31_to_float.c **** #else
  98:E:/NOVA/Assets/IFX_P2G-HW-SW_V1.0.4/Firmware_Software/DAVE project/P2G_FW/Dave/Generated/CMSIS_DSP/SupportFunctions\arm_q31_to_float.c **** 
  99:E:/NOVA/Assets/IFX_P2G-HW-SW_V1.0.4/Firmware_Software/DAVE project/P2G_FW/Dave/Generated/CMSIS_DSP/SupportFunctions\arm_q31_to_float.c ****   /* Run the below code for Cortex-M0 */
 100:E:/NOVA/Assets/IFX_P2G-HW-SW_V1.0.4/Firmware_Software/DAVE project/P2G_FW/Dave/Generated/CMSIS_DSP/SupportFunctions\arm_q31_to_float.c **** 
 101:E:/NOVA/Assets/IFX_P2G-HW-SW_V1.0.4/Firmware_Software/DAVE project/P2G_FW/Dave/Generated/CMSIS_DSP/SupportFunctions\arm_q31_to_float.c ****   /* Loop over blockSize number of values */
 102:E:/NOVA/Assets/IFX_P2G-HW-SW_V1.0.4/Firmware_Software/DAVE project/P2G_FW/Dave/Generated/CMSIS_DSP/SupportFunctions\arm_q31_to_float.c ****   blkCnt = blockSize;
 103:E:/NOVA/Assets/IFX_P2G-HW-SW_V1.0.4/Firmware_Software/DAVE project/P2G_FW/Dave/Generated/CMSIS_DSP/SupportFunctions\arm_q31_to_float.c **** 
 104:E:/NOVA/Assets/IFX_P2G-HW-SW_V1.0.4/Firmware_Software/DAVE project/P2G_FW/Dave/Generated/CMSIS_DSP/SupportFunctions\arm_q31_to_float.c **** #endif /* #if defined (ARM_MATH_DSP) */
 105:E:/NOVA/Assets/IFX_P2G-HW-SW_V1.0.4/Firmware_Software/DAVE project/P2G_FW/Dave/Generated/CMSIS_DSP/SupportFunctions\arm_q31_to_float.c **** 
 106:E:/NOVA/Assets/IFX_P2G-HW-SW_V1.0.4/Firmware_Software/DAVE project/P2G_FW/Dave/Generated/CMSIS_DSP/SupportFunctions\arm_q31_to_float.c ****   while (blkCnt > 0u)
  96              	 .loc 1 106 0
  97 0066 12F00302 	 ands r2,r2,#3
  98              	.LVL9:
  99 006a 0BD0     	 beq .L1
 107:E:/NOVA/Assets/IFX_P2G-HW-SW_V1.0.4/Firmware_Software/DAVE project/P2G_FW/Dave/Generated/CMSIS_DSP/SupportFunctions\arm_q31_to_float.c ****   {
 108:E:/NOVA/Assets/IFX_P2G-HW-SW_V1.0.4/Firmware_Software/DAVE project/P2G_FW/Dave/Generated/CMSIS_DSP/SupportFunctions\arm_q31_to_float.c ****     /* C = (float32_t) A / 2147483648 */
 109:E:/NOVA/Assets/IFX_P2G-HW-SW_V1.0.4/Firmware_Software/DAVE project/P2G_FW/Dave/Generated/CMSIS_DSP/SupportFunctions\arm_q31_to_float.c ****     /* convert from q31 to float and then store the results in the destination buffer */
 110:E:/NOVA/Assets/IFX_P2G-HW-SW_V1.0.4/Firmware_Software/DAVE project/P2G_FW/Dave/Generated/CMSIS_DSP/SupportFunctions\arm_q31_to_float.c ****     *pDst++ = ((float32_t) * pIn++ / 2147483648.0f);
 100              	 .loc 1 110 0
 101 006c 9FED067A 	 flds s14,.L14
 102              	.LVL10:
 103              	.L5:
 104 0070 F0EC017A 	 fldmias r0!,{s15}
 105              	.LVL11:
 106 0074 F8EEE77A 	 fsitos s15,s15
 106:E:/NOVA/Assets/IFX_P2G-HW-SW_V1.0.4/Firmware_Software/DAVE project/P2G_FW/Dave/Generated/CMSIS_DSP/SupportFunctions\arm_q31_to_float.c ****   {
 107              	 .loc 1 106 0
 108 0078 013A     	 subs r2,r2,#1
 109              	.LVL12:
 110              	 .loc 1 110 0
 111 007a 67EE877A 	 fmuls s15,s15,s14
 112 007e E1EC017A 	 fstmias r1!,{s15}
 106:E:/NOVA/Assets/IFX_P2G-HW-SW_V1.0.4/Firmware_Software/DAVE project/P2G_FW/Dave/Generated/CMSIS_DSP/SupportFunctions\arm_q31_to_float.c ****   {
 113              	 .loc 1 106 0
 114 0082 F5D1     	 bne .L5
 115              	.L1:
 111:E:/NOVA/Assets/IFX_P2G-HW-SW_V1.0.4/Firmware_Software/DAVE project/P2G_FW/Dave/Generated/CMSIS_DSP/SupportFunctions\arm_q31_to_float.c **** 
 112:E:/NOVA/Assets/IFX_P2G-HW-SW_V1.0.4/Firmware_Software/DAVE project/P2G_FW/Dave/Generated/CMSIS_DSP/SupportFunctions\arm_q31_to_float.c ****     /* Decrement the loop counter */
 113:E:/NOVA/Assets/IFX_P2G-HW-SW_V1.0.4/Firmware_Software/DAVE project/P2G_FW/Dave/Generated/CMSIS_DSP/SupportFunctions\arm_q31_to_float.c ****     blkCnt--;
 114:E:/NOVA/Assets/IFX_P2G-HW-SW_V1.0.4/Firmware_Software/DAVE project/P2G_FW/Dave/Generated/CMSIS_DSP/SupportFunctions\arm_q31_to_float.c ****   }
 115:E:/NOVA/Assets/IFX_P2G-HW-SW_V1.0.4/Firmware_Software/DAVE project/P2G_FW/Dave/Generated/CMSIS_DSP/SupportFunctions\arm_q31_to_float.c **** }
 116              	 .loc 1 115 0
 117 0084 70BC     	 pop {r4,r5,r6}
 118              	.LCFI1:
 119              	 .cfi_restore 6
 120              	 .cfi_restore 5
 121              	 .cfi_restore 4
 122              	 .cfi_def_cfa_offset 0
 123 0086 7047     	 bx lr
 124              	.L15:
 125              	 .align 2
 126              	.L14:
 127 0088 00000030 	 .word 805306368
 128              	 .cfi_endproc
 129              	.LFE135:
 131              	 .text
 132              	.Letext0:
 133              	 .file 2 "c:\\infineon\\tools\\dave ide\\4.5.0.202105191637\\eclipse\\arm-gcc-49\\arm-none-eabi\\include\\machine\\_default_types.h"
 134              	 .file 3 "c:\\infineon\\tools\\dave ide\\4.5.0.202105191637\\eclipse\\arm-gcc-49\\arm-none-eabi\\include\\stdint.h"
 135              	 .file 4 "E:/NOVA/Assets/IFX_P2G-HW-SW_V1.0.4/Firmware_Software/DAVE project/P2G_FW/Dave/Generated/CMSIS_DSP/arm_math.h"
DEFINED SYMBOLS
                            *ABS*:00000000 arm_q31_to_float.c
    {standard input}:20     .text.arm_q31_to_float:00000000 $t
    {standard input}:25     .text.arm_q31_to_float:00000000 arm_q31_to_float
    {standard input}:127    .text.arm_q31_to_float:00000088 $d
                     .debug_frame:00000010 $d

NO UNDEFINED SYMBOLS
