   1              	 .syntax unified
   2              	 .cpu cortex-m4
   3              	 .eabi_attribute 27,3
   4              	 .fpu fpv4-sp-d16
   5              	 .eabi_attribute 20,1
   6              	 .eabi_attribute 21,1
   7              	 .eabi_attribute 23,3
   8              	 .eabi_attribute 24,1
   9              	 .eabi_attribute 25,1
  10              	 .eabi_attribute 26,1
  11              	 .eabi_attribute 30,2
  12              	 .eabi_attribute 34,1
  13              	 .eabi_attribute 18,4
  14              	 .thumb
  15              	 .file "ccu4_slice_config.c"
  16              	 .text
  17              	.Ltext0:
  18              	 .cfi_sections .debug_frame
  19              	 .section .text.CCU4_SLICE_CONFIG_GetAppVersion,"ax",%progbits
  20              	 .align 2
  21              	 .global CCU4_SLICE_CONFIG_GetAppVersion
  22              	 .thumb
  23              	 .thumb_func
  25              	CCU4_SLICE_CONFIG_GetAppVersion:
  26              	.LFB205:
  27              	 .file 1 "../Dave/Generated/CCU4_SLICE_CONFIG/ccu4_slice_config.c"
   1:../Dave/Generated/CCU4_SLICE_CONFIG/ccu4_slice_config.c **** /**
   2:../Dave/Generated/CCU4_SLICE_CONFIG/ccu4_slice_config.c ****  * @file ccu4_slice_config.c
   3:../Dave/Generated/CCU4_SLICE_CONFIG/ccu4_slice_config.c ****  * @date 2016-06-21
   4:../Dave/Generated/CCU4_SLICE_CONFIG/ccu4_slice_config.c ****  *
   5:../Dave/Generated/CCU4_SLICE_CONFIG/ccu4_slice_config.c ****  * NOTE:
   6:../Dave/Generated/CCU4_SLICE_CONFIG/ccu4_slice_config.c ****  * This file is generated by DAVE-4. Any manual modification done to this file will be lost when th
   7:../Dave/Generated/CCU4_SLICE_CONFIG/ccu4_slice_config.c ****  *
   8:../Dave/Generated/CCU4_SLICE_CONFIG/ccu4_slice_config.c ****  * @cond
   9:../Dave/Generated/CCU4_SLICE_CONFIG/ccu4_slice_config.c ****  **************************************************************************************************
  10:../Dave/Generated/CCU4_SLICE_CONFIG/ccu4_slice_config.c ****  * CCU4_SLICE_CONFIG v4.0.16 - Configures the properties of CCU4 timer.
  11:../Dave/Generated/CCU4_SLICE_CONFIG/ccu4_slice_config.c ****  * Copyright (c) 2015-2017, Infineon Technologies AG
  12:../Dave/Generated/CCU4_SLICE_CONFIG/ccu4_slice_config.c ****  * All rights reserved.
  13:../Dave/Generated/CCU4_SLICE_CONFIG/ccu4_slice_config.c ****  *
  14:../Dave/Generated/CCU4_SLICE_CONFIG/ccu4_slice_config.c ****  * Redistribution and use in source and binary forms, with or without modification,are permitted pr
  15:../Dave/Generated/CCU4_SLICE_CONFIG/ccu4_slice_config.c ****  * following conditions are met:
  16:../Dave/Generated/CCU4_SLICE_CONFIG/ccu4_slice_config.c ****  *
  17:../Dave/Generated/CCU4_SLICE_CONFIG/ccu4_slice_config.c ****  *   Redistributions of source code must retain the above copyright notice, this list of conditions
  18:../Dave/Generated/CCU4_SLICE_CONFIG/ccu4_slice_config.c ****  *   disclaimer.
  19:../Dave/Generated/CCU4_SLICE_CONFIG/ccu4_slice_config.c ****  *
  20:../Dave/Generated/CCU4_SLICE_CONFIG/ccu4_slice_config.c ****  *   Redistributions in binary form must reproduce the above copyright notice, this list of conditi
  21:../Dave/Generated/CCU4_SLICE_CONFIG/ccu4_slice_config.c ****  *   following disclaimer in the documentation and/or other materials provided with the distributio
  22:../Dave/Generated/CCU4_SLICE_CONFIG/ccu4_slice_config.c ****  *
  23:../Dave/Generated/CCU4_SLICE_CONFIG/ccu4_slice_config.c ****  *   Neither the name of the copyright holders nor the names of its contributors may be used to end
  24:../Dave/Generated/CCU4_SLICE_CONFIG/ccu4_slice_config.c ****  *   products derived from this software without specific prior written permission.
  25:../Dave/Generated/CCU4_SLICE_CONFIG/ccu4_slice_config.c ****  *
  26:../Dave/Generated/CCU4_SLICE_CONFIG/ccu4_slice_config.c ****  * THIS SOFTWARE IS PROVIDED BY THE COPYRIGHT HOLDERS AND CONTRIBUTORS "AS IS" AND ANY EXPRESS OR I
  27:../Dave/Generated/CCU4_SLICE_CONFIG/ccu4_slice_config.c ****  * INCLUDING, BUT NOT LIMITED TO, THE IMPLIED WARRANTIES OF MERCHANTABILITY AND FITNESS FOR A PARTI
  28:../Dave/Generated/CCU4_SLICE_CONFIG/ccu4_slice_config.c ****  * DISCLAIMED. IN NO EVENT SHALL THE COPYRIGHT HOLDER OR CONTRIBUTORS BE LIABLE  FOR ANY DIRECT, IN
  29:../Dave/Generated/CCU4_SLICE_CONFIG/ccu4_slice_config.c ****  * SPECIAL, EXEMPLARY, OR CONSEQUENTIAL DAMAGES (INCLUDING, BUT NOT LIMITED TO, PROCUREMENT OF SUBS
  30:../Dave/Generated/CCU4_SLICE_CONFIG/ccu4_slice_config.c ****  * SERVICES; LOSS OF USE, DATA, OR PROFITS; OR BUSINESS INTERRUPTION) HOWEVER CAUSED AND ON ANY THE
  31:../Dave/Generated/CCU4_SLICE_CONFIG/ccu4_slice_config.c ****  * WHETHER IN CONTRACT, STRICT LIABILITY,OR TORT (INCLUDING NEGLIGENCE OR OTHERWISE) ARISING IN ANY
  32:../Dave/Generated/CCU4_SLICE_CONFIG/ccu4_slice_config.c ****  * USE OF THIS SOFTWARE, EVEN IF ADVISED OF THE POSSIBILITY OF SUCH DAMAGE.
  33:../Dave/Generated/CCU4_SLICE_CONFIG/ccu4_slice_config.c ****  *
  34:../Dave/Generated/CCU4_SLICE_CONFIG/ccu4_slice_config.c ****  * To improve the quality of the software, users are encouraged to share modifications, enhancement
  35:../Dave/Generated/CCU4_SLICE_CONFIG/ccu4_slice_config.c ****  * with Infineon Technologies AG (dave@infineon.com).
  36:../Dave/Generated/CCU4_SLICE_CONFIG/ccu4_slice_config.c ****  **************************************************************************************************
  37:../Dave/Generated/CCU4_SLICE_CONFIG/ccu4_slice_config.c ****  *
  38:../Dave/Generated/CCU4_SLICE_CONFIG/ccu4_slice_config.c ****  * Change History
  39:../Dave/Generated/CCU4_SLICE_CONFIG/ccu4_slice_config.c ****  * --------------
  40:../Dave/Generated/CCU4_SLICE_CONFIG/ccu4_slice_config.c ****  *
  41:../Dave/Generated/CCU4_SLICE_CONFIG/ccu4_slice_config.c ****  * 2016-02-05:
  42:../Dave/Generated/CCU4_SLICE_CONFIG/ccu4_slice_config.c ****  *     - Initial version<br>
  43:../Dave/Generated/CCU4_SLICE_CONFIG/ccu4_slice_config.c ****  *
  44:../Dave/Generated/CCU4_SLICE_CONFIG/ccu4_slice_config.c ****  * 2016-06-21:
  45:../Dave/Generated/CCU4_SLICE_CONFIG/ccu4_slice_config.c ****  *     - First productive version
  46:../Dave/Generated/CCU4_SLICE_CONFIG/ccu4_slice_config.c ****  *
  47:../Dave/Generated/CCU4_SLICE_CONFIG/ccu4_slice_config.c ****  * 2016-07-20:
  48:../Dave/Generated/CCU4_SLICE_CONFIG/ccu4_slice_config.c ****  *     - UI is changed and code generation issues are fixed.
  49:../Dave/Generated/CCU4_SLICE_CONFIG/ccu4_slice_config.c ****  *
  50:../Dave/Generated/CCU4_SLICE_CONFIG/ccu4_slice_config.c ****  *
  51:../Dave/Generated/CCU4_SLICE_CONFIG/ccu4_slice_config.c ****  * @endcond
  52:../Dave/Generated/CCU4_SLICE_CONFIG/ccu4_slice_config.c ****  *
  53:../Dave/Generated/CCU4_SLICE_CONFIG/ccu4_slice_config.c ****  */
  54:../Dave/Generated/CCU4_SLICE_CONFIG/ccu4_slice_config.c **** 
  55:../Dave/Generated/CCU4_SLICE_CONFIG/ccu4_slice_config.c **** 
  56:../Dave/Generated/CCU4_SLICE_CONFIG/ccu4_slice_config.c **** /**************************************************************************************************
  57:../Dave/Generated/CCU4_SLICE_CONFIG/ccu4_slice_config.c ****  * HEADER FILES
  58:../Dave/Generated/CCU4_SLICE_CONFIG/ccu4_slice_config.c ****  **************************************************************************************************
  59:../Dave/Generated/CCU4_SLICE_CONFIG/ccu4_slice_config.c **** #include "ccu4_slice_config.h"
  60:../Dave/Generated/CCU4_SLICE_CONFIG/ccu4_slice_config.c **** 
  61:../Dave/Generated/CCU4_SLICE_CONFIG/ccu4_slice_config.c **** /**************************************************************************************************
  62:../Dave/Generated/CCU4_SLICE_CONFIG/ccu4_slice_config.c ****  * PRIVATE FUNCTION PROTOTYPES
  63:../Dave/Generated/CCU4_SLICE_CONFIG/ccu4_slice_config.c ****  **************************************************************************************************
  64:../Dave/Generated/CCU4_SLICE_CONFIG/ccu4_slice_config.c **** 
  65:../Dave/Generated/CCU4_SLICE_CONFIG/ccu4_slice_config.c **** /**************************************************************************************************
  66:../Dave/Generated/CCU4_SLICE_CONFIG/ccu4_slice_config.c ****  * API IMPLEMENTATION
  67:../Dave/Generated/CCU4_SLICE_CONFIG/ccu4_slice_config.c ****  **************************************************************************************************
  68:../Dave/Generated/CCU4_SLICE_CONFIG/ccu4_slice_config.c **** 
  69:../Dave/Generated/CCU4_SLICE_CONFIG/ccu4_slice_config.c **** /* API to retrieve App version info */
  70:../Dave/Generated/CCU4_SLICE_CONFIG/ccu4_slice_config.c **** DAVE_APP_VERSION_t CCU4_SLICE_CONFIG_GetAppVersion(void)
  71:../Dave/Generated/CCU4_SLICE_CONFIG/ccu4_slice_config.c **** {
  28              	 .loc 1 71 0
  29              	 .cfi_startproc
  30              	 
  31              	 
  32              	 
  33              	.LVL0:
  72:../Dave/Generated/CCU4_SLICE_CONFIG/ccu4_slice_config.c ****   DAVE_APP_VERSION_t version;
  73:../Dave/Generated/CCU4_SLICE_CONFIG/ccu4_slice_config.c **** 
  74:../Dave/Generated/CCU4_SLICE_CONFIG/ccu4_slice_config.c ****   version.major = CCU4_SLICE_CONFIG_MAJOR_VERSION;
  75:../Dave/Generated/CCU4_SLICE_CONFIG/ccu4_slice_config.c ****   version.minor = CCU4_SLICE_CONFIG_MINOR_VERSION;
  76:../Dave/Generated/CCU4_SLICE_CONFIG/ccu4_slice_config.c ****   version.patch = CCU4_SLICE_CONFIG_PATCH_VERSION;
  77:../Dave/Generated/CCU4_SLICE_CONFIG/ccu4_slice_config.c **** 
  78:../Dave/Generated/CCU4_SLICE_CONFIG/ccu4_slice_config.c ****   return (version);
  34              	 .loc 1 78 0
  35 0000 0023     	 movs r3,#0
  36 0002 1846     	 mov r0,r3
  37 0004 0422     	 movs r2,#4
  38 0006 62F30700 	 bfi r0,r2,#0,#8
  39 000a 63F30F20 	 bfi r0,r3,#8,#8
  40 000e 1023     	 movs r3,#16
  41 0010 63F31740 	 bfi r0,r3,#16,#8
  71:../Dave/Generated/CCU4_SLICE_CONFIG/ccu4_slice_config.c ****   DAVE_APP_VERSION_t version;
  42              	 .loc 1 71 0
  43 0014 82B0     	 sub sp,sp,#8
  44              	.LCFI0:
  45              	 .cfi_def_cfa_offset 8
  79:../Dave/Generated/CCU4_SLICE_CONFIG/ccu4_slice_config.c **** }
  46              	 .loc 1 79 0
  47 0016 02B0     	 add sp,sp,#8
  48              	.LCFI1:
  49              	 .cfi_def_cfa_offset 0
  50              	 
  51 0018 7047     	 bx lr
  52              	 .cfi_endproc
  53              	.LFE205:
  55 001a 00BF     	 .section .text.CCU4_SLICE_CONFIG_Init,"ax",%progbits
  56              	 .align 2
  57              	 .global CCU4_SLICE_CONFIG_Init
  58              	 .thumb
  59              	 .thumb_func
  61              	CCU4_SLICE_CONFIG_Init:
  62              	.LFB206:
  80:../Dave/Generated/CCU4_SLICE_CONFIG/ccu4_slice_config.c **** 
  81:../Dave/Generated/CCU4_SLICE_CONFIG/ccu4_slice_config.c **** /* API to initialize the CCU4 slice */
  82:../Dave/Generated/CCU4_SLICE_CONFIG/ccu4_slice_config.c **** CCU4_SLICE_CONFIG_STATUS_t CCU4_SLICE_CONFIG_Init(const CCU4_SLICE_CONFIG_t *const handle_ptr)
  83:../Dave/Generated/CCU4_SLICE_CONFIG/ccu4_slice_config.c **** {
  63              	 .loc 1 83 0
  64              	 .cfi_startproc
  65              	 
  66              	 
  67              	 
  68              	.LVL1:
  84:../Dave/Generated/CCU4_SLICE_CONFIG/ccu4_slice_config.c ****   return handle_ptr->init();
  69              	 .loc 1 84 0
  70 0000 0368     	 ldr r3,[r0]
  71 0002 1847     	 bx r3
  72              	.LVL2:
  73              	 .cfi_endproc
  74              	.LFE206:
  76              	 .text
  77              	.Letext0:
  78              	 .file 2 "c:\\infineon\\tools\\dave ide\\4.5.0.202105191637\\eclipse\\arm-gcc-49\\arm-none-eabi\\include\\machine\\_default_types.h"
  79              	 .file 3 "c:\\infineon\\tools\\dave ide\\4.5.0.202105191637\\eclipse\\arm-gcc-49\\arm-none-eabi\\include\\stdint.h"
  80              	 .file 4 "E:/NOVA/Assets/IFX_P2G-HW-SW_V1.0.4/Firmware_Software/DAVE project/P2G_FW/Libraries/CMSIS/Infineon/XMC4700_series/Include/XMC4700.h"
  81              	 .file 5 "E:/NOVA/Assets/IFX_P2G-HW-SW_V1.0.4/Firmware_Software/DAVE project/P2G_FW/Libraries/XMCLib/inc/xmc_ccu4.h"
  82              	 .file 6 "E:/NOVA/Assets/IFX_P2G-HW-SW_V1.0.4/Firmware_Software/DAVE project/P2G_FW/Libraries/XMCLib/inc/xmc4_scu.h"
  83              	 .file 7 "E:/NOVA/Assets/IFX_P2G-HW-SW_V1.0.4/Firmware_Software/DAVE project/P2G_FW/Dave/Generated/DAVE_Common.h"
  84              	 .file 8 "../Dave/Generated/CCU4_SLICE_CONFIG/../GLOBAL_CCU4/global_ccu4.h"
  85              	 .file 9 "../Dave/Generated/CCU4_SLICE_CONFIG/ccu4_slice_config.h"
  86              	 .file 10 "E:/NOVA/Assets/IFX_P2G-HW-SW_V1.0.4/Firmware_Software/DAVE project/P2G_FW/Libraries/CMSIS/Include/core_cm4.h"
  87              	 .file 11 "E:/NOVA/Assets/IFX_P2G-HW-SW_V1.0.4/Firmware_Software/DAVE project/P2G_FW/Libraries/CMSIS/Infineon/XMC4700_series/Include/system_XMC4700.h"
DEFINED SYMBOLS
                            *ABS*:00000000 ccu4_slice_config.c
    {standard input}:20     .text.CCU4_SLICE_CONFIG_GetAppVersion:00000000 $t
    {standard input}:25     .text.CCU4_SLICE_CONFIG_GetAppVersion:00000000 CCU4_SLICE_CONFIG_GetAppVersion
    {standard input}:56     .text.CCU4_SLICE_CONFIG_Init:00000000 $t
    {standard input}:61     .text.CCU4_SLICE_CONFIG_Init:00000000 CCU4_SLICE_CONFIG_Init
                     .debug_frame:00000010 $d

NO UNDEFINED SYMBOLS
