   1              	 .syntax unified
   2              	 .cpu cortex-m4
   3              	 .eabi_attribute 27,3
   4              	 .fpu fpv4-sp-d16
   5              	 .eabi_attribute 20,1
   6              	 .eabi_attribute 21,1
   7              	 .eabi_attribute 23,3
   8              	 .eabi_attribute 24,1
   9              	 .eabi_attribute 25,1
  10              	 .eabi_attribute 26,1
  11              	 .eabi_attribute 30,2
  12              	 .eabi_attribute 34,1
  13              	 .eabi_attribute 18,4
  14              	 .thumb
  15              	 .file "global_dma_conf.c"
  16              	 .text
  17              	.Ltext0:
  18              	 .cfi_sections .debug_frame
  19              	 .section .text.GPDMA0_0_IRQHandler,"ax",%progbits
  20              	 .align 2
  21              	 .global GPDMA0_0_IRQHandler
  22              	 .thumb
  23              	 .thumb_func
  25              	GPDMA0_0_IRQHandler:
  26              	.LFB140:
  27              	 .file 1 "E:/NOVA/Assets/IFX_P2G-HW-SW_V1.0.4/Firmware_Software/DAVE project/P2G_FW/Dave/Generated/GLOBAL_DMA/global_dma_conf.c"
   1:E:/NOVA/Assets/IFX_P2G-HW-SW_V1.0.4/Firmware_Software/DAVE project/P2G_FW/Dave/Generated/GLOBAL_DMA\global_dma_conf.c **** /**************************************************************************************************
   2:E:/NOVA/Assets/IFX_P2G-HW-SW_V1.0.4/Firmware_Software/DAVE project/P2G_FW/Dave/Generated/GLOBAL_DMA\global_dma_conf.c **** * DAVE APP Name : GLOBAL_DMA       APP Version: 4.0.8
   3:E:/NOVA/Assets/IFX_P2G-HW-SW_V1.0.4/Firmware_Software/DAVE project/P2G_FW/Dave/Generated/GLOBAL_DMA\global_dma_conf.c **** *
   4:E:/NOVA/Assets/IFX_P2G-HW-SW_V1.0.4/Firmware_Software/DAVE project/P2G_FW/Dave/Generated/GLOBAL_DMA\global_dma_conf.c **** * NOTE:
   5:E:/NOVA/Assets/IFX_P2G-HW-SW_V1.0.4/Firmware_Software/DAVE project/P2G_FW/Dave/Generated/GLOBAL_DMA\global_dma_conf.c **** * This file is generated by DAVE. Any manual modification done to this file will be lost when the c
   6:E:/NOVA/Assets/IFX_P2G-HW-SW_V1.0.4/Firmware_Software/DAVE project/P2G_FW/Dave/Generated/GLOBAL_DMA\global_dma_conf.c **** ***************************************************************************************************
   7:E:/NOVA/Assets/IFX_P2G-HW-SW_V1.0.4/Firmware_Software/DAVE project/P2G_FW/Dave/Generated/GLOBAL_DMA\global_dma_conf.c **** 
   8:E:/NOVA/Assets/IFX_P2G-HW-SW_V1.0.4/Firmware_Software/DAVE project/P2G_FW/Dave/Generated/GLOBAL_DMA\global_dma_conf.c **** /**
   9:E:/NOVA/Assets/IFX_P2G-HW-SW_V1.0.4/Firmware_Software/DAVE project/P2G_FW/Dave/Generated/GLOBAL_DMA\global_dma_conf.c ****  * @cond
  10:E:/NOVA/Assets/IFX_P2G-HW-SW_V1.0.4/Firmware_Software/DAVE project/P2G_FW/Dave/Generated/GLOBAL_DMA\global_dma_conf.c ****  **************************************************************************************************
  11:E:/NOVA/Assets/IFX_P2G-HW-SW_V1.0.4/Firmware_Software/DAVE project/P2G_FW/Dave/Generated/GLOBAL_DMA\global_dma_conf.c ****  * Copyright (c) 2015, Infineon Technologies AG
  12:E:/NOVA/Assets/IFX_P2G-HW-SW_V1.0.4/Firmware_Software/DAVE project/P2G_FW/Dave/Generated/GLOBAL_DMA\global_dma_conf.c ****  * All rights reserved.
  13:E:/NOVA/Assets/IFX_P2G-HW-SW_V1.0.4/Firmware_Software/DAVE project/P2G_FW/Dave/Generated/GLOBAL_DMA\global_dma_conf.c ****  *
  14:E:/NOVA/Assets/IFX_P2G-HW-SW_V1.0.4/Firmware_Software/DAVE project/P2G_FW/Dave/Generated/GLOBAL_DMA\global_dma_conf.c ****  * Redistribution and use in source and binary forms, with or without modification,are permitted pr
  15:E:/NOVA/Assets/IFX_P2G-HW-SW_V1.0.4/Firmware_Software/DAVE project/P2G_FW/Dave/Generated/GLOBAL_DMA\global_dma_conf.c ****  * following conditions are met:
  16:E:/NOVA/Assets/IFX_P2G-HW-SW_V1.0.4/Firmware_Software/DAVE project/P2G_FW/Dave/Generated/GLOBAL_DMA\global_dma_conf.c ****  *
  17:E:/NOVA/Assets/IFX_P2G-HW-SW_V1.0.4/Firmware_Software/DAVE project/P2G_FW/Dave/Generated/GLOBAL_DMA\global_dma_conf.c ****  *   Redistributions of source code must retain the above copyright notice, this list of conditions
  18:E:/NOVA/Assets/IFX_P2G-HW-SW_V1.0.4/Firmware_Software/DAVE project/P2G_FW/Dave/Generated/GLOBAL_DMA\global_dma_conf.c ****  *   disclaimer.
  19:E:/NOVA/Assets/IFX_P2G-HW-SW_V1.0.4/Firmware_Software/DAVE project/P2G_FW/Dave/Generated/GLOBAL_DMA\global_dma_conf.c ****  *
  20:E:/NOVA/Assets/IFX_P2G-HW-SW_V1.0.4/Firmware_Software/DAVE project/P2G_FW/Dave/Generated/GLOBAL_DMA\global_dma_conf.c ****  *   Redistributions in binary form must reproduce the above copyright notice, this list of conditi
  21:E:/NOVA/Assets/IFX_P2G-HW-SW_V1.0.4/Firmware_Software/DAVE project/P2G_FW/Dave/Generated/GLOBAL_DMA\global_dma_conf.c ****  *   following disclaimer in the documentation and/or other materials provided with the distributio
  22:E:/NOVA/Assets/IFX_P2G-HW-SW_V1.0.4/Firmware_Software/DAVE project/P2G_FW/Dave/Generated/GLOBAL_DMA\global_dma_conf.c ****  *
  23:E:/NOVA/Assets/IFX_P2G-HW-SW_V1.0.4/Firmware_Software/DAVE project/P2G_FW/Dave/Generated/GLOBAL_DMA\global_dma_conf.c ****  *   Neither the name of the copyright holders nor the names of its contributors may be used to end
  24:E:/NOVA/Assets/IFX_P2G-HW-SW_V1.0.4/Firmware_Software/DAVE project/P2G_FW/Dave/Generated/GLOBAL_DMA\global_dma_conf.c ****  *   products derived from this software without specific prior written permission.
  25:E:/NOVA/Assets/IFX_P2G-HW-SW_V1.0.4/Firmware_Software/DAVE project/P2G_FW/Dave/Generated/GLOBAL_DMA\global_dma_conf.c ****  *
  26:E:/NOVA/Assets/IFX_P2G-HW-SW_V1.0.4/Firmware_Software/DAVE project/P2G_FW/Dave/Generated/GLOBAL_DMA\global_dma_conf.c ****  * THIS SOFTWARE IS PROVIDED BY THE COPYRIGHT HOLDERS AND CONTRIBUTORS "AS IS" AND ANY EXPRESS OR I
  27:E:/NOVA/Assets/IFX_P2G-HW-SW_V1.0.4/Firmware_Software/DAVE project/P2G_FW/Dave/Generated/GLOBAL_DMA\global_dma_conf.c ****  * INCLUDING, BUT NOT LIMITED TO, THE IMPLIED WARRANTIES OF MERCHANTABILITY AND FITNESS FOR A PARTI
  28:E:/NOVA/Assets/IFX_P2G-HW-SW_V1.0.4/Firmware_Software/DAVE project/P2G_FW/Dave/Generated/GLOBAL_DMA\global_dma_conf.c ****  * DISCLAIMED. IN NO EVENT SHALL THE COPYRIGHT HOLDER OR CONTRIBUTORS BE LIABLE  FOR ANY DIRECT, IN
  29:E:/NOVA/Assets/IFX_P2G-HW-SW_V1.0.4/Firmware_Software/DAVE project/P2G_FW/Dave/Generated/GLOBAL_DMA\global_dma_conf.c ****  * SPECIAL, EXEMPLARY, OR CONSEQUENTIAL DAMAGES (INCLUDING, BUT NOT LIMITED TO, PROCUREMENT OF SUBS
  30:E:/NOVA/Assets/IFX_P2G-HW-SW_V1.0.4/Firmware_Software/DAVE project/P2G_FW/Dave/Generated/GLOBAL_DMA\global_dma_conf.c ****  * SERVICES; LOSS OF USE, DATA, OR PROFITS; OR BUSINESS INTERRUPTION) HOWEVER CAUSED AND ON ANY THE
  31:E:/NOVA/Assets/IFX_P2G-HW-SW_V1.0.4/Firmware_Software/DAVE project/P2G_FW/Dave/Generated/GLOBAL_DMA\global_dma_conf.c ****  * WHETHER IN CONTRACT, STRICT LIABILITY,OR TORT (INCLUDING NEGLIGENCE OR OTHERWISE) ARISING IN ANY
  32:E:/NOVA/Assets/IFX_P2G-HW-SW_V1.0.4/Firmware_Software/DAVE project/P2G_FW/Dave/Generated/GLOBAL_DMA\global_dma_conf.c ****  * USE OF THIS SOFTWARE, EVEN IF ADVISED OF THE POSSIBILITY OF SUCH DAMAGE.
  33:E:/NOVA/Assets/IFX_P2G-HW-SW_V1.0.4/Firmware_Software/DAVE project/P2G_FW/Dave/Generated/GLOBAL_DMA\global_dma_conf.c ****  *
  34:E:/NOVA/Assets/IFX_P2G-HW-SW_V1.0.4/Firmware_Software/DAVE project/P2G_FW/Dave/Generated/GLOBAL_DMA\global_dma_conf.c ****  * To improve the quality of the software, users are encouraged to share modifications, enhancement
  35:E:/NOVA/Assets/IFX_P2G-HW-SW_V1.0.4/Firmware_Software/DAVE project/P2G_FW/Dave/Generated/GLOBAL_DMA\global_dma_conf.c ****  * with Infineon Technologies AG (dave@infineon.com).
  36:E:/NOVA/Assets/IFX_P2G-HW-SW_V1.0.4/Firmware_Software/DAVE project/P2G_FW/Dave/Generated/GLOBAL_DMA\global_dma_conf.c ****  **************************************************************************************************
  37:E:/NOVA/Assets/IFX_P2G-HW-SW_V1.0.4/Firmware_Software/DAVE project/P2G_FW/Dave/Generated/GLOBAL_DMA\global_dma_conf.c ****  *
  38:E:/NOVA/Assets/IFX_P2G-HW-SW_V1.0.4/Firmware_Software/DAVE project/P2G_FW/Dave/Generated/GLOBAL_DMA\global_dma_conf.c ****  * Change History
  39:E:/NOVA/Assets/IFX_P2G-HW-SW_V1.0.4/Firmware_Software/DAVE project/P2G_FW/Dave/Generated/GLOBAL_DMA\global_dma_conf.c ****  * --------------
  40:E:/NOVA/Assets/IFX_P2G-HW-SW_V1.0.4/Firmware_Software/DAVE project/P2G_FW/Dave/Generated/GLOBAL_DMA\global_dma_conf.c ****  *
  41:E:/NOVA/Assets/IFX_P2G-HW-SW_V1.0.4/Firmware_Software/DAVE project/P2G_FW/Dave/Generated/GLOBAL_DMA\global_dma_conf.c ****  * 2015-02-20:
  42:E:/NOVA/Assets/IFX_P2G-HW-SW_V1.0.4/Firmware_Software/DAVE project/P2G_FW/Dave/Generated/GLOBAL_DMA\global_dma_conf.c ****  *     - Initial version <br>
  43:E:/NOVA/Assets/IFX_P2G-HW-SW_V1.0.4/Firmware_Software/DAVE project/P2G_FW/Dave/Generated/GLOBAL_DMA\global_dma_conf.c ****  *
  44:E:/NOVA/Assets/IFX_P2G-HW-SW_V1.0.4/Firmware_Software/DAVE project/P2G_FW/Dave/Generated/GLOBAL_DMA\global_dma_conf.c ****  * @endcond
  45:E:/NOVA/Assets/IFX_P2G-HW-SW_V1.0.4/Firmware_Software/DAVE project/P2G_FW/Dave/Generated/GLOBAL_DMA\global_dma_conf.c ****  */
  46:E:/NOVA/Assets/IFX_P2G-HW-SW_V1.0.4/Firmware_Software/DAVE project/P2G_FW/Dave/Generated/GLOBAL_DMA\global_dma_conf.c **** 
  47:E:/NOVA/Assets/IFX_P2G-HW-SW_V1.0.4/Firmware_Software/DAVE project/P2G_FW/Dave/Generated/GLOBAL_DMA\global_dma_conf.c **** /**************************************************************************************************
  48:E:/NOVA/Assets/IFX_P2G-HW-SW_V1.0.4/Firmware_Software/DAVE project/P2G_FW/Dave/Generated/GLOBAL_DMA\global_dma_conf.c ****  * HEADER FILES
  49:E:/NOVA/Assets/IFX_P2G-HW-SW_V1.0.4/Firmware_Software/DAVE project/P2G_FW/Dave/Generated/GLOBAL_DMA\global_dma_conf.c ****  **************************************************************************************************
  50:E:/NOVA/Assets/IFX_P2G-HW-SW_V1.0.4/Firmware_Software/DAVE project/P2G_FW/Dave/Generated/GLOBAL_DMA\global_dma_conf.c **** 
  51:E:/NOVA/Assets/IFX_P2G-HW-SW_V1.0.4/Firmware_Software/DAVE project/P2G_FW/Dave/Generated/GLOBAL_DMA\global_dma_conf.c **** #include "global_dma.h"
  52:E:/NOVA/Assets/IFX_P2G-HW-SW_V1.0.4/Firmware_Software/DAVE project/P2G_FW/Dave/Generated/GLOBAL_DMA\global_dma_conf.c **** 
  53:E:/NOVA/Assets/IFX_P2G-HW-SW_V1.0.4/Firmware_Software/DAVE project/P2G_FW/Dave/Generated/GLOBAL_DMA\global_dma_conf.c **** /**************************************************************************************************
  54:E:/NOVA/Assets/IFX_P2G-HW-SW_V1.0.4/Firmware_Software/DAVE project/P2G_FW/Dave/Generated/GLOBAL_DMA\global_dma_conf.c ****  * DATA STRUCTURES
  55:E:/NOVA/Assets/IFX_P2G-HW-SW_V1.0.4/Firmware_Software/DAVE project/P2G_FW/Dave/Generated/GLOBAL_DMA\global_dma_conf.c ****  **************************************************************************************************
  56:E:/NOVA/Assets/IFX_P2G-HW-SW_V1.0.4/Firmware_Software/DAVE project/P2G_FW/Dave/Generated/GLOBAL_DMA\global_dma_conf.c **** 
  57:E:/NOVA/Assets/IFX_P2G-HW-SW_V1.0.4/Firmware_Software/DAVE project/P2G_FW/Dave/Generated/GLOBAL_DMA\global_dma_conf.c **** GLOBAL_DMA_INTERRUPT_CONFIG_t GLOBAL_DMA_0_CONFIG =
  58:E:/NOVA/Assets/IFX_P2G-HW-SW_V1.0.4/Firmware_Software/DAVE project/P2G_FW/Dave/Generated/GLOBAL_DMA\global_dma_conf.c **** {
  59:E:/NOVA/Assets/IFX_P2G-HW-SW_V1.0.4/Firmware_Software/DAVE project/P2G_FW/Dave/Generated/GLOBAL_DMA\global_dma_conf.c ****   .priority = 63U, /* Node interrupt priority */
  60:E:/NOVA/Assets/IFX_P2G-HW-SW_V1.0.4/Firmware_Software/DAVE project/P2G_FW/Dave/Generated/GLOBAL_DMA\global_dma_conf.c ****   .sub_priority = 0U  /* Node interrupt sub-priority */
  61:E:/NOVA/Assets/IFX_P2G-HW-SW_V1.0.4/Firmware_Software/DAVE project/P2G_FW/Dave/Generated/GLOBAL_DMA\global_dma_conf.c **** };
  62:E:/NOVA/Assets/IFX_P2G-HW-SW_V1.0.4/Firmware_Software/DAVE project/P2G_FW/Dave/Generated/GLOBAL_DMA\global_dma_conf.c **** 
  63:E:/NOVA/Assets/IFX_P2G-HW-SW_V1.0.4/Firmware_Software/DAVE project/P2G_FW/Dave/Generated/GLOBAL_DMA\global_dma_conf.c **** GLOBAL_DMA_t GLOBAL_DMA_0 =
  64:E:/NOVA/Assets/IFX_P2G-HW-SW_V1.0.4/Firmware_Software/DAVE project/P2G_FW/Dave/Generated/GLOBAL_DMA\global_dma_conf.c **** {
  65:E:/NOVA/Assets/IFX_P2G-HW-SW_V1.0.4/Firmware_Software/DAVE project/P2G_FW/Dave/Generated/GLOBAL_DMA\global_dma_conf.c ****   .dma = XMC_DMA1, /* Which DMA module? */
  66:E:/NOVA/Assets/IFX_P2G-HW-SW_V1.0.4/Firmware_Software/DAVE project/P2G_FW/Dave/Generated/GLOBAL_DMA\global_dma_conf.c ****   .config = &GLOBAL_DMA_0_CONFIG, /* A reference to interrupt config */
  67:E:/NOVA/Assets/IFX_P2G-HW-SW_V1.0.4/Firmware_Software/DAVE project/P2G_FW/Dave/Generated/GLOBAL_DMA\global_dma_conf.c ****   .initialized = (bool)0U, /* Is DMA initialized yet? */
  68:E:/NOVA/Assets/IFX_P2G-HW-SW_V1.0.4/Firmware_Software/DAVE project/P2G_FW/Dave/Generated/GLOBAL_DMA\global_dma_conf.c ****   .irq_node = (IRQn_Type)110U /* Allotted DMA IRQ node */
  69:E:/NOVA/Assets/IFX_P2G-HW-SW_V1.0.4/Firmware_Software/DAVE project/P2G_FW/Dave/Generated/GLOBAL_DMA\global_dma_conf.c **** };
  70:E:/NOVA/Assets/IFX_P2G-HW-SW_V1.0.4/Firmware_Software/DAVE project/P2G_FW/Dave/Generated/GLOBAL_DMA\global_dma_conf.c **** 
  71:E:/NOVA/Assets/IFX_P2G-HW-SW_V1.0.4/Firmware_Software/DAVE project/P2G_FW/Dave/Generated/GLOBAL_DMA\global_dma_conf.c **** void GPDMA0_0_IRQHandler(void)
  72:E:/NOVA/Assets/IFX_P2G-HW-SW_V1.0.4/Firmware_Software/DAVE project/P2G_FW/Dave/Generated/GLOBAL_DMA\global_dma_conf.c **** {
  28              	 .loc 1 72 0
  29              	 .cfi_startproc
  30              	 
  31              	 
  32              	 
  73:E:/NOVA/Assets/IFX_P2G-HW-SW_V1.0.4/Firmware_Software/DAVE project/P2G_FW/Dave/Generated/GLOBAL_DMA\global_dma_conf.c ****   XMC_DMA_IRQHandler(XMC_DMA0);
  33              	 .loc 1 73 0
  34 0000 0148     	 ldr r0,.L2
  35 0002 FFF7FEBF 	 b XMC_DMA_IRQHandler
  36              	.LVL0:
  37              	.L3:
  38 0006 00BF     	 .align 2
  39              	.L2:
  40 0008 00400150 	 .word 1342259200
  41              	 .cfi_endproc
  42              	.LFE140:
  44              	 .section .text.GPDMA1_0_IRQHandler,"ax",%progbits
  45              	 .align 2
  46              	 .global GPDMA1_0_IRQHandler
  47              	 .thumb
  48              	 .thumb_func
  50              	GPDMA1_0_IRQHandler:
  51              	.LFB141:
  74:E:/NOVA/Assets/IFX_P2G-HW-SW_V1.0.4/Firmware_Software/DAVE project/P2G_FW/Dave/Generated/GLOBAL_DMA\global_dma_conf.c **** }
  75:E:/NOVA/Assets/IFX_P2G-HW-SW_V1.0.4/Firmware_Software/DAVE project/P2G_FW/Dave/Generated/GLOBAL_DMA\global_dma_conf.c **** 
  76:E:/NOVA/Assets/IFX_P2G-HW-SW_V1.0.4/Firmware_Software/DAVE project/P2G_FW/Dave/Generated/GLOBAL_DMA\global_dma_conf.c **** #ifdef XMC_DMA1
  77:E:/NOVA/Assets/IFX_P2G-HW-SW_V1.0.4/Firmware_Software/DAVE project/P2G_FW/Dave/Generated/GLOBAL_DMA\global_dma_conf.c **** void GPDMA1_0_IRQHandler(void)
  78:E:/NOVA/Assets/IFX_P2G-HW-SW_V1.0.4/Firmware_Software/DAVE project/P2G_FW/Dave/Generated/GLOBAL_DMA\global_dma_conf.c **** {
  52              	 .loc 1 78 0
  53              	 .cfi_startproc
  54              	 
  55              	 
  56              	 
  79:E:/NOVA/Assets/IFX_P2G-HW-SW_V1.0.4/Firmware_Software/DAVE project/P2G_FW/Dave/Generated/GLOBAL_DMA\global_dma_conf.c ****   XMC_DMA_IRQHandler(XMC_DMA1);
  57              	 .loc 1 79 0
  58 0000 0148     	 ldr r0,.L5
  59 0002 FFF7FEBF 	 b XMC_DMA_IRQHandler
  60              	.LVL1:
  61              	.L6:
  62 0006 00BF     	 .align 2
  63              	.L5:
  64 0008 00800150 	 .word 1342275584
  65              	 .cfi_endproc
  66              	.LFE141:
  68              	 .global GLOBAL_DMA_0
  69              	 .global GLOBAL_DMA_0_CONFIG
  70              	 .section .data.GLOBAL_DMA_0_CONFIG,"aw",%progbits
  71              	 .align 2
  74              	GLOBAL_DMA_0_CONFIG:
  75 0000 3F       	 .byte 63
  76 0001 00       	 .byte 0
  77 0002 0000     	 .section .data.GLOBAL_DMA_0,"aw",%progbits
  78              	 .align 2
  81              	GLOBAL_DMA_0:
  82 0000 00800150 	 .word 1342275584
  83 0004 00000000 	 .word GLOBAL_DMA_0_CONFIG
  84 0008 00       	 .byte 0
  85 0009 6E       	 .byte 110
  86 000a 0000     	 .space 2
  87              	 .text
  88              	.Letext0:
  89              	 .file 2 "c:\\infineon\\tools\\dave ide\\4.5.0.202105191637\\eclipse\\arm-gcc-49\\arm-none-eabi\\include\\machine\\_default_types.h"
  90              	 .file 3 "c:\\infineon\\tools\\dave ide\\4.5.0.202105191637\\eclipse\\arm-gcc-49\\arm-none-eabi\\include\\stdint.h"
  91              	 .file 4 "E:/NOVA/Assets/IFX_P2G-HW-SW_V1.0.4/Firmware_Software/DAVE project/P2G_FMCW/Libraries/CMSIS/Infineon/XMC4700_series/Include/XMC4700.h"
  92              	 .file 5 "E:/NOVA/Assets/IFX_P2G-HW-SW_V1.0.4/Firmware_Software/DAVE project/P2G_FMCW/Libraries/XMCLib/inc/xmc_dma.h"
  93              	 .file 6 "E:/NOVA/Assets/IFX_P2G-HW-SW_V1.0.4/Firmware_Software/DAVE project/P2G_FW/Dave/Generated/GLOBAL_DMA/global_dma.h"
  94              	 .file 7 "E:/NOVA/Assets/IFX_P2G-HW-SW_V1.0.4/Firmware_Software/DAVE project/P2G_FMCW/Libraries/CMSIS/Include/core_cm4.h"
DEFINED SYMBOLS
                            *ABS*:00000000 global_dma_conf.c
    {standard input}:20     .text.GPDMA0_0_IRQHandler:00000000 $t
    {standard input}:25     .text.GPDMA0_0_IRQHandler:00000000 GPDMA0_0_IRQHandler
    {standard input}:40     .text.GPDMA0_0_IRQHandler:00000008 $d
    {standard input}:45     .text.GPDMA1_0_IRQHandler:00000000 $t
    {standard input}:50     .text.GPDMA1_0_IRQHandler:00000000 GPDMA1_0_IRQHandler
    {standard input}:64     .text.GPDMA1_0_IRQHandler:00000008 $d
    {standard input}:81     .data.GLOBAL_DMA_0:00000000 GLOBAL_DMA_0
    {standard input}:74     .data.GLOBAL_DMA_0_CONFIG:00000000 GLOBAL_DMA_0_CONFIG
    {standard input}:71     .data.GLOBAL_DMA_0_CONFIG:00000000 $d
    {standard input}:78     .data.GLOBAL_DMA_0:00000000 $d
                     .debug_frame:00000010 $d

UNDEFINED SYMBOLS
XMC_DMA_IRQHandler
