   1              	 .syntax unified
   2              	 .cpu cortex-m4
   3              	 .eabi_attribute 27,3
   4              	 .fpu fpv4-sp-d16
   5              	 .eabi_attribute 20,1
   6              	 .eabi_attribute 21,1
   7              	 .eabi_attribute 23,3
   8              	 .eabi_attribute 24,1
   9              	 .eabi_attribute 25,1
  10              	 .eabi_attribute 26,1
  11              	 .eabi_attribute 30,2
  12              	 .eabi_attribute 34,1
  13              	 .eabi_attribute 18,4
  14              	 .thumb
  15              	 .file "usb_task.c"
  16              	 .text
  17              	.Ltext0:
  18              	 .cfi_sections .debug_frame
  19              	 .comm USB_DeviceState,1,1
  20              	 .comm USB_ControlRequest,8,4
  21              	 .comm USB_IsInitialized,1,1
  22              	.Letext0:
  23              	 .file 1 "c:\\infineon\\tools\\dave ide\\4.5.0.202105191637\\eclipse\\arm-gcc-49\\arm-none-eabi\\include\\machine\\_default_types.h"
  24              	 .file 2 "c:\\infineon\\tools\\dave ide\\4.5.0.202105191637\\eclipse\\arm-gcc-49\\arm-none-eabi\\include\\stdint.h"
  25              	 .file 3 "E:/NOVA/Assets/IFX_P2G-HW-SW_V1.0.4/Firmware_Software/DAVE project/P2G_FW/Dave/Generated/USBD/usb/core/std_request_type.h"
  26              	 .file 4 "E:/NOVA/Assets/IFX_P2G-HW-SW_V1.0.4/Firmware_Software/DAVE project/P2G_FMCW/Libraries/CMSIS/Infineon/XMC4700_series/Include/XMC4700.h"
  27              	 .file 5 "E:/NOVA/Assets/IFX_P2G-HW-SW_V1.0.4/Firmware_Software/DAVE project/P2G_FMCW/Libraries/XMCLib/inc/xmc_usbd_regs.h"
  28              	 .file 6 "E:/NOVA/Assets/IFX_P2G-HW-SW_V1.0.4/Firmware_Software/DAVE project/P2G_FMCW/Libraries/XMCLib/inc/xmc_usbd.h"
  29              	 .file 7 "e:\\nova\\assets\\ifx_p2g-hw-sw_v1.0.4\\firmware_software\\dave project\\p2g_fw\\dave\\generated\\usbd\\usbd.h"
  30              	 .file 8 "E:/NOVA/Assets/IFX_P2G-HW-SW_V1.0.4/Firmware_Software/DAVE project/P2G_FMCW/Libraries/CMSIS/Include/core_cm4.h"
  31              	 .file 9 "E:/NOVA/Assets/IFX_P2G-HW-SW_V1.0.4/Firmware_Software/DAVE project/P2G_FMCW/Libraries/CMSIS/Infineon/XMC4700_series/Include/system_XMC4700.h"
  32              	 .file 10 "e:\\nova\\assets\\ifx_p2g-hw-sw_v1.0.4\\firmware_software\\dave project\\p2g_fw\\dave\\generated\\usbd\\usbd_extern.h"
  33              	 .file 11 "E:/NOVA/Assets/IFX_P2G-HW-SW_V1.0.4/Firmware_Software/DAVE project/P2G_FW/Dave/Generated/USBD/usb/core/usb_task.c"
DEFINED SYMBOLS
                            *ABS*:00000000 usb_task.c
                            *COM*:00000001 USB_DeviceState
                            *COM*:00000008 USB_ControlRequest
                            *COM*:00000001 USB_IsInitialized

NO UNDEFINED SYMBOLS
