   1              	 .syntax unified
   2              	 .cpu cortex-m4
   3              	 .eabi_attribute 27,3
   4              	 .fpu fpv4-sp-d16
   5              	 .eabi_attribute 20,1
   6              	 .eabi_attribute 21,1
   7              	 .eabi_attribute 23,3
   8              	 .eabi_attribute 24,1
   9              	 .eabi_attribute 25,1
  10              	 .eabi_attribute 26,1
  11              	 .eabi_attribute 30,2
  12              	 .eabi_attribute 34,1
  13              	 .eabi_attribute 18,4
  14              	 .thumb
  15              	 .file "interrupt_conf.c"
  16              	 .text
  17              	.Ltext0:
  18              	 .cfi_sections .debug_frame
  19              	 .global INTERRUPT_WATCHDOG
  20              	 .global INTERRUPT_FRAME
  21              	 .section .rodata.INTERRUPT_WATCHDOG,"a",%progbits
  22              	 .align 2
  25              	INTERRUPT_WATCHDOG:
  26 0000 39       	 .byte 57
  27 0001 3D       	 .byte 61
  28 0002 00       	 .byte 0
  29 0003 01       	 .byte 1
  30              	 .section .rodata.INTERRUPT_FRAME,"a",%progbits
  31              	 .align 2
  34              	INTERRUPT_FRAME:
  35 0000 38       	 .byte 56
  36 0001 3D       	 .byte 61
  37 0002 00       	 .byte 0
  38 0003 01       	 .byte 1
  39              	 .text
  40              	.Letext0:
  41              	 .file 1 "c:\\infineon\\tools\\dave ide\\4.5.0.202105191637\\eclipse\\arm-gcc-49\\arm-none-eabi\\include\\machine\\_default_types.h"
  42              	 .file 2 "c:\\infineon\\tools\\dave ide\\4.5.0.202105191637\\eclipse\\arm-gcc-49\\arm-none-eabi\\include\\stdint.h"
  43              	 .file 3 "E:/NOVA/Assets/IFX_P2G-HW-SW_V1.0.4/Firmware_Software/DAVE project/P2G_FMCW/Libraries/CMSIS/Infineon/XMC4700_series/Include/XMC4700.h"
  44              	 .file 4 "E:/NOVA/Assets/IFX_P2G-HW-SW_V1.0.4/Firmware_Software/DAVE project/P2G_FW/Dave/Generated/INTERRUPT/interrupt.h"
  45              	 .file 5 "E:/NOVA/Assets/IFX_P2G-HW-SW_V1.0.4/Firmware_Software/DAVE project/P2G_FMCW/Libraries/CMSIS/Include/core_cm4.h"
  46              	 .file 6 "E:/NOVA/Assets/IFX_P2G-HW-SW_V1.0.4/Firmware_Software/DAVE project/P2G_FW/Dave/Generated/INTERRUPT/interrupt_conf.c"
DEFINED SYMBOLS
                            *ABS*:00000000 interrupt_conf.c
    {standard input}:25     .rodata.INTERRUPT_WATCHDOG:00000000 INTERRUPT_WATCHDOG
    {standard input}:34     .rodata.INTERRUPT_FRAME:00000000 INTERRUPT_FRAME
    {standard input}:22     .rodata.INTERRUPT_WATCHDOG:00000000 $d
    {standard input}:31     .rodata.INTERRUPT_FRAME:00000000 $d

NO UNDEFINED SYMBOLS
