   1              	 .syntax unified
   2              	 .cpu cortex-m4
   3              	 .eabi_attribute 27,3
   4              	 .fpu fpv4-sp-d16
   5              	 .eabi_attribute 20,1
   6              	 .eabi_attribute 21,1
   7              	 .eabi_attribute 23,3
   8              	 .eabi_attribute 24,1
   9              	 .eabi_attribute 25,1
  10              	 .eabi_attribute 26,1
  11              	 .eabi_attribute 30,2
  12              	 .eabi_attribute 34,1
  13              	 .eabi_attribute 18,4
  14              	 .thumb
  15              	 .file "ds_radar_interface.c"
  16              	 .text
  17              	.Ltext0:
  18              	 .cfi_sections .debug_frame
  19              	 .section .text.ds_ep_fetch_adc_config,"ax",%progbits
  20              	 .align 2
  21              	 .global ds_ep_fetch_adc_config
  22              	 .thumb
  23              	 .thumb_func
  25              	ds_ep_fetch_adc_config:
  26              	.LFB470:
  27              	 .file 1 "../Store/src/ds_radar_interface.c"
   1:../Store/src/ds_radar_interface.c **** /**
   2:../Store/src/ds_radar_interface.c ****     @file  ds_radar_interface.c
   3:../Store/src/ds_radar_interface.c **** 
   4:../Store/src/ds_radar_interface.c ****   	@brief This file includes the function to access data structure from data store.
   5:../Store/src/ds_radar_interface.c **** */
   6:../Store/src/ds_radar_interface.c **** 
   7:../Store/src/ds_radar_interface.c **** /* ===========================================================================
   8:../Store/src/ds_radar_interface.c **** ** Copyright (C) 2018-2019 Infineon Technologies AG
   9:../Store/src/ds_radar_interface.c **** ** All rights reserved.
  10:../Store/src/ds_radar_interface.c **** ** ===========================================================================
  11:../Store/src/ds_radar_interface.c **** **
  12:../Store/src/ds_radar_interface.c **** ** ===========================================================================
  13:../Store/src/ds_radar_interface.c **** ** This document contains proprietary information of Infineon Technologies AG.
  14:../Store/src/ds_radar_interface.c **** ** Passing on and copying of this document, and communication of its contents
  15:../Store/src/ds_radar_interface.c **** ** is not permitted without Infineon's prior written authorization.
  16:../Store/src/ds_radar_interface.c **** ** ===========================================================================
  17:../Store/src/ds_radar_interface.c **** */
  18:../Store/src/ds_radar_interface.c **** 
  19:../Store/src/ds_radar_interface.c **** /*
  20:../Store/src/ds_radar_interface.c **** ==============================================================================
  21:../Store/src/ds_radar_interface.c ****    1. INCLUDE FILES
  22:../Store/src/ds_radar_interface.c **** ==============================================================================
  23:../Store/src/ds_radar_interface.c ****  */
  24:../Store/src/ds_radar_interface.c **** 
  25:../Store/src/ds_radar_interface.c **** #include "ds_radar_interface.h"
  26:../Store/src/ds_radar_interface.c **** #include "version.h"
  27:../Store/src/ds_radar_interface.c **** 
  28:../Store/src/ds_radar_interface.c **** /*
  29:../Store/src/ds_radar_interface.c **** ==============================================================================
  30:../Store/src/ds_radar_interface.c ****    2. DATA
  31:../Store/src/ds_radar_interface.c **** ==============================================================================
  32:../Store/src/ds_radar_interface.c ****  */
  33:../Store/src/ds_radar_interface.c **** 
  34:../Store/src/ds_radar_interface.c **** /* ***************** Get data structures from datastore ******************* */
  35:../Store/src/ds_radar_interface.c **** 
  36:../Store/src/ds_radar_interface.c **** extern float result_range_detection_threshold;
  37:../Store/src/ds_radar_interface.c **** 
  38:../Store/src/ds_radar_interface.c **** /* Global constant structure to store the device info, this only holds compile time defines, so no 
  39:../Store/src/ds_radar_interface.c **** const Device_Info_t cg_device_info_struct = {
  40:../Store/src/ds_radar_interface.c ****   .description           = DEMO_DESCRIPTION,
  41:../Store/src/ds_radar_interface.c ****   .major_version_hw      = HW_VERSION_MAJOR,
  42:../Store/src/ds_radar_interface.c ****   .minor_version_hw      = HW_VERSION_MINOR,
  43:../Store/src/ds_radar_interface.c ****   .num_tx_antennas       = BSP_NUM_TX_ANTENNAS,
  44:../Store/src/ds_radar_interface.c ****   .num_rx_antennas       = BSP_NUM_RX_ANTENNAS,
  45:../Store/src/ds_radar_interface.c ****   .num_temp_sensors      = BSP_NUM_TEMP_SENSORS,
  46:../Store/src/ds_radar_interface.c ****   .max_tx_power          = BSP_MAX_TX_POWER_LEVEL,
  47:../Store/src/ds_radar_interface.c ****   .min_rf_frequency_kHz  = BSP_MIN_RF_FREQUENCY_KHZ,
  48:../Store/src/ds_radar_interface.c ****   .max_rf_frequency_kHz  = BSP_MAX_RF_FREQUENCY_KHZ,
  49:../Store/src/ds_radar_interface.c ****   .interleaved_rx        = 0,
  50:../Store/src/ds_radar_interface.c ****   .data_format 	         = RADAR_RX_DATA_COMPLEX
  51:../Store/src/ds_radar_interface.c **** };
  52:../Store/src/ds_radar_interface.c **** 
  53:../Store/src/ds_radar_interface.c **** /*
  54:../Store/src/ds_radar_interface.c **** ==============================================================================
  55:../Store/src/ds_radar_interface.c ****    3. EXPORTED FUNCTIONS
  56:../Store/src/ds_radar_interface.c **** ==============================================================================
  57:../Store/src/ds_radar_interface.c ****  */
  58:../Store/src/ds_radar_interface.c **** 
  59:../Store/src/ds_radar_interface.c **** void ds_ep_fetch_adc_config(Adc_Configuration_t *ptr)
  60:../Store/src/ds_radar_interface.c **** {
  28              	 .loc 1 60 0
  29              	 .cfi_startproc
  30              	 
  31              	 
  32              	.LVL0:
  33 0000 10B5     	 push {r4,lr}
  34              	.LCFI0:
  35              	 .cfi_def_cfa_offset 8
  36              	 .cfi_offset 4,-8
  37              	 .cfi_offset 14,-4
  38              	 .loc 1 60 0
  39 0002 0446     	 mov r4,r0
  61:../Store/src/ds_radar_interface.c **** 	device_settings_t *p_dev   = ds_device_get_settings();
  40              	 .loc 1 61 0
  41 0004 FFF7FEFF 	 bl ds_device_get_settings
  42              	.LVL1:
  62:../Store/src/ds_radar_interface.c **** 	ptr->samplerate_Hz 		   = p_dev->adc_sampling_freq_Hz;
  43              	 .loc 1 62 0
  44 0008 C369     	 ldr r3,[r0,#28]
  45 000a 2360     	 str r3,[r4]
  63:../Store/src/ds_radar_interface.c **** 	ptr->resolution    		   = p_dev->adc_resolution;
  46              	 .loc 1 63 0
  47 000c 90F82030 	 ldrb r3,[r0,#32]
  48 0010 2371     	 strb r3,[r4,#4]
  64:../Store/src/ds_radar_interface.c **** 	ptr->use_post_calibration  = p_dev->adc_use_post_calibration;
  49              	 .loc 1 64 0
  50 0012 90F82130 	 ldrb r3,[r0,#33]
  51 0016 6371     	 strb r3,[r4,#5]
  52 0018 10BD     	 pop {r4,pc}
  53              	 .cfi_endproc
  54              	.LFE470:
  56 001a 00BF     	 .section .text.ds_ep_store_adc_config,"ax",%progbits
  57              	 .align 2
  58              	 .global ds_ep_store_adc_config
  59              	 .thumb
  60              	 .thumb_func
  62              	ds_ep_store_adc_config:
  63              	.LFB471:
  65:../Store/src/ds_radar_interface.c **** }
  66:../Store/src/ds_radar_interface.c **** 
  67:../Store/src/ds_radar_interface.c **** //============================================================================
  68:../Store/src/ds_radar_interface.c **** 
  69:../Store/src/ds_radar_interface.c **** uint16_t ds_ep_store_adc_config(const Adc_Configuration_t *p_config)
  70:../Store/src/ds_radar_interface.c **** {
  64              	 .loc 1 70 0
  65              	 .cfi_startproc
  66              	 
  67              	 
  68              	.LVL2:
  71:../Store/src/ds_radar_interface.c ****   uint16_t status = RADAR_ERR_BUSY;
  72:../Store/src/ds_radar_interface.c **** 
  73:../Store/src/ds_radar_interface.c ****   if(p_config != NULL)
  69              	 .loc 1 73 0
  70 0000 68B1     	 cbz r0,.L5
  70:../Store/src/ds_radar_interface.c ****   uint16_t status = RADAR_ERR_BUSY;
  71              	 .loc 1 70 0
  72 0002 10B5     	 push {r4,lr}
  73              	.LCFI1:
  74              	 .cfi_def_cfa_offset 8
  75              	 .cfi_offset 4,-8
  76              	 .cfi_offset 14,-4
  77 0004 0446     	 mov r4,r0
  78              	.LBB2:
  74:../Store/src/ds_radar_interface.c ****   {
  75:../Store/src/ds_radar_interface.c **** 	  device_settings_t *p_dev		   = ds_device_get_settings();
  79              	 .loc 1 75 0
  80 0006 FFF7FEFF 	 bl ds_device_get_settings
  81              	.LVL3:
  76:../Store/src/ds_radar_interface.c **** 	  p_dev->adc_sampling_freq_Hz 	   = p_config->samplerate_Hz;
  82              	 .loc 1 76 0
  83 000a 2368     	 ldr r3,[r4]
  84 000c C361     	 str r3,[r0,#28]
  77:../Store/src/ds_radar_interface.c **** 	  p_dev->adc_resolution    		   = p_config->resolution;
  85              	 .loc 1 77 0
  86 000e 2379     	 ldrb r3,[r4,#4]
  87 0010 80F82030 	 strb r3,[r0,#32]
  78:../Store/src/ds_radar_interface.c **** 	  p_dev->adc_use_post_calibration  = p_config->use_post_calibration;
  88              	 .loc 1 78 0
  89 0014 6379     	 ldrb r3,[r4,#5]
  90 0016 80F82130 	 strb r3,[r0,#33]
  91              	.LVL4:
  79:../Store/src/ds_radar_interface.c **** 
  80:../Store/src/ds_radar_interface.c **** 	  status = RADAR_ERR_OK;
  92              	 .loc 1 80 0
  93 001a 0020     	 movs r0,#0
  94              	.LVL5:
  95 001c 10BD     	 pop {r4,pc}
  96              	.LVL6:
  97              	.L5:
  98              	.LCFI2:
  99              	 .cfi_def_cfa_offset 0
 100              	 .cfi_restore 4
 101              	 .cfi_restore 14
 102              	.LBE2:
  71:../Store/src/ds_radar_interface.c **** 
 103              	 .loc 1 71 0
 104 001e 0220     	 movs r0,#2
 105              	.LVL7:
 106 0020 7047     	 bx lr
 107              	 .cfi_endproc
 108              	.LFE471:
 110 0022 00BF     	 .section .text.ds_ep_fetch_doppler_config,"ax",%progbits
 111              	 .align 2
 112              	 .global ds_ep_fetch_doppler_config
 113              	 .thumb
 114              	 .thumb_func
 116              	ds_ep_fetch_doppler_config:
 117              	.LFB472:
  81:../Store/src/ds_radar_interface.c ****   }
  82:../Store/src/ds_radar_interface.c ****   return (status);
  83:../Store/src/ds_radar_interface.c **** }
  84:../Store/src/ds_radar_interface.c **** 
  85:../Store/src/ds_radar_interface.c **** //============================================================================
  86:../Store/src/ds_radar_interface.c **** 
  87:../Store/src/ds_radar_interface.c **** void ds_ep_fetch_doppler_config(Doppler_Configuration_t *config)
  88:../Store/src/ds_radar_interface.c **** {
 118              	 .loc 1 88 0
 119              	 .cfi_startproc
 120              	 
 121              	 
 122              	.LVL8:
 123 0000 10B5     	 push {r4,lr}
 124              	.LCFI3:
 125              	 .cfi_def_cfa_offset 8
 126              	 .cfi_offset 4,-8
 127              	 .cfi_offset 14,-4
 128              	 .loc 1 88 0
 129 0002 0446     	 mov r4,r0
  89:../Store/src/ds_radar_interface.c **** 	device_settings_t *p_dev  = ds_device_get_settings();
 130              	 .loc 1 89 0
 131 0004 FFF7FEFF 	 bl ds_device_get_settings
 132              	.LVL9:
  90:../Store/src/ds_radar_interface.c ****     config->frequency_kHz 	  = p_dev->pll_frequency_kHz;
 133              	 .loc 1 90 0
 134 0008 D0ED017A 	 flds s15,[r0,#4]
 135 000c FCEEE77A 	 ftouizs s15,s15
 136 0010 C4ED007A 	 fsts s15,[r4]
  91:../Store/src/ds_radar_interface.c ****     config->tx_power 		  = p_dev->bgt_tx_power_level;
 137              	 .loc 1 91 0
 138 0014 90F82530 	 ldrb r3,[r0,#37]
 139 0018 2371     	 strb r3,[r4,#4]
 140 001a 10BD     	 pop {r4,pc}
 141              	 .cfi_endproc
 142              	.LFE472:
 144              	 .section .text.ds_ep_store_doppler_config,"ax",%progbits
 145              	 .align 2
 146              	 .global ds_ep_store_doppler_config
 147              	 .thumb
 148              	 .thumb_func
 150              	ds_ep_store_doppler_config:
 151              	.LFB473:
  92:../Store/src/ds_radar_interface.c **** }
  93:../Store/src/ds_radar_interface.c **** 
  94:../Store/src/ds_radar_interface.c **** //============================================================================
  95:../Store/src/ds_radar_interface.c **** 
  96:../Store/src/ds_radar_interface.c **** uint16_t ds_ep_store_doppler_config(const Doppler_Configuration_t *config)
  97:../Store/src/ds_radar_interface.c **** {
 152              	 .loc 1 97 0
 153              	 .cfi_startproc
 154              	 
 155              	 
 156              	.LVL10:
  98:../Store/src/ds_radar_interface.c ****   uint16_t status = RADAR_ERR_BUSY;
  99:../Store/src/ds_radar_interface.c **** 
 100:../Store/src/ds_radar_interface.c ****   if(config != NULL)
 157              	 .loc 1 100 0
 158 0000 80B1     	 cbz r0,.L13
  97:../Store/src/ds_radar_interface.c ****   uint16_t status = RADAR_ERR_BUSY;
 159              	 .loc 1 97 0
 160 0002 10B5     	 push {r4,lr}
 161              	.LCFI4:
 162              	 .cfi_def_cfa_offset 8
 163              	 .cfi_offset 4,-8
 164              	 .cfi_offset 14,-4
 165 0004 0446     	 mov r4,r0
 166              	.LBB3:
 101:../Store/src/ds_radar_interface.c ****   {
 102:../Store/src/ds_radar_interface.c **** 	  device_settings_t *p_dev		   = ds_device_get_settings();
 167              	 .loc 1 102 0
 168 0006 FFF7FEFF 	 bl ds_device_get_settings
 169              	.LVL11:
 103:../Store/src/ds_radar_interface.c **** 	  p_dev->pll_frequency_kHz 		   = config->frequency_kHz;
 170              	 .loc 1 103 0
 171 000a D4ED007A 	 flds s15,[r4]
 172 000e F8EE677A 	 fuitos s15,s15
 104:../Store/src/ds_radar_interface.c **** 	  p_dev->bgt_tx_power_level 	   = config->tx_power;
 105:../Store/src/ds_radar_interface.c **** 	  p_dev->isUpdated_doppler_config  = 1;
 173              	 .loc 1 105 0
 174 0012 0123     	 movs r3,#1
 103:../Store/src/ds_radar_interface.c **** 	  p_dev->pll_frequency_kHz 		   = config->frequency_kHz;
 175              	 .loc 1 103 0
 176 0014 C0ED017A 	 fsts s15,[r0,#4]
 104:../Store/src/ds_radar_interface.c **** 	  p_dev->bgt_tx_power_level 	   = config->tx_power;
 177              	 .loc 1 104 0
 178 0018 2279     	 ldrb r2,[r4,#4]
 179 001a 80F82520 	 strb r2,[r0,#37]
 180              	 .loc 1 105 0
 181 001e 0364     	 str r3,[r0,#64]
 182              	.LVL12:
 106:../Store/src/ds_radar_interface.c **** 
 107:../Store/src/ds_radar_interface.c **** 	  status = RADAR_ERR_OK;
 183              	 .loc 1 107 0
 184 0020 0020     	 movs r0,#0
 185              	.LVL13:
 186 0022 10BD     	 pop {r4,pc}
 187              	.LVL14:
 188              	.L13:
 189              	.LCFI5:
 190              	 .cfi_def_cfa_offset 0
 191              	 .cfi_restore 4
 192              	 .cfi_restore 14
 193              	.LBE3:
  98:../Store/src/ds_radar_interface.c **** 
 194              	 .loc 1 98 0
 195 0024 0220     	 movs r0,#2
 196              	.LVL15:
 197 0026 7047     	 bx lr
 198              	 .cfi_endproc
 199              	.LFE473:
 201              	 .section .text.ds_ep_fetch_fmcw_config,"ax",%progbits
 202              	 .align 2
 203              	 .global ds_ep_fetch_fmcw_config
 204              	 .thumb
 205              	 .thumb_func
 207              	ds_ep_fetch_fmcw_config:
 208              	.LFB474:
 108:../Store/src/ds_radar_interface.c ****   }
 109:../Store/src/ds_radar_interface.c ****   return (status);
 110:../Store/src/ds_radar_interface.c **** }
 111:../Store/src/ds_radar_interface.c **** 
 112:../Store/src/ds_radar_interface.c **** //============================================================================
 113:../Store/src/ds_radar_interface.c **** 
 114:../Store/src/ds_radar_interface.c **** void ds_ep_fetch_fmcw_config(Fmcw_Configuration_t *config)
 115:../Store/src/ds_radar_interface.c **** {
 209              	 .loc 1 115 0
 210              	 .cfi_startproc
 211              	 
 212              	 
 213              	.LVL16:
 214 0000 10B5     	 push {r4,lr}
 215              	.LCFI6:
 216              	 .cfi_def_cfa_offset 8
 217              	 .cfi_offset 4,-8
 218              	 .cfi_offset 14,-4
 219              	 .loc 1 115 0
 220 0002 0446     	 mov r4,r0
 116:../Store/src/ds_radar_interface.c ****   device_settings_t *p_dev	   		= ds_device_get_settings();
 221              	 .loc 1 116 0
 222 0004 FFF7FEFF 	 bl ds_device_get_settings
 223              	.LVL17:
 117:../Store/src/ds_radar_interface.c ****   config->lower_frequency_kHz  		= p_dev->pll_lower_frequency_kHz;
 224              	 .loc 1 117 0
 225 0008 90ED027A 	 flds s14,[r0,#8]
 118:../Store/src/ds_radar_interface.c ****   config->upper_frequency_kHz  		= p_dev->pll_upper_frequency_kHz;
 226              	 .loc 1 118 0
 227 000c D0ED037A 	 flds s15,[r0,#12]
 119:../Store/src/ds_radar_interface.c ****   config->direction 		   		= RADAR_DIR_UPCHIRP_ONLY;
 120:../Store/src/ds_radar_interface.c ****   config->tx_power 			   		= p_dev->bgt_tx_power_level;
 121:../Store/src/ds_radar_interface.c ****   config->up_chirp_duration_nsec 	= p_dev->pll_chirp_time_usec * 1000U;
 122:../Store/src/ds_radar_interface.c ****   config->down_chirp_duration_nsec  = (PLL_RAMP_DOWM_TIME_USEC) * 1000U;
 228              	 .loc 1 122 0
 229 0010 0B4A     	 ldr r2,.L18
 117:../Store/src/ds_radar_interface.c ****   config->upper_frequency_kHz  		= p_dev->pll_upper_frequency_kHz;
 230              	 .loc 1 117 0
 231 0012 BCEEC77A 	 ftouizs s14,s14
 118:../Store/src/ds_radar_interface.c ****   config->upper_frequency_kHz  		= p_dev->pll_upper_frequency_kHz;
 232              	 .loc 1 118 0
 233 0016 FCEEE77A 	 ftouizs s15,s15
 119:../Store/src/ds_radar_interface.c ****   config->direction 		   		= RADAR_DIR_UPCHIRP_ONLY;
 234              	 .loc 1 119 0
 235 001a 0023     	 movs r3,#0
 117:../Store/src/ds_radar_interface.c ****   config->upper_frequency_kHz  		= p_dev->pll_upper_frequency_kHz;
 236              	 .loc 1 117 0
 237 001c 84ED007A 	 fsts s14,[r4]
 118:../Store/src/ds_radar_interface.c ****   config->upper_frequency_kHz  		= p_dev->pll_upper_frequency_kHz;
 238              	 .loc 1 118 0
 239 0020 C4ED017A 	 fsts s15,[r4,#4]
 119:../Store/src/ds_radar_interface.c ****   config->direction 		   		= RADAR_DIR_UPCHIRP_ONLY;
 240              	 .loc 1 119 0
 241 0024 2372     	 strb r3,[r4,#8]
 120:../Store/src/ds_radar_interface.c ****   config->up_chirp_duration_nsec 	= p_dev->pll_chirp_time_usec * 1000U;
 242              	 .loc 1 120 0
 243 0026 90F82530 	 ldrb r3,[r0,#37]
 244 002a 6372     	 strb r3,[r4,#9]
 121:../Store/src/ds_radar_interface.c ****   config->down_chirp_duration_nsec  = (PLL_RAMP_DOWM_TIME_USEC) * 1000U;
 245              	 .loc 1 121 0
 246 002c 0168     	 ldr r1,[r0]
 247              	 .loc 1 122 0
 248 002e 2261     	 str r2,[r4,#16]
 121:../Store/src/ds_radar_interface.c ****   config->down_chirp_duration_nsec  = (PLL_RAMP_DOWM_TIME_USEC) * 1000U;
 249              	 .loc 1 121 0
 250 0030 4FF47A73 	 mov r3,#1000
 251 0034 03FB01F3 	 mul r3,r3,r1
 252 0038 E360     	 str r3,[r4,#12]
 123:../Store/src/ds_radar_interface.c ****   config->chirp_to_chirp_delay_nsec = (PLL_STEADY_STATE_USEC)* 1000U;
 253              	 .loc 1 123 0
 254 003a 6261     	 str r2,[r4,#20]
 255 003c 10BD     	 pop {r4,pc}
 256              	.LVL18:
 257              	.L19:
 258 003e 00BF     	 .align 2
 259              	.L18:
 260 0040 A0860100 	 .word 100000
 261              	 .cfi_endproc
 262              	.LFE474:
 264              	 .section .text.ds_ep_store_fmcw_config,"ax",%progbits
 265              	 .align 2
 266              	 .global ds_ep_store_fmcw_config
 267              	 .thumb
 268              	 .thumb_func
 270              	ds_ep_store_fmcw_config:
 271              	.LFB475:
 124:../Store/src/ds_radar_interface.c **** }
 125:../Store/src/ds_radar_interface.c **** 
 126:../Store/src/ds_radar_interface.c **** //============================================================================
 127:../Store/src/ds_radar_interface.c **** 
 128:../Store/src/ds_radar_interface.c **** uint16_t ds_ep_store_fmcw_config(const Fmcw_Configuration_t *config)
 129:../Store/src/ds_radar_interface.c **** {
 272              	 .loc 1 129 0
 273              	 .cfi_startproc
 274              	 
 275              	 
 276              	.LVL19:
 130:../Store/src/ds_radar_interface.c ****   uint16_t status = RADAR_ERR_BUSY;
 131:../Store/src/ds_radar_interface.c **** 
 132:../Store/src/ds_radar_interface.c ****   if(config != NULL)
 277              	 .loc 1 132 0
 278 0000 20B1     	 cbz r0,.L22
 129:../Store/src/ds_radar_interface.c ****   uint16_t status = RADAR_ERR_BUSY;
 279              	 .loc 1 129 0
 280 0002 38B5     	 push {r3,r4,r5,lr}
 281              	.LCFI7:
 282              	 .cfi_def_cfa_offset 16
 283              	 .cfi_offset 3,-16
 284              	 .cfi_offset 4,-12
 285              	 .cfi_offset 5,-8
 286              	 .cfi_offset 14,-4
 133:../Store/src/ds_radar_interface.c ****   {
 134:../Store/src/ds_radar_interface.c **** 	  if(config->direction != RADAR_DIR_UPCHIRP_ONLY)
 287              	 .loc 1 134 0
 288 0004 047A     	 ldrb r4,[r0,#8]
 289 0006 1CB1     	 cbz r4,.L25
 135:../Store/src/ds_radar_interface.c **** 	  {
 136:../Store/src/ds_radar_interface.c **** 		  status = RADAR_ERR_UNSUPPORTED_DIRECTION;
 290              	 .loc 1 136 0
 291 0008 2020     	 movs r0,#32
 292              	.LVL20:
 137:../Store/src/ds_radar_interface.c **** 	  }
 138:../Store/src/ds_radar_interface.c **** 	  else
 139:../Store/src/ds_radar_interface.c **** 	  {
 140:../Store/src/ds_radar_interface.c **** 		  device_settings_t *p_dev		  = ds_device_get_settings();
 141:../Store/src/ds_radar_interface.c **** 		  p_dev->pll_lower_frequency_kHz  = config->lower_frequency_kHz;
 142:../Store/src/ds_radar_interface.c **** 		  p_dev->pll_upper_frequency_kHz  = config->upper_frequency_kHz;
 143:../Store/src/ds_radar_interface.c **** 		  p_dev->bgt_tx_power_level 	  = config->tx_power;
 144:../Store/src/ds_radar_interface.c **** 		  p_dev->isUpdated_fmcw_config 	  = 1;
 145:../Store/src/ds_radar_interface.c **** 
 146:../Store/src/ds_radar_interface.c **** 		  status = RADAR_ERR_OK;
 147:../Store/src/ds_radar_interface.c **** 	  }
 148:../Store/src/ds_radar_interface.c ****   }
 149:../Store/src/ds_radar_interface.c ****   return (status);
 150:../Store/src/ds_radar_interface.c **** }
 293              	 .loc 1 150 0
 294 000a 38BD     	 pop {r3,r4,r5,pc}
 295              	.LVL21:
 296              	.L22:
 297              	.LCFI8:
 298              	 .cfi_def_cfa_offset 0
 299              	 .cfi_restore 3
 300              	 .cfi_restore 4
 301              	 .cfi_restore 5
 302              	 .cfi_restore 14
 130:../Store/src/ds_radar_interface.c **** 
 303              	 .loc 1 130 0
 304 000c 0220     	 movs r0,#2
 305              	.LVL22:
 306              	 .loc 1 150 0
 307 000e 7047     	 bx lr
 308              	.LVL23:
 309              	.L25:
 310              	.LCFI9:
 311              	 .cfi_def_cfa_offset 16
 312              	 .cfi_offset 3,-16
 313              	 .cfi_offset 4,-12
 314              	 .cfi_offset 5,-8
 315              	 .cfi_offset 14,-4
 316 0010 0546     	 mov r5,r0
 317              	.LBB4:
 140:../Store/src/ds_radar_interface.c **** 		  p_dev->pll_lower_frequency_kHz  = config->lower_frequency_kHz;
 318              	 .loc 1 140 0
 319 0012 FFF7FEFF 	 bl ds_device_get_settings
 320              	.LVL24:
 141:../Store/src/ds_radar_interface.c **** 		  p_dev->pll_upper_frequency_kHz  = config->upper_frequency_kHz;
 321              	 .loc 1 141 0
 322 0016 D5ED007A 	 flds s15,[r5]
 323 001a B8EE677A 	 fuitos s14,s15
 142:../Store/src/ds_radar_interface.c **** 		  p_dev->bgt_tx_power_level 	  = config->tx_power;
 324              	 .loc 1 142 0
 325 001e D5ED017A 	 flds s15,[r5,#4]
 141:../Store/src/ds_radar_interface.c **** 		  p_dev->pll_upper_frequency_kHz  = config->upper_frequency_kHz;
 326              	 .loc 1 141 0
 327 0022 80ED027A 	 fsts s14,[r0,#8]
 142:../Store/src/ds_radar_interface.c **** 		  p_dev->bgt_tx_power_level 	  = config->tx_power;
 328              	 .loc 1 142 0
 329 0026 F8EE677A 	 fuitos s15,s15
 140:../Store/src/ds_radar_interface.c **** 		  p_dev->pll_lower_frequency_kHz  = config->lower_frequency_kHz;
 330              	 .loc 1 140 0
 331 002a 0346     	 mov r3,r0
 332              	.LVL25:
 142:../Store/src/ds_radar_interface.c **** 		  p_dev->bgt_tx_power_level 	  = config->tx_power;
 333              	 .loc 1 142 0
 334 002c C0ED037A 	 fsts s15,[r0,#12]
 143:../Store/src/ds_radar_interface.c **** 		  p_dev->isUpdated_fmcw_config 	  = 1;
 335              	 .loc 1 143 0
 336 0030 6A7A     	 ldrb r2,[r5,#9]
 337 0032 80F82520 	 strb r2,[r0,#37]
 144:../Store/src/ds_radar_interface.c **** 
 338              	 .loc 1 144 0
 339 0036 0122     	 movs r2,#1
 146:../Store/src/ds_radar_interface.c **** 	  }
 340              	 .loc 1 146 0
 341 0038 2046     	 mov r0,r4
 342              	.LVL26:
 144:../Store/src/ds_radar_interface.c **** 
 343              	 .loc 1 144 0
 344 003a DA63     	 str r2,[r3,#60]
 345              	.LVL27:
 346 003c 38BD     	 pop {r3,r4,r5,pc}
 347              	.LBE4:
 348              	 .cfi_endproc
 349              	.LFE475:
 351 003e 00BF     	 .section .text.ds_ep_get_device_info,"ax",%progbits
 352              	 .align 2
 353              	 .global ds_ep_get_device_info
 354              	 .thumb
 355              	 .thumb_func
 357              	ds_ep_get_device_info:
 358              	.LFB476:
 151:../Store/src/ds_radar_interface.c **** 
 152:../Store/src/ds_radar_interface.c **** //============================================================================
 153:../Store/src/ds_radar_interface.c **** 
 154:../Store/src/ds_radar_interface.c **** const Device_Info_t *ds_ep_get_device_info(void)
 155:../Store/src/ds_radar_interface.c **** {
 359              	 .loc 1 155 0
 360              	 .cfi_startproc
 361              	 
 362              	 
 363              	 
 156:../Store/src/ds_radar_interface.c ****   return (&cg_device_info_struct);
 157:../Store/src/ds_radar_interface.c **** }
 364              	 .loc 1 157 0
 365 0000 0048     	 ldr r0,.L27
 366 0002 7047     	 bx lr
 367              	.L28:
 368              	 .align 2
 369              	.L27:
 370 0004 00000000 	 .word .LANCHOR0
 371              	 .cfi_endproc
 372              	.LFE476:
 374              	 .section .text.ds_ep_fetch_frame_format,"ax",%progbits
 375              	 .align 2
 376              	 .global ds_ep_fetch_frame_format
 377              	 .thumb
 378              	 .thumb_func
 380              	ds_ep_fetch_frame_format:
 381              	.LFB477:
 158:../Store/src/ds_radar_interface.c **** 
 159:../Store/src/ds_radar_interface.c **** //============================================================================
 160:../Store/src/ds_radar_interface.c **** 
 161:../Store/src/ds_radar_interface.c **** void ds_ep_fetch_frame_format(Frame_Format_t *p_frame_format)
 162:../Store/src/ds_radar_interface.c **** {
 382              	 .loc 1 162 0
 383              	 .cfi_startproc
 384              	 
 385              	 
 386              	.LVL28:
 387 0000 10B5     	 push {r4,lr}
 388              	.LCFI10:
 389              	 .cfi_def_cfa_offset 8
 390              	 .cfi_offset 4,-8
 391              	 .cfi_offset 14,-4
 392              	 .loc 1 162 0
 393 0002 0446     	 mov r4,r0
 163:../Store/src/ds_radar_interface.c **** 	device_settings_t *p_dev			  = ds_device_get_settings();
 394              	 .loc 1 163 0
 395 0004 FFF7FEFF 	 bl ds_device_get_settings
 396              	.LVL29:
 164:../Store/src/ds_radar_interface.c **** 	p_frame_format->num_samples_per_chirp = p_dev->num_samples_per_chirp;
 165:../Store/src/ds_radar_interface.c **** 	p_frame_format->num_chirps_per_frame  = p_dev->pll_num_of_chirps_per_frame;
 397              	 .loc 1 165 0
 398 0008 4269     	 ldr r2,[r0,#20]
 164:../Store/src/ds_radar_interface.c **** 	p_frame_format->num_samples_per_chirp = p_dev->num_samples_per_chirp;
 399              	 .loc 1 164 0
 400 000a C16A     	 ldr r1,[r0,#44]
 401              	 .loc 1 165 0
 402 000c 84E80600 	 stmia r4,{r1,r2}
 166:../Store/src/ds_radar_interface.c **** 	p_frame_format->rx_mask 		      = p_dev->rx_antenna_mask;
 403              	 .loc 1 166 0
 404 0010 90F83020 	 ldrb r2,[r0,#48]
 405 0014 2272     	 strb r2,[r4,#8]
 167:../Store/src/ds_radar_interface.c **** 	p_frame_format->signal_part 	      = RADAR_SIGNAL_I_AND_Q;
 406              	 .loc 1 167 0
 407 0016 0223     	 movs r3,#2
 408 0018 6372     	 strb r3,[r4,#9]
 409 001a 10BD     	 pop {r4,pc}
 410              	 .cfi_endproc
 411              	.LFE477:
 413              	 .section .text.ds_ep_store_frame_format,"ax",%progbits
 414              	 .align 2
 415              	 .global ds_ep_store_frame_format
 416              	 .thumb
 417              	 .thumb_func
 419              	ds_ep_store_frame_format:
 420              	.LFB478:
 168:../Store/src/ds_radar_interface.c **** }
 169:../Store/src/ds_radar_interface.c **** 
 170:../Store/src/ds_radar_interface.c **** //============================================================================
 171:../Store/src/ds_radar_interface.c **** 
 172:../Store/src/ds_radar_interface.c **** uint16_t ds_ep_store_frame_format(const Frame_Format_t *p_new_frame_format)
 173:../Store/src/ds_radar_interface.c **** {
 421              	 .loc 1 173 0
 422              	 .cfi_startproc
 423              	 
 424              	 
 425              	.LVL30:
 174:../Store/src/ds_radar_interface.c ****   uint16_t status = RADAR_ERR_BUSY;
 175:../Store/src/ds_radar_interface.c **** 
 176:../Store/src/ds_radar_interface.c ****   if(p_new_frame_format != NULL)
 426              	 .loc 1 176 0
 427 0000 20B1     	 cbz r0,.L33
 177:../Store/src/ds_radar_interface.c ****   {
 178:../Store/src/ds_radar_interface.c **** 	  if(p_new_frame_format->signal_part != RADAR_SIGNAL_I_AND_Q)
 428              	 .loc 1 178 0
 429 0002 437A     	 ldrb r3,[r0,#9]
 430 0004 022B     	 cmp r3,#2
 431 0006 03D0     	 beq .L37
 179:../Store/src/ds_radar_interface.c **** 	  {
 180:../Store/src/ds_radar_interface.c **** 		  status = RADAR_ERR_UNAVAILABLE_SIGNAL_PART;
 432              	 .loc 1 180 0
 433 0008 0B20     	 movs r0,#11
 434              	.LVL31:
 435 000a 7047     	 bx lr
 436              	.LVL32:
 437              	.L33:
 174:../Store/src/ds_radar_interface.c **** 
 438              	 .loc 1 174 0
 439 000c 0220     	 movs r0,#2
 440              	.LVL33:
 441 000e 7047     	 bx lr
 442              	.LVL34:
 443              	.L37:
 173:../Store/src/ds_radar_interface.c ****   uint16_t status = RADAR_ERR_BUSY;
 444              	 .loc 1 173 0
 445 0010 10B5     	 push {r4,lr}
 446              	.LCFI11:
 447              	 .cfi_def_cfa_offset 8
 448              	 .cfi_offset 4,-8
 449              	 .cfi_offset 14,-4
 450 0012 0446     	 mov r4,r0
 451              	.LBB5:
 181:../Store/src/ds_radar_interface.c **** 	  }
 182:../Store/src/ds_radar_interface.c **** 	  else
 183:../Store/src/ds_radar_interface.c **** 	  {
 184:../Store/src/ds_radar_interface.c **** 		  device_settings_t *p_dev				= ds_device_get_settings();
 452              	 .loc 1 184 0
 453 0014 FFF7FEFF 	 bl ds_device_get_settings
 454              	.LVL35:
 185:../Store/src/ds_radar_interface.c **** 		  p_dev->num_samples_per_chirp 	        = p_new_frame_format->num_samples_per_chirp;
 186:../Store/src/ds_radar_interface.c **** 		  p_dev->pll_num_of_chirps_per_frame 	= p_new_frame_format->num_chirps_per_frame;
 455              	 .loc 1 186 0
 456 0018 94E80C00 	 ldmia r4,{r2,r3}
 185:../Store/src/ds_radar_interface.c **** 		  p_dev->num_samples_per_chirp 	        = p_new_frame_format->num_samples_per_chirp;
 457              	 .loc 1 185 0
 458 001c C262     	 str r2,[r0,#44]
 459              	 .loc 1 186 0
 460 001e 4361     	 str r3,[r0,#20]
 187:../Store/src/ds_radar_interface.c **** 		  p_dev->rx_antenna_mask	            = p_new_frame_format->rx_mask;
 461              	 .loc 1 187 0
 462 0020 237A     	 ldrb r3,[r4,#8]
 463 0022 80F83030 	 strb r3,[r0,#48]
 464              	.LVL36:
 188:../Store/src/ds_radar_interface.c **** 
 189:../Store/src/ds_radar_interface.c **** 		  status = RADAR_ERR_OK;
 465              	 .loc 1 189 0
 466 0026 0020     	 movs r0,#0
 467              	.LVL37:
 468 0028 10BD     	 pop {r4,pc}
 469              	.LBE5:
 470              	 .cfi_endproc
 471              	.LFE478:
 473 002a 00BF     	 .section .text.ds_ep_fetch_target_list,"ax",%progbits
 474              	 .align 2
 475              	 .global ds_ep_fetch_target_list
 476              	 .thumb
 477              	 .thumb_func
 479              	ds_ep_fetch_target_list:
 480              	.LFB479:
 190:../Store/src/ds_radar_interface.c **** 	  }
 191:../Store/src/ds_radar_interface.c ****   }
 192:../Store/src/ds_radar_interface.c ****   return (status);
 193:../Store/src/ds_radar_interface.c **** }
 194:../Store/src/ds_radar_interface.c **** 
 195:../Store/src/ds_radar_interface.c **** //============================================================================
 196:../Store/src/ds_radar_interface.c **** 
 197:../Store/src/ds_radar_interface.c **** void ds_ep_fetch_target_list(Target_Info_t* target_info_ptr, uint8_t* target_count)
 198:../Store/src/ds_radar_interface.c **** {
 481              	 .loc 1 198 0
 482              	 .cfi_startproc
 483              	 
 484              	 
 485              	.LVL38:
 486 0000 2DE9F041 	 push {r4,r5,r6,r7,r8,lr}
 487              	.LCFI12:
 488              	 .cfi_def_cfa_offset 24
 489              	 .cfi_offset 4,-24
 490              	 .cfi_offset 5,-20
 491              	 .cfi_offset 6,-16
 492              	 .cfi_offset 7,-12
 493              	 .cfi_offset 8,-8
 494              	 .cfi_offset 14,-4
 495              	 .loc 1 198 0
 496 0004 0746     	 mov r7,r0
 497 0006 0E46     	 mov r6,r1
 199:../Store/src/ds_radar_interface.c ****   uint8_t num_targets = 0;
 200:../Store/src/ds_radar_interface.c **** 
 201:../Store/src/ds_radar_interface.c ****   if (ds_device_get_settings()->pll_modulation_mode == MODULATION_FMCW)
 498              	 .loc 1 201 0
 499 0008 FFF7FEFF 	 bl ds_device_get_settings
 500              	.LVL39:
 501 000c 8369     	 ldr r3,[r0,#24]
 502 000e 012B     	 cmp r3,#1
 503 0010 03D0     	 beq .L39
 504              	.L41:
 199:../Store/src/ds_radar_interface.c ****   uint8_t num_targets = 0;
 505              	 .loc 1 199 0
 506 0012 0024     	 movs r4,#0
 507              	.LVL40:
 508              	.L40:
 202:../Store/src/ds_radar_interface.c ****   {
 203:../Store/src/ds_radar_interface.c **** 	ds_target_list_t *p_target_list = ds_get_target_list();
 204:../Store/src/ds_radar_interface.c ****     for (uint8_t idx = 0; idx < p_target_list->max_num_of_targets; idx++)
 205:../Store/src/ds_radar_interface.c ****     {
 206:../Store/src/ds_radar_interface.c ****       if (p_target_list->elems[idx].target_id != 0)
 207:../Store/src/ds_radar_interface.c ****       {
 208:../Store/src/ds_radar_interface.c ****         target_info_ptr[num_targets].target_id 	   = idx + 1;
 209:../Store/src/ds_radar_interface.c ****     	target_info_ptr[num_targets].level 		   = p_target_list->elems[idx].strength;
 210:../Store/src/ds_radar_interface.c ****         target_info_ptr[num_targets].radius 	   = p_target_list->elems[idx].range;
 211:../Store/src/ds_radar_interface.c ****         target_info_ptr[num_targets].radial_speed  = p_target_list->elems[idx].speed * 3.6f; // m/s
 212:../Store/src/ds_radar_interface.c ****         target_info_ptr[num_targets].azimuth 	   = p_target_list->elems[idx].angle;
 213:../Store/src/ds_radar_interface.c **** 
 214:../Store/src/ds_radar_interface.c ****         num_targets++;
 215:../Store/src/ds_radar_interface.c ****       }
 216:../Store/src/ds_radar_interface.c ****     }
 217:../Store/src/ds_radar_interface.c ****   }
 218:../Store/src/ds_radar_interface.c **** 
 219:../Store/src/ds_radar_interface.c ****   *target_count = num_targets;
 509              	 .loc 1 219 0
 510 0014 3470     	 strb r4,[r6]
 511 0016 BDE8F081 	 pop {r4,r5,r6,r7,r8,pc}
 512              	.LVL41:
 513              	.L39:
 514              	.LBB6:
 203:../Store/src/ds_radar_interface.c ****     for (uint8_t idx = 0; idx < p_target_list->max_num_of_targets; idx++)
 515              	 .loc 1 203 0
 516 001a FFF7FEFF 	 bl ds_get_target_list
 517              	.LVL42:
 518              	.LBB7:
 204:../Store/src/ds_radar_interface.c ****     {
 519              	 .loc 1 204 0
 520 001e D0F800E0 	 ldr lr,[r0]
 521 0022 BEF1000F 	 cmp lr,#0
 522 0026 F4D0     	 beq .L41
 523 0028 0023     	 movs r3,#0
 211:../Store/src/ds_radar_interface.c ****         target_info_ptr[num_targets].azimuth 	   = p_target_list->elems[idx].angle;
 524              	 .loc 1 211 0
 525 002a 9FED147A 	 flds s14,.L53
 204:../Store/src/ds_radar_interface.c ****     {
 526              	 .loc 1 204 0
 527 002e 1C46     	 mov r4,r3
 528 0030 03E0     	 b .L43
 529              	.LVL43:
 530              	.L52:
 531 0032 0133     	 adds r3,r3,#1
 532              	.LVL44:
 533              	.L42:
 204:../Store/src/ds_radar_interface.c ****     {
 534              	 .loc 1 204 0 is_stmt 0 discriminator 2
 535 0034 DBB2     	 uxtb r3,r3
 536              	.LVL45:
 537 0036 7345     	 cmp r3,lr
 538 0038 ECD2     	 bcs .L40
 539              	.LVL46:
 540              	.L43:
 206:../Store/src/ds_radar_interface.c ****       {
 541              	 .loc 1 206 0 is_stmt 1
 542 003a 03EB8302 	 add r2,r3,r3,lsl#2
 543 003e 00EB8202 	 add r2,r0,r2,lsl#2
 544 0042 02F10801 	 add r1,r2,#8
 545 0046 9568     	 ldr r5,[r2,#8]
 546 0048 002D     	 cmp r5,#0
 547 004a F2D0     	 beq .L52
 211:../Store/src/ds_radar_interface.c ****         target_info_ptr[num_targets].azimuth 	   = p_target_list->elems[idx].angle;
 548              	 .loc 1 211 0
 549 004c D2ED047A 	 flds s15,[r2,#16]
 210:../Store/src/ds_radar_interface.c ****         target_info_ptr[num_targets].radial_speed  = p_target_list->elems[idx].speed * 3.6f; // m/s
 550              	 .loc 1 210 0
 551 0050 D1F80480 	 ldr r8,[r1,#4]
 209:../Store/src/ds_radar_interface.c ****         target_info_ptr[num_targets].radius 	   = p_target_list->elems[idx].range;
 552              	 .loc 1 209 0
 553 0054 D2F818C0 	 ldr ip,[r2,#24]
 212:../Store/src/ds_radar_interface.c **** 
 554              	 .loc 1 212 0
 555 0058 5169     	 ldr r1,[r2,#20]
 208:../Store/src/ds_radar_interface.c ****     	target_info_ptr[num_targets].level 		   = p_target_list->elems[idx].strength;
 556              	 .loc 1 208 0
 557 005a 6501     	 lsls r5,r4,#5
 558 005c 7A19     	 adds r2,r7,r5
 211:../Store/src/ds_radar_interface.c ****         target_info_ptr[num_targets].azimuth 	   = p_target_list->elems[idx].angle;
 559              	 .loc 1 211 0
 560 005e 67EE877A 	 fmuls s15,s15,s14
 208:../Store/src/ds_radar_interface.c ****     	target_info_ptr[num_targets].level 		   = p_target_list->elems[idx].strength;
 561              	 .loc 1 208 0
 562 0062 0133     	 adds r3,r3,#1
 563              	.LVL47:
 214:../Store/src/ds_radar_interface.c ****       }
 564              	 .loc 1 214 0
 565 0064 0134     	 adds r4,r4,#1
 566              	.LVL48:
 208:../Store/src/ds_radar_interface.c ****     	target_info_ptr[num_targets].level 		   = p_target_list->elems[idx].strength;
 567              	 .loc 1 208 0
 568 0066 7B51     	 str r3,[r7,r5]
 214:../Store/src/ds_radar_interface.c ****       }
 569              	 .loc 1 214 0
 570 0068 E4B2     	 uxtb r4,r4
 571              	.LVL49:
 210:../Store/src/ds_radar_interface.c ****         target_info_ptr[num_targets].radial_speed  = p_target_list->elems[idx].speed * 3.6f; // m/s
 572              	 .loc 1 210 0
 573 006a C2F80880 	 str r8,[r2,#8]
 209:../Store/src/ds_radar_interface.c ****         target_info_ptr[num_targets].radius 	   = p_target_list->elems[idx].range;
 574              	 .loc 1 209 0
 575 006e C2F804C0 	 str ip,[r2,#4]
 211:../Store/src/ds_radar_interface.c ****         target_info_ptr[num_targets].azimuth 	   = p_target_list->elems[idx].angle;
 576              	 .loc 1 211 0
 577 0072 C2ED057A 	 fsts s15,[r2,#20]
 212:../Store/src/ds_radar_interface.c **** 
 578              	 .loc 1 212 0
 579 0076 D160     	 str r1,[r2,#12]
 580 0078 DCE7     	 b .L42
 581              	.L54:
 582 007a 00BF     	 .align 2
 583              	.L53:
 584 007c 66666640 	 .word 1080452710
 585              	.LBE7:
 586              	.LBE6:
 587              	 .cfi_endproc
 588              	.LFE479:
 590              	 .section .text.ds_ep_fetch_range_detection_threshold,"ax",%progbits
 591              	 .align 2
 592              	 .global ds_ep_fetch_range_detection_threshold
 593              	 .thumb
 594              	 .thumb_func
 596              	ds_ep_fetch_range_detection_threshold:
 597              	.LFB480:
 220:../Store/src/ds_radar_interface.c **** }
 221:../Store/src/ds_radar_interface.c **** 
 222:../Store/src/ds_radar_interface.c **** //============================================================================
 223:../Store/src/ds_radar_interface.c **** 
 224:../Store/src/ds_radar_interface.c **** void ds_ep_fetch_range_detection_threshold(uint16_t* threshold)
 225:../Store/src/ds_radar_interface.c **** {
 598              	 .loc 1 225 0
 599              	 .cfi_startproc
 600              	 
 601              	 
 602              	 
 603              	.LVL50:
 226:../Store/src/ds_radar_interface.c ****   uint16_t temp = (uint16_t) result_range_detection_threshold;
 604              	 .loc 1 226 0
 605 0000 044B     	 ldr r3,.L56
 606              	.LVL51:
 607 0002 D3ED007A 	 flds s15,[r3]
 608 0006 FCEEE77A 	 ftouizs s15,s15
 609 000a 17EE903A 	 fmrs r3,s15
 610              	.LVL52:
 611 000e 0380     	 strh r3,[r0]
 612 0010 7047     	 bx lr
 613              	.L57:
 614 0012 00BF     	 .align 2
 615              	.L56:
 616 0014 00000000 	 .word result_range_detection_threshold
 617              	 .cfi_endproc
 618              	.LFE480:
 620              	 .section .text.ds_ep_fetch_fft_config,"ax",%progbits
 621              	 .align 2
 622              	 .global ds_ep_fetch_fft_config
 623              	 .thumb
 624              	 .thumb_func
 626              	ds_ep_fetch_fft_config:
 627              	.LFB481:
 227:../Store/src/ds_radar_interface.c **** 
 228:../Store/src/ds_radar_interface.c ****   *threshold = temp;
 229:../Store/src/ds_radar_interface.c **** }
 230:../Store/src/ds_radar_interface.c **** 
 231:../Store/src/ds_radar_interface.c **** void ds_ep_fetch_fft_config(FFT_configuration_t *p_fft_config)
 232:../Store/src/ds_radar_interface.c **** {
 628              	 .loc 1 232 0
 629              	 .cfi_startproc
 630              	 
 631              	 
 632              	 
 633              	.LVL53:
 634 0000 10B4     	 push {r4}
 635              	.LCFI13:
 636              	 .cfi_def_cfa_offset 4
 637              	 .cfi_offset 4,-4
 233:../Store/src/ds_radar_interface.c **** 	p_fft_config->fft_window_size 	= RANGE_FFT_SIZE;
 234:../Store/src/ds_radar_interface.c **** 	p_fft_config->mean_removed 		= 0;
 638              	 .loc 1 234 0
 639 0002 0021     	 movs r1,#0
 233:../Store/src/ds_radar_interface.c **** 	p_fft_config->fft_window_size 	= RANGE_FFT_SIZE;
 640              	 .loc 1 233 0
 641 0004 4FF48074 	 mov r4,#256
 235:../Store/src/ds_radar_interface.c **** 	p_fft_config->window_type 		= WINDOW_BLACKMANHARRIS;
 642              	 .loc 1 235 0
 643 0008 0222     	 movs r2,#2
 236:../Store/src/ds_radar_interface.c **** 	p_fft_config->scaling_factor	= 1.0F;
 644              	 .loc 1 236 0
 645 000a 4FF07E53 	 mov r3,#1065353216
 233:../Store/src/ds_radar_interface.c **** 	p_fft_config->fft_window_size 	= RANGE_FFT_SIZE;
 646              	 .loc 1 233 0
 647 000e 0460     	 str r4,[r0]
 234:../Store/src/ds_radar_interface.c **** 	p_fft_config->window_type 		= WINDOW_BLACKMANHARRIS;
 648              	 .loc 1 234 0
 649 0010 4171     	 strb r1,[r0,#5]
 235:../Store/src/ds_radar_interface.c **** 	p_fft_config->window_type 		= WINDOW_BLACKMANHARRIS;
 650              	 .loc 1 235 0
 651 0012 0271     	 strb r2,[r0,#4]
 652              	 .loc 1 236 0
 653 0014 8360     	 str r3,[r0,#8]
 237:../Store/src/ds_radar_interface.c **** }
 654              	 .loc 1 237 0
 655 0016 5DF8044B 	 ldr r4,[sp],#4
 656              	.LCFI14:
 657              	 .cfi_restore 4
 658              	 .cfi_def_cfa_offset 0
 659 001a 7047     	 bx lr
 660              	 .cfi_endproc
 661              	.LFE481:
 663              	 .global cg_device_info_struct
 664              	 .section .rodata.str1.4,"aMS",%progbits,1
 665              	 .align 2
 666              	.LC0:
 667 0000 506F7369 	 .ascii "Position2Go BGT24MTR12 Demo Radar Board\000"
 667      74696F6E 
 667      32476F20 
 667      42475432 
 667      344D5452 
 668              	 .section .rodata.cg_device_info_struct,"a",%progbits
 669              	 .align 2
 670              	 .set .LANCHOR0,.+0
 673              	cg_device_info_struct:
 674 0000 00000000 	 .word .LC0
 675 0004 A8976E01 	 .word 24025000
 676 0008 E8A47101 	 .word 24225000
 677 000c 01       	 .byte 1
 678 000d 02       	 .byte 2
 679 000e 07       	 .byte 7
 680 000f 01       	 .byte 1
 681 0010 01       	 .byte 1
 682 0011 02       	 .byte 2
 683 0012 00       	 .byte 0
 684 0013 01       	 .byte 1
 685              	 .text
 686              	.Letext0:
 687              	 .file 2 "c:\\infineon\\tools\\dave ide\\4.5.0.202105191637\\eclipse\\arm-gcc-49\\arm-none-eabi\\include\\machine\\_default_types.h"
 688              	 .file 3 "c:\\infineon\\tools\\dave ide\\4.5.0.202105191637\\eclipse\\arm-gcc-49\\arm-none-eabi\\include\\stdint.h"
 689              	 .file 4 "E:/NOVA/Assets/IFX_P2G-HW-SW_V1.0.4/Firmware_Software/DAVE project/P2G_FW/Store/inc/datastore.h"
 690              	 .file 5 "E:/NOVA/Assets/IFX_P2G-HW-SW_V1.0.4/Firmware_Software/DAVE project/P2G_FW/Libraries/CMSIS/Infineon/XMC4700_series/Include/XMC4700.h"
 691              	 .file 6 "E:/NOVA/Assets/IFX_P2G-HW-SW_V1.0.4/Firmware_Software/DAVE project/P2G_FW/Libraries/XMCLib/inc/xmc_vadc.h"
 692              	 .file 7 "E:/NOVA/Assets/IFX_P2G-HW-SW_V1.0.4/Firmware_Software/DAVE project/P2G_FW/Libraries/XMCLib/inc/xmc_usbd_regs.h"
 693              	 .file 8 "E:/NOVA/Assets/IFX_P2G-HW-SW_V1.0.4/Firmware_Software/DAVE project/P2G_FW/Libraries/XMCLib/inc/xmc_usbd.h"
 694              	 .file 9 "E:/NOVA/Assets/IFX_P2G-HW-SW_V1.0.4/Firmware_Software/DAVE project/P2G_FW/Dave/Generated/USBD/usbd.h"
 695              	 .file 10 "E:/NOVA/Assets/IFX_P2G-HW-SW_V1.0.4/Firmware_Software/DAVE project/P2G_FW/Radar_Control/inc/radar_api.h"
 696              	 .file 11 "E:/NOVA/Assets/IFX_P2G-HW-SW_V1.0.4/Firmware_Software/DAVE project/P2G_FW/Libraries/CMSIS/Include/core_cm4.h"
 697              	 .file 12 "E:/NOVA/Assets/IFX_P2G-HW-SW_V1.0.4/Firmware_Software/DAVE project/P2G_FW/Libraries/CMSIS/Infineon/XMC4700_series/Include/system_XMC4700.h"
 698              	 .file 13 "E:/NOVA/Assets/IFX_P2G-HW-SW_V1.0.4/Firmware_Software/DAVE project/P2G_FW/Dave/Generated/ADC_MEASUREMENT_ADV/adc_measurement_adv.h"
 699              	 .file 14 "E:/NOVA/Assets/IFX_P2G-HW-SW_V1.0.4/Firmware_Software/DAVE project/P2G_FW/Dave/Generated/USBD/usbd_extern.h"
DEFINED SYMBOLS
                            *ABS*:00000000 ds_radar_interface.c
    {standard input}:20     .text.ds_ep_fetch_adc_config:00000000 $t
    {standard input}:25     .text.ds_ep_fetch_adc_config:00000000 ds_ep_fetch_adc_config
    {standard input}:57     .text.ds_ep_store_adc_config:00000000 $t
    {standard input}:62     .text.ds_ep_store_adc_config:00000000 ds_ep_store_adc_config
    {standard input}:111    .text.ds_ep_fetch_doppler_config:00000000 $t
    {standard input}:116    .text.ds_ep_fetch_doppler_config:00000000 ds_ep_fetch_doppler_config
    {standard input}:145    .text.ds_ep_store_doppler_config:00000000 $t
    {standard input}:150    .text.ds_ep_store_doppler_config:00000000 ds_ep_store_doppler_config
    {standard input}:202    .text.ds_ep_fetch_fmcw_config:00000000 $t
    {standard input}:207    .text.ds_ep_fetch_fmcw_config:00000000 ds_ep_fetch_fmcw_config
    {standard input}:260    .text.ds_ep_fetch_fmcw_config:00000040 $d
    {standard input}:265    .text.ds_ep_store_fmcw_config:00000000 $t
    {standard input}:270    .text.ds_ep_store_fmcw_config:00000000 ds_ep_store_fmcw_config
    {standard input}:352    .text.ds_ep_get_device_info:00000000 $t
    {standard input}:357    .text.ds_ep_get_device_info:00000000 ds_ep_get_device_info
    {standard input}:370    .text.ds_ep_get_device_info:00000004 $d
    {standard input}:375    .text.ds_ep_fetch_frame_format:00000000 $t
    {standard input}:380    .text.ds_ep_fetch_frame_format:00000000 ds_ep_fetch_frame_format
    {standard input}:414    .text.ds_ep_store_frame_format:00000000 $t
    {standard input}:419    .text.ds_ep_store_frame_format:00000000 ds_ep_store_frame_format
    {standard input}:474    .text.ds_ep_fetch_target_list:00000000 $t
    {standard input}:479    .text.ds_ep_fetch_target_list:00000000 ds_ep_fetch_target_list
    {standard input}:584    .text.ds_ep_fetch_target_list:0000007c $d
    {standard input}:591    .text.ds_ep_fetch_range_detection_threshold:00000000 $t
    {standard input}:596    .text.ds_ep_fetch_range_detection_threshold:00000000 ds_ep_fetch_range_detection_threshold
    {standard input}:616    .text.ds_ep_fetch_range_detection_threshold:00000014 $d
    {standard input}:621    .text.ds_ep_fetch_fft_config:00000000 $t
    {standard input}:626    .text.ds_ep_fetch_fft_config:00000000 ds_ep_fetch_fft_config
    {standard input}:673    .rodata.cg_device_info_struct:00000000 cg_device_info_struct
    {standard input}:665    .rodata.str1.4:00000000 $d
    {standard input}:669    .rodata.cg_device_info_struct:00000000 $d
                     .debug_frame:00000010 $d

UNDEFINED SYMBOLS
ds_device_get_settings
ds_get_target_list
result_range_detection_threshold
