   1              	 .syntax unified
   2              	 .cpu cortex-m4
   3              	 .eabi_attribute 27,3
   4              	 .fpu fpv4-sp-d16
   5              	 .eabi_attribute 20,1
   6              	 .eabi_attribute 21,1
   7              	 .eabi_attribute 23,3
   8              	 .eabi_attribute 24,1
   9              	 .eabi_attribute 25,1
  10              	 .eabi_attribute 26,1
  11              	 .eabi_attribute 30,2
  12              	 .eabi_attribute 34,1
  13              	 .eabi_attribute 18,4
  14              	 .thumb
  15              	 .file "arm_abs_f32.c"
  16              	 .text
  17              	.Ltext0:
  18              	 .cfi_sections .debug_frame
  19              	 .section .text.arm_abs_f32,"ax",%progbits
  20              	 .align 2
  21              	 .global arm_abs_f32
  22              	 .thumb
  23              	 .thumb_func
  25              	arm_abs_f32:
  26              	.LFB135:
  27              	 .file 1 "E:/NOVA/Assets/IFX_P2G-HW-SW_V1.0.4/Firmware_Software/DAVE project/P2G_FW/Dave/Generated/CMSIS_DSP/BasicMathFunctions/arm_abs_f32.c"
   1:E:/NOVA/Assets/IFX_P2G-HW-SW_V1.0.4/Firmware_Software/DAVE project/P2G_FW/Dave/Generated/CMSIS_DSP/BasicMathFunctions\arm_abs_f32.c **** /* ----------------------------------------------------------------------
   2:E:/NOVA/Assets/IFX_P2G-HW-SW_V1.0.4/Firmware_Software/DAVE project/P2G_FW/Dave/Generated/CMSIS_DSP/BasicMathFunctions\arm_abs_f32.c ****  * Project:      CMSIS DSP Library
   3:E:/NOVA/Assets/IFX_P2G-HW-SW_V1.0.4/Firmware_Software/DAVE project/P2G_FW/Dave/Generated/CMSIS_DSP/BasicMathFunctions\arm_abs_f32.c ****  * Title:        arm_abs_f32.c
   4:E:/NOVA/Assets/IFX_P2G-HW-SW_V1.0.4/Firmware_Software/DAVE project/P2G_FW/Dave/Generated/CMSIS_DSP/BasicMathFunctions\arm_abs_f32.c ****  * Description:  Floating-point vector absolute value
   5:E:/NOVA/Assets/IFX_P2G-HW-SW_V1.0.4/Firmware_Software/DAVE project/P2G_FW/Dave/Generated/CMSIS_DSP/BasicMathFunctions\arm_abs_f32.c ****  *
   6:E:/NOVA/Assets/IFX_P2G-HW-SW_V1.0.4/Firmware_Software/DAVE project/P2G_FW/Dave/Generated/CMSIS_DSP/BasicMathFunctions\arm_abs_f32.c ****  * $Date:        27. January 2017
   7:E:/NOVA/Assets/IFX_P2G-HW-SW_V1.0.4/Firmware_Software/DAVE project/P2G_FW/Dave/Generated/CMSIS_DSP/BasicMathFunctions\arm_abs_f32.c ****  * $Revision:    V.1.5.1
   8:E:/NOVA/Assets/IFX_P2G-HW-SW_V1.0.4/Firmware_Software/DAVE project/P2G_FW/Dave/Generated/CMSIS_DSP/BasicMathFunctions\arm_abs_f32.c ****  *
   9:E:/NOVA/Assets/IFX_P2G-HW-SW_V1.0.4/Firmware_Software/DAVE project/P2G_FW/Dave/Generated/CMSIS_DSP/BasicMathFunctions\arm_abs_f32.c ****  * Target Processor: Cortex-M cores
  10:E:/NOVA/Assets/IFX_P2G-HW-SW_V1.0.4/Firmware_Software/DAVE project/P2G_FW/Dave/Generated/CMSIS_DSP/BasicMathFunctions\arm_abs_f32.c ****  * -------------------------------------------------------------------- */
  11:E:/NOVA/Assets/IFX_P2G-HW-SW_V1.0.4/Firmware_Software/DAVE project/P2G_FW/Dave/Generated/CMSIS_DSP/BasicMathFunctions\arm_abs_f32.c **** /*
  12:E:/NOVA/Assets/IFX_P2G-HW-SW_V1.0.4/Firmware_Software/DAVE project/P2G_FW/Dave/Generated/CMSIS_DSP/BasicMathFunctions\arm_abs_f32.c ****  * Copyright (C) 2010-2017 ARM Limited or its affiliates. All rights reserved.
  13:E:/NOVA/Assets/IFX_P2G-HW-SW_V1.0.4/Firmware_Software/DAVE project/P2G_FW/Dave/Generated/CMSIS_DSP/BasicMathFunctions\arm_abs_f32.c ****  *
  14:E:/NOVA/Assets/IFX_P2G-HW-SW_V1.0.4/Firmware_Software/DAVE project/P2G_FW/Dave/Generated/CMSIS_DSP/BasicMathFunctions\arm_abs_f32.c ****  * SPDX-License-Identifier: Apache-2.0
  15:E:/NOVA/Assets/IFX_P2G-HW-SW_V1.0.4/Firmware_Software/DAVE project/P2G_FW/Dave/Generated/CMSIS_DSP/BasicMathFunctions\arm_abs_f32.c ****  *
  16:E:/NOVA/Assets/IFX_P2G-HW-SW_V1.0.4/Firmware_Software/DAVE project/P2G_FW/Dave/Generated/CMSIS_DSP/BasicMathFunctions\arm_abs_f32.c ****  * Licensed under the Apache License, Version 2.0 (the License); you may
  17:E:/NOVA/Assets/IFX_P2G-HW-SW_V1.0.4/Firmware_Software/DAVE project/P2G_FW/Dave/Generated/CMSIS_DSP/BasicMathFunctions\arm_abs_f32.c ****  * not use this file except in compliance with the License.
  18:E:/NOVA/Assets/IFX_P2G-HW-SW_V1.0.4/Firmware_Software/DAVE project/P2G_FW/Dave/Generated/CMSIS_DSP/BasicMathFunctions\arm_abs_f32.c ****  * You may obtain a copy of the License at
  19:E:/NOVA/Assets/IFX_P2G-HW-SW_V1.0.4/Firmware_Software/DAVE project/P2G_FW/Dave/Generated/CMSIS_DSP/BasicMathFunctions\arm_abs_f32.c ****  *
  20:E:/NOVA/Assets/IFX_P2G-HW-SW_V1.0.4/Firmware_Software/DAVE project/P2G_FW/Dave/Generated/CMSIS_DSP/BasicMathFunctions\arm_abs_f32.c ****  * www.apache.org/licenses/LICENSE-2.0
  21:E:/NOVA/Assets/IFX_P2G-HW-SW_V1.0.4/Firmware_Software/DAVE project/P2G_FW/Dave/Generated/CMSIS_DSP/BasicMathFunctions\arm_abs_f32.c ****  *
  22:E:/NOVA/Assets/IFX_P2G-HW-SW_V1.0.4/Firmware_Software/DAVE project/P2G_FW/Dave/Generated/CMSIS_DSP/BasicMathFunctions\arm_abs_f32.c ****  * Unless required by applicable law or agreed to in writing, software
  23:E:/NOVA/Assets/IFX_P2G-HW-SW_V1.0.4/Firmware_Software/DAVE project/P2G_FW/Dave/Generated/CMSIS_DSP/BasicMathFunctions\arm_abs_f32.c ****  * distributed under the License is distributed on an AS IS BASIS, WITHOUT
  24:E:/NOVA/Assets/IFX_P2G-HW-SW_V1.0.4/Firmware_Software/DAVE project/P2G_FW/Dave/Generated/CMSIS_DSP/BasicMathFunctions\arm_abs_f32.c ****  * WARRANTIES OR CONDITIONS OF ANY KIND, either express or implied.
  25:E:/NOVA/Assets/IFX_P2G-HW-SW_V1.0.4/Firmware_Software/DAVE project/P2G_FW/Dave/Generated/CMSIS_DSP/BasicMathFunctions\arm_abs_f32.c ****  * See the License for the specific language governing permissions and
  26:E:/NOVA/Assets/IFX_P2G-HW-SW_V1.0.4/Firmware_Software/DAVE project/P2G_FW/Dave/Generated/CMSIS_DSP/BasicMathFunctions\arm_abs_f32.c ****  * limitations under the License.
  27:E:/NOVA/Assets/IFX_P2G-HW-SW_V1.0.4/Firmware_Software/DAVE project/P2G_FW/Dave/Generated/CMSIS_DSP/BasicMathFunctions\arm_abs_f32.c ****  */
  28:E:/NOVA/Assets/IFX_P2G-HW-SW_V1.0.4/Firmware_Software/DAVE project/P2G_FW/Dave/Generated/CMSIS_DSP/BasicMathFunctions\arm_abs_f32.c **** 
  29:E:/NOVA/Assets/IFX_P2G-HW-SW_V1.0.4/Firmware_Software/DAVE project/P2G_FW/Dave/Generated/CMSIS_DSP/BasicMathFunctions\arm_abs_f32.c **** #include "CMSIS_DSP/cmsis_dsp.h"
  30:E:/NOVA/Assets/IFX_P2G-HW-SW_V1.0.4/Firmware_Software/DAVE project/P2G_FW/Dave/Generated/CMSIS_DSP/BasicMathFunctions\arm_abs_f32.c **** #include <math.h>
  31:E:/NOVA/Assets/IFX_P2G-HW-SW_V1.0.4/Firmware_Software/DAVE project/P2G_FW/Dave/Generated/CMSIS_DSP/BasicMathFunctions\arm_abs_f32.c **** 
  32:E:/NOVA/Assets/IFX_P2G-HW-SW_V1.0.4/Firmware_Software/DAVE project/P2G_FW/Dave/Generated/CMSIS_DSP/BasicMathFunctions\arm_abs_f32.c **** /**
  33:E:/NOVA/Assets/IFX_P2G-HW-SW_V1.0.4/Firmware_Software/DAVE project/P2G_FW/Dave/Generated/CMSIS_DSP/BasicMathFunctions\arm_abs_f32.c ****  * @ingroup groupMath
  34:E:/NOVA/Assets/IFX_P2G-HW-SW_V1.0.4/Firmware_Software/DAVE project/P2G_FW/Dave/Generated/CMSIS_DSP/BasicMathFunctions\arm_abs_f32.c ****  */
  35:E:/NOVA/Assets/IFX_P2G-HW-SW_V1.0.4/Firmware_Software/DAVE project/P2G_FW/Dave/Generated/CMSIS_DSP/BasicMathFunctions\arm_abs_f32.c **** 
  36:E:/NOVA/Assets/IFX_P2G-HW-SW_V1.0.4/Firmware_Software/DAVE project/P2G_FW/Dave/Generated/CMSIS_DSP/BasicMathFunctions\arm_abs_f32.c **** /**
  37:E:/NOVA/Assets/IFX_P2G-HW-SW_V1.0.4/Firmware_Software/DAVE project/P2G_FW/Dave/Generated/CMSIS_DSP/BasicMathFunctions\arm_abs_f32.c ****  * @defgroup BasicAbs Vector Absolute Value
  38:E:/NOVA/Assets/IFX_P2G-HW-SW_V1.0.4/Firmware_Software/DAVE project/P2G_FW/Dave/Generated/CMSIS_DSP/BasicMathFunctions\arm_abs_f32.c ****  *
  39:E:/NOVA/Assets/IFX_P2G-HW-SW_V1.0.4/Firmware_Software/DAVE project/P2G_FW/Dave/Generated/CMSIS_DSP/BasicMathFunctions\arm_abs_f32.c ****  * Computes the absolute value of a vector on an element-by-element basis.
  40:E:/NOVA/Assets/IFX_P2G-HW-SW_V1.0.4/Firmware_Software/DAVE project/P2G_FW/Dave/Generated/CMSIS_DSP/BasicMathFunctions\arm_abs_f32.c ****  *
  41:E:/NOVA/Assets/IFX_P2G-HW-SW_V1.0.4/Firmware_Software/DAVE project/P2G_FW/Dave/Generated/CMSIS_DSP/BasicMathFunctions\arm_abs_f32.c ****  * <pre>
  42:E:/NOVA/Assets/IFX_P2G-HW-SW_V1.0.4/Firmware_Software/DAVE project/P2G_FW/Dave/Generated/CMSIS_DSP/BasicMathFunctions\arm_abs_f32.c ****  *     pDst[n] = abs(pSrc[n]),   0 <= n < blockSize.
  43:E:/NOVA/Assets/IFX_P2G-HW-SW_V1.0.4/Firmware_Software/DAVE project/P2G_FW/Dave/Generated/CMSIS_DSP/BasicMathFunctions\arm_abs_f32.c ****  * </pre>
  44:E:/NOVA/Assets/IFX_P2G-HW-SW_V1.0.4/Firmware_Software/DAVE project/P2G_FW/Dave/Generated/CMSIS_DSP/BasicMathFunctions\arm_abs_f32.c ****  *
  45:E:/NOVA/Assets/IFX_P2G-HW-SW_V1.0.4/Firmware_Software/DAVE project/P2G_FW/Dave/Generated/CMSIS_DSP/BasicMathFunctions\arm_abs_f32.c ****  * The functions support in-place computation allowing the source and
  46:E:/NOVA/Assets/IFX_P2G-HW-SW_V1.0.4/Firmware_Software/DAVE project/P2G_FW/Dave/Generated/CMSIS_DSP/BasicMathFunctions\arm_abs_f32.c ****  * destination pointers to reference the same memory buffer.
  47:E:/NOVA/Assets/IFX_P2G-HW-SW_V1.0.4/Firmware_Software/DAVE project/P2G_FW/Dave/Generated/CMSIS_DSP/BasicMathFunctions\arm_abs_f32.c ****  * There are separate functions for floating-point, Q7, Q15, and Q31 data types.
  48:E:/NOVA/Assets/IFX_P2G-HW-SW_V1.0.4/Firmware_Software/DAVE project/P2G_FW/Dave/Generated/CMSIS_DSP/BasicMathFunctions\arm_abs_f32.c ****  */
  49:E:/NOVA/Assets/IFX_P2G-HW-SW_V1.0.4/Firmware_Software/DAVE project/P2G_FW/Dave/Generated/CMSIS_DSP/BasicMathFunctions\arm_abs_f32.c **** 
  50:E:/NOVA/Assets/IFX_P2G-HW-SW_V1.0.4/Firmware_Software/DAVE project/P2G_FW/Dave/Generated/CMSIS_DSP/BasicMathFunctions\arm_abs_f32.c **** /**
  51:E:/NOVA/Assets/IFX_P2G-HW-SW_V1.0.4/Firmware_Software/DAVE project/P2G_FW/Dave/Generated/CMSIS_DSP/BasicMathFunctions\arm_abs_f32.c ****  * @addtogroup BasicAbs
  52:E:/NOVA/Assets/IFX_P2G-HW-SW_V1.0.4/Firmware_Software/DAVE project/P2G_FW/Dave/Generated/CMSIS_DSP/BasicMathFunctions\arm_abs_f32.c ****  * @{
  53:E:/NOVA/Assets/IFX_P2G-HW-SW_V1.0.4/Firmware_Software/DAVE project/P2G_FW/Dave/Generated/CMSIS_DSP/BasicMathFunctions\arm_abs_f32.c ****  */
  54:E:/NOVA/Assets/IFX_P2G-HW-SW_V1.0.4/Firmware_Software/DAVE project/P2G_FW/Dave/Generated/CMSIS_DSP/BasicMathFunctions\arm_abs_f32.c **** 
  55:E:/NOVA/Assets/IFX_P2G-HW-SW_V1.0.4/Firmware_Software/DAVE project/P2G_FW/Dave/Generated/CMSIS_DSP/BasicMathFunctions\arm_abs_f32.c **** /**
  56:E:/NOVA/Assets/IFX_P2G-HW-SW_V1.0.4/Firmware_Software/DAVE project/P2G_FW/Dave/Generated/CMSIS_DSP/BasicMathFunctions\arm_abs_f32.c ****  * @brief Floating-point vector absolute value.
  57:E:/NOVA/Assets/IFX_P2G-HW-SW_V1.0.4/Firmware_Software/DAVE project/P2G_FW/Dave/Generated/CMSIS_DSP/BasicMathFunctions\arm_abs_f32.c ****  * @param[in]       *pSrc points to the input buffer
  58:E:/NOVA/Assets/IFX_P2G-HW-SW_V1.0.4/Firmware_Software/DAVE project/P2G_FW/Dave/Generated/CMSIS_DSP/BasicMathFunctions\arm_abs_f32.c ****  * @param[out]      *pDst points to the output buffer
  59:E:/NOVA/Assets/IFX_P2G-HW-SW_V1.0.4/Firmware_Software/DAVE project/P2G_FW/Dave/Generated/CMSIS_DSP/BasicMathFunctions\arm_abs_f32.c ****  * @param[in]       blockSize number of samples in each vector
  60:E:/NOVA/Assets/IFX_P2G-HW-SW_V1.0.4/Firmware_Software/DAVE project/P2G_FW/Dave/Generated/CMSIS_DSP/BasicMathFunctions\arm_abs_f32.c ****  * @return none.
  61:E:/NOVA/Assets/IFX_P2G-HW-SW_V1.0.4/Firmware_Software/DAVE project/P2G_FW/Dave/Generated/CMSIS_DSP/BasicMathFunctions\arm_abs_f32.c ****  */
  62:E:/NOVA/Assets/IFX_P2G-HW-SW_V1.0.4/Firmware_Software/DAVE project/P2G_FW/Dave/Generated/CMSIS_DSP/BasicMathFunctions\arm_abs_f32.c **** 
  63:E:/NOVA/Assets/IFX_P2G-HW-SW_V1.0.4/Firmware_Software/DAVE project/P2G_FW/Dave/Generated/CMSIS_DSP/BasicMathFunctions\arm_abs_f32.c **** void arm_abs_f32(
  64:E:/NOVA/Assets/IFX_P2G-HW-SW_V1.0.4/Firmware_Software/DAVE project/P2G_FW/Dave/Generated/CMSIS_DSP/BasicMathFunctions\arm_abs_f32.c ****   float32_t * pSrc,
  65:E:/NOVA/Assets/IFX_P2G-HW-SW_V1.0.4/Firmware_Software/DAVE project/P2G_FW/Dave/Generated/CMSIS_DSP/BasicMathFunctions\arm_abs_f32.c ****   float32_t * pDst,
  66:E:/NOVA/Assets/IFX_P2G-HW-SW_V1.0.4/Firmware_Software/DAVE project/P2G_FW/Dave/Generated/CMSIS_DSP/BasicMathFunctions\arm_abs_f32.c ****   uint32_t blockSize)
  67:E:/NOVA/Assets/IFX_P2G-HW-SW_V1.0.4/Firmware_Software/DAVE project/P2G_FW/Dave/Generated/CMSIS_DSP/BasicMathFunctions\arm_abs_f32.c **** {
  28              	 .loc 1 67 0
  29              	 .cfi_startproc
  30              	 
  31              	 
  32              	 
  33              	.LVL0:
  34 0000 70B4     	 push {r4,r5,r6}
  35              	.LCFI0:
  36              	 .cfi_def_cfa_offset 12
  37              	 .cfi_offset 4,-12
  38              	 .cfi_offset 5,-8
  39              	 .cfi_offset 6,-4
  68:E:/NOVA/Assets/IFX_P2G-HW-SW_V1.0.4/Firmware_Software/DAVE project/P2G_FW/Dave/Generated/CMSIS_DSP/BasicMathFunctions\arm_abs_f32.c ****   uint32_t blkCnt;                               /* loop counter */
  69:E:/NOVA/Assets/IFX_P2G-HW-SW_V1.0.4/Firmware_Software/DAVE project/P2G_FW/Dave/Generated/CMSIS_DSP/BasicMathFunctions\arm_abs_f32.c **** 
  70:E:/NOVA/Assets/IFX_P2G-HW-SW_V1.0.4/Firmware_Software/DAVE project/P2G_FW/Dave/Generated/CMSIS_DSP/BasicMathFunctions\arm_abs_f32.c **** #if defined (ARM_MATH_DSP)
  71:E:/NOVA/Assets/IFX_P2G-HW-SW_V1.0.4/Firmware_Software/DAVE project/P2G_FW/Dave/Generated/CMSIS_DSP/BasicMathFunctions\arm_abs_f32.c **** 
  72:E:/NOVA/Assets/IFX_P2G-HW-SW_V1.0.4/Firmware_Software/DAVE project/P2G_FW/Dave/Generated/CMSIS_DSP/BasicMathFunctions\arm_abs_f32.c ****   /* Run the below code for Cortex-M4 and Cortex-M3 */
  73:E:/NOVA/Assets/IFX_P2G-HW-SW_V1.0.4/Firmware_Software/DAVE project/P2G_FW/Dave/Generated/CMSIS_DSP/BasicMathFunctions\arm_abs_f32.c ****   float32_t in1, in2, in3, in4;                  /* temporary variables */
  74:E:/NOVA/Assets/IFX_P2G-HW-SW_V1.0.4/Firmware_Software/DAVE project/P2G_FW/Dave/Generated/CMSIS_DSP/BasicMathFunctions\arm_abs_f32.c **** 
  75:E:/NOVA/Assets/IFX_P2G-HW-SW_V1.0.4/Firmware_Software/DAVE project/P2G_FW/Dave/Generated/CMSIS_DSP/BasicMathFunctions\arm_abs_f32.c ****   /*loop Unrolling */
  76:E:/NOVA/Assets/IFX_P2G-HW-SW_V1.0.4/Firmware_Software/DAVE project/P2G_FW/Dave/Generated/CMSIS_DSP/BasicMathFunctions\arm_abs_f32.c ****   blkCnt = blockSize >> 2u;
  77:E:/NOVA/Assets/IFX_P2G-HW-SW_V1.0.4/Firmware_Software/DAVE project/P2G_FW/Dave/Generated/CMSIS_DSP/BasicMathFunctions\arm_abs_f32.c **** 
  78:E:/NOVA/Assets/IFX_P2G-HW-SW_V1.0.4/Firmware_Software/DAVE project/P2G_FW/Dave/Generated/CMSIS_DSP/BasicMathFunctions\arm_abs_f32.c ****   /* First part of the processing with loop unrolling.  Compute 4 outputs at a time.
  79:E:/NOVA/Assets/IFX_P2G-HW-SW_V1.0.4/Firmware_Software/DAVE project/P2G_FW/Dave/Generated/CMSIS_DSP/BasicMathFunctions\arm_abs_f32.c ****    ** a second loop below computes the remaining 1 to 3 samples. */
  80:E:/NOVA/Assets/IFX_P2G-HW-SW_V1.0.4/Firmware_Software/DAVE project/P2G_FW/Dave/Generated/CMSIS_DSP/BasicMathFunctions\arm_abs_f32.c ****   while (blkCnt > 0u)
  40              	 .loc 1 80 0
  41 0002 9608     	 lsrs r6,r2,#2
  42              	.LVL1:
  43 0004 25D0     	 beq .L2
  44 0006 00F11004 	 add r4,r0,#16
  45 000a 01F11003 	 add r3,r1,#16
  46 000e 3546     	 mov r5,r6
  47              	.LVL2:
  48              	.L3:
  81:E:/NOVA/Assets/IFX_P2G-HW-SW_V1.0.4/Firmware_Software/DAVE project/P2G_FW/Dave/Generated/CMSIS_DSP/BasicMathFunctions\arm_abs_f32.c ****   {
  82:E:/NOVA/Assets/IFX_P2G-HW-SW_V1.0.4/Firmware_Software/DAVE project/P2G_FW/Dave/Generated/CMSIS_DSP/BasicMathFunctions\arm_abs_f32.c ****     /* C = |A| */
  83:E:/NOVA/Assets/IFX_P2G-HW-SW_V1.0.4/Firmware_Software/DAVE project/P2G_FW/Dave/Generated/CMSIS_DSP/BasicMathFunctions\arm_abs_f32.c ****     /* Calculate absolute and then store the results in the destination buffer. */
  84:E:/NOVA/Assets/IFX_P2G-HW-SW_V1.0.4/Firmware_Software/DAVE project/P2G_FW/Dave/Generated/CMSIS_DSP/BasicMathFunctions\arm_abs_f32.c ****     /* read sample from source */
  85:E:/NOVA/Assets/IFX_P2G-HW-SW_V1.0.4/Firmware_Software/DAVE project/P2G_FW/Dave/Generated/CMSIS_DSP/BasicMathFunctions\arm_abs_f32.c ****     in1 = *pSrc;
  49              	 .loc 1 85 0
  50 0010 14ED046A 	 flds s12,[r4,#-16]
  51              	.LVL3:
  86:E:/NOVA/Assets/IFX_P2G-HW-SW_V1.0.4/Firmware_Software/DAVE project/P2G_FW/Dave/Generated/CMSIS_DSP/BasicMathFunctions\arm_abs_f32.c ****     in2 = *(pSrc + 1);
  52              	 .loc 1 86 0
  53 0014 54ED036A 	 flds s13,[r4,#-12]
  54              	.LVL4:
  87:E:/NOVA/Assets/IFX_P2G-HW-SW_V1.0.4/Firmware_Software/DAVE project/P2G_FW/Dave/Generated/CMSIS_DSP/BasicMathFunctions\arm_abs_f32.c ****     in3 = *(pSrc + 2);
  55              	 .loc 1 87 0
  56 0018 14ED027A 	 flds s14,[r4,#-8]
  57              	.LVL5:
  88:E:/NOVA/Assets/IFX_P2G-HW-SW_V1.0.4/Firmware_Software/DAVE project/P2G_FW/Dave/Generated/CMSIS_DSP/BasicMathFunctions\arm_abs_f32.c **** 
  89:E:/NOVA/Assets/IFX_P2G-HW-SW_V1.0.4/Firmware_Software/DAVE project/P2G_FW/Dave/Generated/CMSIS_DSP/BasicMathFunctions\arm_abs_f32.c ****     /* find absolute value */
  90:E:/NOVA/Assets/IFX_P2G-HW-SW_V1.0.4/Firmware_Software/DAVE project/P2G_FW/Dave/Generated/CMSIS_DSP/BasicMathFunctions\arm_abs_f32.c ****     in1 = fabsf(in1);
  91:E:/NOVA/Assets/IFX_P2G-HW-SW_V1.0.4/Firmware_Software/DAVE project/P2G_FW/Dave/Generated/CMSIS_DSP/BasicMathFunctions\arm_abs_f32.c **** 
  92:E:/NOVA/Assets/IFX_P2G-HW-SW_V1.0.4/Firmware_Software/DAVE project/P2G_FW/Dave/Generated/CMSIS_DSP/BasicMathFunctions\arm_abs_f32.c ****     /* read sample from source */
  93:E:/NOVA/Assets/IFX_P2G-HW-SW_V1.0.4/Firmware_Software/DAVE project/P2G_FW/Dave/Generated/CMSIS_DSP/BasicMathFunctions\arm_abs_f32.c ****     in4 = *(pSrc + 3);
  58              	 .loc 1 93 0
  59 001c 54ED017A 	 flds s15,[r4,#-4]
  60              	.LVL6:
  90:E:/NOVA/Assets/IFX_P2G-HW-SW_V1.0.4/Firmware_Software/DAVE project/P2G_FW/Dave/Generated/CMSIS_DSP/BasicMathFunctions\arm_abs_f32.c **** 
  61              	 .loc 1 90 0
  62 0020 B0EEC66A 	 fabss s12,s12
  63              	.LVL7:
  94:E:/NOVA/Assets/IFX_P2G-HW-SW_V1.0.4/Firmware_Software/DAVE project/P2G_FW/Dave/Generated/CMSIS_DSP/BasicMathFunctions\arm_abs_f32.c **** 
  95:E:/NOVA/Assets/IFX_P2G-HW-SW_V1.0.4/Firmware_Software/DAVE project/P2G_FW/Dave/Generated/CMSIS_DSP/BasicMathFunctions\arm_abs_f32.c ****     /* find absolute value */
  96:E:/NOVA/Assets/IFX_P2G-HW-SW_V1.0.4/Firmware_Software/DAVE project/P2G_FW/Dave/Generated/CMSIS_DSP/BasicMathFunctions\arm_abs_f32.c ****     in2 = fabsf(in2);
  64              	 .loc 1 96 0
  65 0024 F0EEE66A 	 fabss s13,s13
  66              	.LVL8:
  97:E:/NOVA/Assets/IFX_P2G-HW-SW_V1.0.4/Firmware_Software/DAVE project/P2G_FW/Dave/Generated/CMSIS_DSP/BasicMathFunctions\arm_abs_f32.c **** 
  98:E:/NOVA/Assets/IFX_P2G-HW-SW_V1.0.4/Firmware_Software/DAVE project/P2G_FW/Dave/Generated/CMSIS_DSP/BasicMathFunctions\arm_abs_f32.c ****     /* read sample from source */
  99:E:/NOVA/Assets/IFX_P2G-HW-SW_V1.0.4/Firmware_Software/DAVE project/P2G_FW/Dave/Generated/CMSIS_DSP/BasicMathFunctions\arm_abs_f32.c ****     *pDst = in1;
 100:E:/NOVA/Assets/IFX_P2G-HW-SW_V1.0.4/Firmware_Software/DAVE project/P2G_FW/Dave/Generated/CMSIS_DSP/BasicMathFunctions\arm_abs_f32.c **** 
 101:E:/NOVA/Assets/IFX_P2G-HW-SW_V1.0.4/Firmware_Software/DAVE project/P2G_FW/Dave/Generated/CMSIS_DSP/BasicMathFunctions\arm_abs_f32.c ****     /* find absolute value */
 102:E:/NOVA/Assets/IFX_P2G-HW-SW_V1.0.4/Firmware_Software/DAVE project/P2G_FW/Dave/Generated/CMSIS_DSP/BasicMathFunctions\arm_abs_f32.c ****     in3 = fabsf(in3);
  67              	 .loc 1 102 0
  68 0028 B0EEC77A 	 fabss s14,s14
  69              	.LVL9:
 103:E:/NOVA/Assets/IFX_P2G-HW-SW_V1.0.4/Firmware_Software/DAVE project/P2G_FW/Dave/Generated/CMSIS_DSP/BasicMathFunctions\arm_abs_f32.c **** 
 104:E:/NOVA/Assets/IFX_P2G-HW-SW_V1.0.4/Firmware_Software/DAVE project/P2G_FW/Dave/Generated/CMSIS_DSP/BasicMathFunctions\arm_abs_f32.c ****     /* find absolute value */
 105:E:/NOVA/Assets/IFX_P2G-HW-SW_V1.0.4/Firmware_Software/DAVE project/P2G_FW/Dave/Generated/CMSIS_DSP/BasicMathFunctions\arm_abs_f32.c ****     in4 = fabsf(in4);
  70              	 .loc 1 105 0
  71 002c F0EEE77A 	 fabss s15,s15
  72              	.LVL10:
  80:E:/NOVA/Assets/IFX_P2G-HW-SW_V1.0.4/Firmware_Software/DAVE project/P2G_FW/Dave/Generated/CMSIS_DSP/BasicMathFunctions\arm_abs_f32.c ****   {
  73              	 .loc 1 80 0
  74 0030 013D     	 subs r5,r5,#1
  75              	.LVL11:
  99:E:/NOVA/Assets/IFX_P2G-HW-SW_V1.0.4/Firmware_Software/DAVE project/P2G_FW/Dave/Generated/CMSIS_DSP/BasicMathFunctions\arm_abs_f32.c **** 
  76              	 .loc 1 99 0
  77 0032 03ED046A 	 fsts s12,[r3,#-16]
  78              	.LVL12:
 106:E:/NOVA/Assets/IFX_P2G-HW-SW_V1.0.4/Firmware_Software/DAVE project/P2G_FW/Dave/Generated/CMSIS_DSP/BasicMathFunctions\arm_abs_f32.c **** 
 107:E:/NOVA/Assets/IFX_P2G-HW-SW_V1.0.4/Firmware_Software/DAVE project/P2G_FW/Dave/Generated/CMSIS_DSP/BasicMathFunctions\arm_abs_f32.c ****     /* store result to destination */
 108:E:/NOVA/Assets/IFX_P2G-HW-SW_V1.0.4/Firmware_Software/DAVE project/P2G_FW/Dave/Generated/CMSIS_DSP/BasicMathFunctions\arm_abs_f32.c ****     *(pDst + 1) = in2;
  79              	 .loc 1 108 0
  80 0036 43ED036A 	 fsts s13,[r3,#-12]
 109:E:/NOVA/Assets/IFX_P2G-HW-SW_V1.0.4/Firmware_Software/DAVE project/P2G_FW/Dave/Generated/CMSIS_DSP/BasicMathFunctions\arm_abs_f32.c **** 
 110:E:/NOVA/Assets/IFX_P2G-HW-SW_V1.0.4/Firmware_Software/DAVE project/P2G_FW/Dave/Generated/CMSIS_DSP/BasicMathFunctions\arm_abs_f32.c ****     /* store result to destination */
 111:E:/NOVA/Assets/IFX_P2G-HW-SW_V1.0.4/Firmware_Software/DAVE project/P2G_FW/Dave/Generated/CMSIS_DSP/BasicMathFunctions\arm_abs_f32.c ****     *(pDst + 2) = in3;
  81              	 .loc 1 111 0
  82 003a 03ED027A 	 fsts s14,[r3,#-8]
 112:E:/NOVA/Assets/IFX_P2G-HW-SW_V1.0.4/Firmware_Software/DAVE project/P2G_FW/Dave/Generated/CMSIS_DSP/BasicMathFunctions\arm_abs_f32.c **** 
 113:E:/NOVA/Assets/IFX_P2G-HW-SW_V1.0.4/Firmware_Software/DAVE project/P2G_FW/Dave/Generated/CMSIS_DSP/BasicMathFunctions\arm_abs_f32.c ****     /* store result to destination */
 114:E:/NOVA/Assets/IFX_P2G-HW-SW_V1.0.4/Firmware_Software/DAVE project/P2G_FW/Dave/Generated/CMSIS_DSP/BasicMathFunctions\arm_abs_f32.c ****     *(pDst + 3) = in4;
  83              	 .loc 1 114 0
  84 003e 43ED017A 	 fsts s15,[r3,#-4]
  85              	.LVL13:
  86 0042 04F11004 	 add r4,r4,#16
  87              	.LVL14:
  88 0046 03F11003 	 add r3,r3,#16
  80:E:/NOVA/Assets/IFX_P2G-HW-SW_V1.0.4/Firmware_Software/DAVE project/P2G_FW/Dave/Generated/CMSIS_DSP/BasicMathFunctions\arm_abs_f32.c ****   {
  89              	 .loc 1 80 0
  90 004a E1D1     	 bne .L3
  91 004c 3601     	 lsls r6,r6,#4
  92 004e 3044     	 add r0,r0,r6
  93 0050 3144     	 add r1,r1,r6
  94              	.LVL15:
  95              	.L2:
 115:E:/NOVA/Assets/IFX_P2G-HW-SW_V1.0.4/Firmware_Software/DAVE project/P2G_FW/Dave/Generated/CMSIS_DSP/BasicMathFunctions\arm_abs_f32.c **** 
 116:E:/NOVA/Assets/IFX_P2G-HW-SW_V1.0.4/Firmware_Software/DAVE project/P2G_FW/Dave/Generated/CMSIS_DSP/BasicMathFunctions\arm_abs_f32.c **** 
 117:E:/NOVA/Assets/IFX_P2G-HW-SW_V1.0.4/Firmware_Software/DAVE project/P2G_FW/Dave/Generated/CMSIS_DSP/BasicMathFunctions\arm_abs_f32.c ****     /* Update source pointer to process next sampels */
 118:E:/NOVA/Assets/IFX_P2G-HW-SW_V1.0.4/Firmware_Software/DAVE project/P2G_FW/Dave/Generated/CMSIS_DSP/BasicMathFunctions\arm_abs_f32.c ****     pSrc += 4u;
 119:E:/NOVA/Assets/IFX_P2G-HW-SW_V1.0.4/Firmware_Software/DAVE project/P2G_FW/Dave/Generated/CMSIS_DSP/BasicMathFunctions\arm_abs_f32.c **** 
 120:E:/NOVA/Assets/IFX_P2G-HW-SW_V1.0.4/Firmware_Software/DAVE project/P2G_FW/Dave/Generated/CMSIS_DSP/BasicMathFunctions\arm_abs_f32.c ****     /* Update destination pointer to process next sampels */
 121:E:/NOVA/Assets/IFX_P2G-HW-SW_V1.0.4/Firmware_Software/DAVE project/P2G_FW/Dave/Generated/CMSIS_DSP/BasicMathFunctions\arm_abs_f32.c ****     pDst += 4u;
 122:E:/NOVA/Assets/IFX_P2G-HW-SW_V1.0.4/Firmware_Software/DAVE project/P2G_FW/Dave/Generated/CMSIS_DSP/BasicMathFunctions\arm_abs_f32.c **** 
 123:E:/NOVA/Assets/IFX_P2G-HW-SW_V1.0.4/Firmware_Software/DAVE project/P2G_FW/Dave/Generated/CMSIS_DSP/BasicMathFunctions\arm_abs_f32.c ****     /* Decrement the loop counter */
 124:E:/NOVA/Assets/IFX_P2G-HW-SW_V1.0.4/Firmware_Software/DAVE project/P2G_FW/Dave/Generated/CMSIS_DSP/BasicMathFunctions\arm_abs_f32.c ****     blkCnt--;
 125:E:/NOVA/Assets/IFX_P2G-HW-SW_V1.0.4/Firmware_Software/DAVE project/P2G_FW/Dave/Generated/CMSIS_DSP/BasicMathFunctions\arm_abs_f32.c ****   }
 126:E:/NOVA/Assets/IFX_P2G-HW-SW_V1.0.4/Firmware_Software/DAVE project/P2G_FW/Dave/Generated/CMSIS_DSP/BasicMathFunctions\arm_abs_f32.c **** 
 127:E:/NOVA/Assets/IFX_P2G-HW-SW_V1.0.4/Firmware_Software/DAVE project/P2G_FW/Dave/Generated/CMSIS_DSP/BasicMathFunctions\arm_abs_f32.c ****   /* If the blockSize is not a multiple of 4, compute any remaining output samples here.
 128:E:/NOVA/Assets/IFX_P2G-HW-SW_V1.0.4/Firmware_Software/DAVE project/P2G_FW/Dave/Generated/CMSIS_DSP/BasicMathFunctions\arm_abs_f32.c ****    ** No loop unrolling is used. */
 129:E:/NOVA/Assets/IFX_P2G-HW-SW_V1.0.4/Firmware_Software/DAVE project/P2G_FW/Dave/Generated/CMSIS_DSP/BasicMathFunctions\arm_abs_f32.c ****   blkCnt = blockSize % 0x4u;
 130:E:/NOVA/Assets/IFX_P2G-HW-SW_V1.0.4/Firmware_Software/DAVE project/P2G_FW/Dave/Generated/CMSIS_DSP/BasicMathFunctions\arm_abs_f32.c **** 
 131:E:/NOVA/Assets/IFX_P2G-HW-SW_V1.0.4/Firmware_Software/DAVE project/P2G_FW/Dave/Generated/CMSIS_DSP/BasicMathFunctions\arm_abs_f32.c **** #else
 132:E:/NOVA/Assets/IFX_P2G-HW-SW_V1.0.4/Firmware_Software/DAVE project/P2G_FW/Dave/Generated/CMSIS_DSP/BasicMathFunctions\arm_abs_f32.c **** 
 133:E:/NOVA/Assets/IFX_P2G-HW-SW_V1.0.4/Firmware_Software/DAVE project/P2G_FW/Dave/Generated/CMSIS_DSP/BasicMathFunctions\arm_abs_f32.c ****   /* Run the below code for Cortex-M0 */
 134:E:/NOVA/Assets/IFX_P2G-HW-SW_V1.0.4/Firmware_Software/DAVE project/P2G_FW/Dave/Generated/CMSIS_DSP/BasicMathFunctions\arm_abs_f32.c **** 
 135:E:/NOVA/Assets/IFX_P2G-HW-SW_V1.0.4/Firmware_Software/DAVE project/P2G_FW/Dave/Generated/CMSIS_DSP/BasicMathFunctions\arm_abs_f32.c ****   /* Initialize blkCnt with number of samples */
 136:E:/NOVA/Assets/IFX_P2G-HW-SW_V1.0.4/Firmware_Software/DAVE project/P2G_FW/Dave/Generated/CMSIS_DSP/BasicMathFunctions\arm_abs_f32.c ****   blkCnt = blockSize;
 137:E:/NOVA/Assets/IFX_P2G-HW-SW_V1.0.4/Firmware_Software/DAVE project/P2G_FW/Dave/Generated/CMSIS_DSP/BasicMathFunctions\arm_abs_f32.c **** 
 138:E:/NOVA/Assets/IFX_P2G-HW-SW_V1.0.4/Firmware_Software/DAVE project/P2G_FW/Dave/Generated/CMSIS_DSP/BasicMathFunctions\arm_abs_f32.c **** #endif /*   #if defined (ARM_MATH_DSP)   */
 139:E:/NOVA/Assets/IFX_P2G-HW-SW_V1.0.4/Firmware_Software/DAVE project/P2G_FW/Dave/Generated/CMSIS_DSP/BasicMathFunctions\arm_abs_f32.c **** 
 140:E:/NOVA/Assets/IFX_P2G-HW-SW_V1.0.4/Firmware_Software/DAVE project/P2G_FW/Dave/Generated/CMSIS_DSP/BasicMathFunctions\arm_abs_f32.c ****   while (blkCnt > 0u)
  96              	 .loc 1 140 0
  97 0052 12F00302 	 ands r2,r2,#3
  98              	.LVL16:
  99 0056 07D0     	 beq .L1
 100              	.LVL17:
 101              	.L5:
 141:E:/NOVA/Assets/IFX_P2G-HW-SW_V1.0.4/Firmware_Software/DAVE project/P2G_FW/Dave/Generated/CMSIS_DSP/BasicMathFunctions\arm_abs_f32.c ****   {
 142:E:/NOVA/Assets/IFX_P2G-HW-SW_V1.0.4/Firmware_Software/DAVE project/P2G_FW/Dave/Generated/CMSIS_DSP/BasicMathFunctions\arm_abs_f32.c ****     /* C = |A| */
 143:E:/NOVA/Assets/IFX_P2G-HW-SW_V1.0.4/Firmware_Software/DAVE project/P2G_FW/Dave/Generated/CMSIS_DSP/BasicMathFunctions\arm_abs_f32.c ****     /* Calculate absolute and then store the results in the destination buffer. */
 144:E:/NOVA/Assets/IFX_P2G-HW-SW_V1.0.4/Firmware_Software/DAVE project/P2G_FW/Dave/Generated/CMSIS_DSP/BasicMathFunctions\arm_abs_f32.c ****     *pDst++ = fabsf(*pSrc++);
 102              	 .loc 1 144 0
 103 0058 F0EC017A 	 fldmias r0!,{s15}
 104              	.LVL18:
 140:E:/NOVA/Assets/IFX_P2G-HW-SW_V1.0.4/Firmware_Software/DAVE project/P2G_FW/Dave/Generated/CMSIS_DSP/BasicMathFunctions\arm_abs_f32.c ****   {
 105              	 .loc 1 140 0
 106 005c 013A     	 subs r2,r2,#1
 107              	.LVL19:
 108              	 .loc 1 144 0
 109 005e F0EEE77A 	 fabss s15,s15
 110 0062 E1EC017A 	 fstmias r1!,{s15}
 140:E:/NOVA/Assets/IFX_P2G-HW-SW_V1.0.4/Firmware_Software/DAVE project/P2G_FW/Dave/Generated/CMSIS_DSP/BasicMathFunctions\arm_abs_f32.c ****   {
 111              	 .loc 1 140 0
 112 0066 F7D1     	 bne .L5
 113              	.L1:
 145:E:/NOVA/Assets/IFX_P2G-HW-SW_V1.0.4/Firmware_Software/DAVE project/P2G_FW/Dave/Generated/CMSIS_DSP/BasicMathFunctions\arm_abs_f32.c **** 
 146:E:/NOVA/Assets/IFX_P2G-HW-SW_V1.0.4/Firmware_Software/DAVE project/P2G_FW/Dave/Generated/CMSIS_DSP/BasicMathFunctions\arm_abs_f32.c ****     /* Decrement the loop counter */
 147:E:/NOVA/Assets/IFX_P2G-HW-SW_V1.0.4/Firmware_Software/DAVE project/P2G_FW/Dave/Generated/CMSIS_DSP/BasicMathFunctions\arm_abs_f32.c ****     blkCnt--;
 148:E:/NOVA/Assets/IFX_P2G-HW-SW_V1.0.4/Firmware_Software/DAVE project/P2G_FW/Dave/Generated/CMSIS_DSP/BasicMathFunctions\arm_abs_f32.c ****   }
 149:E:/NOVA/Assets/IFX_P2G-HW-SW_V1.0.4/Firmware_Software/DAVE project/P2G_FW/Dave/Generated/CMSIS_DSP/BasicMathFunctions\arm_abs_f32.c **** }
 114              	 .loc 1 149 0
 115 0068 70BC     	 pop {r4,r5,r6}
 116              	.LCFI1:
 117              	 .cfi_restore 6
 118              	 .cfi_restore 5
 119              	 .cfi_restore 4
 120              	 .cfi_def_cfa_offset 0
 121 006a 7047     	 bx lr
 122              	 .cfi_endproc
 123              	.LFE135:
 125              	 .text
 126              	.Letext0:
 127              	 .file 2 "c:\\infineon\\tools\\dave ide\\4.5.0.202105191637\\eclipse\\arm-gcc-49\\arm-none-eabi\\include\\machine\\_default_types.h"
 128              	 .file 3 "c:\\infineon\\tools\\dave ide\\4.5.0.202105191637\\eclipse\\arm-gcc-49\\arm-none-eabi\\include\\stdint.h"
 129              	 .file 4 "E:/NOVA/Assets/IFX_P2G-HW-SW_V1.0.4/Firmware_Software/DAVE project/P2G_FW/Dave/Generated/CMSIS_DSP/arm_math.h"
DEFINED SYMBOLS
                            *ABS*:00000000 arm_abs_f32.c
    {standard input}:20     .text.arm_abs_f32:00000000 $t
    {standard input}:25     .text.arm_abs_f32:00000000 arm_abs_f32
                     .debug_frame:00000010 $d

NO UNDEFINED SYMBOLS
