   1              	 .syntax unified
   2              	 .cpu cortex-m4
   3              	 .eabi_attribute 27,3
   4              	 .fpu fpv4-sp-d16
   5              	 .eabi_attribute 20,1
   6              	 .eabi_attribute 21,1
   7              	 .eabi_attribute 23,3
   8              	 .eabi_attribute 24,1
   9              	 .eabi_attribute 25,1
  10              	 .eabi_attribute 26,1
  11              	 .eabi_attribute 30,2
  12              	 .eabi_attribute 34,1
  13              	 .eabi_attribute 18,4
  14              	 .thumb
  15              	 .file "radar_calibration.c"
  16              	 .text
  17              	.Ltext0:
  18              	 .cfi_sections .debug_frame
  19              	 .section .text.radar_init_calibration,"ax",%progbits
  20              	 .align 2
  21              	 .global radar_init_calibration
  22              	 .thumb
  23              	 .thumb_func
  25              	radar_init_calibration:
  26              	.LFB470:
  27              	 .file 1 "E:/NOVA/Assets/IFX_P2G-HW-SW_V1.0.4/Firmware_Software/DAVE project/P2G_FW/Radar_Control/src/radar_calibration.c"
   1:E:/NOVA/Assets/IFX_P2G-HW-SW_V1.0.4/Firmware_Software/DAVE project/P2G_FW/Radar_Control/src\radar_calibration.c **** /**
   2:E:/NOVA/Assets/IFX_P2G-HW-SW_V1.0.4/Firmware_Software/DAVE project/P2G_FW/Radar_Control/src\radar_calibration.c ****     @file: radar_calibration.c
   3:E:/NOVA/Assets/IFX_P2G-HW-SW_V1.0.4/Firmware_Software/DAVE project/P2G_FW/Radar_Control/src\radar_calibration.c **** 
   4:E:/NOVA/Assets/IFX_P2G-HW-SW_V1.0.4/Firmware_Software/DAVE project/P2G_FW/Radar_Control/src\radar_calibration.c ****   	@brief: This file contains the driver API Calibration features of
   5:E:/NOVA/Assets/IFX_P2G-HW-SW_V1.0.4/Firmware_Software/DAVE project/P2G_FW/Radar_Control/src\radar_calibration.c ****   			Infineon radar sensors.
   6:E:/NOVA/Assets/IFX_P2G-HW-SW_V1.0.4/Firmware_Software/DAVE project/P2G_FW/Radar_Control/src\radar_calibration.c **** */
   7:E:/NOVA/Assets/IFX_P2G-HW-SW_V1.0.4/Firmware_Software/DAVE project/P2G_FW/Radar_Control/src\radar_calibration.c **** 
   8:E:/NOVA/Assets/IFX_P2G-HW-SW_V1.0.4/Firmware_Software/DAVE project/P2G_FW/Radar_Control/src\radar_calibration.c **** /* ===========================================================================
   9:E:/NOVA/Assets/IFX_P2G-HW-SW_V1.0.4/Firmware_Software/DAVE project/P2G_FW/Radar_Control/src\radar_calibration.c **** ** Copyright (C) 2018-2019 Infineon Technologies AG
  10:E:/NOVA/Assets/IFX_P2G-HW-SW_V1.0.4/Firmware_Software/DAVE project/P2G_FW/Radar_Control/src\radar_calibration.c **** ** All rights reserved.
  11:E:/NOVA/Assets/IFX_P2G-HW-SW_V1.0.4/Firmware_Software/DAVE project/P2G_FW/Radar_Control/src\radar_calibration.c **** ** ===========================================================================
  12:E:/NOVA/Assets/IFX_P2G-HW-SW_V1.0.4/Firmware_Software/DAVE project/P2G_FW/Radar_Control/src\radar_calibration.c **** **
  13:E:/NOVA/Assets/IFX_P2G-HW-SW_V1.0.4/Firmware_Software/DAVE project/P2G_FW/Radar_Control/src\radar_calibration.c **** ** ===========================================================================
  14:E:/NOVA/Assets/IFX_P2G-HW-SW_V1.0.4/Firmware_Software/DAVE project/P2G_FW/Radar_Control/src\radar_calibration.c **** ** This document contains proprietary information of Infineon Technologies AG.
  15:E:/NOVA/Assets/IFX_P2G-HW-SW_V1.0.4/Firmware_Software/DAVE project/P2G_FW/Radar_Control/src\radar_calibration.c **** ** Passing on and copying of this document, and communication of its contents
  16:E:/NOVA/Assets/IFX_P2G-HW-SW_V1.0.4/Firmware_Software/DAVE project/P2G_FW/Radar_Control/src\radar_calibration.c **** ** is not permitted without Infineon's prior written authorization.
  17:E:/NOVA/Assets/IFX_P2G-HW-SW_V1.0.4/Firmware_Software/DAVE project/P2G_FW/Radar_Control/src\radar_calibration.c **** ** ===========================================================================
  18:E:/NOVA/Assets/IFX_P2G-HW-SW_V1.0.4/Firmware_Software/DAVE project/P2G_FW/Radar_Control/src\radar_calibration.c **** */
  19:E:/NOVA/Assets/IFX_P2G-HW-SW_V1.0.4/Firmware_Software/DAVE project/P2G_FW/Radar_Control/src\radar_calibration.c **** 
  20:E:/NOVA/Assets/IFX_P2G-HW-SW_V1.0.4/Firmware_Software/DAVE project/P2G_FW/Radar_Control/src\radar_calibration.c **** /*
  21:E:/NOVA/Assets/IFX_P2G-HW-SW_V1.0.4/Firmware_Software/DAVE project/P2G_FW/Radar_Control/src\radar_calibration.c **** ==============================================================================
  22:E:/NOVA/Assets/IFX_P2G-HW-SW_V1.0.4/Firmware_Software/DAVE project/P2G_FW/Radar_Control/src\radar_calibration.c ****    1. INCLUDE FILES
  23:E:/NOVA/Assets/IFX_P2G-HW-SW_V1.0.4/Firmware_Software/DAVE project/P2G_FW/Radar_Control/src\radar_calibration.c **** ==============================================================================
  24:E:/NOVA/Assets/IFX_P2G-HW-SW_V1.0.4/Firmware_Software/DAVE project/P2G_FW/Radar_Control/src\radar_calibration.c ****  */
  25:E:/NOVA/Assets/IFX_P2G-HW-SW_V1.0.4/Firmware_Software/DAVE project/P2G_FW/Radar_Control/src\radar_calibration.c **** 
  26:E:/NOVA/Assets/IFX_P2G-HW-SW_V1.0.4/Firmware_Software/DAVE project/P2G_FW/Radar_Control/src\radar_calibration.c **** #include "radar_api.h"
  27:E:/NOVA/Assets/IFX_P2G-HW-SW_V1.0.4/Firmware_Software/DAVE project/P2G_FW/Radar_Control/src\radar_calibration.c **** #include "radar_calibration.h"
  28:E:/NOVA/Assets/IFX_P2G-HW-SW_V1.0.4/Firmware_Software/DAVE project/P2G_FW/Radar_Control/src\radar_calibration.c **** #include "radar_control.h"
  29:E:/NOVA/Assets/IFX_P2G-HW-SW_V1.0.4/Firmware_Software/DAVE project/P2G_FW/Radar_Control/src\radar_calibration.c **** #include "position2go_bsp.h"
  30:E:/NOVA/Assets/IFX_P2G-HW-SW_V1.0.4/Firmware_Software/DAVE project/P2G_FW/Radar_Control/src\radar_calibration.c **** #include "ds_radar_interface.h"
  31:E:/NOVA/Assets/IFX_P2G-HW-SW_V1.0.4/Firmware_Software/DAVE project/P2G_FW/Radar_Control/src\radar_calibration.c **** 
  32:E:/NOVA/Assets/IFX_P2G-HW-SW_V1.0.4/Firmware_Software/DAVE project/P2G_FW/Radar_Control/src\radar_calibration.c **** /*
  33:E:/NOVA/Assets/IFX_P2G-HW-SW_V1.0.4/Firmware_Software/DAVE project/P2G_FW/Radar_Control/src\radar_calibration.c **** ==============================================================================
  34:E:/NOVA/Assets/IFX_P2G-HW-SW_V1.0.4/Firmware_Software/DAVE project/P2G_FW/Radar_Control/src\radar_calibration.c ****    2. DATA
  35:E:/NOVA/Assets/IFX_P2G-HW-SW_V1.0.4/Firmware_Software/DAVE project/P2G_FW/Radar_Control/src\radar_calibration.c **** ==============================================================================
  36:E:/NOVA/Assets/IFX_P2G-HW-SW_V1.0.4/Firmware_Software/DAVE project/P2G_FW/Radar_Control/src\radar_calibration.c ****  */
  37:E:/NOVA/Assets/IFX_P2G-HW-SW_V1.0.4/Firmware_Software/DAVE project/P2G_FW/Radar_Control/src\radar_calibration.c **** 
  38:E:/NOVA/Assets/IFX_P2G-HW-SW_V1.0.4/Firmware_Software/DAVE project/P2G_FW/Radar_Control/src\radar_calibration.c **** uint16_t   adc_i1_calibration[BSP_NUM_OF_ADC_CHANNELS * MAX_CALIB_SAMPLES_PER_CHANNEL];
  39:E:/NOVA/Assets/IFX_P2G-HW-SW_V1.0.4/Firmware_Software/DAVE project/P2G_FW/Radar_Control/src\radar_calibration.c **** uint16_t*  adc_q1_calibration = &adc_i1_calibration[MAX_CALIB_SAMPLES_PER_CHANNEL * 1];
  40:E:/NOVA/Assets/IFX_P2G-HW-SW_V1.0.4/Firmware_Software/DAVE project/P2G_FW/Radar_Control/src\radar_calibration.c **** uint16_t*  adc_i2_calibration = &adc_i1_calibration[MAX_CALIB_SAMPLES_PER_CHANNEL * 2];
  41:E:/NOVA/Assets/IFX_P2G-HW-SW_V1.0.4/Firmware_Software/DAVE project/P2G_FW/Radar_Control/src\radar_calibration.c **** uint16_t*  adc_q2_calibration = &adc_i1_calibration[MAX_CALIB_SAMPLES_PER_CHANNEL * 3];
  42:E:/NOVA/Assets/IFX_P2G-HW-SW_V1.0.4/Firmware_Software/DAVE project/P2G_FW/Radar_Control/src\radar_calibration.c **** 
  43:E:/NOVA/Assets/IFX_P2G-HW-SW_V1.0.4/Firmware_Software/DAVE project/P2G_FW/Radar_Control/src\radar_calibration.c **** Algo_Calibrations_t  algo_calibration_s = {0,0};
  44:E:/NOVA/Assets/IFX_P2G-HW-SW_V1.0.4/Firmware_Software/DAVE project/P2G_FW/Radar_Control/src\radar_calibration.c **** 
  45:E:/NOVA/Assets/IFX_P2G-HW-SW_V1.0.4/Firmware_Software/DAVE project/P2G_FW/Radar_Control/src\radar_calibration.c **** extern Radar_Handle_t h_radar_device;
  46:E:/NOVA/Assets/IFX_P2G-HW-SW_V1.0.4/Firmware_Software/DAVE project/P2G_FW/Radar_Control/src\radar_calibration.c **** 
  47:E:/NOVA/Assets/IFX_P2G-HW-SW_V1.0.4/Firmware_Software/DAVE project/P2G_FW/Radar_Control/src\radar_calibration.c **** /*
  48:E:/NOVA/Assets/IFX_P2G-HW-SW_V1.0.4/Firmware_Software/DAVE project/P2G_FW/Radar_Control/src\radar_calibration.c **** ==============================================================================
  49:E:/NOVA/Assets/IFX_P2G-HW-SW_V1.0.4/Firmware_Software/DAVE project/P2G_FW/Radar_Control/src\radar_calibration.c ****    3. LOCAL FUNCTION PROTOTYPES
  50:E:/NOVA/Assets/IFX_P2G-HW-SW_V1.0.4/Firmware_Software/DAVE project/P2G_FW/Radar_Control/src\radar_calibration.c **** ==============================================================================
  51:E:/NOVA/Assets/IFX_P2G-HW-SW_V1.0.4/Firmware_Software/DAVE project/P2G_FW/Radar_Control/src\radar_calibration.c ****  */
  52:E:/NOVA/Assets/IFX_P2G-HW-SW_V1.0.4/Firmware_Software/DAVE project/P2G_FW/Radar_Control/src\radar_calibration.c **** 
  53:E:/NOVA/Assets/IFX_P2G-HW-SW_V1.0.4/Firmware_Software/DAVE project/P2G_FW/Radar_Control/src\radar_calibration.c **** /**
  54:E:/NOVA/Assets/IFX_P2G-HW-SW_V1.0.4/Firmware_Software/DAVE project/P2G_FW/Radar_Control/src\radar_calibration.c ****  * \brief  This function saves the calibration data to the SRAM or Flash based on the target memory
  55:E:/NOVA/Assets/IFX_P2G-HW-SW_V1.0.4/Firmware_Software/DAVE project/P2G_FW/Radar_Control/src\radar_calibration.c ****  *
  56:E:/NOVA/Assets/IFX_P2G-HW-SW_V1.0.4/Firmware_Software/DAVE project/P2G_FW/Radar_Control/src\radar_calibration.c ****  * \param[in]	target	Target of the calibration defined by \ref Calibration_Target_t.
  57:E:/NOVA/Assets/IFX_P2G-HW-SW_V1.0.4/Firmware_Software/DAVE project/P2G_FW/Radar_Control/src\radar_calibration.c ****  */
  58:E:/NOVA/Assets/IFX_P2G-HW-SW_V1.0.4/Firmware_Software/DAVE project/P2G_FW/Radar_Control/src\radar_calibration.c **** static void save_adc_calibration(Calibration_Target_t target);
  59:E:/NOVA/Assets/IFX_P2G-HW-SW_V1.0.4/Firmware_Software/DAVE project/P2G_FW/Radar_Control/src\radar_calibration.c **** 
  60:E:/NOVA/Assets/IFX_P2G-HW-SW_V1.0.4/Firmware_Software/DAVE project/P2G_FW/Radar_Control/src\radar_calibration.c **** /**
  61:E:/NOVA/Assets/IFX_P2G-HW-SW_V1.0.4/Firmware_Software/DAVE project/P2G_FW/Radar_Control/src\radar_calibration.c ****  * \brief  This function reads the calibration data from the SRAM or Flash based on the target memo
  62:E:/NOVA/Assets/IFX_P2G-HW-SW_V1.0.4/Firmware_Software/DAVE project/P2G_FW/Radar_Control/src\radar_calibration.c ****  *
  63:E:/NOVA/Assets/IFX_P2G-HW-SW_V1.0.4/Firmware_Software/DAVE project/P2G_FW/Radar_Control/src\radar_calibration.c ****  * \param[in]	target	Target of the calibration defined by \ref Calibration_Target_t.
  64:E:/NOVA/Assets/IFX_P2G-HW-SW_V1.0.4/Firmware_Software/DAVE project/P2G_FW/Radar_Control/src\radar_calibration.c ****  *
  65:E:/NOVA/Assets/IFX_P2G-HW-SW_V1.0.4/Firmware_Software/DAVE project/P2G_FW/Radar_Control/src\radar_calibration.c ****  * \return		Number of bytes occupied by calibration samples for all ADC channels
  66:E:/NOVA/Assets/IFX_P2G-HW-SW_V1.0.4/Firmware_Software/DAVE project/P2G_FW/Radar_Control/src\radar_calibration.c ****  */
  67:E:/NOVA/Assets/IFX_P2G-HW-SW_V1.0.4/Firmware_Software/DAVE project/P2G_FW/Radar_Control/src\radar_calibration.c **** static uint32_t read_adc_calibration(Calibration_Target_t target);
  68:E:/NOVA/Assets/IFX_P2G-HW-SW_V1.0.4/Firmware_Software/DAVE project/P2G_FW/Radar_Control/src\radar_calibration.c **** 
  69:E:/NOVA/Assets/IFX_P2G-HW-SW_V1.0.4/Firmware_Software/DAVE project/P2G_FW/Radar_Control/src\radar_calibration.c **** /**
  70:E:/NOVA/Assets/IFX_P2G-HW-SW_V1.0.4/Firmware_Software/DAVE project/P2G_FW/Radar_Control/src\radar_calibration.c ****  * \brief  This function erase calibration data from the SRAM or Flash based on the target memory d
  71:E:/NOVA/Assets/IFX_P2G-HW-SW_V1.0.4/Firmware_Software/DAVE project/P2G_FW/Radar_Control/src\radar_calibration.c ****  *
  72:E:/NOVA/Assets/IFX_P2G-HW-SW_V1.0.4/Firmware_Software/DAVE project/P2G_FW/Radar_Control/src\radar_calibration.c ****  * \param[in]	target	Target of the calibration defined by \ref Calibration_Target_t.
  73:E:/NOVA/Assets/IFX_P2G-HW-SW_V1.0.4/Firmware_Software/DAVE project/P2G_FW/Radar_Control/src\radar_calibration.c ****  */
  74:E:/NOVA/Assets/IFX_P2G-HW-SW_V1.0.4/Firmware_Software/DAVE project/P2G_FW/Radar_Control/src\radar_calibration.c **** static void clear_adc_calibration(Calibration_Target_t target);
  75:E:/NOVA/Assets/IFX_P2G-HW-SW_V1.0.4/Firmware_Software/DAVE project/P2G_FW/Radar_Control/src\radar_calibration.c **** 
  76:E:/NOVA/Assets/IFX_P2G-HW-SW_V1.0.4/Firmware_Software/DAVE project/P2G_FW/Radar_Control/src\radar_calibration.c **** /**
  77:E:/NOVA/Assets/IFX_P2G-HW-SW_V1.0.4/Firmware_Software/DAVE project/P2G_FW/Radar_Control/src\radar_calibration.c ****  * \brief  This function saves the algorithm related calibrations in the  SRAM/Flash memory based o
  78:E:/NOVA/Assets/IFX_P2G-HW-SW_V1.0.4/Firmware_Software/DAVE project/P2G_FW/Radar_Control/src\radar_calibration.c ****  *
  79:E:/NOVA/Assets/IFX_P2G-HW-SW_V1.0.4/Firmware_Software/DAVE project/P2G_FW/Radar_Control/src\radar_calibration.c ****  * \param[in]	target					Target of the calibration defined by \ref Calibration_Target_t.
  80:E:/NOVA/Assets/IFX_P2G-HW-SW_V1.0.4/Firmware_Software/DAVE project/P2G_FW/Radar_Control/src\radar_calibration.c ****  * \param[in]	*algo_calibration_ptr	A const pointer to the structure defined by \ref Algo_Calibrati
  81:E:/NOVA/Assets/IFX_P2G-HW-SW_V1.0.4/Firmware_Software/DAVE project/P2G_FW/Radar_Control/src\radar_calibration.c ****  */
  82:E:/NOVA/Assets/IFX_P2G-HW-SW_V1.0.4/Firmware_Software/DAVE project/P2G_FW/Radar_Control/src\radar_calibration.c **** static void save_algo_calibration(Calibration_Target_t target, const Algo_Calibrations_t* algo_cali
  83:E:/NOVA/Assets/IFX_P2G-HW-SW_V1.0.4/Firmware_Software/DAVE project/P2G_FW/Radar_Control/src\radar_calibration.c **** 
  84:E:/NOVA/Assets/IFX_P2G-HW-SW_V1.0.4/Firmware_Software/DAVE project/P2G_FW/Radar_Control/src\radar_calibration.c **** /**
  85:E:/NOVA/Assets/IFX_P2G-HW-SW_V1.0.4/Firmware_Software/DAVE project/P2G_FW/Radar_Control/src\radar_calibration.c ****  * \brief  This function reads the algorithm related calibrations from SRAM/Flash memory based on t
  86:E:/NOVA/Assets/IFX_P2G-HW-SW_V1.0.4/Firmware_Software/DAVE project/P2G_FW/Radar_Control/src\radar_calibration.c ****  *
  87:E:/NOVA/Assets/IFX_P2G-HW-SW_V1.0.4/Firmware_Software/DAVE project/P2G_FW/Radar_Control/src\radar_calibration.c ****  * \param[in]	target	Target memory of the calibration defined by \ref Calibration_Target_t.
  88:E:/NOVA/Assets/IFX_P2G-HW-SW_V1.0.4/Firmware_Software/DAVE project/P2G_FW/Radar_Control/src\radar_calibration.c ****  *
  89:E:/NOVA/Assets/IFX_P2G-HW-SW_V1.0.4/Firmware_Software/DAVE project/P2G_FW/Radar_Control/src\radar_calibration.c ****  * \return		Number of bytes used in algo calibration structure
  90:E:/NOVA/Assets/IFX_P2G-HW-SW_V1.0.4/Firmware_Software/DAVE project/P2G_FW/Radar_Control/src\radar_calibration.c ****  */
  91:E:/NOVA/Assets/IFX_P2G-HW-SW_V1.0.4/Firmware_Software/DAVE project/P2G_FW/Radar_Control/src\radar_calibration.c **** static uint32_t read_algo_calibration(Calibration_Target_t target);
  92:E:/NOVA/Assets/IFX_P2G-HW-SW_V1.0.4/Firmware_Software/DAVE project/P2G_FW/Radar_Control/src\radar_calibration.c **** 
  93:E:/NOVA/Assets/IFX_P2G-HW-SW_V1.0.4/Firmware_Software/DAVE project/P2G_FW/Radar_Control/src\radar_calibration.c **** /**
  94:E:/NOVA/Assets/IFX_P2G-HW-SW_V1.0.4/Firmware_Software/DAVE project/P2G_FW/Radar_Control/src\radar_calibration.c ****  * \brief  This function clears the algorithm related calibrations from SRAM/Flash memory based on 
  95:E:/NOVA/Assets/IFX_P2G-HW-SW_V1.0.4/Firmware_Software/DAVE project/P2G_FW/Radar_Control/src\radar_calibration.c ****  *
  96:E:/NOVA/Assets/IFX_P2G-HW-SW_V1.0.4/Firmware_Software/DAVE project/P2G_FW/Radar_Control/src\radar_calibration.c ****  * \param[in]	target	Target memory of the calibration defined by \ref Calibration_Target_t.
  97:E:/NOVA/Assets/IFX_P2G-HW-SW_V1.0.4/Firmware_Software/DAVE project/P2G_FW/Radar_Control/src\radar_calibration.c ****  */
  98:E:/NOVA/Assets/IFX_P2G-HW-SW_V1.0.4/Firmware_Software/DAVE project/P2G_FW/Radar_Control/src\radar_calibration.c **** static void clear_algo_calibration(Calibration_Target_t target);
  99:E:/NOVA/Assets/IFX_P2G-HW-SW_V1.0.4/Firmware_Software/DAVE project/P2G_FW/Radar_Control/src\radar_calibration.c **** 
 100:E:/NOVA/Assets/IFX_P2G-HW-SW_V1.0.4/Firmware_Software/DAVE project/P2G_FW/Radar_Control/src\radar_calibration.c **** /**
 101:E:/NOVA/Assets/IFX_P2G-HW-SW_V1.0.4/Firmware_Software/DAVE project/P2G_FW/Radar_Control/src\radar_calibration.c ****  * \brief  This function writes the calibration data to the Flash.
 102:E:/NOVA/Assets/IFX_P2G-HW-SW_V1.0.4/Firmware_Software/DAVE project/P2G_FW/Radar_Control/src\radar_calibration.c ****  */
 103:E:/NOVA/Assets/IFX_P2G-HW-SW_V1.0.4/Firmware_Software/DAVE project/P2G_FW/Radar_Control/src\radar_calibration.c **** static void write_calibration_flash_data(void);
 104:E:/NOVA/Assets/IFX_P2G-HW-SW_V1.0.4/Firmware_Software/DAVE project/P2G_FW/Radar_Control/src\radar_calibration.c **** 
 105:E:/NOVA/Assets/IFX_P2G-HW-SW_V1.0.4/Firmware_Software/DAVE project/P2G_FW/Radar_Control/src\radar_calibration.c **** /**
 106:E:/NOVA/Assets/IFX_P2G-HW-SW_V1.0.4/Firmware_Software/DAVE project/P2G_FW/Radar_Control/src\radar_calibration.c ****  * \brief  This is a helper function to sets the angle offset compensation to get zero angle for ta
 107:E:/NOVA/Assets/IFX_P2G-HW-SW_V1.0.4/Firmware_Software/DAVE project/P2G_FW/Radar_Control/src\radar_calibration.c ****  *
 108:E:/NOVA/Assets/IFX_P2G-HW-SW_V1.0.4/Firmware_Software/DAVE project/P2G_FW/Radar_Control/src\radar_calibration.c ****  * \param[in]	offset_deg	Signed integer 16-bit value between [-30, +30] in unit of degrees.
 109:E:/NOVA/Assets/IFX_P2G-HW-SW_V1.0.4/Firmware_Software/DAVE project/P2G_FW/Radar_Control/src\radar_calibration.c ****  */
 110:E:/NOVA/Assets/IFX_P2G-HW-SW_V1.0.4/Firmware_Software/DAVE project/P2G_FW/Radar_Control/src\radar_calibration.c **** static void set_angle_offset(int16_t offset_deg);
 111:E:/NOVA/Assets/IFX_P2G-HW-SW_V1.0.4/Firmware_Software/DAVE project/P2G_FW/Radar_Control/src\radar_calibration.c **** 
 112:E:/NOVA/Assets/IFX_P2G-HW-SW_V1.0.4/Firmware_Software/DAVE project/P2G_FW/Radar_Control/src\radar_calibration.c **** /**
 113:E:/NOVA/Assets/IFX_P2G-HW-SW_V1.0.4/Firmware_Software/DAVE project/P2G_FW/Radar_Control/src\radar_calibration.c ****  * \brief  This is a helper function to sets the range offset compensation.
 114:E:/NOVA/Assets/IFX_P2G-HW-SW_V1.0.4/Firmware_Software/DAVE project/P2G_FW/Radar_Control/src\radar_calibration.c ****  *
 115:E:/NOVA/Assets/IFX_P2G-HW-SW_V1.0.4/Firmware_Software/DAVE project/P2G_FW/Radar_Control/src\radar_calibration.c ****  * \param[in]	offset_cm	Unsigned int16 signed value between [0, 100] in units of cm.
 116:E:/NOVA/Assets/IFX_P2G-HW-SW_V1.0.4/Firmware_Software/DAVE project/P2G_FW/Radar_Control/src\radar_calibration.c ****  */
 117:E:/NOVA/Assets/IFX_P2G-HW-SW_V1.0.4/Firmware_Software/DAVE project/P2G_FW/Radar_Control/src\radar_calibration.c **** static void set_range_offset(uint16_t offset_cm);
 118:E:/NOVA/Assets/IFX_P2G-HW-SW_V1.0.4/Firmware_Software/DAVE project/P2G_FW/Radar_Control/src\radar_calibration.c **** 
 119:E:/NOVA/Assets/IFX_P2G-HW-SW_V1.0.4/Firmware_Software/DAVE project/P2G_FW/Radar_Control/src\radar_calibration.c **** /*
 120:E:/NOVA/Assets/IFX_P2G-HW-SW_V1.0.4/Firmware_Software/DAVE project/P2G_FW/Radar_Control/src\radar_calibration.c **** ==============================================================================
 121:E:/NOVA/Assets/IFX_P2G-HW-SW_V1.0.4/Firmware_Software/DAVE project/P2G_FW/Radar_Control/src\radar_calibration.c ****    4. EXPORTED FUNCTIONS
 122:E:/NOVA/Assets/IFX_P2G-HW-SW_V1.0.4/Firmware_Software/DAVE project/P2G_FW/Radar_Control/src\radar_calibration.c **** ==============================================================================
 123:E:/NOVA/Assets/IFX_P2G-HW-SW_V1.0.4/Firmware_Software/DAVE project/P2G_FW/Radar_Control/src\radar_calibration.c ****  */
 124:E:/NOVA/Assets/IFX_P2G-HW-SW_V1.0.4/Firmware_Software/DAVE project/P2G_FW/Radar_Control/src\radar_calibration.c **** 
 125:E:/NOVA/Assets/IFX_P2G-HW-SW_V1.0.4/Firmware_Software/DAVE project/P2G_FW/Radar_Control/src\radar_calibration.c **** void radar_init_calibration(Radar_Handle_t device)
 126:E:/NOVA/Assets/IFX_P2G-HW-SW_V1.0.4/Firmware_Software/DAVE project/P2G_FW/Radar_Control/src\radar_calibration.c **** {
  28              	 .loc 1 126 0
  29              	 .cfi_startproc
  30              	 
  31              	 
  32              	 
  33              	.LVL0:
 127:E:/NOVA/Assets/IFX_P2G-HW-SW_V1.0.4/Firmware_Software/DAVE project/P2G_FW/Radar_Control/src\radar_calibration.c ****   XMC_UNUSED_ARG(device); /* Suppress compiler warnings of unused variable */
 128:E:/NOVA/Assets/IFX_P2G-HW-SW_V1.0.4/Firmware_Software/DAVE project/P2G_FW/Radar_Control/src\radar_calibration.c **** 
 129:E:/NOVA/Assets/IFX_P2G-HW-SW_V1.0.4/Firmware_Software/DAVE project/P2G_FW/Radar_Control/src\radar_calibration.c ****   memset(adc_i1_calibration, DEFAULT_CALIBRATION_VALUE, ADC_CALIB_LEN_BYTES);
  34              	 .loc 1 129 0
  35 0000 0248     	 ldr r0,.L2
  36              	.LVL1:
  37 0002 0021     	 movs r1,#0
  38 0004 4FF40062 	 mov r2,#2048
  39 0008 FFF7FEBF 	 b memset
  40              	.LVL2:
  41              	.L3:
  42              	 .align 2
  43              	.L2:
  44 000c 00000000 	 .word adc_i1_calibration
  45              	 .cfi_endproc
  46              	.LFE470:
  48              	 .section .text.radar_save_calibration,"ax",%progbits
  49              	 .align 2
  50              	 .global radar_save_calibration
  51              	 .thumb
  52              	 .thumb_func
  54              	radar_save_calibration:
  55              	.LFB471:
 130:E:/NOVA/Assets/IFX_P2G-HW-SW_V1.0.4/Firmware_Software/DAVE project/P2G_FW/Radar_Control/src\radar_calibration.c **** }
 131:E:/NOVA/Assets/IFX_P2G-HW-SW_V1.0.4/Firmware_Software/DAVE project/P2G_FW/Radar_Control/src\radar_calibration.c **** 
 132:E:/NOVA/Assets/IFX_P2G-HW-SW_V1.0.4/Firmware_Software/DAVE project/P2G_FW/Radar_Control/src\radar_calibration.c **** //============================================================================
 133:E:/NOVA/Assets/IFX_P2G-HW-SW_V1.0.4/Firmware_Software/DAVE project/P2G_FW/Radar_Control/src\radar_calibration.c **** 
 134:E:/NOVA/Assets/IFX_P2G-HW-SW_V1.0.4/Firmware_Software/DAVE project/P2G_FW/Radar_Control/src\radar_calibration.c **** uint16_t radar_save_calibration(Radar_Handle_t device, Calibration_Target_t target, Calibration_Dat
 135:E:/NOVA/Assets/IFX_P2G-HW-SW_V1.0.4/Firmware_Software/DAVE project/P2G_FW/Radar_Control/src\radar_calibration.c **** {
  56              	 .loc 1 135 0
  57              	 .cfi_startproc
  58              	 
  59              	 
  60              	.LVL3:
  61 0000 2DE9F04F 	 push {r4,r5,r6,r7,r8,r9,r10,fp,lr}
  62              	.LCFI0:
  63              	 .cfi_def_cfa_offset 36
  64              	 .cfi_offset 4,-36
  65              	 .cfi_offset 5,-32
  66              	 .cfi_offset 6,-28
  67              	 .cfi_offset 7,-24
  68              	 .cfi_offset 8,-20
  69              	 .cfi_offset 9,-16
  70              	 .cfi_offset 10,-12
  71              	 .cfi_offset 11,-8
  72              	 .cfi_offset 14,-4
  73 0004 8DB0     	 sub sp,sp,#52
  74              	.LCFI1:
  75              	 .cfi_def_cfa_offset 88
  76              	 .loc 1 135 0
  77 0006 0391     	 str r1,[sp,#12]
 136:E:/NOVA/Assets/IFX_P2G-HW-SW_V1.0.4/Firmware_Software/DAVE project/P2G_FW/Radar_Control/src\radar_calibration.c ****   if (calib_data_type == CALIBRATION_DATA_ADC)
  78              	 .loc 1 136 0
  79 0008 002A     	 cmp r2,#0
  80 000a 40F08380 	 bne .L5
  81              	.LBB40:
 137:E:/NOVA/Assets/IFX_P2G-HW-SW_V1.0.4/Firmware_Software/DAVE project/P2G_FW/Radar_Control/src\radar_calibration.c ****   {
 138:E:/NOVA/Assets/IFX_P2G-HW-SW_V1.0.4/Firmware_Software/DAVE project/P2G_FW/Radar_Control/src\radar_calibration.c ****     uint16_t status  = 1;
 139:E:/NOVA/Assets/IFX_P2G-HW-SW_V1.0.4/Firmware_Software/DAVE project/P2G_FW/Radar_Control/src\radar_calibration.c ****     Frame_Info_t frame_info;
 140:E:/NOVA/Assets/IFX_P2G-HW-SW_V1.0.4/Firmware_Software/DAVE project/P2G_FW/Radar_Control/src\radar_calibration.c ****     
 141:E:/NOVA/Assets/IFX_P2G-HW-SW_V1.0.4/Firmware_Software/DAVE project/P2G_FW/Radar_Control/src\radar_calibration.c ****     g_do_processing = false;
  82              	 .loc 1 141 0
  83 000e 5A4B     	 ldr r3,.L20
  84              	.LVL4:
  85 0010 0446     	 mov r4,r0
  86              	.LVL5:
  87 0012 1A60     	 str r2,[r3]
  88              	.LVL6:
  89              	.L6:
 142:E:/NOVA/Assets/IFX_P2G-HW-SW_V1.0.4/Firmware_Software/DAVE project/P2G_FW/Radar_Control/src\radar_calibration.c ****     
 143:E:/NOVA/Assets/IFX_P2G-HW-SW_V1.0.4/Firmware_Software/DAVE project/P2G_FW/Radar_Control/src\radar_calibration.c ****     while(status)
 144:E:/NOVA/Assets/IFX_P2G-HW-SW_V1.0.4/Firmware_Software/DAVE project/P2G_FW/Radar_Control/src\radar_calibration.c ****     {
 145:E:/NOVA/Assets/IFX_P2G-HW-SW_V1.0.4/Firmware_Software/DAVE project/P2G_FW/Radar_Control/src\radar_calibration.c ****       status = radar_get_frame(device, &frame_info, true);
  90              	 .loc 1 145 0
  91 0014 2046     	 mov r0,r4
  92 0016 05A9     	 add r1,sp,#20
  93 0018 0122     	 movs r2,#1
  94 001a FFF7FEFF 	 bl radar_get_frame
  95              	.LVL7:
 143:E:/NOVA/Assets/IFX_P2G-HW-SW_V1.0.4/Firmware_Software/DAVE project/P2G_FW/Radar_Control/src\radar_calibration.c ****     {
  96              	 .loc 1 143 0
  97 001e 0028     	 cmp r0,#0
  98 0020 F8D1     	 bne .L6
  99              	.LVL8:
 100 0022 0746     	 mov r7,r0
 101              	.LBB41:
 102              	.LBB42:
 146:E:/NOVA/Assets/IFX_P2G-HW-SW_V1.0.4/Firmware_Software/DAVE project/P2G_FW/Radar_Control/src\radar_calibration.c ****     }
 147:E:/NOVA/Assets/IFX_P2G-HW-SW_V1.0.4/Firmware_Software/DAVE project/P2G_FW/Radar_Control/src\radar_calibration.c ****     
 148:E:/NOVA/Assets/IFX_P2G-HW-SW_V1.0.4/Firmware_Software/DAVE project/P2G_FW/Radar_Control/src\radar_calibration.c ****     save_adc_calibration(target);
 149:E:/NOVA/Assets/IFX_P2G-HW-SW_V1.0.4/Firmware_Software/DAVE project/P2G_FW/Radar_Control/src\radar_calibration.c ****     g_do_processing = true;
 150:E:/NOVA/Assets/IFX_P2G-HW-SW_V1.0.4/Firmware_Software/DAVE project/P2G_FW/Radar_Control/src\radar_calibration.c ****   }
 151:E:/NOVA/Assets/IFX_P2G-HW-SW_V1.0.4/Firmware_Software/DAVE project/P2G_FW/Radar_Control/src\radar_calibration.c ****   else
 152:E:/NOVA/Assets/IFX_P2G-HW-SW_V1.0.4/Firmware_Software/DAVE project/P2G_FW/Radar_Control/src\radar_calibration.c ****   {
 153:E:/NOVA/Assets/IFX_P2G-HW-SW_V1.0.4/Firmware_Software/DAVE project/P2G_FW/Radar_Control/src\radar_calibration.c ****     
 154:E:/NOVA/Assets/IFX_P2G-HW-SW_V1.0.4/Firmware_Software/DAVE project/P2G_FW/Radar_Control/src\radar_calibration.c ****     save_algo_calibration(target, (const Algo_Calibrations_t*)calibration_data_ptr);
 155:E:/NOVA/Assets/IFX_P2G-HW-SW_V1.0.4/Firmware_Software/DAVE project/P2G_FW/Radar_Control/src\radar_calibration.c ****   }
 156:E:/NOVA/Assets/IFX_P2G-HW-SW_V1.0.4/Firmware_Software/DAVE project/P2G_FW/Radar_Control/src\radar_calibration.c ****   
 157:E:/NOVA/Assets/IFX_P2G-HW-SW_V1.0.4/Firmware_Software/DAVE project/P2G_FW/Radar_Control/src\radar_calibration.c ****   return (RADAR_ERR_OK);
 158:E:/NOVA/Assets/IFX_P2G-HW-SW_V1.0.4/Firmware_Software/DAVE project/P2G_FW/Radar_Control/src\radar_calibration.c **** }
 159:E:/NOVA/Assets/IFX_P2G-HW-SW_V1.0.4/Firmware_Software/DAVE project/P2G_FW/Radar_Control/src\radar_calibration.c **** 
 160:E:/NOVA/Assets/IFX_P2G-HW-SW_V1.0.4/Firmware_Software/DAVE project/P2G_FW/Radar_Control/src\radar_calibration.c **** //============================================================================
 161:E:/NOVA/Assets/IFX_P2G-HW-SW_V1.0.4/Firmware_Software/DAVE project/P2G_FW/Radar_Control/src\radar_calibration.c **** 
 162:E:/NOVA/Assets/IFX_P2G-HW-SW_V1.0.4/Firmware_Software/DAVE project/P2G_FW/Radar_Control/src\radar_calibration.c **** uint16_t radar_read_calibration(Radar_Handle_t device, Calibration_Target_t target, Calibration_Dat
 163:E:/NOVA/Assets/IFX_P2G-HW-SW_V1.0.4/Firmware_Software/DAVE project/P2G_FW/Radar_Control/src\radar_calibration.c **** {
 164:E:/NOVA/Assets/IFX_P2G-HW-SW_V1.0.4/Firmware_Software/DAVE project/P2G_FW/Radar_Control/src\radar_calibration.c ****   XMC_UNUSED_ARG(device); /* Suppress compiler warnings of unused variable */
 165:E:/NOVA/Assets/IFX_P2G-HW-SW_V1.0.4/Firmware_Software/DAVE project/P2G_FW/Radar_Control/src\radar_calibration.c ****   
 166:E:/NOVA/Assets/IFX_P2G-HW-SW_V1.0.4/Firmware_Software/DAVE project/P2G_FW/Radar_Control/src\radar_calibration.c ****   if (calib_data_type == CALIBRATION_DATA_ADC)
 167:E:/NOVA/Assets/IFX_P2G-HW-SW_V1.0.4/Firmware_Software/DAVE project/P2G_FW/Radar_Control/src\radar_calibration.c ****   {
 168:E:/NOVA/Assets/IFX_P2G-HW-SW_V1.0.4/Firmware_Software/DAVE project/P2G_FW/Radar_Control/src\radar_calibration.c ****     *num_of_bytes = read_adc_calibration(target);
 169:E:/NOVA/Assets/IFX_P2G-HW-SW_V1.0.4/Firmware_Software/DAVE project/P2G_FW/Radar_Control/src\radar_calibration.c ****     *data_ptr = adc_i1_calibration;
 170:E:/NOVA/Assets/IFX_P2G-HW-SW_V1.0.4/Firmware_Software/DAVE project/P2G_FW/Radar_Control/src\radar_calibration.c ****   }
 171:E:/NOVA/Assets/IFX_P2G-HW-SW_V1.0.4/Firmware_Software/DAVE project/P2G_FW/Radar_Control/src\radar_calibration.c ****   else
 172:E:/NOVA/Assets/IFX_P2G-HW-SW_V1.0.4/Firmware_Software/DAVE project/P2G_FW/Radar_Control/src\radar_calibration.c ****   {
 173:E:/NOVA/Assets/IFX_P2G-HW-SW_V1.0.4/Firmware_Software/DAVE project/P2G_FW/Radar_Control/src\radar_calibration.c ****     *num_of_bytes = read_algo_calibration(target);
 174:E:/NOVA/Assets/IFX_P2G-HW-SW_V1.0.4/Firmware_Software/DAVE project/P2G_FW/Radar_Control/src\radar_calibration.c ****     *data_ptr = &algo_calibration_s;
 175:E:/NOVA/Assets/IFX_P2G-HW-SW_V1.0.4/Firmware_Software/DAVE project/P2G_FW/Radar_Control/src\radar_calibration.c ****   }
 176:E:/NOVA/Assets/IFX_P2G-HW-SW_V1.0.4/Firmware_Software/DAVE project/P2G_FW/Radar_Control/src\radar_calibration.c ****   
 177:E:/NOVA/Assets/IFX_P2G-HW-SW_V1.0.4/Firmware_Software/DAVE project/P2G_FW/Radar_Control/src\radar_calibration.c ****   return (RADAR_ERR_OK);
 178:E:/NOVA/Assets/IFX_P2G-HW-SW_V1.0.4/Firmware_Software/DAVE project/P2G_FW/Radar_Control/src\radar_calibration.c **** }
 179:E:/NOVA/Assets/IFX_P2G-HW-SW_V1.0.4/Firmware_Software/DAVE project/P2G_FW/Radar_Control/src\radar_calibration.c **** 
 180:E:/NOVA/Assets/IFX_P2G-HW-SW_V1.0.4/Firmware_Software/DAVE project/P2G_FW/Radar_Control/src\radar_calibration.c **** //============================================================================
 181:E:/NOVA/Assets/IFX_P2G-HW-SW_V1.0.4/Firmware_Software/DAVE project/P2G_FW/Radar_Control/src\radar_calibration.c **** 
 182:E:/NOVA/Assets/IFX_P2G-HW-SW_V1.0.4/Firmware_Software/DAVE project/P2G_FW/Radar_Control/src\radar_calibration.c **** uint16_t radar_clear_calibration(Radar_Handle_t device, Calibration_Target_t target, Calibration_Da
 183:E:/NOVA/Assets/IFX_P2G-HW-SW_V1.0.4/Firmware_Software/DAVE project/P2G_FW/Radar_Control/src\radar_calibration.c **** {
 184:E:/NOVA/Assets/IFX_P2G-HW-SW_V1.0.4/Firmware_Software/DAVE project/P2G_FW/Radar_Control/src\radar_calibration.c ****   XMC_UNUSED_ARG(device); /* Suppress compiler warnings of unused variable */
 185:E:/NOVA/Assets/IFX_P2G-HW-SW_V1.0.4/Firmware_Software/DAVE project/P2G_FW/Radar_Control/src\radar_calibration.c ****   
 186:E:/NOVA/Assets/IFX_P2G-HW-SW_V1.0.4/Firmware_Software/DAVE project/P2G_FW/Radar_Control/src\radar_calibration.c ****   if (calib_data_type == CALIBRATION_DATA_ADC)
 187:E:/NOVA/Assets/IFX_P2G-HW-SW_V1.0.4/Firmware_Software/DAVE project/P2G_FW/Radar_Control/src\radar_calibration.c ****   {
 188:E:/NOVA/Assets/IFX_P2G-HW-SW_V1.0.4/Firmware_Software/DAVE project/P2G_FW/Radar_Control/src\radar_calibration.c ****     clear_adc_calibration(target);
 189:E:/NOVA/Assets/IFX_P2G-HW-SW_V1.0.4/Firmware_Software/DAVE project/P2G_FW/Radar_Control/src\radar_calibration.c ****   }
 190:E:/NOVA/Assets/IFX_P2G-HW-SW_V1.0.4/Firmware_Software/DAVE project/P2G_FW/Radar_Control/src\radar_calibration.c ****   else
 191:E:/NOVA/Assets/IFX_P2G-HW-SW_V1.0.4/Firmware_Software/DAVE project/P2G_FW/Radar_Control/src\radar_calibration.c ****   {
 192:E:/NOVA/Assets/IFX_P2G-HW-SW_V1.0.4/Firmware_Software/DAVE project/P2G_FW/Radar_Control/src\radar_calibration.c ****     clear_algo_calibration(target);
 193:E:/NOVA/Assets/IFX_P2G-HW-SW_V1.0.4/Firmware_Software/DAVE project/P2G_FW/Radar_Control/src\radar_calibration.c ****   }
 194:E:/NOVA/Assets/IFX_P2G-HW-SW_V1.0.4/Firmware_Software/DAVE project/P2G_FW/Radar_Control/src\radar_calibration.c ****   
 195:E:/NOVA/Assets/IFX_P2G-HW-SW_V1.0.4/Firmware_Software/DAVE project/P2G_FW/Radar_Control/src\radar_calibration.c ****   return (RADAR_ERR_OK);
 196:E:/NOVA/Assets/IFX_P2G-HW-SW_V1.0.4/Firmware_Software/DAVE project/P2G_FW/Radar_Control/src\radar_calibration.c **** }
 197:E:/NOVA/Assets/IFX_P2G-HW-SW_V1.0.4/Firmware_Software/DAVE project/P2G_FW/Radar_Control/src\radar_calibration.c **** 
 198:E:/NOVA/Assets/IFX_P2G-HW-SW_V1.0.4/Firmware_Software/DAVE project/P2G_FW/Radar_Control/src\radar_calibration.c **** /*
 199:E:/NOVA/Assets/IFX_P2G-HW-SW_V1.0.4/Firmware_Software/DAVE project/P2G_FW/Radar_Control/src\radar_calibration.c **** ==============================================================================
 200:E:/NOVA/Assets/IFX_P2G-HW-SW_V1.0.4/Firmware_Software/DAVE project/P2G_FW/Radar_Control/src\radar_calibration.c ****    5. LOCAL FUNCTIONS
 201:E:/NOVA/Assets/IFX_P2G-HW-SW_V1.0.4/Firmware_Software/DAVE project/P2G_FW/Radar_Control/src\radar_calibration.c **** ==============================================================================
 202:E:/NOVA/Assets/IFX_P2G-HW-SW_V1.0.4/Firmware_Software/DAVE project/P2G_FW/Radar_Control/src\radar_calibration.c ****  */
 203:E:/NOVA/Assets/IFX_P2G-HW-SW_V1.0.4/Firmware_Software/DAVE project/P2G_FW/Radar_Control/src\radar_calibration.c **** 
 204:E:/NOVA/Assets/IFX_P2G-HW-SW_V1.0.4/Firmware_Software/DAVE project/P2G_FW/Radar_Control/src\radar_calibration.c **** static void save_adc_calibration(Calibration_Target_t target)
 205:E:/NOVA/Assets/IFX_P2G-HW-SW_V1.0.4/Firmware_Software/DAVE project/P2G_FW/Radar_Control/src\radar_calibration.c **** {
 206:E:/NOVA/Assets/IFX_P2G-HW-SW_V1.0.4/Firmware_Software/DAVE project/P2G_FW/Radar_Control/src\radar_calibration.c ****   uint32_t cal_idx = 0;
 207:E:/NOVA/Assets/IFX_P2G-HW-SW_V1.0.4/Firmware_Software/DAVE project/P2G_FW/Radar_Control/src\radar_calibration.c ****   uint32_t interp_factor = MAX_CALIB_SAMPLES_PER_CHANNEL / ds_device_get_settings()->num_samples_pe
 103              	 .loc 1 207 0
 104 0024 FFF7FEFF 	 bl ds_device_get_settings
 105              	.LVL9:
 106 0028 4FF48072 	 mov r2,#256
 107 002c C36A     	 ldr r3,[r0,#44]
 108 002e B2FBF3F3 	 udiv r3,r2,r3
 109 0032 0093     	 str r3,[sp]
 110              	.LVL10:
 208:E:/NOVA/Assets/IFX_P2G-HW-SW_V1.0.4/Firmware_Software/DAVE project/P2G_FW/Radar_Control/src\radar_calibration.c **** 
 209:E:/NOVA/Assets/IFX_P2G-HW-SW_V1.0.4/Firmware_Software/DAVE project/P2G_FW/Radar_Control/src\radar_calibration.c ****   acq_buf_obj *p_acq_buf = ds_get_active_acq_buf();
 111              	 .loc 1 209 0
 112 0034 FFF7FEFF 	 bl ds_get_active_acq_buf
 113              	.LVL11:
 210:E:/NOVA/Assets/IFX_P2G-HW-SW_V1.0.4/Firmware_Software/DAVE project/P2G_FW/Radar_Control/src\radar_calibration.c ****   
 211:E:/NOVA/Assets/IFX_P2G-HW-SW_V1.0.4/Firmware_Software/DAVE project/P2G_FW/Radar_Control/src\radar_calibration.c ****   uint16_t *adc_temp[4];
 212:E:/NOVA/Assets/IFX_P2G-HW-SW_V1.0.4/Firmware_Software/DAVE project/P2G_FW/Radar_Control/src\radar_calibration.c ****   adc_temp[0] = (uint16_t *)get_buffer_address_by_chirp(p_acq_buf, 0, 0);
 114              	 .loc 1 212 0
 115 0038 3946     	 mov r1,r7
 116 003a 3A46     	 mov r2,r7
 209:E:/NOVA/Assets/IFX_P2G-HW-SW_V1.0.4/Firmware_Software/DAVE project/P2G_FW/Radar_Control/src\radar_calibration.c ****   
 117              	 .loc 1 209 0
 118 003c 8046     	 mov r8,r0
 119              	.LVL12:
 120              	 .loc 1 212 0
 121 003e FFF7FEFF 	 bl get_buffer_address_by_chirp
 122              	.LVL13:
 213:E:/NOVA/Assets/IFX_P2G-HW-SW_V1.0.4/Firmware_Software/DAVE project/P2G_FW/Radar_Control/src\radar_calibration.c ****   adc_temp[1] = (uint16_t *)get_buffer_address_by_chirp(p_acq_buf, 1, 0);
 123              	 .loc 1 213 0
 124 0042 3A46     	 mov r2,r7
 212:E:/NOVA/Assets/IFX_P2G-HW-SW_V1.0.4/Firmware_Software/DAVE project/P2G_FW/Radar_Control/src\radar_calibration.c ****   adc_temp[1] = (uint16_t *)get_buffer_address_by_chirp(p_acq_buf, 1, 0);
 125              	 .loc 1 212 0
 126 0044 0646     	 mov r6,r0
 127              	.LVL14:
 128              	 .loc 1 213 0
 129 0046 0121     	 movs r1,#1
 130 0048 4046     	 mov r0,r8
 131              	.LVL15:
 132 004a FFF7FEFF 	 bl get_buffer_address_by_chirp
 133              	.LVL16:
 214:E:/NOVA/Assets/IFX_P2G-HW-SW_V1.0.4/Firmware_Software/DAVE project/P2G_FW/Radar_Control/src\radar_calibration.c ****   adc_temp[2] = (uint16_t *)get_buffer_address_by_chirp(p_acq_buf, 2, 0);
 134              	 .loc 1 214 0
 135 004e 3A46     	 mov r2,r7
 213:E:/NOVA/Assets/IFX_P2G-HW-SW_V1.0.4/Firmware_Software/DAVE project/P2G_FW/Radar_Control/src\radar_calibration.c ****   adc_temp[1] = (uint16_t *)get_buffer_address_by_chirp(p_acq_buf, 1, 0);
 136              	 .loc 1 213 0
 137 0050 0546     	 mov r5,r0
 138              	.LVL17:
 139              	 .loc 1 214 0
 140 0052 0221     	 movs r1,#2
 141 0054 4046     	 mov r0,r8
 142              	.LVL18:
 143 0056 FFF7FEFF 	 bl get_buffer_address_by_chirp
 144              	.LVL19:
 215:E:/NOVA/Assets/IFX_P2G-HW-SW_V1.0.4/Firmware_Software/DAVE project/P2G_FW/Radar_Control/src\radar_calibration.c ****   adc_temp[3] = (uint16_t *)get_buffer_address_by_chirp(p_acq_buf, 3, 0);
 145              	 .loc 1 215 0
 146 005a 3A46     	 mov r2,r7
 214:E:/NOVA/Assets/IFX_P2G-HW-SW_V1.0.4/Firmware_Software/DAVE project/P2G_FW/Radar_Control/src\radar_calibration.c ****   adc_temp[2] = (uint16_t *)get_buffer_address_by_chirp(p_acq_buf, 2, 0);
 147              	 .loc 1 214 0
 148 005c 0446     	 mov r4,r0
 149              	.LVL20:
 150              	 .loc 1 215 0
 151 005e 0321     	 movs r1,#3
 152 0060 4046     	 mov r0,r8
 153              	.LVL21:
 154 0062 FFF7FEFF 	 bl get_buffer_address_by_chirp
 155              	.LVL22:
 156 0066 009B     	 ldr r3,[sp]
 157 0068 4449     	 ldr r1,.L20+4
 158              	.LBB43:
 216:E:/NOVA/Assets/IFX_P2G-HW-SW_V1.0.4/Firmware_Software/DAVE project/P2G_FW/Radar_Control/src\radar_calibration.c **** 
 217:E:/NOVA/Assets/IFX_P2G-HW-SW_V1.0.4/Firmware_Software/DAVE project/P2G_FW/Radar_Control/src\radar_calibration.c ****   /* Fill the calibration buffer with raw ADC data */
 218:E:/NOVA/Assets/IFX_P2G-HW-SW_V1.0.4/Firmware_Software/DAVE project/P2G_FW/Radar_Control/src\radar_calibration.c ****   for (uint32_t i = 0; i < ds_device_get_settings()->num_samples_per_chirp; i++)
 219:E:/NOVA/Assets/IFX_P2G-HW-SW_V1.0.4/Firmware_Software/DAVE project/P2G_FW/Radar_Control/src\radar_calibration.c ****   {
 220:E:/NOVA/Assets/IFX_P2G-HW-SW_V1.0.4/Firmware_Software/DAVE project/P2G_FW/Radar_Control/src\radar_calibration.c ****     adc_i1_calibration[cal_idx] = (adc_temp[0])[i];
 221:E:/NOVA/Assets/IFX_P2G-HW-SW_V1.0.4/Firmware_Software/DAVE project/P2G_FW/Radar_Control/src\radar_calibration.c ****     adc_q1_calibration[cal_idx] = (adc_temp[1])[i];
 159              	 .loc 1 221 0
 160 006a DFF81CB1 	 ldr fp,.L20+16
 222:E:/NOVA/Assets/IFX_P2G-HW-SW_V1.0.4/Firmware_Software/DAVE project/P2G_FW/Radar_Control/src\radar_calibration.c ****     adc_i2_calibration[cal_idx] = (adc_temp[2])[i];
 161              	 .loc 1 222 0
 162 006e DFF81CA1 	 ldr r10,.L20+20
 163 0072 4FEA4308 	 lsl r8,r3,#1
 164              	.LVL23:
 165 0076 C8F10002 	 rsb r2,r8,#0
 166              	.LBE43:
 215:E:/NOVA/Assets/IFX_P2G-HW-SW_V1.0.4/Firmware_Software/DAVE project/P2G_FW/Radar_Control/src\radar_calibration.c ****   adc_temp[3] = (uint16_t *)get_buffer_address_by_chirp(p_acq_buf, 3, 0);
 167              	 .loc 1 215 0
 168 007a B946     	 mov r9,r7
 169 007c 8B18     	 adds r3,r1,r2
 170 007e CDF80080 	 str r8,[sp]
 171              	.LVL24:
 172 0082 0192     	 str r2,[sp,#4]
 173 0084 023E     	 subs r6,r6,#2
 174              	.LVL25:
 175 0086 023D     	 subs r5,r5,#2
 176              	.LVL26:
 177 0088 023C     	 subs r4,r4,#2
 178              	.LVL27:
 179 008a 871E     	 subs r7,r0,#2
 180 008c 0293     	 str r3,[sp,#8]
 181              	.LBB44:
 218:E:/NOVA/Assets/IFX_P2G-HW-SW_V1.0.4/Firmware_Software/DAVE project/P2G_FW/Radar_Control/src\radar_calibration.c ****   {
 182              	 .loc 1 218 0
 183 008e C846     	 mov r8,r9
 184 0090 18E0     	 b .L7
 185              	.LVL28:
 186              	.L8:
 220:E:/NOVA/Assets/IFX_P2G-HW-SW_V1.0.4/Firmware_Software/DAVE project/P2G_FW/Radar_Control/src\radar_calibration.c ****     adc_q1_calibration[cal_idx] = (adc_temp[1])[i];
 187              	 .loc 1 220 0
 188 0092 029B     	 ldr r3,[sp,#8]
 189 0094 36F8020F 	 ldrh r0,[r6,#2]!
 190 0098 23F80900 	 strh r0,[r3,r9]
 221:E:/NOVA/Assets/IFX_P2G-HW-SW_V1.0.4/Firmware_Software/DAVE project/P2G_FW/Radar_Control/src\radar_calibration.c ****     adc_i2_calibration[cal_idx] = (adc_temp[2])[i];
 191              	 .loc 1 221 0
 192 009c DBF80000 	 ldr r0,[fp]
 193 00a0 35F802EF 	 ldrh lr,[r5,#2]!
 194 00a4 20F802E0 	 strh lr,[r0,r2]
 195              	 .loc 1 222 0
 196 00a8 DAF80000 	 ldr r0,[r10]
 197 00ac 34F802EF 	 ldrh lr,[r4,#2]!
 223:E:/NOVA/Assets/IFX_P2G-HW-SW_V1.0.4/Firmware_Software/DAVE project/P2G_FW/Radar_Control/src\radar_calibration.c ****     adc_q2_calibration[cal_idx] = (adc_temp[3])[i];
 198              	 .loc 1 223 0
 199 00b0 334B     	 ldr r3,.L20+8
 222:E:/NOVA/Assets/IFX_P2G-HW-SW_V1.0.4/Firmware_Software/DAVE project/P2G_FW/Radar_Control/src\radar_calibration.c ****     adc_q2_calibration[cal_idx] = (adc_temp[3])[i];
 200              	 .loc 1 222 0
 201 00b2 20F802E0 	 strh lr,[r0,r2]
 202              	 .loc 1 223 0
 203 00b6 1868     	 ldr r0,[r3]
 204 00b8 37F802EF 	 ldrh lr,[r7,#2]!
 205 00bc 20F802E0 	 strh lr,[r0,r2]
 218:E:/NOVA/Assets/IFX_P2G-HW-SW_V1.0.4/Firmware_Software/DAVE project/P2G_FW/Radar_Control/src\radar_calibration.c ****   {
 206              	 .loc 1 218 0
 207 00c0 08F10108 	 add r8,r8,#1
 208              	.LVL29:
 209              	.L7:
 210 00c4 FFF7FEFF 	 bl ds_device_get_settings
 211              	.LVL30:
 212 00c8 009B     	 ldr r3,[sp]
 213 00ca C06A     	 ldr r0,[r0,#44]
 214 00cc 9944     	 add r9,r9,r3
 215 00ce 019B     	 ldr r3,[sp,#4]
 216 00d0 8045     	 cmp r8,r0
 217 00d2 09EB0302 	 add r2,r9,r3
 218 00d6 DCD3     	 bcc .L8
 219              	.LBE44:
 224:E:/NOVA/Assets/IFX_P2G-HW-SW_V1.0.4/Firmware_Software/DAVE project/P2G_FW/Radar_Control/src\radar_calibration.c ****     
 225:E:/NOVA/Assets/IFX_P2G-HW-SW_V1.0.4/Firmware_Software/DAVE project/P2G_FW/Radar_Control/src\radar_calibration.c ****     cal_idx += interp_factor;
 226:E:/NOVA/Assets/IFX_P2G-HW-SW_V1.0.4/Firmware_Software/DAVE project/P2G_FW/Radar_Control/src\radar_calibration.c ****   }
 227:E:/NOVA/Assets/IFX_P2G-HW-SW_V1.0.4/Firmware_Software/DAVE project/P2G_FW/Radar_Control/src\radar_calibration.c ****   
 228:E:/NOVA/Assets/IFX_P2G-HW-SW_V1.0.4/Firmware_Software/DAVE project/P2G_FW/Radar_Control/src\radar_calibration.c ****   /* Permanently write the calibration data in to the Flash */
 229:E:/NOVA/Assets/IFX_P2G-HW-SW_V1.0.4/Firmware_Software/DAVE project/P2G_FW/Radar_Control/src\radar_calibration.c ****   if (target == CALIBRATION_TARGET_FLASH)
 220              	 .loc 1 229 0
 221 00d8 039B     	 ldr r3,[sp,#12]
 222 00da 33B1     	 cbz r3,.L17
 223              	.L9:
 224              	.LBE42:
 225              	.LBE41:
 149:E:/NOVA/Assets/IFX_P2G-HW-SW_V1.0.4/Firmware_Software/DAVE project/P2G_FW/Radar_Control/src\radar_calibration.c ****   }
 226              	 .loc 1 149 0
 227 00dc 264A     	 ldr r2,.L20
 228 00de 0123     	 movs r3,#1
 229 00e0 1360     	 str r3,[r2]
 230              	.LVL31:
 231              	.L10:
 232              	.LBE40:
 158:E:/NOVA/Assets/IFX_P2G-HW-SW_V1.0.4/Firmware_Software/DAVE project/P2G_FW/Radar_Control/src\radar_calibration.c **** 
 233              	 .loc 1 158 0
 234 00e2 0020     	 movs r0,#0
 235 00e4 0DB0     	 add sp,sp,#52
 236              	.LCFI2:
 237              	 .cfi_remember_state
 238              	 .cfi_def_cfa_offset 36
 239              	 
 240 00e6 BDE8F08F 	 pop {r4,r5,r6,r7,r8,r9,r10,fp,pc}
 241              	.LVL32:
 242              	.L17:
 243              	.LCFI3:
 244              	 .cfi_restore_state
 245              	.LBB49:
 246              	.LBB48:
 247              	.LBB47:
 230:E:/NOVA/Assets/IFX_P2G-HW-SW_V1.0.4/Firmware_Software/DAVE project/P2G_FW/Radar_Control/src\radar_calibration.c ****   {
 231:E:/NOVA/Assets/IFX_P2G-HW-SW_V1.0.4/Firmware_Software/DAVE project/P2G_FW/Radar_Control/src\radar_calibration.c ****     /* Read the flashed algorithm parameters */
 232:E:/NOVA/Assets/IFX_P2G-HW-SW_V1.0.4/Firmware_Software/DAVE project/P2G_FW/Radar_Control/src\radar_calibration.c ****     bsp_flash_read_data(ADC_CALIB_LEN_BYTES, (uint8_t*)&algo_calibration_s, sizeof(algo_calibration
 248              	 .loc 1 232 0
 249 00ea 4FF40060 	 mov r0,#2048
 250 00ee 2549     	 ldr r1,.L20+12
 251 00f0 0422     	 movs r2,#4
 252 00f2 FFF7FEFF 	 bl bsp_flash_read_data
 253              	.LVL33:
 254              	.LBB45:
 255              	.LBB46:
 233:E:/NOVA/Assets/IFX_P2G-HW-SW_V1.0.4/Firmware_Software/DAVE project/P2G_FW/Radar_Control/src\radar_calibration.c ****     
 234:E:/NOVA/Assets/IFX_P2G-HW-SW_V1.0.4/Firmware_Software/DAVE project/P2G_FW/Radar_Control/src\radar_calibration.c ****     write_calibration_flash_data();
 235:E:/NOVA/Assets/IFX_P2G-HW-SW_V1.0.4/Firmware_Software/DAVE project/P2G_FW/Radar_Control/src\radar_calibration.c ****   }
 236:E:/NOVA/Assets/IFX_P2G-HW-SW_V1.0.4/Firmware_Software/DAVE project/P2G_FW/Radar_Control/src\radar_calibration.c **** }
 237:E:/NOVA/Assets/IFX_P2G-HW-SW_V1.0.4/Firmware_Software/DAVE project/P2G_FW/Radar_Control/src\radar_calibration.c **** 
 238:E:/NOVA/Assets/IFX_P2G-HW-SW_V1.0.4/Firmware_Software/DAVE project/P2G_FW/Radar_Control/src\radar_calibration.c **** //============================================================================
 239:E:/NOVA/Assets/IFX_P2G-HW-SW_V1.0.4/Firmware_Software/DAVE project/P2G_FW/Radar_Control/src\radar_calibration.c **** 
 240:E:/NOVA/Assets/IFX_P2G-HW-SW_V1.0.4/Firmware_Software/DAVE project/P2G_FW/Radar_Control/src\radar_calibration.c **** static void clear_adc_calibration(Calibration_Target_t target)
 241:E:/NOVA/Assets/IFX_P2G-HW-SW_V1.0.4/Firmware_Software/DAVE project/P2G_FW/Radar_Control/src\radar_calibration.c **** {
 242:E:/NOVA/Assets/IFX_P2G-HW-SW_V1.0.4/Firmware_Software/DAVE project/P2G_FW/Radar_Control/src\radar_calibration.c ****   Radar_Handle_t device = NULL;
 243:E:/NOVA/Assets/IFX_P2G-HW-SW_V1.0.4/Firmware_Software/DAVE project/P2G_FW/Radar_Control/src\radar_calibration.c ****   
 244:E:/NOVA/Assets/IFX_P2G-HW-SW_V1.0.4/Firmware_Software/DAVE project/P2G_FW/Radar_Control/src\radar_calibration.c ****   /* Reset SRAM buffer to a default value */
 245:E:/NOVA/Assets/IFX_P2G-HW-SW_V1.0.4/Firmware_Software/DAVE project/P2G_FW/Radar_Control/src\radar_calibration.c ****   radar_init_calibration(device);
 246:E:/NOVA/Assets/IFX_P2G-HW-SW_V1.0.4/Firmware_Software/DAVE project/P2G_FW/Radar_Control/src\radar_calibration.c ****   
 247:E:/NOVA/Assets/IFX_P2G-HW-SW_V1.0.4/Firmware_Software/DAVE project/P2G_FW/Radar_Control/src\radar_calibration.c ****   if (target == CALIBRATION_TARGET_FLASH)
 248:E:/NOVA/Assets/IFX_P2G-HW-SW_V1.0.4/Firmware_Software/DAVE project/P2G_FW/Radar_Control/src\radar_calibration.c ****   {
 249:E:/NOVA/Assets/IFX_P2G-HW-SW_V1.0.4/Firmware_Software/DAVE project/P2G_FW/Radar_Control/src\radar_calibration.c ****     bsp_flash_read_data(ADC_CALIB_LEN_BYTES, (uint8_t*)&algo_calibration_s, sizeof(algo_calibration
 250:E:/NOVA/Assets/IFX_P2G-HW-SW_V1.0.4/Firmware_Software/DAVE project/P2G_FW/Radar_Control/src\radar_calibration.c ****     
 251:E:/NOVA/Assets/IFX_P2G-HW-SW_V1.0.4/Firmware_Software/DAVE project/P2G_FW/Radar_Control/src\radar_calibration.c ****     write_calibration_flash_data();
 252:E:/NOVA/Assets/IFX_P2G-HW-SW_V1.0.4/Firmware_Software/DAVE project/P2G_FW/Radar_Control/src\radar_calibration.c ****   }
 253:E:/NOVA/Assets/IFX_P2G-HW-SW_V1.0.4/Firmware_Software/DAVE project/P2G_FW/Radar_Control/src\radar_calibration.c **** }
 254:E:/NOVA/Assets/IFX_P2G-HW-SW_V1.0.4/Firmware_Software/DAVE project/P2G_FW/Radar_Control/src\radar_calibration.c **** 
 255:E:/NOVA/Assets/IFX_P2G-HW-SW_V1.0.4/Firmware_Software/DAVE project/P2G_FW/Radar_Control/src\radar_calibration.c **** //============================================================================
 256:E:/NOVA/Assets/IFX_P2G-HW-SW_V1.0.4/Firmware_Software/DAVE project/P2G_FW/Radar_Control/src\radar_calibration.c **** 
 257:E:/NOVA/Assets/IFX_P2G-HW-SW_V1.0.4/Firmware_Software/DAVE project/P2G_FW/Radar_Control/src\radar_calibration.c **** static uint32_t read_adc_calibration(Calibration_Target_t target)
 258:E:/NOVA/Assets/IFX_P2G-HW-SW_V1.0.4/Firmware_Software/DAVE project/P2G_FW/Radar_Control/src\radar_calibration.c **** {
 259:E:/NOVA/Assets/IFX_P2G-HW-SW_V1.0.4/Firmware_Software/DAVE project/P2G_FW/Radar_Control/src\radar_calibration.c **** 	Radar_Handle_t device = NULL;
 260:E:/NOVA/Assets/IFX_P2G-HW-SW_V1.0.4/Firmware_Software/DAVE project/P2G_FW/Radar_Control/src\radar_calibration.c **** 
 261:E:/NOVA/Assets/IFX_P2G-HW-SW_V1.0.4/Firmware_Software/DAVE project/P2G_FW/Radar_Control/src\radar_calibration.c **** 	if (target == CALIBRATION_TARGET_FLASH)
 262:E:/NOVA/Assets/IFX_P2G-HW-SW_V1.0.4/Firmware_Software/DAVE project/P2G_FW/Radar_Control/src\radar_calibration.c **** 	{
 263:E:/NOVA/Assets/IFX_P2G-HW-SW_V1.0.4/Firmware_Software/DAVE project/P2G_FW/Radar_Control/src\radar_calibration.c **** 		if (bsp_flash_is_empty())
 264:E:/NOVA/Assets/IFX_P2G-HW-SW_V1.0.4/Firmware_Software/DAVE project/P2G_FW/Radar_Control/src\radar_calibration.c **** 		{
 265:E:/NOVA/Assets/IFX_P2G-HW-SW_V1.0.4/Firmware_Software/DAVE project/P2G_FW/Radar_Control/src\radar_calibration.c **** 			/* Flash memory is empty, set the initial data to default value */
 266:E:/NOVA/Assets/IFX_P2G-HW-SW_V1.0.4/Firmware_Software/DAVE project/P2G_FW/Radar_Control/src\radar_calibration.c **** 			radar_init_calibration(device);
 267:E:/NOVA/Assets/IFX_P2G-HW-SW_V1.0.4/Firmware_Software/DAVE project/P2G_FW/Radar_Control/src\radar_calibration.c **** 		}
 268:E:/NOVA/Assets/IFX_P2G-HW-SW_V1.0.4/Firmware_Software/DAVE project/P2G_FW/Radar_Control/src\radar_calibration.c **** 		else
 269:E:/NOVA/Assets/IFX_P2G-HW-SW_V1.0.4/Firmware_Software/DAVE project/P2G_FW/Radar_Control/src\radar_calibration.c **** 		{
 270:E:/NOVA/Assets/IFX_P2G-HW-SW_V1.0.4/Firmware_Software/DAVE project/P2G_FW/Radar_Control/src\radar_calibration.c **** 			/* Read calibration stored in flash */
 271:E:/NOVA/Assets/IFX_P2G-HW-SW_V1.0.4/Firmware_Software/DAVE project/P2G_FW/Radar_Control/src\radar_calibration.c **** 			bsp_flash_read_data(0U, (uint8_t*)adc_i1_calibration, ADC_CALIB_LEN_BYTES);
 272:E:/NOVA/Assets/IFX_P2G-HW-SW_V1.0.4/Firmware_Software/DAVE project/P2G_FW/Radar_Control/src\radar_calibration.c **** 		}
 273:E:/NOVA/Assets/IFX_P2G-HW-SW_V1.0.4/Firmware_Software/DAVE project/P2G_FW/Radar_Control/src\radar_calibration.c **** 	}
 274:E:/NOVA/Assets/IFX_P2G-HW-SW_V1.0.4/Firmware_Software/DAVE project/P2G_FW/Radar_Control/src\radar_calibration.c **** 
 275:E:/NOVA/Assets/IFX_P2G-HW-SW_V1.0.4/Firmware_Software/DAVE project/P2G_FW/Radar_Control/src\radar_calibration.c **** 	return (ADC_CALIB_LEN_BYTES);
 276:E:/NOVA/Assets/IFX_P2G-HW-SW_V1.0.4/Firmware_Software/DAVE project/P2G_FW/Radar_Control/src\radar_calibration.c **** }
 277:E:/NOVA/Assets/IFX_P2G-HW-SW_V1.0.4/Firmware_Software/DAVE project/P2G_FW/Radar_Control/src\radar_calibration.c **** 
 278:E:/NOVA/Assets/IFX_P2G-HW-SW_V1.0.4/Firmware_Software/DAVE project/P2G_FW/Radar_Control/src\radar_calibration.c **** //============================================================================
 279:E:/NOVA/Assets/IFX_P2G-HW-SW_V1.0.4/Firmware_Software/DAVE project/P2G_FW/Radar_Control/src\radar_calibration.c **** 
 280:E:/NOVA/Assets/IFX_P2G-HW-SW_V1.0.4/Firmware_Software/DAVE project/P2G_FW/Radar_Control/src\radar_calibration.c **** static void save_algo_calibration(Calibration_Target_t target, const Algo_Calibrations_t*  algo_cal
 281:E:/NOVA/Assets/IFX_P2G-HW-SW_V1.0.4/Firmware_Software/DAVE project/P2G_FW/Radar_Control/src\radar_calibration.c **** {
 282:E:/NOVA/Assets/IFX_P2G-HW-SW_V1.0.4/Firmware_Software/DAVE project/P2G_FW/Radar_Control/src\radar_calibration.c **** 	algo_calibration_s = *algo_calibration_ptr;
 283:E:/NOVA/Assets/IFX_P2G-HW-SW_V1.0.4/Firmware_Software/DAVE project/P2G_FW/Radar_Control/src\radar_calibration.c **** 
 284:E:/NOVA/Assets/IFX_P2G-HW-SW_V1.0.4/Firmware_Software/DAVE project/P2G_FW/Radar_Control/src\radar_calibration.c **** 	if (target == CALIBRATION_TARGET_FLASH)
 285:E:/NOVA/Assets/IFX_P2G-HW-SW_V1.0.4/Firmware_Software/DAVE project/P2G_FW/Radar_Control/src\radar_calibration.c **** 	{
 286:E:/NOVA/Assets/IFX_P2G-HW-SW_V1.0.4/Firmware_Software/DAVE project/P2G_FW/Radar_Control/src\radar_calibration.c **** 		read_adc_calibration(CALIBRATION_TARGET_FLASH);
 287:E:/NOVA/Assets/IFX_P2G-HW-SW_V1.0.4/Firmware_Software/DAVE project/P2G_FW/Radar_Control/src\radar_calibration.c **** 
 288:E:/NOVA/Assets/IFX_P2G-HW-SW_V1.0.4/Firmware_Software/DAVE project/P2G_FW/Radar_Control/src\radar_calibration.c **** 		write_calibration_flash_data();
 289:E:/NOVA/Assets/IFX_P2G-HW-SW_V1.0.4/Firmware_Software/DAVE project/P2G_FW/Radar_Control/src\radar_calibration.c **** 	}
 290:E:/NOVA/Assets/IFX_P2G-HW-SW_V1.0.4/Firmware_Software/DAVE project/P2G_FW/Radar_Control/src\radar_calibration.c **** 
 291:E:/NOVA/Assets/IFX_P2G-HW-SW_V1.0.4/Firmware_Software/DAVE project/P2G_FW/Radar_Control/src\radar_calibration.c **** 	set_angle_offset(algo_calibration_s.angle_offset_deg);
 292:E:/NOVA/Assets/IFX_P2G-HW-SW_V1.0.4/Firmware_Software/DAVE project/P2G_FW/Radar_Control/src\radar_calibration.c **** 	set_range_offset(algo_calibration_s.distance_offset_cm);
 293:E:/NOVA/Assets/IFX_P2G-HW-SW_V1.0.4/Firmware_Software/DAVE project/P2G_FW/Radar_Control/src\radar_calibration.c **** }
 294:E:/NOVA/Assets/IFX_P2G-HW-SW_V1.0.4/Firmware_Software/DAVE project/P2G_FW/Radar_Control/src\radar_calibration.c **** 
 295:E:/NOVA/Assets/IFX_P2G-HW-SW_V1.0.4/Firmware_Software/DAVE project/P2G_FW/Radar_Control/src\radar_calibration.c **** //============================================================================
 296:E:/NOVA/Assets/IFX_P2G-HW-SW_V1.0.4/Firmware_Software/DAVE project/P2G_FW/Radar_Control/src\radar_calibration.c **** 
 297:E:/NOVA/Assets/IFX_P2G-HW-SW_V1.0.4/Firmware_Software/DAVE project/P2G_FW/Radar_Control/src\radar_calibration.c **** static uint32_t read_algo_calibration(Calibration_Target_t target)
 298:E:/NOVA/Assets/IFX_P2G-HW-SW_V1.0.4/Firmware_Software/DAVE project/P2G_FW/Radar_Control/src\radar_calibration.c **** {
 299:E:/NOVA/Assets/IFX_P2G-HW-SW_V1.0.4/Firmware_Software/DAVE project/P2G_FW/Radar_Control/src\radar_calibration.c **** 	size_t algo_size = sizeof(algo_calibration_s);
 300:E:/NOVA/Assets/IFX_P2G-HW-SW_V1.0.4/Firmware_Software/DAVE project/P2G_FW/Radar_Control/src\radar_calibration.c **** 
 301:E:/NOVA/Assets/IFX_P2G-HW-SW_V1.0.4/Firmware_Software/DAVE project/P2G_FW/Radar_Control/src\radar_calibration.c **** 	if (target == CALIBRATION_TARGET_FLASH)
 302:E:/NOVA/Assets/IFX_P2G-HW-SW_V1.0.4/Firmware_Software/DAVE project/P2G_FW/Radar_Control/src\radar_calibration.c **** 	{
 303:E:/NOVA/Assets/IFX_P2G-HW-SW_V1.0.4/Firmware_Software/DAVE project/P2G_FW/Radar_Control/src\radar_calibration.c **** 		if (bsp_flash_is_empty())
 304:E:/NOVA/Assets/IFX_P2G-HW-SW_V1.0.4/Firmware_Software/DAVE project/P2G_FW/Radar_Control/src\radar_calibration.c **** 		{
 305:E:/NOVA/Assets/IFX_P2G-HW-SW_V1.0.4/Firmware_Software/DAVE project/P2G_FW/Radar_Control/src\radar_calibration.c **** 			memset(&algo_calibration_s, DEFAULT_CALIBRATION_VALUE, algo_size);
 306:E:/NOVA/Assets/IFX_P2G-HW-SW_V1.0.4/Firmware_Software/DAVE project/P2G_FW/Radar_Control/src\radar_calibration.c **** 		}
 307:E:/NOVA/Assets/IFX_P2G-HW-SW_V1.0.4/Firmware_Software/DAVE project/P2G_FW/Radar_Control/src\radar_calibration.c **** 		else
 308:E:/NOVA/Assets/IFX_P2G-HW-SW_V1.0.4/Firmware_Software/DAVE project/P2G_FW/Radar_Control/src\radar_calibration.c **** 		{
 309:E:/NOVA/Assets/IFX_P2G-HW-SW_V1.0.4/Firmware_Software/DAVE project/P2G_FW/Radar_Control/src\radar_calibration.c **** 			bsp_flash_read_data(ADC_CALIB_LEN_BYTES, (uint8_t*)&algo_calibration_s, algo_size);
 310:E:/NOVA/Assets/IFX_P2G-HW-SW_V1.0.4/Firmware_Software/DAVE project/P2G_FW/Radar_Control/src\radar_calibration.c **** 		}
 311:E:/NOVA/Assets/IFX_P2G-HW-SW_V1.0.4/Firmware_Software/DAVE project/P2G_FW/Radar_Control/src\radar_calibration.c **** 	}
 312:E:/NOVA/Assets/IFX_P2G-HW-SW_V1.0.4/Firmware_Software/DAVE project/P2G_FW/Radar_Control/src\radar_calibration.c **** 
 313:E:/NOVA/Assets/IFX_P2G-HW-SW_V1.0.4/Firmware_Software/DAVE project/P2G_FW/Radar_Control/src\radar_calibration.c **** 	set_angle_offset(algo_calibration_s.angle_offset_deg);
 314:E:/NOVA/Assets/IFX_P2G-HW-SW_V1.0.4/Firmware_Software/DAVE project/P2G_FW/Radar_Control/src\radar_calibration.c **** 	set_range_offset(algo_calibration_s.distance_offset_cm);
 315:E:/NOVA/Assets/IFX_P2G-HW-SW_V1.0.4/Firmware_Software/DAVE project/P2G_FW/Radar_Control/src\radar_calibration.c **** 
 316:E:/NOVA/Assets/IFX_P2G-HW-SW_V1.0.4/Firmware_Software/DAVE project/P2G_FW/Radar_Control/src\radar_calibration.c **** 	return (algo_size);
 317:E:/NOVA/Assets/IFX_P2G-HW-SW_V1.0.4/Firmware_Software/DAVE project/P2G_FW/Radar_Control/src\radar_calibration.c **** }
 318:E:/NOVA/Assets/IFX_P2G-HW-SW_V1.0.4/Firmware_Software/DAVE project/P2G_FW/Radar_Control/src\radar_calibration.c **** 
 319:E:/NOVA/Assets/IFX_P2G-HW-SW_V1.0.4/Firmware_Software/DAVE project/P2G_FW/Radar_Control/src\radar_calibration.c **** //============================================================================
 320:E:/NOVA/Assets/IFX_P2G-HW-SW_V1.0.4/Firmware_Software/DAVE project/P2G_FW/Radar_Control/src\radar_calibration.c **** 
 321:E:/NOVA/Assets/IFX_P2G-HW-SW_V1.0.4/Firmware_Software/DAVE project/P2G_FW/Radar_Control/src\radar_calibration.c **** static void clear_algo_calibration(Calibration_Target_t target)
 322:E:/NOVA/Assets/IFX_P2G-HW-SW_V1.0.4/Firmware_Software/DAVE project/P2G_FW/Radar_Control/src\radar_calibration.c **** {
 323:E:/NOVA/Assets/IFX_P2G-HW-SW_V1.0.4/Firmware_Software/DAVE project/P2G_FW/Radar_Control/src\radar_calibration.c **** 	memset(&algo_calibration_s, 0, sizeof(algo_calibration_s));
 324:E:/NOVA/Assets/IFX_P2G-HW-SW_V1.0.4/Firmware_Software/DAVE project/P2G_FW/Radar_Control/src\radar_calibration.c **** 
 325:E:/NOVA/Assets/IFX_P2G-HW-SW_V1.0.4/Firmware_Software/DAVE project/P2G_FW/Radar_Control/src\radar_calibration.c **** 	if (target == CALIBRATION_TARGET_FLASH)
 326:E:/NOVA/Assets/IFX_P2G-HW-SW_V1.0.4/Firmware_Software/DAVE project/P2G_FW/Radar_Control/src\radar_calibration.c **** 	{
 327:E:/NOVA/Assets/IFX_P2G-HW-SW_V1.0.4/Firmware_Software/DAVE project/P2G_FW/Radar_Control/src\radar_calibration.c **** 		read_adc_calibration(CALIBRATION_TARGET_FLASH);
 328:E:/NOVA/Assets/IFX_P2G-HW-SW_V1.0.4/Firmware_Software/DAVE project/P2G_FW/Radar_Control/src\radar_calibration.c **** 
 329:E:/NOVA/Assets/IFX_P2G-HW-SW_V1.0.4/Firmware_Software/DAVE project/P2G_FW/Radar_Control/src\radar_calibration.c **** 		write_calibration_flash_data();
 330:E:/NOVA/Assets/IFX_P2G-HW-SW_V1.0.4/Firmware_Software/DAVE project/P2G_FW/Radar_Control/src\radar_calibration.c **** 	}
 331:E:/NOVA/Assets/IFX_P2G-HW-SW_V1.0.4/Firmware_Software/DAVE project/P2G_FW/Radar_Control/src\radar_calibration.c **** 
 332:E:/NOVA/Assets/IFX_P2G-HW-SW_V1.0.4/Firmware_Software/DAVE project/P2G_FW/Radar_Control/src\radar_calibration.c **** 	set_angle_offset(algo_calibration_s.angle_offset_deg);
 333:E:/NOVA/Assets/IFX_P2G-HW-SW_V1.0.4/Firmware_Software/DAVE project/P2G_FW/Radar_Control/src\radar_calibration.c **** 	set_range_offset(algo_calibration_s.distance_offset_cm);
 334:E:/NOVA/Assets/IFX_P2G-HW-SW_V1.0.4/Firmware_Software/DAVE project/P2G_FW/Radar_Control/src\radar_calibration.c **** }
 335:E:/NOVA/Assets/IFX_P2G-HW-SW_V1.0.4/Firmware_Software/DAVE project/P2G_FW/Radar_Control/src\radar_calibration.c **** 
 336:E:/NOVA/Assets/IFX_P2G-HW-SW_V1.0.4/Firmware_Software/DAVE project/P2G_FW/Radar_Control/src\radar_calibration.c **** //============================================================================
 337:E:/NOVA/Assets/IFX_P2G-HW-SW_V1.0.4/Firmware_Software/DAVE project/P2G_FW/Radar_Control/src\radar_calibration.c **** 
 338:E:/NOVA/Assets/IFX_P2G-HW-SW_V1.0.4/Firmware_Software/DAVE project/P2G_FW/Radar_Control/src\radar_calibration.c **** static void write_calibration_flash_data(void)
 339:E:/NOVA/Assets/IFX_P2G-HW-SW_V1.0.4/Firmware_Software/DAVE project/P2G_FW/Radar_Control/src\radar_calibration.c **** {
 340:E:/NOVA/Assets/IFX_P2G-HW-SW_V1.0.4/Firmware_Software/DAVE project/P2G_FW/Radar_Control/src\radar_calibration.c **** 	bsp_flash_write_data(0U, (uint8_t*)adc_i1_calibration, ADC_CALIB_LEN_BYTES);
 256              	 .loc 1 340 0
 257 00f6 0398     	 ldr r0,[sp,#12]
 258 00f8 2049     	 ldr r1,.L20+4
 259 00fa 4FF40062 	 mov r2,#2048
 260 00fe FFF7FEFF 	 bl bsp_flash_write_data
 261              	.LVL34:
 341:E:/NOVA/Assets/IFX_P2G-HW-SW_V1.0.4/Firmware_Software/DAVE project/P2G_FW/Radar_Control/src\radar_calibration.c **** 
 342:E:/NOVA/Assets/IFX_P2G-HW-SW_V1.0.4/Firmware_Software/DAVE project/P2G_FW/Radar_Control/src\radar_calibration.c **** 	bsp_flash_write_data(ADC_CALIB_LEN_BYTES, (uint8_t*)&algo_calibration_s, sizeof(algo_calibration_s
 262              	 .loc 1 342 0
 263 0102 4FF40060 	 mov r0,#2048
 264 0106 1F49     	 ldr r1,.L20+12
 265 0108 0422     	 movs r2,#4
 266 010a FFF7FEFF 	 bl bsp_flash_write_data
 267              	.LVL35:
 343:E:/NOVA/Assets/IFX_P2G-HW-SW_V1.0.4/Firmware_Software/DAVE project/P2G_FW/Radar_Control/src\radar_calibration.c **** 
 344:E:/NOVA/Assets/IFX_P2G-HW-SW_V1.0.4/Firmware_Software/DAVE project/P2G_FW/Radar_Control/src\radar_calibration.c **** 	bsp_flash_flush_data();
 268              	 .loc 1 344 0
 269 010e FFF7FEFF 	 bl bsp_flash_flush_data
 270              	.LVL36:
 271 0112 E3E7     	 b .L9
 272              	.LVL37:
 273              	.L5:
 274              	.LBE46:
 275              	.LBE45:
 276              	.LBE47:
 277              	.LBE48:
 278              	.LBE49:
 279              	.LBB50:
 280              	.LBB51:
 282:E:/NOVA/Assets/IFX_P2G-HW-SW_V1.0.4/Firmware_Software/DAVE project/P2G_FW/Radar_Control/src\radar_calibration.c **** 
 281              	 .loc 1 282 0
 282 0114 1868     	 ldr r0,[r3]
 283              	.LVL38:
 284 0116 1B4C     	 ldr r4,.L20+12
 284:E:/NOVA/Assets/IFX_P2G-HW-SW_V1.0.4/Firmware_Software/DAVE project/P2G_FW/Radar_Control/src\radar_calibration.c **** 	{
 285              	 .loc 1 284 0
 286 0118 039B     	 ldr r3,[sp,#12]
 287              	.LVL39:
 282:E:/NOVA/Assets/IFX_P2G-HW-SW_V1.0.4/Firmware_Software/DAVE project/P2G_FW/Radar_Control/src\radar_calibration.c **** 
 288              	 .loc 1 282 0
 289 011a 2060     	 str r0,[r4]
 284:E:/NOVA/Assets/IFX_P2G-HW-SW_V1.0.4/Firmware_Software/DAVE project/P2G_FW/Radar_Control/src\radar_calibration.c **** 	{
 290              	 .loc 1 284 0
 291 011c 6BB1     	 cbz r3,.L18
 292              	.LVL40:
 293              	.L11:
 291:E:/NOVA/Assets/IFX_P2G-HW-SW_V1.0.4/Firmware_Software/DAVE project/P2G_FW/Radar_Control/src\radar_calibration.c **** 	set_range_offset(algo_calibration_s.distance_offset_cm);
 294              	 .loc 1 291 0
 295 011e 6588     	 ldrh r5,[r4,#2]
 296              	.LVL41:
 297              	.LBB52:
 298              	.LBB53:
 345:E:/NOVA/Assets/IFX_P2G-HW-SW_V1.0.4/Firmware_Software/DAVE project/P2G_FW/Radar_Control/src\radar_calibration.c **** }
 346:E:/NOVA/Assets/IFX_P2G-HW-SW_V1.0.4/Firmware_Software/DAVE project/P2G_FW/Radar_Control/src\radar_calibration.c **** 
 347:E:/NOVA/Assets/IFX_P2G-HW-SW_V1.0.4/Firmware_Software/DAVE project/P2G_FW/Radar_Control/src\radar_calibration.c **** //============================================================================
 348:E:/NOVA/Assets/IFX_P2G-HW-SW_V1.0.4/Firmware_Software/DAVE project/P2G_FW/Radar_Control/src\radar_calibration.c **** 
 349:E:/NOVA/Assets/IFX_P2G-HW-SW_V1.0.4/Firmware_Software/DAVE project/P2G_FW/Radar_Control/src\radar_calibration.c **** static void set_angle_offset(int16_t offset)
 350:E:/NOVA/Assets/IFX_P2G-HW-SW_V1.0.4/Firmware_Software/DAVE project/P2G_FW/Radar_Control/src\radar_calibration.c **** {
 351:E:/NOVA/Assets/IFX_P2G-HW-SW_V1.0.4/Firmware_Software/DAVE project/P2G_FW/Radar_Control/src\radar_calibration.c **** 	if ((offset > BSP_MIN_ANGLE_OFFSET_DEG) || (offset < BSP_MAX_ANGLE_OFFSET_DEG))
 352:E:/NOVA/Assets/IFX_P2G-HW-SW_V1.0.4/Firmware_Software/DAVE project/P2G_FW/Radar_Control/src\radar_calibration.c **** 	{
 353:E:/NOVA/Assets/IFX_P2G-HW-SW_V1.0.4/Firmware_Software/DAVE project/P2G_FW/Radar_Control/src\radar_calibration.c **** 		ds_algo_get_settings()->angle_offset_deg = offset;
 299              	 .loc 1 353 0
 300 0120 FFF7FEFF 	 bl ds_algo_get_settings
 301              	.LVL42:
 302              	.LBE53:
 303              	.LBE52:
 292:E:/NOVA/Assets/IFX_P2G-HW-SW_V1.0.4/Firmware_Software/DAVE project/P2G_FW/Radar_Control/src\radar_calibration.c **** }
 304              	 .loc 1 292 0
 305 0124 2488     	 ldrh r4,[r4]
 306              	.LVL43:
 307              	.LBB55:
 308              	.LBB54:
 309              	 .loc 1 353 0
 310 0126 0585     	 strh r5,[r0,#40]
 311              	.LBE54:
 312              	.LBE55:
 313              	.LBB56:
 314              	.LBB57:
 354:E:/NOVA/Assets/IFX_P2G-HW-SW_V1.0.4/Firmware_Software/DAVE project/P2G_FW/Radar_Control/src\radar_calibration.c **** 	}
 355:E:/NOVA/Assets/IFX_P2G-HW-SW_V1.0.4/Firmware_Software/DAVE project/P2G_FW/Radar_Control/src\radar_calibration.c **** }
 356:E:/NOVA/Assets/IFX_P2G-HW-SW_V1.0.4/Firmware_Software/DAVE project/P2G_FW/Radar_Control/src\radar_calibration.c **** 
 357:E:/NOVA/Assets/IFX_P2G-HW-SW_V1.0.4/Firmware_Software/DAVE project/P2G_FW/Radar_Control/src\radar_calibration.c **** //============================================================================
 358:E:/NOVA/Assets/IFX_P2G-HW-SW_V1.0.4/Firmware_Software/DAVE project/P2G_FW/Radar_Control/src\radar_calibration.c **** 
 359:E:/NOVA/Assets/IFX_P2G-HW-SW_V1.0.4/Firmware_Software/DAVE project/P2G_FW/Radar_Control/src\radar_calibration.c **** static void set_range_offset(uint16_t offset)
 360:E:/NOVA/Assets/IFX_P2G-HW-SW_V1.0.4/Firmware_Software/DAVE project/P2G_FW/Radar_Control/src\radar_calibration.c **** {
 361:E:/NOVA/Assets/IFX_P2G-HW-SW_V1.0.4/Firmware_Software/DAVE project/P2G_FW/Radar_Control/src\radar_calibration.c **** 	if (offset < BSP_MAX_RANGE_OFFSET_CM)
 315              	 .loc 1 361 0
 316 0128 632C     	 cmp r4,#99
 317 012a DAD8     	 bhi .L10
 362:E:/NOVA/Assets/IFX_P2G-HW-SW_V1.0.4/Firmware_Software/DAVE project/P2G_FW/Radar_Control/src\radar_calibration.c **** 	{
 363:E:/NOVA/Assets/IFX_P2G-HW-SW_V1.0.4/Firmware_Software/DAVE project/P2G_FW/Radar_Control/src\radar_calibration.c **** 		ds_algo_get_settings()->range_offset_cm = offset;
 318              	 .loc 1 363 0
 319 012c FFF7FEFF 	 bl ds_algo_get_settings
 320              	.LVL44:
 321 0130 4462     	 str r4,[r0,#36]
 322              	.LBE57:
 323              	.LBE56:
 324              	.LBE51:
 325              	.LBE50:
 158:E:/NOVA/Assets/IFX_P2G-HW-SW_V1.0.4/Firmware_Software/DAVE project/P2G_FW/Radar_Control/src\radar_calibration.c **** 
 326              	 .loc 1 158 0
 327 0132 0020     	 movs r0,#0
 328 0134 0DB0     	 add sp,sp,#52
 329              	.LCFI4:
 330              	 .cfi_remember_state
 331              	 .cfi_def_cfa_offset 36
 332              	 
 333 0136 BDE8F08F 	 pop {r4,r5,r6,r7,r8,r9,r10,fp,pc}
 334              	.LVL45:
 335              	.L18:
 336              	.LCFI5:
 337              	 .cfi_restore_state
 338              	.LBB69:
 339              	.LBB68:
 340              	.LBB58:
 341              	.LBB59:
 263:E:/NOVA/Assets/IFX_P2G-HW-SW_V1.0.4/Firmware_Software/DAVE project/P2G_FW/Radar_Control/src\radar_calibration.c **** 		{
 342              	 .loc 1 263 0
 343 013a FFF7FEFF 	 bl bsp_flash_is_empty
 344              	.LVL46:
 345 013e 98B9     	 cbnz r0,.L19
 271:E:/NOVA/Assets/IFX_P2G-HW-SW_V1.0.4/Firmware_Software/DAVE project/P2G_FW/Radar_Control/src\radar_calibration.c **** 		}
 346              	 .loc 1 271 0
 347 0140 0E49     	 ldr r1,.L20+4
 348 0142 4FF40062 	 mov r2,#2048
 349 0146 FFF7FEFF 	 bl bsp_flash_read_data
 350              	.LVL47:
 351              	.L13:
 352              	.LBE59:
 353              	.LBE58:
 354              	.LBB65:
 355              	.LBB66:
 340:E:/NOVA/Assets/IFX_P2G-HW-SW_V1.0.4/Firmware_Software/DAVE project/P2G_FW/Radar_Control/src\radar_calibration.c **** 
 356              	 .loc 1 340 0
 357 014a 0020     	 movs r0,#0
 358 014c 0B49     	 ldr r1,.L20+4
 359 014e 4FF40062 	 mov r2,#2048
 360 0152 FFF7FEFF 	 bl bsp_flash_write_data
 361              	.LVL48:
 342:E:/NOVA/Assets/IFX_P2G-HW-SW_V1.0.4/Firmware_Software/DAVE project/P2G_FW/Radar_Control/src\radar_calibration.c **** 
 362              	 .loc 1 342 0
 363 0156 4FF40060 	 mov r0,#2048
 364 015a 0A49     	 ldr r1,.L20+12
 365 015c 0422     	 movs r2,#4
 366 015e FFF7FEFF 	 bl bsp_flash_write_data
 367              	.LVL49:
 344:E:/NOVA/Assets/IFX_P2G-HW-SW_V1.0.4/Firmware_Software/DAVE project/P2G_FW/Radar_Control/src\radar_calibration.c **** }
 368              	 .loc 1 344 0
 369 0162 FFF7FEFF 	 bl bsp_flash_flush_data
 370              	.LVL50:
 371 0166 DAE7     	 b .L11
 372              	.L19:
 373              	.LVL51:
 374              	.LBE66:
 375              	.LBE65:
 376              	.LBB67:
 377              	.LBB64:
 378              	.LBB60:
 379              	.LBB61:
 380              	.LBB62:
 381              	.LBB63:
 129:E:/NOVA/Assets/IFX_P2G-HW-SW_V1.0.4/Firmware_Software/DAVE project/P2G_FW/Radar_Control/src\radar_calibration.c **** }
 382              	 .loc 1 129 0
 383 0168 0399     	 ldr r1,[sp,#12]
 384 016a 0448     	 ldr r0,.L20+4
 385 016c 4FF40062 	 mov r2,#2048
 386 0170 FFF7FEFF 	 bl memset
 387              	.LVL52:
 388 0174 E9E7     	 b .L13
 389              	.L21:
 390 0176 00BF     	 .align 2
 391              	.L20:
 392 0178 00000000 	 .word g_do_processing
 393 017c 00000000 	 .word adc_i1_calibration
 394 0180 00000000 	 .word .LANCHOR2
 395 0184 00000000 	 .word .LANCHOR3
 396 0188 00000000 	 .word .LANCHOR0
 397 018c 00000000 	 .word .LANCHOR1
 398              	.LBE63:
 399              	.LBE62:
 400              	.LBE61:
 401              	.LBE60:
 402              	.LBE64:
 403              	.LBE67:
 404              	.LBE68:
 405              	.LBE69:
 406              	 .cfi_endproc
 407              	.LFE471:
 409              	 .section .text.radar_read_calibration,"ax",%progbits
 410              	 .align 2
 411              	 .global radar_read_calibration
 412              	 .thumb
 413              	 .thumb_func
 415              	radar_read_calibration:
 416              	.LFB472:
 163:E:/NOVA/Assets/IFX_P2G-HW-SW_V1.0.4/Firmware_Software/DAVE project/P2G_FW/Radar_Control/src\radar_calibration.c ****   XMC_UNUSED_ARG(device); /* Suppress compiler warnings of unused variable */
 417              	 .loc 1 163 0
 418              	 .cfi_startproc
 419              	 
 420              	 
 421              	.LVL53:
 422 0000 2DE9F041 	 push {r4,r5,r6,r7,r8,lr}
 423              	.LCFI6:
 424              	 .cfi_def_cfa_offset 24
 425              	 .cfi_offset 4,-24
 426              	 .cfi_offset 5,-20
 427              	 .cfi_offset 6,-16
 428              	 .cfi_offset 7,-12
 429              	 .cfi_offset 8,-8
 430              	 .cfi_offset 14,-4
 163:E:/NOVA/Assets/IFX_P2G-HW-SW_V1.0.4/Firmware_Software/DAVE project/P2G_FW/Radar_Control/src\radar_calibration.c ****   XMC_UNUSED_ARG(device); /* Suppress compiler warnings of unused variable */
 431              	 .loc 1 163 0
 432 0004 069F     	 ldr r7,[sp,#24]
 433 0006 0D46     	 mov r5,r1
 434 0008 1E46     	 mov r6,r3
 166:E:/NOVA/Assets/IFX_P2G-HW-SW_V1.0.4/Firmware_Software/DAVE project/P2G_FW/Radar_Control/src\radar_calibration.c ****   {
 435              	 .loc 1 166 0
 436 000a 9AB1     	 cbz r2,.L32
 437              	.LVL54:
 438              	.LBB82:
 439              	.LBB83:
 301:E:/NOVA/Assets/IFX_P2G-HW-SW_V1.0.4/Firmware_Software/DAVE project/P2G_FW/Radar_Control/src\radar_calibration.c **** 	{
 440              	 .loc 1 301 0
 441 000c D9B1     	 cbz r1,.L27
 442 000e 1E4C     	 ldr r4,.L35
 443 0010 B4F80280 	 ldrh r8,[r4,#2]
 444              	.LVL55:
 445              	.L28:
 446              	.LBB84:
 447              	.LBB85:
 353:E:/NOVA/Assets/IFX_P2G-HW-SW_V1.0.4/Firmware_Software/DAVE project/P2G_FW/Radar_Control/src\radar_calibration.c **** 	}
 448              	 .loc 1 353 0
 449 0014 FFF7FEFF 	 bl ds_algo_get_settings
 450              	.LVL56:
 451              	.LBE85:
 452              	.LBE84:
 314:E:/NOVA/Assets/IFX_P2G-HW-SW_V1.0.4/Firmware_Software/DAVE project/P2G_FW/Radar_Control/src\radar_calibration.c **** 
 453              	 .loc 1 314 0
 454 0018 2588     	 ldrh r5,[r4]
 455              	.LVL57:
 456              	.LBB87:
 457              	.LBB86:
 353:E:/NOVA/Assets/IFX_P2G-HW-SW_V1.0.4/Firmware_Software/DAVE project/P2G_FW/Radar_Control/src\radar_calibration.c **** 	}
 458              	 .loc 1 353 0
 459 001a A0F82880 	 strh r8,[r0,#40]
 460              	.LBE86:
 461              	.LBE87:
 462              	.LBB88:
 463              	.LBB89:
 361:E:/NOVA/Assets/IFX_P2G-HW-SW_V1.0.4/Firmware_Software/DAVE project/P2G_FW/Radar_Control/src\radar_calibration.c **** 	{
 464              	 .loc 1 361 0
 465 001e 632D     	 cmp r5,#99
 466 0020 02D8     	 bhi .L30
 467              	 .loc 1 363 0
 468 0022 FFF7FEFF 	 bl ds_algo_get_settings
 469              	.LVL58:
 470 0026 4562     	 str r5,[r0,#36]
 471              	.L30:
 472              	.LBE89:
 473              	.LBE88:
 474              	.LBE83:
 475              	.LBE82:
 173:E:/NOVA/Assets/IFX_P2G-HW-SW_V1.0.4/Firmware_Software/DAVE project/P2G_FW/Radar_Control/src\radar_calibration.c ****     *data_ptr = &algo_calibration_s;
 476              	 .loc 1 173 0
 477 0028 0423     	 movs r3,#4
 478 002a 3B80     	 strh r3,[r7]
 178:E:/NOVA/Assets/IFX_P2G-HW-SW_V1.0.4/Firmware_Software/DAVE project/P2G_FW/Radar_Control/src\radar_calibration.c **** 
 479              	 .loc 1 178 0
 480 002c 0020     	 movs r0,#0
 174:E:/NOVA/Assets/IFX_P2G-HW-SW_V1.0.4/Firmware_Software/DAVE project/P2G_FW/Radar_Control/src\radar_calibration.c ****   }
 481              	 .loc 1 174 0
 482 002e 3460     	 str r4,[r6]
 178:E:/NOVA/Assets/IFX_P2G-HW-SW_V1.0.4/Firmware_Software/DAVE project/P2G_FW/Radar_Control/src\radar_calibration.c **** 
 483              	 .loc 1 178 0
 484 0030 BDE8F081 	 pop {r4,r5,r6,r7,r8,pc}
 485              	.LVL59:
 486              	.L32:
 487              	.LBB92:
 488              	.LBB93:
 261:E:/NOVA/Assets/IFX_P2G-HW-SW_V1.0.4/Firmware_Software/DAVE project/P2G_FW/Radar_Control/src\radar_calibration.c **** 	{
 489              	 .loc 1 261 0
 490 0034 71B1     	 cbz r1,.L33
 491              	.LVL60:
 492              	.L24:
 493              	.LBE93:
 494              	.LBE92:
 168:E:/NOVA/Assets/IFX_P2G-HW-SW_V1.0.4/Firmware_Software/DAVE project/P2G_FW/Radar_Control/src\radar_calibration.c ****     *data_ptr = adc_i1_calibration;
 495              	 .loc 1 168 0
 496 0036 4FF40062 	 mov r2,#2048
 169:E:/NOVA/Assets/IFX_P2G-HW-SW_V1.0.4/Firmware_Software/DAVE project/P2G_FW/Radar_Control/src\radar_calibration.c ****   }
 497              	 .loc 1 169 0
 498 003a 144B     	 ldr r3,.L35+4
 168:E:/NOVA/Assets/IFX_P2G-HW-SW_V1.0.4/Firmware_Software/DAVE project/P2G_FW/Radar_Control/src\radar_calibration.c ****     *data_ptr = adc_i1_calibration;
 499              	 .loc 1 168 0
 500 003c 3A80     	 strh r2,[r7]
 178:E:/NOVA/Assets/IFX_P2G-HW-SW_V1.0.4/Firmware_Software/DAVE project/P2G_FW/Radar_Control/src\radar_calibration.c **** 
 501              	 .loc 1 178 0
 502 003e 0020     	 movs r0,#0
 169:E:/NOVA/Assets/IFX_P2G-HW-SW_V1.0.4/Firmware_Software/DAVE project/P2G_FW/Radar_Control/src\radar_calibration.c ****   }
 503              	 .loc 1 169 0
 504 0040 3360     	 str r3,[r6]
 178:E:/NOVA/Assets/IFX_P2G-HW-SW_V1.0.4/Firmware_Software/DAVE project/P2G_FW/Radar_Control/src\radar_calibration.c **** 
 505              	 .loc 1 178 0
 506 0042 BDE8F081 	 pop {r4,r5,r6,r7,r8,pc}
 507              	.LVL61:
 508              	.L27:
 509              	.LBB100:
 510              	.LBB90:
 303:E:/NOVA/Assets/IFX_P2G-HW-SW_V1.0.4/Firmware_Software/DAVE project/P2G_FW/Radar_Control/src\radar_calibration.c **** 		{
 511              	 .loc 1 303 0
 512 0046 FFF7FEFF 	 bl bsp_flash_is_empty
 513              	.LVL62:
 305:E:/NOVA/Assets/IFX_P2G-HW-SW_V1.0.4/Firmware_Software/DAVE project/P2G_FW/Radar_Control/src\radar_calibration.c **** 		}
 514              	 .loc 1 305 0
 515 004a 0F4C     	 ldr r4,.L35
 303:E:/NOVA/Assets/IFX_P2G-HW-SW_V1.0.4/Firmware_Software/DAVE project/P2G_FW/Radar_Control/src\radar_calibration.c **** 		{
 516              	 .loc 1 303 0
 517 004c 58B1     	 cbz r0,.L29
 305:E:/NOVA/Assets/IFX_P2G-HW-SW_V1.0.4/Firmware_Software/DAVE project/P2G_FW/Radar_Control/src\radar_calibration.c **** 		}
 518              	 .loc 1 305 0
 519 004e A846     	 mov r8,r5
 520 0050 2560     	 str r5,[r4]
 521 0052 DFE7     	 b .L28
 522              	.LVL63:
 523              	.L33:
 524              	.LBE90:
 525              	.LBE100:
 526              	.LBB101:
 527              	.LBB98:
 263:E:/NOVA/Assets/IFX_P2G-HW-SW_V1.0.4/Firmware_Software/DAVE project/P2G_FW/Radar_Control/src\radar_calibration.c **** 		{
 528              	 .loc 1 263 0
 529 0054 FFF7FEFF 	 bl bsp_flash_is_empty
 530              	.LVL64:
 531 0058 70B9     	 cbnz r0,.L34
 271:E:/NOVA/Assets/IFX_P2G-HW-SW_V1.0.4/Firmware_Software/DAVE project/P2G_FW/Radar_Control/src\radar_calibration.c **** 		}
 532              	 .loc 1 271 0
 533 005a 0C49     	 ldr r1,.L35+4
 534 005c 4FF40062 	 mov r2,#2048
 535 0060 FFF7FEFF 	 bl bsp_flash_read_data
 536              	.LVL65:
 537 0064 E7E7     	 b .L24
 538              	.LVL66:
 539              	.L29:
 540              	.LBE98:
 541              	.LBE101:
 542              	.LBB102:
 543              	.LBB91:
 309:E:/NOVA/Assets/IFX_P2G-HW-SW_V1.0.4/Firmware_Software/DAVE project/P2G_FW/Radar_Control/src\radar_calibration.c **** 		}
 544              	 .loc 1 309 0
 545 0066 4FF40060 	 mov r0,#2048
 546 006a 2146     	 mov r1,r4
 547 006c 0422     	 movs r2,#4
 548 006e FFF7FEFF 	 bl bsp_flash_read_data
 549              	.LVL67:
 550 0072 B4F80280 	 ldrh r8,[r4,#2]
 551 0076 CDE7     	 b .L28
 552              	.LVL68:
 553              	.L34:
 554              	.LBE91:
 555              	.LBE102:
 556              	.LBB103:
 557              	.LBB99:
 558              	.LBB94:
 559              	.LBB95:
 560              	.LBB96:
 561              	.LBB97:
 129:E:/NOVA/Assets/IFX_P2G-HW-SW_V1.0.4/Firmware_Software/DAVE project/P2G_FW/Radar_Control/src\radar_calibration.c **** }
 562              	 .loc 1 129 0
 563 0078 2946     	 mov r1,r5
 564 007a 4FF40062 	 mov r2,#2048
 565 007e 0348     	 ldr r0,.L35+4
 566 0080 FFF7FEFF 	 bl memset
 567              	.LVL69:
 568 0084 D7E7     	 b .L24
 569              	.L36:
 570 0086 00BF     	 .align 2
 571              	.L35:
 572 0088 00000000 	 .word .LANCHOR3
 573 008c 00000000 	 .word adc_i1_calibration
 574              	.LBE97:
 575              	.LBE96:
 576              	.LBE95:
 577              	.LBE94:
 578              	.LBE99:
 579              	.LBE103:
 580              	 .cfi_endproc
 581              	.LFE472:
 583              	 .section .text.radar_clear_calibration,"ax",%progbits
 584              	 .align 2
 585              	 .global radar_clear_calibration
 586              	 .thumb
 587              	 .thumb_func
 589              	radar_clear_calibration:
 590              	.LFB473:
 183:E:/NOVA/Assets/IFX_P2G-HW-SW_V1.0.4/Firmware_Software/DAVE project/P2G_FW/Radar_Control/src\radar_calibration.c ****   XMC_UNUSED_ARG(device); /* Suppress compiler warnings of unused variable */
 591              	 .loc 1 183 0
 592              	 .cfi_startproc
 593              	 
 594              	 
 595              	.LVL70:
 596 0000 38B5     	 push {r3,r4,r5,lr}
 597              	.LCFI7:
 598              	 .cfi_def_cfa_offset 16
 599              	 .cfi_offset 3,-16
 600              	 .cfi_offset 4,-12
 601              	 .cfi_offset 5,-8
 602              	 .cfi_offset 14,-4
 183:E:/NOVA/Assets/IFX_P2G-HW-SW_V1.0.4/Firmware_Software/DAVE project/P2G_FW/Radar_Control/src\radar_calibration.c ****   XMC_UNUSED_ARG(device); /* Suppress compiler warnings of unused variable */
 603              	 .loc 1 183 0
 604 0002 0C46     	 mov r4,r1
 186:E:/NOVA/Assets/IFX_P2G-HW-SW_V1.0.4/Firmware_Software/DAVE project/P2G_FW/Radar_Control/src\radar_calibration.c ****   {
 605              	 .loc 1 186 0
 606 0004 7AB1     	 cbz r2,.L47
 607              	.LVL71:
 608              	.LBB124:
 609              	.LBB125:
 323:E:/NOVA/Assets/IFX_P2G-HW-SW_V1.0.4/Firmware_Software/DAVE project/P2G_FW/Radar_Control/src\radar_calibration.c **** 
 610              	 .loc 1 323 0
 611 0006 264D     	 ldr r5,.L50
 612 0008 0023     	 movs r3,#0
 613 000a 2B60     	 str r3,[r5]
 325:E:/NOVA/Assets/IFX_P2G-HW-SW_V1.0.4/Firmware_Software/DAVE project/P2G_FW/Radar_Control/src\radar_calibration.c **** 	{
 614              	 .loc 1 325 0
 615 000c 49B3     	 cbz r1,.L48
 616 000e 1C46     	 mov r4,r3
 617              	.LVL72:
 618              	.L41:
 619              	.LBB126:
 620              	.LBB127:
 353:E:/NOVA/Assets/IFX_P2G-HW-SW_V1.0.4/Firmware_Software/DAVE project/P2G_FW/Radar_Control/src\radar_calibration.c **** 	}
 621              	 .loc 1 353 0
 622 0010 FFF7FEFF 	 bl ds_algo_get_settings
 623              	.LVL73:
 624              	.LBE127:
 625              	.LBE126:
 333:E:/NOVA/Assets/IFX_P2G-HW-SW_V1.0.4/Firmware_Software/DAVE project/P2G_FW/Radar_Control/src\radar_calibration.c **** }
 626              	 .loc 1 333 0
 627 0014 2D88     	 ldrh r5,[r5]
 628              	.LVL74:
 629              	.LBB129:
 630              	.LBB128:
 353:E:/NOVA/Assets/IFX_P2G-HW-SW_V1.0.4/Firmware_Software/DAVE project/P2G_FW/Radar_Control/src\radar_calibration.c **** 	}
 631              	 .loc 1 353 0
 632 0016 0485     	 strh r4,[r0,#40]
 633              	.LBE128:
 634              	.LBE129:
 635              	.LBB130:
 636              	.LBB131:
 361:E:/NOVA/Assets/IFX_P2G-HW-SW_V1.0.4/Firmware_Software/DAVE project/P2G_FW/Radar_Control/src\radar_calibration.c **** 	{
 637              	 .loc 1 361 0
 638 0018 632D     	 cmp r5,#99
 639 001a 02D8     	 bhi .L40
 640              	 .loc 1 363 0
 641 001c FFF7FEFF 	 bl ds_algo_get_settings
 642              	.LVL75:
 643 0020 4562     	 str r5,[r0,#36]
 644              	.LVL76:
 645              	.L40:
 646              	.LBE131:
 647              	.LBE130:
 648              	.LBE125:
 649              	.LBE124:
 196:E:/NOVA/Assets/IFX_P2G-HW-SW_V1.0.4/Firmware_Software/DAVE project/P2G_FW/Radar_Control/src\radar_calibration.c **** 
 650              	 .loc 1 196 0
 651 0022 0020     	 movs r0,#0
 652 0024 38BD     	 pop {r3,r4,r5,pc}
 653              	.LVL77:
 654              	.L47:
 655              	.LBB143:
 656              	.LBB144:
 657              	.LBB145:
 658              	.LBB146:
 129:E:/NOVA/Assets/IFX_P2G-HW-SW_V1.0.4/Firmware_Software/DAVE project/P2G_FW/Radar_Control/src\radar_calibration.c **** }
 659              	 .loc 1 129 0
 660 0026 1146     	 mov r1,r2
 661              	.LVL78:
 662 0028 1E48     	 ldr r0,.L50+4
 663              	.LVL79:
 664 002a 4FF40062 	 mov r2,#2048
 665              	.LVL80:
 666 002e FFF7FEFF 	 bl memset
 667              	.LVL81:
 668              	.LBE146:
 669              	.LBE145:
 247:E:/NOVA/Assets/IFX_P2G-HW-SW_V1.0.4/Firmware_Software/DAVE project/P2G_FW/Radar_Control/src\radar_calibration.c ****   {
 670              	 .loc 1 247 0
 671 0032 002C     	 cmp r4,#0
 672 0034 F5D1     	 bne .L40
 249:E:/NOVA/Assets/IFX_P2G-HW-SW_V1.0.4/Firmware_Software/DAVE project/P2G_FW/Radar_Control/src\radar_calibration.c ****     
 673              	 .loc 1 249 0
 674 0036 4FF40060 	 mov r0,#2048
 675 003a 1949     	 ldr r1,.L50
 676 003c 0422     	 movs r2,#4
 677 003e FFF7FEFF 	 bl bsp_flash_read_data
 678              	.LVL82:
 679              	.LBB147:
 680              	.LBB148:
 340:E:/NOVA/Assets/IFX_P2G-HW-SW_V1.0.4/Firmware_Software/DAVE project/P2G_FW/Radar_Control/src\radar_calibration.c **** 
 681              	 .loc 1 340 0
 682 0042 2046     	 mov r0,r4
 683 0044 1749     	 ldr r1,.L50+4
 684 0046 4FF40062 	 mov r2,#2048
 685 004a FFF7FEFF 	 bl bsp_flash_write_data
 686              	.LVL83:
 342:E:/NOVA/Assets/IFX_P2G-HW-SW_V1.0.4/Firmware_Software/DAVE project/P2G_FW/Radar_Control/src\radar_calibration.c **** 
 687              	 .loc 1 342 0
 688 004e 4FF40060 	 mov r0,#2048
 689 0052 1349     	 ldr r1,.L50
 690 0054 0422     	 movs r2,#4
 691 0056 FFF7FEFF 	 bl bsp_flash_write_data
 692              	.LVL84:
 344:E:/NOVA/Assets/IFX_P2G-HW-SW_V1.0.4/Firmware_Software/DAVE project/P2G_FW/Radar_Control/src\radar_calibration.c **** }
 693              	 .loc 1 344 0
 694 005a FFF7FEFF 	 bl bsp_flash_flush_data
 695              	.LVL85:
 696              	.LBE148:
 697              	.LBE147:
 698              	.LBE144:
 699              	.LBE143:
 196:E:/NOVA/Assets/IFX_P2G-HW-SW_V1.0.4/Firmware_Software/DAVE project/P2G_FW/Radar_Control/src\radar_calibration.c **** 
 700              	 .loc 1 196 0
 701 005e 0020     	 movs r0,#0
 702 0060 38BD     	 pop {r3,r4,r5,pc}
 703              	.LVL86:
 704              	.L48:
 705              	.LBB149:
 706              	.LBB142:
 707              	.LBB132:
 708              	.LBB133:
 263:E:/NOVA/Assets/IFX_P2G-HW-SW_V1.0.4/Firmware_Software/DAVE project/P2G_FW/Radar_Control/src\radar_calibration.c **** 		{
 709              	 .loc 1 263 0
 710 0062 FFF7FEFF 	 bl bsp_flash_is_empty
 711              	.LVL87:
 712 0066 A0B9     	 cbnz r0,.L49
 271:E:/NOVA/Assets/IFX_P2G-HW-SW_V1.0.4/Firmware_Software/DAVE project/P2G_FW/Radar_Control/src\radar_calibration.c **** 		}
 713              	 .loc 1 271 0
 714 0068 0E49     	 ldr r1,.L50+4
 715 006a 4FF40062 	 mov r2,#2048
 716 006e FFF7FEFF 	 bl bsp_flash_read_data
 717              	.LVL88:
 718              	.L43:
 719              	.LBE133:
 720              	.LBE132:
 721              	.LBB139:
 722              	.LBB140:
 340:E:/NOVA/Assets/IFX_P2G-HW-SW_V1.0.4/Firmware_Software/DAVE project/P2G_FW/Radar_Control/src\radar_calibration.c **** 
 723              	 .loc 1 340 0
 724 0072 0020     	 movs r0,#0
 725 0074 0B49     	 ldr r1,.L50+4
 726 0076 4FF40062 	 mov r2,#2048
 727 007a FFF7FEFF 	 bl bsp_flash_write_data
 728              	.LVL89:
 342:E:/NOVA/Assets/IFX_P2G-HW-SW_V1.0.4/Firmware_Software/DAVE project/P2G_FW/Radar_Control/src\radar_calibration.c **** 
 729              	 .loc 1 342 0
 730 007e 4FF40060 	 mov r0,#2048
 731 0082 0749     	 ldr r1,.L50
 732 0084 0422     	 movs r2,#4
 733 0086 FFF7FEFF 	 bl bsp_flash_write_data
 734              	.LVL90:
 344:E:/NOVA/Assets/IFX_P2G-HW-SW_V1.0.4/Firmware_Software/DAVE project/P2G_FW/Radar_Control/src\radar_calibration.c **** }
 735              	 .loc 1 344 0
 736 008a FFF7FEFF 	 bl bsp_flash_flush_data
 737              	.LVL91:
 738 008e 6C88     	 ldrh r4,[r5,#2]
 739 0090 BEE7     	 b .L41
 740              	.L49:
 741              	.LVL92:
 742              	.LBE140:
 743              	.LBE139:
 744              	.LBB141:
 745              	.LBB138:
 746              	.LBB134:
 747              	.LBB135:
 748              	.LBB136:
 749              	.LBB137:
 129:E:/NOVA/Assets/IFX_P2G-HW-SW_V1.0.4/Firmware_Software/DAVE project/P2G_FW/Radar_Control/src\radar_calibration.c **** }
 750              	 .loc 1 129 0
 751 0092 2146     	 mov r1,r4
 752 0094 4FF40062 	 mov r2,#2048
 753 0098 0248     	 ldr r0,.L50+4
 754 009a FFF7FEFF 	 bl memset
 755              	.LVL93:
 756 009e E8E7     	 b .L43
 757              	.L51:
 758              	 .align 2
 759              	.L50:
 760 00a0 00000000 	 .word .LANCHOR3
 761 00a4 00000000 	 .word adc_i1_calibration
 762              	.LBE137:
 763              	.LBE136:
 764              	.LBE135:
 765              	.LBE134:
 766              	.LBE138:
 767              	.LBE141:
 768              	.LBE142:
 769              	.LBE149:
 770              	 .cfi_endproc
 771              	.LFE473:
 773              	 .global algo_calibration_s
 774              	 .global adc_q2_calibration
 775              	 .global adc_i2_calibration
 776              	 .global adc_q1_calibration
 777              	 .comm adc_i1_calibration,2048,4
 778              	 .section .data.adc_q1_calibration,"aw",%progbits
 779              	 .align 2
 780              	 .set .LANCHOR0,.+0
 783              	adc_q1_calibration:
 784 0000 00020000 	 .word adc_i1_calibration+512
 785              	 .section .bss.algo_calibration_s,"aw",%nobits
 786              	 .align 2
 787              	 .set .LANCHOR3,.+0
 790              	algo_calibration_s:
 791 0000 00000000 	 .space 4
 792              	 .section .data.adc_i2_calibration,"aw",%progbits
 793              	 .align 2
 794              	 .set .LANCHOR1,.+0
 797              	adc_i2_calibration:
 798 0000 00040000 	 .word adc_i1_calibration+1024
 799              	 .section .data.adc_q2_calibration,"aw",%progbits
 800              	 .align 2
 801              	 .set .LANCHOR2,.+0
 804              	adc_q2_calibration:
 805 0000 00060000 	 .word adc_i1_calibration+1536
 806              	 .text
 807              	.Letext0:
 808              	 .file 2 "c:\\infineon\\tools\\dave ide\\4.5.0.202105191637\\eclipse\\arm-gcc-49\\arm-none-eabi\\include\\machine\\_default_types.h"
 809              	 .file 3 "c:\\infineon\\tools\\dave ide\\4.5.0.202105191637\\eclipse\\arm-gcc-49\\arm-none-eabi\\include\\stdint.h"
 810              	 .file 4 "c:\\infineon\\tools\\dave ide\\4.5.0.202105191637\\eclipse\\arm-gcc-49\\lib\\gcc\\arm-none-eabi\\4.9.3\\include\\stddef.h"
 811              	 .file 5 "E:/NOVA/Assets/IFX_P2G-HW-SW_V1.0.4/Firmware_Software/DAVE project/P2G_FW/Radar_Control/inc/acq_buffer.h"
 812              	 .file 6 "E:/NOVA/Assets/IFX_P2G-HW-SW_V1.0.4/Firmware_Software/DAVE project/P2G_FW/Store/inc/datastore.h"
 813              	 .file 7 "E:/NOVA/Assets/IFX_P2G-HW-SW_V1.0.4/Firmware_Software/DAVE project/P2G_FW/Radar_Control/inc/radar_control.h"
 814              	 .file 8 "E:/NOVA/Assets/IFX_P2G-HW-SW_V1.0.4/Firmware_Software/DAVE project/P2G_FMCW/Libraries/CMSIS/Infineon/XMC4700_series/Include/XMC4700.h"
 815              	 .file 9 "E:/NOVA/Assets/IFX_P2G-HW-SW_V1.0.4/Firmware_Software/DAVE project/P2G_FMCW/Libraries/XMCLib/inc/xmc_vadc.h"
 816              	 .file 10 "E:/NOVA/Assets/IFX_P2G-HW-SW_V1.0.4/Firmware_Software/DAVE project/P2G_FMCW/Libraries/XMCLib/inc/xmc_usbd_regs.h"
 817              	 .file 11 "E:/NOVA/Assets/IFX_P2G-HW-SW_V1.0.4/Firmware_Software/DAVE project/P2G_FMCW/Libraries/XMCLib/inc/xmc_usbd.h"
 818              	 .file 12 "E:/NOVA/Assets/IFX_P2G-HW-SW_V1.0.4/Firmware_Software/DAVE project/P2G_FW/Dave/Generated/USBD/usbd.h"
 819              	 .file 13 "E:/NOVA/Assets/IFX_P2G-HW-SW_V1.0.4/Firmware_Software/DAVE project/P2G_FW/Radar_Control/inc/radar_calibration.h"
 820              	 .file 14 "E:/NOVA/Assets/IFX_P2G-HW-SW_V1.0.4/Firmware_Software/DAVE project/P2G_FW/Radar_Control/inc/radar_api.h"
 821              	 .file 15 "E:/NOVA/Assets/IFX_P2G-HW-SW_V1.0.4/Firmware_Software/DAVE project/P2G_FMCW/Libraries/CMSIS/Include/core_cm4.h"
 822              	 .file 16 "E:/NOVA/Assets/IFX_P2G-HW-SW_V1.0.4/Firmware_Software/DAVE project/P2G_FMCW/Libraries/CMSIS/Infineon/XMC4700_series/Include/system_XMC4700.h"
 823              	 .file 17 "E:/NOVA/Assets/IFX_P2G-HW-SW_V1.0.4/Firmware_Software/DAVE project/P2G_FW/Dave/Generated/ADC_MEASUREMENT_ADV/adc_measurement_adv.h"
 824              	 .file 18 "E:/NOVA/Assets/IFX_P2G-HW-SW_V1.0.4/Firmware_Software/DAVE project/P2G_FW/Dave/Generated/USBD/usbd_extern.h"
 825              	 .file 19 "E:/NOVA/Assets/IFX_P2G-HW-SW_V1.0.4/Firmware_Software/DAVE project/P2G_FW/BSP/Position2Go/inc/position2go_bsp.h"
DEFINED SYMBOLS
                            *ABS*:00000000 radar_calibration.c
    {standard input}:20     .text.radar_init_calibration:00000000 $t
    {standard input}:25     .text.radar_init_calibration:00000000 radar_init_calibration
    {standard input}:44     .text.radar_init_calibration:0000000c $d
                            *COM*:00000800 adc_i1_calibration
    {standard input}:49     .text.radar_save_calibration:00000000 $t
    {standard input}:54     .text.radar_save_calibration:00000000 radar_save_calibration
    {standard input}:392    .text.radar_save_calibration:00000178 $d
    {standard input}:410    .text.radar_read_calibration:00000000 $t
    {standard input}:415    .text.radar_read_calibration:00000000 radar_read_calibration
    {standard input}:572    .text.radar_read_calibration:00000088 $d
    {standard input}:584    .text.radar_clear_calibration:00000000 $t
    {standard input}:589    .text.radar_clear_calibration:00000000 radar_clear_calibration
    {standard input}:760    .text.radar_clear_calibration:000000a0 $d
    {standard input}:790    .bss.algo_calibration_s:00000000 algo_calibration_s
    {standard input}:804    .data.adc_q2_calibration:00000000 adc_q2_calibration
    {standard input}:797    .data.adc_i2_calibration:00000000 adc_i2_calibration
    {standard input}:783    .data.adc_q1_calibration:00000000 adc_q1_calibration
    {standard input}:779    .data.adc_q1_calibration:00000000 $d
    {standard input}:786    .bss.algo_calibration_s:00000000 $d
    {standard input}:793    .data.adc_i2_calibration:00000000 $d
    {standard input}:800    .data.adc_q2_calibration:00000000 $d
                     .debug_frame:00000010 $d

UNDEFINED SYMBOLS
memset
radar_get_frame
ds_device_get_settings
ds_get_active_acq_buf
get_buffer_address_by_chirp
bsp_flash_read_data
bsp_flash_write_data
bsp_flash_flush_data
ds_algo_get_settings
bsp_flash_is_empty
g_do_processing
