   1              	 .syntax unified
   2              	 .cpu cortex-m4
   3              	 .eabi_attribute 27,3
   4              	 .fpu fpv4-sp-d16
   5              	 .eabi_attribute 20,1
   6              	 .eabi_attribute 21,1
   7              	 .eabi_attribute 23,3
   8              	 .eabi_attribute 24,1
   9              	 .eabi_attribute 25,1
  10              	 .eabi_attribute 26,1
  11              	 .eabi_attribute 30,2
  12              	 .eabi_attribute 34,1
  13              	 .eabi_attribute 18,4
  14              	 .thumb
  15              	 .file "arm_iir_lattice_init_q15.c"
  16              	 .text
  17              	.Ltext0:
  18              	 .cfi_sections .debug_frame
  19              	 .section .text.arm_iir_lattice_init_q15,"ax",%progbits
  20              	 .align 2
  21              	 .global arm_iir_lattice_init_q15
  22              	 .thumb
  23              	 .thumb_func
  25              	arm_iir_lattice_init_q15:
  26              	.LFB135:
  27              	 .file 1 "E:/NOVA/Assets/IFX_P2G-HW-SW_V1.0.4/Firmware_Software/DAVE project/P2G_FW/Dave/Generated/CMSIS_DSP/FilteringFunctions/arm_iir_lattice_init_q15.c"
   1:E:/NOVA/Assets/IFX_P2G-HW-SW_V1.0.4/Firmware_Software/DAVE project/P2G_FW/Dave/Generated/CMSIS_DSP/FilteringFunctions\arm_iir_lattice_init_q15.c **** /* ----------------------------------------------------------------------
   2:E:/NOVA/Assets/IFX_P2G-HW-SW_V1.0.4/Firmware_Software/DAVE project/P2G_FW/Dave/Generated/CMSIS_DSP/FilteringFunctions\arm_iir_lattice_init_q15.c ****  * Project:      CMSIS DSP Library
   3:E:/NOVA/Assets/IFX_P2G-HW-SW_V1.0.4/Firmware_Software/DAVE project/P2G_FW/Dave/Generated/CMSIS_DSP/FilteringFunctions\arm_iir_lattice_init_q15.c ****  * Title:        arm_iir_lattice_init_q15.c
   4:E:/NOVA/Assets/IFX_P2G-HW-SW_V1.0.4/Firmware_Software/DAVE project/P2G_FW/Dave/Generated/CMSIS_DSP/FilteringFunctions\arm_iir_lattice_init_q15.c ****  * Description:  Q15 IIR lattice filter initialization function
   5:E:/NOVA/Assets/IFX_P2G-HW-SW_V1.0.4/Firmware_Software/DAVE project/P2G_FW/Dave/Generated/CMSIS_DSP/FilteringFunctions\arm_iir_lattice_init_q15.c ****  *
   6:E:/NOVA/Assets/IFX_P2G-HW-SW_V1.0.4/Firmware_Software/DAVE project/P2G_FW/Dave/Generated/CMSIS_DSP/FilteringFunctions\arm_iir_lattice_init_q15.c ****  * $Date:        27. January 2017
   7:E:/NOVA/Assets/IFX_P2G-HW-SW_V1.0.4/Firmware_Software/DAVE project/P2G_FW/Dave/Generated/CMSIS_DSP/FilteringFunctions\arm_iir_lattice_init_q15.c ****  * $Revision:    V.1.5.1
   8:E:/NOVA/Assets/IFX_P2G-HW-SW_V1.0.4/Firmware_Software/DAVE project/P2G_FW/Dave/Generated/CMSIS_DSP/FilteringFunctions\arm_iir_lattice_init_q15.c ****  *
   9:E:/NOVA/Assets/IFX_P2G-HW-SW_V1.0.4/Firmware_Software/DAVE project/P2G_FW/Dave/Generated/CMSIS_DSP/FilteringFunctions\arm_iir_lattice_init_q15.c ****  * Target Processor: Cortex-M cores
  10:E:/NOVA/Assets/IFX_P2G-HW-SW_V1.0.4/Firmware_Software/DAVE project/P2G_FW/Dave/Generated/CMSIS_DSP/FilteringFunctions\arm_iir_lattice_init_q15.c ****  * -------------------------------------------------------------------- */
  11:E:/NOVA/Assets/IFX_P2G-HW-SW_V1.0.4/Firmware_Software/DAVE project/P2G_FW/Dave/Generated/CMSIS_DSP/FilteringFunctions\arm_iir_lattice_init_q15.c **** /*
  12:E:/NOVA/Assets/IFX_P2G-HW-SW_V1.0.4/Firmware_Software/DAVE project/P2G_FW/Dave/Generated/CMSIS_DSP/FilteringFunctions\arm_iir_lattice_init_q15.c ****  * Copyright (C) 2010-2017 ARM Limited or its affiliates. All rights reserved.
  13:E:/NOVA/Assets/IFX_P2G-HW-SW_V1.0.4/Firmware_Software/DAVE project/P2G_FW/Dave/Generated/CMSIS_DSP/FilteringFunctions\arm_iir_lattice_init_q15.c ****  *
  14:E:/NOVA/Assets/IFX_P2G-HW-SW_V1.0.4/Firmware_Software/DAVE project/P2G_FW/Dave/Generated/CMSIS_DSP/FilteringFunctions\arm_iir_lattice_init_q15.c ****  * SPDX-License-Identifier: Apache-2.0
  15:E:/NOVA/Assets/IFX_P2G-HW-SW_V1.0.4/Firmware_Software/DAVE project/P2G_FW/Dave/Generated/CMSIS_DSP/FilteringFunctions\arm_iir_lattice_init_q15.c ****  *
  16:E:/NOVA/Assets/IFX_P2G-HW-SW_V1.0.4/Firmware_Software/DAVE project/P2G_FW/Dave/Generated/CMSIS_DSP/FilteringFunctions\arm_iir_lattice_init_q15.c ****  * Licensed under the Apache License, Version 2.0 (the License); you may
  17:E:/NOVA/Assets/IFX_P2G-HW-SW_V1.0.4/Firmware_Software/DAVE project/P2G_FW/Dave/Generated/CMSIS_DSP/FilteringFunctions\arm_iir_lattice_init_q15.c ****  * not use this file except in compliance with the License.
  18:E:/NOVA/Assets/IFX_P2G-HW-SW_V1.0.4/Firmware_Software/DAVE project/P2G_FW/Dave/Generated/CMSIS_DSP/FilteringFunctions\arm_iir_lattice_init_q15.c ****  * You may obtain a copy of the License at
  19:E:/NOVA/Assets/IFX_P2G-HW-SW_V1.0.4/Firmware_Software/DAVE project/P2G_FW/Dave/Generated/CMSIS_DSP/FilteringFunctions\arm_iir_lattice_init_q15.c ****  *
  20:E:/NOVA/Assets/IFX_P2G-HW-SW_V1.0.4/Firmware_Software/DAVE project/P2G_FW/Dave/Generated/CMSIS_DSP/FilteringFunctions\arm_iir_lattice_init_q15.c ****  * www.apache.org/licenses/LICENSE-2.0
  21:E:/NOVA/Assets/IFX_P2G-HW-SW_V1.0.4/Firmware_Software/DAVE project/P2G_FW/Dave/Generated/CMSIS_DSP/FilteringFunctions\arm_iir_lattice_init_q15.c ****  *
  22:E:/NOVA/Assets/IFX_P2G-HW-SW_V1.0.4/Firmware_Software/DAVE project/P2G_FW/Dave/Generated/CMSIS_DSP/FilteringFunctions\arm_iir_lattice_init_q15.c ****  * Unless required by applicable law or agreed to in writing, software
  23:E:/NOVA/Assets/IFX_P2G-HW-SW_V1.0.4/Firmware_Software/DAVE project/P2G_FW/Dave/Generated/CMSIS_DSP/FilteringFunctions\arm_iir_lattice_init_q15.c ****  * distributed under the License is distributed on an AS IS BASIS, WITHOUT
  24:E:/NOVA/Assets/IFX_P2G-HW-SW_V1.0.4/Firmware_Software/DAVE project/P2G_FW/Dave/Generated/CMSIS_DSP/FilteringFunctions\arm_iir_lattice_init_q15.c ****  * WARRANTIES OR CONDITIONS OF ANY KIND, either express or implied.
  25:E:/NOVA/Assets/IFX_P2G-HW-SW_V1.0.4/Firmware_Software/DAVE project/P2G_FW/Dave/Generated/CMSIS_DSP/FilteringFunctions\arm_iir_lattice_init_q15.c ****  * See the License for the specific language governing permissions and
  26:E:/NOVA/Assets/IFX_P2G-HW-SW_V1.0.4/Firmware_Software/DAVE project/P2G_FW/Dave/Generated/CMSIS_DSP/FilteringFunctions\arm_iir_lattice_init_q15.c ****  * limitations under the License.
  27:E:/NOVA/Assets/IFX_P2G-HW-SW_V1.0.4/Firmware_Software/DAVE project/P2G_FW/Dave/Generated/CMSIS_DSP/FilteringFunctions\arm_iir_lattice_init_q15.c ****  */
  28:E:/NOVA/Assets/IFX_P2G-HW-SW_V1.0.4/Firmware_Software/DAVE project/P2G_FW/Dave/Generated/CMSIS_DSP/FilteringFunctions\arm_iir_lattice_init_q15.c **** 
  29:E:/NOVA/Assets/IFX_P2G-HW-SW_V1.0.4/Firmware_Software/DAVE project/P2G_FW/Dave/Generated/CMSIS_DSP/FilteringFunctions\arm_iir_lattice_init_q15.c **** #include "CMSIS_DSP/cmsis_dsp.h"
  30:E:/NOVA/Assets/IFX_P2G-HW-SW_V1.0.4/Firmware_Software/DAVE project/P2G_FW/Dave/Generated/CMSIS_DSP/FilteringFunctions\arm_iir_lattice_init_q15.c **** 
  31:E:/NOVA/Assets/IFX_P2G-HW-SW_V1.0.4/Firmware_Software/DAVE project/P2G_FW/Dave/Generated/CMSIS_DSP/FilteringFunctions\arm_iir_lattice_init_q15.c **** /**
  32:E:/NOVA/Assets/IFX_P2G-HW-SW_V1.0.4/Firmware_Software/DAVE project/P2G_FW/Dave/Generated/CMSIS_DSP/FilteringFunctions\arm_iir_lattice_init_q15.c ****  * @ingroup groupFilters
  33:E:/NOVA/Assets/IFX_P2G-HW-SW_V1.0.4/Firmware_Software/DAVE project/P2G_FW/Dave/Generated/CMSIS_DSP/FilteringFunctions\arm_iir_lattice_init_q15.c ****  */
  34:E:/NOVA/Assets/IFX_P2G-HW-SW_V1.0.4/Firmware_Software/DAVE project/P2G_FW/Dave/Generated/CMSIS_DSP/FilteringFunctions\arm_iir_lattice_init_q15.c **** 
  35:E:/NOVA/Assets/IFX_P2G-HW-SW_V1.0.4/Firmware_Software/DAVE project/P2G_FW/Dave/Generated/CMSIS_DSP/FilteringFunctions\arm_iir_lattice_init_q15.c **** /**
  36:E:/NOVA/Assets/IFX_P2G-HW-SW_V1.0.4/Firmware_Software/DAVE project/P2G_FW/Dave/Generated/CMSIS_DSP/FilteringFunctions\arm_iir_lattice_init_q15.c ****  * @addtogroup IIR_Lattice
  37:E:/NOVA/Assets/IFX_P2G-HW-SW_V1.0.4/Firmware_Software/DAVE project/P2G_FW/Dave/Generated/CMSIS_DSP/FilteringFunctions\arm_iir_lattice_init_q15.c ****  * @{
  38:E:/NOVA/Assets/IFX_P2G-HW-SW_V1.0.4/Firmware_Software/DAVE project/P2G_FW/Dave/Generated/CMSIS_DSP/FilteringFunctions\arm_iir_lattice_init_q15.c ****  */
  39:E:/NOVA/Assets/IFX_P2G-HW-SW_V1.0.4/Firmware_Software/DAVE project/P2G_FW/Dave/Generated/CMSIS_DSP/FilteringFunctions\arm_iir_lattice_init_q15.c **** 
  40:E:/NOVA/Assets/IFX_P2G-HW-SW_V1.0.4/Firmware_Software/DAVE project/P2G_FW/Dave/Generated/CMSIS_DSP/FilteringFunctions\arm_iir_lattice_init_q15.c ****   /**
  41:E:/NOVA/Assets/IFX_P2G-HW-SW_V1.0.4/Firmware_Software/DAVE project/P2G_FW/Dave/Generated/CMSIS_DSP/FilteringFunctions\arm_iir_lattice_init_q15.c ****    * @brief Initialization function for the Q15 IIR lattice filter.
  42:E:/NOVA/Assets/IFX_P2G-HW-SW_V1.0.4/Firmware_Software/DAVE project/P2G_FW/Dave/Generated/CMSIS_DSP/FilteringFunctions\arm_iir_lattice_init_q15.c ****    * @param[in] *S points to an instance of the Q15 IIR lattice structure.
  43:E:/NOVA/Assets/IFX_P2G-HW-SW_V1.0.4/Firmware_Software/DAVE project/P2G_FW/Dave/Generated/CMSIS_DSP/FilteringFunctions\arm_iir_lattice_init_q15.c ****    * @param[in] numStages  number of stages in the filter.
  44:E:/NOVA/Assets/IFX_P2G-HW-SW_V1.0.4/Firmware_Software/DAVE project/P2G_FW/Dave/Generated/CMSIS_DSP/FilteringFunctions\arm_iir_lattice_init_q15.c ****    * @param[in] *pkCoeffs points to reflection coefficient buffer.  The array is of length numStage
  45:E:/NOVA/Assets/IFX_P2G-HW-SW_V1.0.4/Firmware_Software/DAVE project/P2G_FW/Dave/Generated/CMSIS_DSP/FilteringFunctions\arm_iir_lattice_init_q15.c ****    * @param[in] *pvCoeffs points to ladder coefficient buffer.  The array is of length numStages+1.
  46:E:/NOVA/Assets/IFX_P2G-HW-SW_V1.0.4/Firmware_Software/DAVE project/P2G_FW/Dave/Generated/CMSIS_DSP/FilteringFunctions\arm_iir_lattice_init_q15.c ****    * @param[in] *pState points to state buffer.  The array is of length numStages+blockSize.
  47:E:/NOVA/Assets/IFX_P2G-HW-SW_V1.0.4/Firmware_Software/DAVE project/P2G_FW/Dave/Generated/CMSIS_DSP/FilteringFunctions\arm_iir_lattice_init_q15.c ****    * @param[in] blockSize number of samples to process per call.
  48:E:/NOVA/Assets/IFX_P2G-HW-SW_V1.0.4/Firmware_Software/DAVE project/P2G_FW/Dave/Generated/CMSIS_DSP/FilteringFunctions\arm_iir_lattice_init_q15.c ****    * @return none.
  49:E:/NOVA/Assets/IFX_P2G-HW-SW_V1.0.4/Firmware_Software/DAVE project/P2G_FW/Dave/Generated/CMSIS_DSP/FilteringFunctions\arm_iir_lattice_init_q15.c ****    */
  50:E:/NOVA/Assets/IFX_P2G-HW-SW_V1.0.4/Firmware_Software/DAVE project/P2G_FW/Dave/Generated/CMSIS_DSP/FilteringFunctions\arm_iir_lattice_init_q15.c **** 
  51:E:/NOVA/Assets/IFX_P2G-HW-SW_V1.0.4/Firmware_Software/DAVE project/P2G_FW/Dave/Generated/CMSIS_DSP/FilteringFunctions\arm_iir_lattice_init_q15.c **** void arm_iir_lattice_init_q15(
  52:E:/NOVA/Assets/IFX_P2G-HW-SW_V1.0.4/Firmware_Software/DAVE project/P2G_FW/Dave/Generated/CMSIS_DSP/FilteringFunctions\arm_iir_lattice_init_q15.c ****   arm_iir_lattice_instance_q15 * S,
  53:E:/NOVA/Assets/IFX_P2G-HW-SW_V1.0.4/Firmware_Software/DAVE project/P2G_FW/Dave/Generated/CMSIS_DSP/FilteringFunctions\arm_iir_lattice_init_q15.c ****   uint16_t numStages,
  54:E:/NOVA/Assets/IFX_P2G-HW-SW_V1.0.4/Firmware_Software/DAVE project/P2G_FW/Dave/Generated/CMSIS_DSP/FilteringFunctions\arm_iir_lattice_init_q15.c ****   q15_t * pkCoeffs,
  55:E:/NOVA/Assets/IFX_P2G-HW-SW_V1.0.4/Firmware_Software/DAVE project/P2G_FW/Dave/Generated/CMSIS_DSP/FilteringFunctions\arm_iir_lattice_init_q15.c ****   q15_t * pvCoeffs,
  56:E:/NOVA/Assets/IFX_P2G-HW-SW_V1.0.4/Firmware_Software/DAVE project/P2G_FW/Dave/Generated/CMSIS_DSP/FilteringFunctions\arm_iir_lattice_init_q15.c ****   q15_t * pState,
  57:E:/NOVA/Assets/IFX_P2G-HW-SW_V1.0.4/Firmware_Software/DAVE project/P2G_FW/Dave/Generated/CMSIS_DSP/FilteringFunctions\arm_iir_lattice_init_q15.c ****   uint32_t blockSize)
  58:E:/NOVA/Assets/IFX_P2G-HW-SW_V1.0.4/Firmware_Software/DAVE project/P2G_FW/Dave/Generated/CMSIS_DSP/FilteringFunctions\arm_iir_lattice_init_q15.c **** {
  28              	 .loc 1 58 0
  29              	 .cfi_startproc
  30              	 
  31              	 
  32              	.LVL0:
  33 0000 70B5     	 push {r4,r5,r6,lr}
  34              	.LCFI0:
  35              	 .cfi_def_cfa_offset 16
  36              	 .cfi_offset 4,-16
  37              	 .cfi_offset 5,-12
  38              	 .cfi_offset 6,-8
  39              	 .cfi_offset 14,-4
  40              	 .loc 1 58 0
  41 0002 059D     	 ldr r5,[sp,#20]
  42 0004 049E     	 ldr r6,[sp,#16]
  59:E:/NOVA/Assets/IFX_P2G-HW-SW_V1.0.4/Firmware_Software/DAVE project/P2G_FW/Dave/Generated/CMSIS_DSP/FilteringFunctions\arm_iir_lattice_init_q15.c ****   /* Assign filter taps */
  60:E:/NOVA/Assets/IFX_P2G-HW-SW_V1.0.4/Firmware_Software/DAVE project/P2G_FW/Dave/Generated/CMSIS_DSP/FilteringFunctions\arm_iir_lattice_init_q15.c ****   S->numStages = numStages;
  61:E:/NOVA/Assets/IFX_P2G-HW-SW_V1.0.4/Firmware_Software/DAVE project/P2G_FW/Dave/Generated/CMSIS_DSP/FilteringFunctions\arm_iir_lattice_init_q15.c **** 
  62:E:/NOVA/Assets/IFX_P2G-HW-SW_V1.0.4/Firmware_Software/DAVE project/P2G_FW/Dave/Generated/CMSIS_DSP/FilteringFunctions\arm_iir_lattice_init_q15.c ****   /* Assign reflection coefficient pointer */
  63:E:/NOVA/Assets/IFX_P2G-HW-SW_V1.0.4/Firmware_Software/DAVE project/P2G_FW/Dave/Generated/CMSIS_DSP/FilteringFunctions\arm_iir_lattice_init_q15.c ****   S->pkCoeffs = pkCoeffs;
  43              	 .loc 1 63 0
  44 0006 8260     	 str r2,[r0,#8]
  58:E:/NOVA/Assets/IFX_P2G-HW-SW_V1.0.4/Firmware_Software/DAVE project/P2G_FW/Dave/Generated/CMSIS_DSP/FilteringFunctions\arm_iir_lattice_init_q15.c ****   /* Assign filter taps */
  45              	 .loc 1 58 0
  46 0008 0446     	 mov r4,r0
  64:E:/NOVA/Assets/IFX_P2G-HW-SW_V1.0.4/Firmware_Software/DAVE project/P2G_FW/Dave/Generated/CMSIS_DSP/FilteringFunctions\arm_iir_lattice_init_q15.c **** 
  65:E:/NOVA/Assets/IFX_P2G-HW-SW_V1.0.4/Firmware_Software/DAVE project/P2G_FW/Dave/Generated/CMSIS_DSP/FilteringFunctions\arm_iir_lattice_init_q15.c ****   /* Assign ladder coefficient pointer */
  66:E:/NOVA/Assets/IFX_P2G-HW-SW_V1.0.4/Firmware_Software/DAVE project/P2G_FW/Dave/Generated/CMSIS_DSP/FilteringFunctions\arm_iir_lattice_init_q15.c ****   S->pvCoeffs = pvCoeffs;
  67:E:/NOVA/Assets/IFX_P2G-HW-SW_V1.0.4/Firmware_Software/DAVE project/P2G_FW/Dave/Generated/CMSIS_DSP/FilteringFunctions\arm_iir_lattice_init_q15.c **** 
  68:E:/NOVA/Assets/IFX_P2G-HW-SW_V1.0.4/Firmware_Software/DAVE project/P2G_FW/Dave/Generated/CMSIS_DSP/FilteringFunctions\arm_iir_lattice_init_q15.c ****   /* Clear state buffer and size is always blockSize + numStages */
  69:E:/NOVA/Assets/IFX_P2G-HW-SW_V1.0.4/Firmware_Software/DAVE project/P2G_FW/Dave/Generated/CMSIS_DSP/FilteringFunctions\arm_iir_lattice_init_q15.c ****   memset(pState, 0, (numStages + blockSize) * sizeof(q15_t));
  47              	 .loc 1 69 0
  48 000a 0D44     	 add r5,r5,r1
  60:E:/NOVA/Assets/IFX_P2G-HW-SW_V1.0.4/Firmware_Software/DAVE project/P2G_FW/Dave/Generated/CMSIS_DSP/FilteringFunctions\arm_iir_lattice_init_q15.c **** 
  49              	 .loc 1 60 0
  50 000c 0180     	 strh r1,[r0]
  66:E:/NOVA/Assets/IFX_P2G-HW-SW_V1.0.4/Firmware_Software/DAVE project/P2G_FW/Dave/Generated/CMSIS_DSP/FilteringFunctions\arm_iir_lattice_init_q15.c **** 
  51              	 .loc 1 66 0
  52 000e C360     	 str r3,[r0,#12]
  53              	 .loc 1 69 0
  54 0010 6A00     	 lsls r2,r5,#1
  55              	.LVL1:
  56 0012 3046     	 mov r0,r6
  57              	.LVL2:
  58 0014 0021     	 movs r1,#0
  59              	.LVL3:
  60 0016 FFF7FEFF 	 bl memset
  61              	.LVL4:
  70:E:/NOVA/Assets/IFX_P2G-HW-SW_V1.0.4/Firmware_Software/DAVE project/P2G_FW/Dave/Generated/CMSIS_DSP/FilteringFunctions\arm_iir_lattice_init_q15.c **** 
  71:E:/NOVA/Assets/IFX_P2G-HW-SW_V1.0.4/Firmware_Software/DAVE project/P2G_FW/Dave/Generated/CMSIS_DSP/FilteringFunctions\arm_iir_lattice_init_q15.c ****   /* Assign state pointer */
  72:E:/NOVA/Assets/IFX_P2G-HW-SW_V1.0.4/Firmware_Software/DAVE project/P2G_FW/Dave/Generated/CMSIS_DSP/FilteringFunctions\arm_iir_lattice_init_q15.c ****   S->pState = pState;
  62              	 .loc 1 72 0
  63 001a 6660     	 str r6,[r4,#4]
  64 001c 70BD     	 pop {r4,r5,r6,pc}
  65              	 .cfi_endproc
  66              	.LFE135:
  68 001e 00BF     	 .text
  69              	.Letext0:
  70              	 .file 2 "c:\\infineon\\tools\\dave ide\\4.5.0.202105191637\\eclipse\\arm-gcc-49\\arm-none-eabi\\include\\machine\\_default_types.h"
  71              	 .file 3 "c:\\infineon\\tools\\dave ide\\4.5.0.202105191637\\eclipse\\arm-gcc-49\\arm-none-eabi\\include\\stdint.h"
  72              	 .file 4 "E:/NOVA/Assets/IFX_P2G-HW-SW_V1.0.4/Firmware_Software/DAVE project/P2G_FW/Dave/Generated/CMSIS_DSP/arm_math.h"
DEFINED SYMBOLS
                            *ABS*:00000000 arm_iir_lattice_init_q15.c
    {standard input}:20     .text.arm_iir_lattice_init_q15:00000000 $t
    {standard input}:25     .text.arm_iir_lattice_init_q15:00000000 arm_iir_lattice_init_q15
                     .debug_frame:00000010 $d

UNDEFINED SYMBOLS
memset
