   1              	 .syntax unified
   2              	 .cpu cortex-m4
   3              	 .eabi_attribute 27,3
   4              	 .fpu fpv4-sp-d16
   5              	 .eabi_attribute 20,1
   6              	 .eabi_attribute 21,1
   7              	 .eabi_attribute 23,3
   8              	 .eabi_attribute 24,1
   9              	 .eabi_attribute 25,1
  10              	 .eabi_attribute 26,1
  11              	 .eabi_attribute 30,2
  12              	 .eabi_attribute 34,1
  13              	 .eabi_attribute 18,4
  14              	 .thumb
  15              	 .file "arm_fir_sparse_init_q7.c"
  16              	 .text
  17              	.Ltext0:
  18              	 .cfi_sections .debug_frame
  19              	 .section .text.arm_fir_sparse_init_q7,"ax",%progbits
  20              	 .align 2
  21              	 .global arm_fir_sparse_init_q7
  22              	 .thumb
  23              	 .thumb_func
  25              	arm_fir_sparse_init_q7:
  26              	.LFB135:
  27              	 .file 1 "E:/NOVA/Assets/IFX_P2G-HW-SW_V1.0.4/Firmware_Software/DAVE project/P2G_FW/Dave/Generated/CMSIS_DSP/FilteringFunctions/arm_fir_sparse_init_q7.c"
   1:E:/NOVA/Assets/IFX_P2G-HW-SW_V1.0.4/Firmware_Software/DAVE project/P2G_FW/Dave/Generated/CMSIS_DSP/FilteringFunctions\arm_fir_sparse_init_q7.c **** /* ----------------------------------------------------------------------
   2:E:/NOVA/Assets/IFX_P2G-HW-SW_V1.0.4/Firmware_Software/DAVE project/P2G_FW/Dave/Generated/CMSIS_DSP/FilteringFunctions\arm_fir_sparse_init_q7.c ****  * Project:      CMSIS DSP Library
   3:E:/NOVA/Assets/IFX_P2G-HW-SW_V1.0.4/Firmware_Software/DAVE project/P2G_FW/Dave/Generated/CMSIS_DSP/FilteringFunctions\arm_fir_sparse_init_q7.c ****  * Title:        arm_fir_sparse_init_q7.c
   4:E:/NOVA/Assets/IFX_P2G-HW-SW_V1.0.4/Firmware_Software/DAVE project/P2G_FW/Dave/Generated/CMSIS_DSP/FilteringFunctions\arm_fir_sparse_init_q7.c ****  * Description:  Q7 sparse FIR filter initialization function
   5:E:/NOVA/Assets/IFX_P2G-HW-SW_V1.0.4/Firmware_Software/DAVE project/P2G_FW/Dave/Generated/CMSIS_DSP/FilteringFunctions\arm_fir_sparse_init_q7.c ****  *
   6:E:/NOVA/Assets/IFX_P2G-HW-SW_V1.0.4/Firmware_Software/DAVE project/P2G_FW/Dave/Generated/CMSIS_DSP/FilteringFunctions\arm_fir_sparse_init_q7.c ****  * $Date:        27. January 2017
   7:E:/NOVA/Assets/IFX_P2G-HW-SW_V1.0.4/Firmware_Software/DAVE project/P2G_FW/Dave/Generated/CMSIS_DSP/FilteringFunctions\arm_fir_sparse_init_q7.c ****  * $Revision:    V.1.5.1
   8:E:/NOVA/Assets/IFX_P2G-HW-SW_V1.0.4/Firmware_Software/DAVE project/P2G_FW/Dave/Generated/CMSIS_DSP/FilteringFunctions\arm_fir_sparse_init_q7.c ****  *
   9:E:/NOVA/Assets/IFX_P2G-HW-SW_V1.0.4/Firmware_Software/DAVE project/P2G_FW/Dave/Generated/CMSIS_DSP/FilteringFunctions\arm_fir_sparse_init_q7.c ****  * Target Processor: Cortex-M cores
  10:E:/NOVA/Assets/IFX_P2G-HW-SW_V1.0.4/Firmware_Software/DAVE project/P2G_FW/Dave/Generated/CMSIS_DSP/FilteringFunctions\arm_fir_sparse_init_q7.c ****  * -------------------------------------------------------------------- */
  11:E:/NOVA/Assets/IFX_P2G-HW-SW_V1.0.4/Firmware_Software/DAVE project/P2G_FW/Dave/Generated/CMSIS_DSP/FilteringFunctions\arm_fir_sparse_init_q7.c **** /*
  12:E:/NOVA/Assets/IFX_P2G-HW-SW_V1.0.4/Firmware_Software/DAVE project/P2G_FW/Dave/Generated/CMSIS_DSP/FilteringFunctions\arm_fir_sparse_init_q7.c ****  * Copyright (C) 2010-2017 ARM Limited or its affiliates. All rights reserved.
  13:E:/NOVA/Assets/IFX_P2G-HW-SW_V1.0.4/Firmware_Software/DAVE project/P2G_FW/Dave/Generated/CMSIS_DSP/FilteringFunctions\arm_fir_sparse_init_q7.c ****  *
  14:E:/NOVA/Assets/IFX_P2G-HW-SW_V1.0.4/Firmware_Software/DAVE project/P2G_FW/Dave/Generated/CMSIS_DSP/FilteringFunctions\arm_fir_sparse_init_q7.c ****  * SPDX-License-Identifier: Apache-2.0
  15:E:/NOVA/Assets/IFX_P2G-HW-SW_V1.0.4/Firmware_Software/DAVE project/P2G_FW/Dave/Generated/CMSIS_DSP/FilteringFunctions\arm_fir_sparse_init_q7.c ****  *
  16:E:/NOVA/Assets/IFX_P2G-HW-SW_V1.0.4/Firmware_Software/DAVE project/P2G_FW/Dave/Generated/CMSIS_DSP/FilteringFunctions\arm_fir_sparse_init_q7.c ****  * Licensed under the Apache License, Version 2.0 (the License); you may
  17:E:/NOVA/Assets/IFX_P2G-HW-SW_V1.0.4/Firmware_Software/DAVE project/P2G_FW/Dave/Generated/CMSIS_DSP/FilteringFunctions\arm_fir_sparse_init_q7.c ****  * not use this file except in compliance with the License.
  18:E:/NOVA/Assets/IFX_P2G-HW-SW_V1.0.4/Firmware_Software/DAVE project/P2G_FW/Dave/Generated/CMSIS_DSP/FilteringFunctions\arm_fir_sparse_init_q7.c ****  * You may obtain a copy of the License at
  19:E:/NOVA/Assets/IFX_P2G-HW-SW_V1.0.4/Firmware_Software/DAVE project/P2G_FW/Dave/Generated/CMSIS_DSP/FilteringFunctions\arm_fir_sparse_init_q7.c ****  *
  20:E:/NOVA/Assets/IFX_P2G-HW-SW_V1.0.4/Firmware_Software/DAVE project/P2G_FW/Dave/Generated/CMSIS_DSP/FilteringFunctions\arm_fir_sparse_init_q7.c ****  * www.apache.org/licenses/LICENSE-2.0
  21:E:/NOVA/Assets/IFX_P2G-HW-SW_V1.0.4/Firmware_Software/DAVE project/P2G_FW/Dave/Generated/CMSIS_DSP/FilteringFunctions\arm_fir_sparse_init_q7.c ****  *
  22:E:/NOVA/Assets/IFX_P2G-HW-SW_V1.0.4/Firmware_Software/DAVE project/P2G_FW/Dave/Generated/CMSIS_DSP/FilteringFunctions\arm_fir_sparse_init_q7.c ****  * Unless required by applicable law or agreed to in writing, software
  23:E:/NOVA/Assets/IFX_P2G-HW-SW_V1.0.4/Firmware_Software/DAVE project/P2G_FW/Dave/Generated/CMSIS_DSP/FilteringFunctions\arm_fir_sparse_init_q7.c ****  * distributed under the License is distributed on an AS IS BASIS, WITHOUT
  24:E:/NOVA/Assets/IFX_P2G-HW-SW_V1.0.4/Firmware_Software/DAVE project/P2G_FW/Dave/Generated/CMSIS_DSP/FilteringFunctions\arm_fir_sparse_init_q7.c ****  * WARRANTIES OR CONDITIONS OF ANY KIND, either express or implied.
  25:E:/NOVA/Assets/IFX_P2G-HW-SW_V1.0.4/Firmware_Software/DAVE project/P2G_FW/Dave/Generated/CMSIS_DSP/FilteringFunctions\arm_fir_sparse_init_q7.c ****  * See the License for the specific language governing permissions and
  26:E:/NOVA/Assets/IFX_P2G-HW-SW_V1.0.4/Firmware_Software/DAVE project/P2G_FW/Dave/Generated/CMSIS_DSP/FilteringFunctions\arm_fir_sparse_init_q7.c ****  * limitations under the License.
  27:E:/NOVA/Assets/IFX_P2G-HW-SW_V1.0.4/Firmware_Software/DAVE project/P2G_FW/Dave/Generated/CMSIS_DSP/FilteringFunctions\arm_fir_sparse_init_q7.c ****  */
  28:E:/NOVA/Assets/IFX_P2G-HW-SW_V1.0.4/Firmware_Software/DAVE project/P2G_FW/Dave/Generated/CMSIS_DSP/FilteringFunctions\arm_fir_sparse_init_q7.c **** 
  29:E:/NOVA/Assets/IFX_P2G-HW-SW_V1.0.4/Firmware_Software/DAVE project/P2G_FW/Dave/Generated/CMSIS_DSP/FilteringFunctions\arm_fir_sparse_init_q7.c **** #include "CMSIS_DSP/cmsis_dsp.h"
  30:E:/NOVA/Assets/IFX_P2G-HW-SW_V1.0.4/Firmware_Software/DAVE project/P2G_FW/Dave/Generated/CMSIS_DSP/FilteringFunctions\arm_fir_sparse_init_q7.c **** 
  31:E:/NOVA/Assets/IFX_P2G-HW-SW_V1.0.4/Firmware_Software/DAVE project/P2G_FW/Dave/Generated/CMSIS_DSP/FilteringFunctions\arm_fir_sparse_init_q7.c **** /**
  32:E:/NOVA/Assets/IFX_P2G-HW-SW_V1.0.4/Firmware_Software/DAVE project/P2G_FW/Dave/Generated/CMSIS_DSP/FilteringFunctions\arm_fir_sparse_init_q7.c ****  * @ingroup groupFilters
  33:E:/NOVA/Assets/IFX_P2G-HW-SW_V1.0.4/Firmware_Software/DAVE project/P2G_FW/Dave/Generated/CMSIS_DSP/FilteringFunctions\arm_fir_sparse_init_q7.c ****  */
  34:E:/NOVA/Assets/IFX_P2G-HW-SW_V1.0.4/Firmware_Software/DAVE project/P2G_FW/Dave/Generated/CMSIS_DSP/FilteringFunctions\arm_fir_sparse_init_q7.c **** 
  35:E:/NOVA/Assets/IFX_P2G-HW-SW_V1.0.4/Firmware_Software/DAVE project/P2G_FW/Dave/Generated/CMSIS_DSP/FilteringFunctions\arm_fir_sparse_init_q7.c **** /**
  36:E:/NOVA/Assets/IFX_P2G-HW-SW_V1.0.4/Firmware_Software/DAVE project/P2G_FW/Dave/Generated/CMSIS_DSP/FilteringFunctions\arm_fir_sparse_init_q7.c ****  * @addtogroup FIR_Sparse
  37:E:/NOVA/Assets/IFX_P2G-HW-SW_V1.0.4/Firmware_Software/DAVE project/P2G_FW/Dave/Generated/CMSIS_DSP/FilteringFunctions\arm_fir_sparse_init_q7.c ****  * @{
  38:E:/NOVA/Assets/IFX_P2G-HW-SW_V1.0.4/Firmware_Software/DAVE project/P2G_FW/Dave/Generated/CMSIS_DSP/FilteringFunctions\arm_fir_sparse_init_q7.c ****  */
  39:E:/NOVA/Assets/IFX_P2G-HW-SW_V1.0.4/Firmware_Software/DAVE project/P2G_FW/Dave/Generated/CMSIS_DSP/FilteringFunctions\arm_fir_sparse_init_q7.c **** 
  40:E:/NOVA/Assets/IFX_P2G-HW-SW_V1.0.4/Firmware_Software/DAVE project/P2G_FW/Dave/Generated/CMSIS_DSP/FilteringFunctions\arm_fir_sparse_init_q7.c **** /**
  41:E:/NOVA/Assets/IFX_P2G-HW-SW_V1.0.4/Firmware_Software/DAVE project/P2G_FW/Dave/Generated/CMSIS_DSP/FilteringFunctions\arm_fir_sparse_init_q7.c ****  * @brief  Initialization function for the Q7 sparse FIR filter.
  42:E:/NOVA/Assets/IFX_P2G-HW-SW_V1.0.4/Firmware_Software/DAVE project/P2G_FW/Dave/Generated/CMSIS_DSP/FilteringFunctions\arm_fir_sparse_init_q7.c ****  * @param[in,out] *S         points to an instance of the Q7 sparse FIR structure.
  43:E:/NOVA/Assets/IFX_P2G-HW-SW_V1.0.4/Firmware_Software/DAVE project/P2G_FW/Dave/Generated/CMSIS_DSP/FilteringFunctions\arm_fir_sparse_init_q7.c ****  * @param[in]     numTaps    number of nonzero coefficients in the filter.
  44:E:/NOVA/Assets/IFX_P2G-HW-SW_V1.0.4/Firmware_Software/DAVE project/P2G_FW/Dave/Generated/CMSIS_DSP/FilteringFunctions\arm_fir_sparse_init_q7.c ****  * @param[in]     *pCoeffs   points to the array of filter coefficients.
  45:E:/NOVA/Assets/IFX_P2G-HW-SW_V1.0.4/Firmware_Software/DAVE project/P2G_FW/Dave/Generated/CMSIS_DSP/FilteringFunctions\arm_fir_sparse_init_q7.c ****  * @param[in]     *pState    points to the state buffer.
  46:E:/NOVA/Assets/IFX_P2G-HW-SW_V1.0.4/Firmware_Software/DAVE project/P2G_FW/Dave/Generated/CMSIS_DSP/FilteringFunctions\arm_fir_sparse_init_q7.c ****  * @param[in]     *pTapDelay points to the array of offset times.
  47:E:/NOVA/Assets/IFX_P2G-HW-SW_V1.0.4/Firmware_Software/DAVE project/P2G_FW/Dave/Generated/CMSIS_DSP/FilteringFunctions\arm_fir_sparse_init_q7.c ****  * @param[in]     maxDelay   maximum offset time supported.
  48:E:/NOVA/Assets/IFX_P2G-HW-SW_V1.0.4/Firmware_Software/DAVE project/P2G_FW/Dave/Generated/CMSIS_DSP/FilteringFunctions\arm_fir_sparse_init_q7.c ****  * @param[in]     blockSize  number of samples that will be processed per block.
  49:E:/NOVA/Assets/IFX_P2G-HW-SW_V1.0.4/Firmware_Software/DAVE project/P2G_FW/Dave/Generated/CMSIS_DSP/FilteringFunctions\arm_fir_sparse_init_q7.c ****  * @return none
  50:E:/NOVA/Assets/IFX_P2G-HW-SW_V1.0.4/Firmware_Software/DAVE project/P2G_FW/Dave/Generated/CMSIS_DSP/FilteringFunctions\arm_fir_sparse_init_q7.c ****  *
  51:E:/NOVA/Assets/IFX_P2G-HW-SW_V1.0.4/Firmware_Software/DAVE project/P2G_FW/Dave/Generated/CMSIS_DSP/FilteringFunctions\arm_fir_sparse_init_q7.c ****  * <b>Description:</b>
  52:E:/NOVA/Assets/IFX_P2G-HW-SW_V1.0.4/Firmware_Software/DAVE project/P2G_FW/Dave/Generated/CMSIS_DSP/FilteringFunctions\arm_fir_sparse_init_q7.c ****  * \par
  53:E:/NOVA/Assets/IFX_P2G-HW-SW_V1.0.4/Firmware_Software/DAVE project/P2G_FW/Dave/Generated/CMSIS_DSP/FilteringFunctions\arm_fir_sparse_init_q7.c ****  * <code>pCoeffs</code> holds the filter coefficients and has length <code>numTaps</code>.
  54:E:/NOVA/Assets/IFX_P2G-HW-SW_V1.0.4/Firmware_Software/DAVE project/P2G_FW/Dave/Generated/CMSIS_DSP/FilteringFunctions\arm_fir_sparse_init_q7.c ****  * <code>pState</code> holds the filter's state variables and must be of length
  55:E:/NOVA/Assets/IFX_P2G-HW-SW_V1.0.4/Firmware_Software/DAVE project/P2G_FW/Dave/Generated/CMSIS_DSP/FilteringFunctions\arm_fir_sparse_init_q7.c ****  * <code>maxDelay + blockSize</code>, where <code>maxDelay</code>
  56:E:/NOVA/Assets/IFX_P2G-HW-SW_V1.0.4/Firmware_Software/DAVE project/P2G_FW/Dave/Generated/CMSIS_DSP/FilteringFunctions\arm_fir_sparse_init_q7.c ****  * is the maximum number of delay line values.
  57:E:/NOVA/Assets/IFX_P2G-HW-SW_V1.0.4/Firmware_Software/DAVE project/P2G_FW/Dave/Generated/CMSIS_DSP/FilteringFunctions\arm_fir_sparse_init_q7.c ****  * <code>blockSize</code> is the
  58:E:/NOVA/Assets/IFX_P2G-HW-SW_V1.0.4/Firmware_Software/DAVE project/P2G_FW/Dave/Generated/CMSIS_DSP/FilteringFunctions\arm_fir_sparse_init_q7.c ****  * number of samples processed by the <code>arm_fir_sparse_q7()</code> function.
  59:E:/NOVA/Assets/IFX_P2G-HW-SW_V1.0.4/Firmware_Software/DAVE project/P2G_FW/Dave/Generated/CMSIS_DSP/FilteringFunctions\arm_fir_sparse_init_q7.c ****  */
  60:E:/NOVA/Assets/IFX_P2G-HW-SW_V1.0.4/Firmware_Software/DAVE project/P2G_FW/Dave/Generated/CMSIS_DSP/FilteringFunctions\arm_fir_sparse_init_q7.c **** 
  61:E:/NOVA/Assets/IFX_P2G-HW-SW_V1.0.4/Firmware_Software/DAVE project/P2G_FW/Dave/Generated/CMSIS_DSP/FilteringFunctions\arm_fir_sparse_init_q7.c **** void arm_fir_sparse_init_q7(
  62:E:/NOVA/Assets/IFX_P2G-HW-SW_V1.0.4/Firmware_Software/DAVE project/P2G_FW/Dave/Generated/CMSIS_DSP/FilteringFunctions\arm_fir_sparse_init_q7.c ****   arm_fir_sparse_instance_q7 * S,
  63:E:/NOVA/Assets/IFX_P2G-HW-SW_V1.0.4/Firmware_Software/DAVE project/P2G_FW/Dave/Generated/CMSIS_DSP/FilteringFunctions\arm_fir_sparse_init_q7.c ****   uint16_t numTaps,
  64:E:/NOVA/Assets/IFX_P2G-HW-SW_V1.0.4/Firmware_Software/DAVE project/P2G_FW/Dave/Generated/CMSIS_DSP/FilteringFunctions\arm_fir_sparse_init_q7.c ****   q7_t * pCoeffs,
  65:E:/NOVA/Assets/IFX_P2G-HW-SW_V1.0.4/Firmware_Software/DAVE project/P2G_FW/Dave/Generated/CMSIS_DSP/FilteringFunctions\arm_fir_sparse_init_q7.c ****   q7_t * pState,
  66:E:/NOVA/Assets/IFX_P2G-HW-SW_V1.0.4/Firmware_Software/DAVE project/P2G_FW/Dave/Generated/CMSIS_DSP/FilteringFunctions\arm_fir_sparse_init_q7.c ****   int32_t * pTapDelay,
  67:E:/NOVA/Assets/IFX_P2G-HW-SW_V1.0.4/Firmware_Software/DAVE project/P2G_FW/Dave/Generated/CMSIS_DSP/FilteringFunctions\arm_fir_sparse_init_q7.c ****   uint16_t maxDelay,
  68:E:/NOVA/Assets/IFX_P2G-HW-SW_V1.0.4/Firmware_Software/DAVE project/P2G_FW/Dave/Generated/CMSIS_DSP/FilteringFunctions\arm_fir_sparse_init_q7.c ****   uint32_t blockSize)
  69:E:/NOVA/Assets/IFX_P2G-HW-SW_V1.0.4/Firmware_Software/DAVE project/P2G_FW/Dave/Generated/CMSIS_DSP/FilteringFunctions\arm_fir_sparse_init_q7.c **** {
  28              	 .loc 1 69 0
  29              	 .cfi_startproc
  30              	 
  31              	 
  32              	.LVL0:
  33 0000 F8B5     	 push {r3,r4,r5,r6,r7,lr}
  34              	.LCFI0:
  35              	 .cfi_def_cfa_offset 24
  36              	 .cfi_offset 3,-24
  37              	 .cfi_offset 4,-20
  38              	 .cfi_offset 5,-16
  39              	 .cfi_offset 6,-12
  40              	 .cfi_offset 7,-8
  41              	 .cfi_offset 14,-4
  42              	 .loc 1 69 0
  43 0002 0446     	 mov r4,r0
  44 0004 BDF81C70 	 ldrh r7,[sp,#28]
  45 0008 0898     	 ldr r0,[sp,#32]
  46              	.LVL1:
  47 000a 069E     	 ldr r6,[sp,#24]
  70:E:/NOVA/Assets/IFX_P2G-HW-SW_V1.0.4/Firmware_Software/DAVE project/P2G_FW/Dave/Generated/CMSIS_DSP/FilteringFunctions\arm_fir_sparse_init_q7.c ****   /* Assign filter taps */
  71:E:/NOVA/Assets/IFX_P2G-HW-SW_V1.0.4/Firmware_Software/DAVE project/P2G_FW/Dave/Generated/CMSIS_DSP/FilteringFunctions\arm_fir_sparse_init_q7.c ****   S->numTaps = numTaps;
  48              	 .loc 1 71 0
  49 000c 2180     	 strh r1,[r4]
  72:E:/NOVA/Assets/IFX_P2G-HW-SW_V1.0.4/Firmware_Software/DAVE project/P2G_FW/Dave/Generated/CMSIS_DSP/FilteringFunctions\arm_fir_sparse_init_q7.c **** 
  73:E:/NOVA/Assets/IFX_P2G-HW-SW_V1.0.4/Firmware_Software/DAVE project/P2G_FW/Dave/Generated/CMSIS_DSP/FilteringFunctions\arm_fir_sparse_init_q7.c ****   /* Assign coefficient pointer */
  74:E:/NOVA/Assets/IFX_P2G-HW-SW_V1.0.4/Firmware_Software/DAVE project/P2G_FW/Dave/Generated/CMSIS_DSP/FilteringFunctions\arm_fir_sparse_init_q7.c ****   S->pCoeffs = pCoeffs;
  75:E:/NOVA/Assets/IFX_P2G-HW-SW_V1.0.4/Firmware_Software/DAVE project/P2G_FW/Dave/Generated/CMSIS_DSP/FilteringFunctions\arm_fir_sparse_init_q7.c **** 
  76:E:/NOVA/Assets/IFX_P2G-HW-SW_V1.0.4/Firmware_Software/DAVE project/P2G_FW/Dave/Generated/CMSIS_DSP/FilteringFunctions\arm_fir_sparse_init_q7.c ****   /* Assign TapDelay pointer */
  77:E:/NOVA/Assets/IFX_P2G-HW-SW_V1.0.4/Firmware_Software/DAVE project/P2G_FW/Dave/Generated/CMSIS_DSP/FilteringFunctions\arm_fir_sparse_init_q7.c ****   S->pTapDelay = pTapDelay;
  78:E:/NOVA/Assets/IFX_P2G-HW-SW_V1.0.4/Firmware_Software/DAVE project/P2G_FW/Dave/Generated/CMSIS_DSP/FilteringFunctions\arm_fir_sparse_init_q7.c **** 
  79:E:/NOVA/Assets/IFX_P2G-HW-SW_V1.0.4/Firmware_Software/DAVE project/P2G_FW/Dave/Generated/CMSIS_DSP/FilteringFunctions\arm_fir_sparse_init_q7.c ****   /* Assign MaxDelay */
  80:E:/NOVA/Assets/IFX_P2G-HW-SW_V1.0.4/Firmware_Software/DAVE project/P2G_FW/Dave/Generated/CMSIS_DSP/FilteringFunctions\arm_fir_sparse_init_q7.c ****   S->maxDelay = maxDelay;
  81:E:/NOVA/Assets/IFX_P2G-HW-SW_V1.0.4/Firmware_Software/DAVE project/P2G_FW/Dave/Generated/CMSIS_DSP/FilteringFunctions\arm_fir_sparse_init_q7.c **** 
  82:E:/NOVA/Assets/IFX_P2G-HW-SW_V1.0.4/Firmware_Software/DAVE project/P2G_FW/Dave/Generated/CMSIS_DSP/FilteringFunctions\arm_fir_sparse_init_q7.c ****   /* reset the stateIndex to 0 */
  83:E:/NOVA/Assets/IFX_P2G-HW-SW_V1.0.4/Firmware_Software/DAVE project/P2G_FW/Dave/Generated/CMSIS_DSP/FilteringFunctions\arm_fir_sparse_init_q7.c ****   S->stateIndex = 0u;
  50              	 .loc 1 83 0
  51 000e 0021     	 movs r1,#0
  52              	.LVL2:
  69:E:/NOVA/Assets/IFX_P2G-HW-SW_V1.0.4/Firmware_Software/DAVE project/P2G_FW/Dave/Generated/CMSIS_DSP/FilteringFunctions\arm_fir_sparse_init_q7.c ****   /* Assign filter taps */
  53              	 .loc 1 69 0
  54 0010 1D46     	 mov r5,r3
  74:E:/NOVA/Assets/IFX_P2G-HW-SW_V1.0.4/Firmware_Software/DAVE project/P2G_FW/Dave/Generated/CMSIS_DSP/FilteringFunctions\arm_fir_sparse_init_q7.c **** 
  55              	 .loc 1 74 0
  56 0012 A260     	 str r2,[r4,#8]
  77:E:/NOVA/Assets/IFX_P2G-HW-SW_V1.0.4/Firmware_Software/DAVE project/P2G_FW/Dave/Generated/CMSIS_DSP/FilteringFunctions\arm_fir_sparse_init_q7.c **** 
  57              	 .loc 1 77 0
  58 0014 2661     	 str r6,[r4,#16]
  84:E:/NOVA/Assets/IFX_P2G-HW-SW_V1.0.4/Firmware_Software/DAVE project/P2G_FW/Dave/Generated/CMSIS_DSP/FilteringFunctions\arm_fir_sparse_init_q7.c **** 
  85:E:/NOVA/Assets/IFX_P2G-HW-SW_V1.0.4/Firmware_Software/DAVE project/P2G_FW/Dave/Generated/CMSIS_DSP/FilteringFunctions\arm_fir_sparse_init_q7.c ****   /* Clear state buffer and size is always maxDelay + blockSize */
  86:E:/NOVA/Assets/IFX_P2G-HW-SW_V1.0.4/Firmware_Software/DAVE project/P2G_FW/Dave/Generated/CMSIS_DSP/FilteringFunctions\arm_fir_sparse_init_q7.c ****   memset(pState, 0, (maxDelay + blockSize) * sizeof(q7_t));
  59              	 .loc 1 86 0
  60 0016 3A18     	 adds r2,r7,r0
  61              	.LVL3:
  80:E:/NOVA/Assets/IFX_P2G-HW-SW_V1.0.4/Firmware_Software/DAVE project/P2G_FW/Dave/Generated/CMSIS_DSP/FilteringFunctions\arm_fir_sparse_init_q7.c **** 
  62              	 .loc 1 80 0
  63 0018 A781     	 strh r7,[r4,#12]
  83:E:/NOVA/Assets/IFX_P2G-HW-SW_V1.0.4/Firmware_Software/DAVE project/P2G_FW/Dave/Generated/CMSIS_DSP/FilteringFunctions\arm_fir_sparse_init_q7.c **** 
  64              	 .loc 1 83 0
  65 001a 6180     	 strh r1,[r4,#2]
  66              	 .loc 1 86 0
  67 001c 1846     	 mov r0,r3
  68 001e FFF7FEFF 	 bl memset
  69              	.LVL4:
  87:E:/NOVA/Assets/IFX_P2G-HW-SW_V1.0.4/Firmware_Software/DAVE project/P2G_FW/Dave/Generated/CMSIS_DSP/FilteringFunctions\arm_fir_sparse_init_q7.c **** 
  88:E:/NOVA/Assets/IFX_P2G-HW-SW_V1.0.4/Firmware_Software/DAVE project/P2G_FW/Dave/Generated/CMSIS_DSP/FilteringFunctions\arm_fir_sparse_init_q7.c ****   /* Assign state pointer */
  89:E:/NOVA/Assets/IFX_P2G-HW-SW_V1.0.4/Firmware_Software/DAVE project/P2G_FW/Dave/Generated/CMSIS_DSP/FilteringFunctions\arm_fir_sparse_init_q7.c ****   S->pState = pState;
  70              	 .loc 1 89 0
  71 0022 6560     	 str r5,[r4,#4]
  72 0024 F8BD     	 pop {r3,r4,r5,r6,r7,pc}
  73              	 .cfi_endproc
  74              	.LFE135:
  76 0026 00BF     	 .text
  77              	.Letext0:
  78              	 .file 2 "c:\\infineon\\tools\\dave ide\\4.5.0.202105191637\\eclipse\\arm-gcc-49\\arm-none-eabi\\include\\machine\\_default_types.h"
  79              	 .file 3 "c:\\infineon\\tools\\dave ide\\4.5.0.202105191637\\eclipse\\arm-gcc-49\\arm-none-eabi\\include\\stdint.h"
  80              	 .file 4 "E:/NOVA/Assets/IFX_P2G-HW-SW_V1.0.4/Firmware_Software/DAVE project/P2G_FW/Dave/Generated/CMSIS_DSP/arm_math.h"
DEFINED SYMBOLS
                            *ABS*:00000000 arm_fir_sparse_init_q7.c
    {standard input}:20     .text.arm_fir_sparse_init_q7:00000000 $t
    {standard input}:25     .text.arm_fir_sparse_init_q7:00000000 arm_fir_sparse_init_q7
                     .debug_frame:00000010 $d

UNDEFINED SYMBOLS
memset
